<?xml version="1.0" encoding="UTF-8"?>
<!-- Generated by org.testng.reporters.JUnitXMLReporter -->
<testsuite hostname="MCO-5194105-L1" ignored="0" name="Test" tests="21" failures="1" timestamp="24 Feb 2020 22:25:26 GMT" time="787.943" errors="0">
  <testcase name="testMethod" time="128.979" classname="testng.testingonly"/>
  <testcase name="testMethod3" time="159.162" classname="testng.testingonly"/>
  <testcase name="testMethod2" time="159.697" classname="testng.testingonly"/>
  <testcase name="testMethod4" time="181.927" classname="testng.testingonly"/>
  <testcase name="testMethod" time="151.012" classname="testng.testingonly"/>
  <testcase name="testMethod3" time="163.519" classname="testng.testingonly"/>
  <testcase name="testMethod2" time="164.408" classname="testng.testingonly"/>
  <testcase name="testMethod4" time="150.484" classname="testng.testingonly"/>
  <testcase name="testMethod" time="141.027" classname="testng.testingonly"/>
  <testcase name="testMethod3" time="152.344" classname="testng.testingonly"/>
  <testcase name="testMethod2" time="151.814" classname="testng.testingonly"/>
  <testcase name="testMethod4" time="147.913" classname="testng.testingonly"/>
  <testcase name="testMethod" time="150.707" classname="testng.testingonly"/>
  <testcase name="testMethod2" time="155.676" classname="testng.testingonly"/>
  <testcase name="testMethod3" time="159.028" classname="testng.testingonly"/>
  <testcase name="testMethod4" time="156.13" classname="testng.testingonly"/>
  <testcase name="testMethod" time="151.148" classname="testng.testingonly"/>
  <testcase name="testMethod2" time="146.343" classname="testng.testingonly"/>
  <testcase name="testMethod2" time="777.991" classname="testng.testingonly">
    <failure type="org.testng.internal.reflect.MethodMatcherException" message="
Data provider mismatch
Method: testMethod2([Parameter{index=0, type=java.lang.String, declaredAnnotations=[]}, Parameter{index=1, type=java.lang.String, declaredAnnotations=[]}, Parameter{index=2, type=java.lang.String, declaredAnnotations=[]}, Parameter{index=3, type=java.lang.String, declaredAnnotations=[]}, Parameter{index=4, type=java.lang.String, declaredAnnotations=[]}, Parameter{index=5, type=java.lang.String, declaredAnnotations=[]}, Parameter{index=6, type=java.lang.String, declaredAnnotations=[]}, Parameter{index=7, type=java.lang.String, declaredAnnotations=[]}, Parameter{index=8, type=java.lang.String, declaredAnnotations=[]}, Parameter{index=9, type=java.lang.String, declaredAnnotations=[]}, Parameter{index=10, type=java.lang.String, declaredAnnotations=[]}, Parameter{index=11, type=java.lang.String, declaredAnnotations=[]}, Parameter{index=12, type=java.lang.String, declaredAnnotations=[]}, Parameter{index=13, type=int, declaredAnnotations=[]}])
Arguments: [null,null,null,null,null,null,null,null,null,null,null,null,null,null]">
      <![CDATA[org.testng.internal.reflect.MethodMatcherException: 
Data provider mismatch
Method: testMethod2([Parameter{index=0, type=java.lang.String, declaredAnnotations=[]}, Parameter{index=1, type=java.lang.String, declaredAnnotations=[]}, Parameter{index=2, type=java.lang.String, declaredAnnotations=[]}, Parameter{index=3, type=java.lang.String, declaredAnnotations=[]}, Parameter{index=4, type=java.lang.String, declaredAnnotations=[]}, Parameter{index=5, type=java.lang.String, declaredAnnotations=[]}, Parameter{index=6, type=java.lang.String, declaredAnnotations=[]}, Parameter{index=7, type=java.lang.String, declaredAnnotations=[]}, Parameter{index=8, type=java.lang.String, declaredAnnotations=[]}, Parameter{index=9, type=java.lang.String, declaredAnnotations=[]}, Parameter{index=10, type=java.lang.String, declaredAnnotations=[]}, Parameter{index=11, type=java.lang.String, declaredAnnotations=[]}, Parameter{index=12, type=java.lang.String, declaredAnnotations=[]}, Parameter{index=13, type=int, declaredAnnotations=[]}])
Arguments: [null,null,null,null,null,null,null,null,null,null,null,null,null,null]
	at java.util.concurrent.ThreadPoolExecutor.runWorker(Unknown Source)
	at java.util.concurrent.ThreadPoolExecutor$Worker.run(Unknown Source)
	at java.lang.Thread.run(Unknown Source)
... Removed 5 stack frames]]>
    </failure>
  </testcase> <!-- testMethod2 -->
  <testcase name="testMethod3" time="152.88" classname="testng.testingonly"/>
  <testcase name="testMethod4" time="150.537" classname="testng.testingonly"/>
</testsuite> <!-- Test -->
