<!DOCTYPE html PUBLIC "-//W3C//DTD XHTML 1.1//EN" "https://www.w3.org/TR/xhtml11/DTD/xhtml11.dtd">
<html xmlns="https://www.w3.org/1999/xhtml">
<head>
<meta http-equiv="content-type" content="text/html; charset=UTF-8"/>
<title>TestNG Report</title>
<style type="text/css">table {margin-bottom:10px;border-collapse:collapse;empty-cells:show}th,td {border:1px solid #009;padding:.25em .5em}th {vertical-align:bottom}td {vertical-align:top}table a {font-weight:bold}.stripe td {background-color: #E6EBF9}.num {text-align:right}.passedodd td {background-color: #3F3}.passedeven td {background-color: #0A0}.skippedodd td {background-color: #DDD}.skippedeven td {background-color: #CCC}.failedodd td,.attn {background-color: #F33}.failedeven td,.stripe .attn {background-color: #D00}.stacktrace {white-space:pre;font-family:monospace}.totop {font-size:85%;text-align:center;border-bottom:2px solid #000}.invisible {display:none}</style>
</head>
<body>
<table>
<tr><th>Test</th><th># Passed</th><th># Skipped</th><th># Retried</th><th># Failed</th><th>Time (ms)</th><th>Included Groups</th><th>Excluded Groups</th></tr>
<tr><th colspan="8">Sample_Suite</th></tr>
<tr><td><a href="#t0">era Rerate Test</a></td><td class="num">65</td><td class="num">0</td><td class="num attn">23</td><td class="num attn">26</td><td class="num">3,122,477</td><td></td><td></td></tr>
</table>
<table id='summary'><thead><tr><th>Class</th><th>Method</th><th>Start</th><th>Time (ms)</th></tr></thead><tbody><tr><th colspan="4">Sample_Suite</th></tr></tbody><tbody id="t0"><tr><th colspan="4">era Rerate Test &#8212; failed</th></tr><tr class="failedeven"><td rowspan="26">eraRerate.eraRerateTestNGSlow</td><td><a href="#m0">testMethod1</a></td><td rowspan="23">1619211197925</td><td rowspan="23">36585</td></tr><tr class="failedeven"><td><a href="#m1">testMethod1</a></td></tr><tr class="failedeven"><td><a href="#m2">testMethod1</a></td></tr><tr class="failedeven"><td><a href="#m3">testMethod1</a></td></tr><tr class="failedeven"><td><a href="#m4">testMethod1</a></td></tr><tr class="failedeven"><td><a href="#m5">testMethod1</a></td></tr><tr class="failedeven"><td><a href="#m6">testMethod1</a></td></tr><tr class="failedeven"><td><a href="#m7">testMethod1</a></td></tr><tr class="failedeven"><td><a href="#m8">testMethod1</a></td></tr><tr class="failedeven"><td><a href="#m9">testMethod1</a></td></tr><tr class="failedeven"><td><a href="#m10">testMethod1</a></td></tr><tr class="failedeven"><td><a href="#m11">testMethod1</a></td></tr><tr class="failedeven"><td><a href="#m12">testMethod1</a></td></tr><tr class="failedeven"><td><a href="#m13">testMethod1</a></td></tr><tr class="failedeven"><td><a href="#m14">testMethod1</a></td></tr><tr class="failedeven"><td><a href="#m15">testMethod1</a></td></tr><tr class="failedeven"><td><a href="#m16">testMethod1</a></td></tr><tr class="failedeven"><td><a href="#m17">testMethod1</a></td></tr><tr class="failedeven"><td><a href="#m18">testMethod1</a></td></tr><tr class="failedeven"><td><a href="#m19">testMethod1</a></td></tr><tr class="failedeven"><td><a href="#m20">testMethod1</a></td></tr><tr class="failedeven"><td><a href="#m21">testMethod1</a></td></tr><tr class="failedeven"><td><a href="#m22">testMethod1</a></td></tr><tr class="failedeven"><td><a href="#m23">testMethod2</a></td><td rowspan="1">1619210405781</td><td rowspan="1">0</td></tr><tr class="failedeven"><td><a href="#m24">testMethod3</a></td><td rowspan="1">1619210405781</td><td rowspan="1">0</td></tr><tr class="failedeven"><td><a href="#m25">testMethod4</a></td><td rowspan="1">1619210405783</td><td rowspan="1">0</td></tr><tr><th colspan="4">era Rerate Test &#8212; retried</th></tr><tr class="retriedeven"><td rowspan="23">eraRerate.eraRerateTestNGSlow</td><td><a href="#m26">testMethod1</a></td><td rowspan="23">1619211053462</td><td rowspan="23">53798</td></tr><tr class="retriedeven"><td><a href="#m27">testMethod1</a></td></tr><tr class="retriedeven"><td><a href="#m28">testMethod1</a></td></tr><tr class="retriedeven"><td><a href="#m29">testMethod1</a></td></tr><tr class="retriedeven"><td><a href="#m30">testMethod1</a></td></tr><tr class="retriedeven"><td><a href="#m31">testMethod1</a></td></tr><tr class="retriedeven"><td><a href="#m32">testMethod1</a></td></tr><tr class="retriedeven"><td><a href="#m33">testMethod1</a></td></tr><tr class="retriedeven"><td><a href="#m34">testMethod1</a></td></tr><tr class="retriedeven"><td><a href="#m35">testMethod1</a></td></tr><tr class="retriedeven"><td><a href="#m36">testMethod1</a></td></tr><tr class="retriedeven"><td><a href="#m37">testMethod1</a></td></tr><tr class="retriedeven"><td><a href="#m38">testMethod1</a></td></tr><tr class="retriedeven"><td><a href="#m39">testMethod1</a></td></tr><tr class="retriedeven"><td><a href="#m40">testMethod1</a></td></tr><tr class="retriedeven"><td><a href="#m41">testMethod1</a></td></tr><tr class="retriedeven"><td><a href="#m42">testMethod1</a></td></tr><tr class="retriedeven"><td><a href="#m43">testMethod1</a></td></tr><tr class="retriedeven"><td><a href="#m44">testMethod1</a></td></tr><tr class="retriedeven"><td><a href="#m45">testMethod1</a></td></tr><tr class="retriedeven"><td><a href="#m46">testMethod1</a></td></tr><tr class="retriedeven"><td><a href="#m47">testMethod1</a></td></tr><tr class="retriedeven"><td><a href="#m48">testMethod1</a></td></tr><tr><th colspan="4">era Rerate Test &#8212; passed</th></tr><tr class="passedeven"><td rowspan="65">eraRerate.eraRerateTestNGSlow</td><td><a href="#m49">testMethod1</a></td><td rowspan="65">1619213465206</td><td rowspan="65">26393</td></tr><tr class="passedeven"><td><a href="#m50">testMethod1</a></td></tr><tr class="passedeven"><td><a href="#m51">testMethod1</a></td></tr><tr class="passedeven"><td><a href="#m52">testMethod1</a></td></tr><tr class="passedeven"><td><a href="#m53">testMethod1</a></td></tr><tr class="passedeven"><td><a href="#m54">testMethod1</a></td></tr><tr class="passedeven"><td><a href="#m55">testMethod1</a></td></tr><tr class="passedeven"><td><a href="#m56">testMethod1</a></td></tr><tr class="passedeven"><td><a href="#m57">testMethod1</a></td></tr><tr class="passedeven"><td><a href="#m58">testMethod1</a></td></tr><tr class="passedeven"><td><a href="#m59">testMethod1</a></td></tr><tr class="passedeven"><td><a href="#m60">testMethod1</a></td></tr><tr class="passedeven"><td><a href="#m61">testMethod1</a></td></tr><tr class="passedeven"><td><a href="#m62">testMethod1</a></td></tr><tr class="passedeven"><td><a href="#m63">testMethod1</a></td></tr><tr class="passedeven"><td><a href="#m64">testMethod1</a></td></tr><tr class="passedeven"><td><a href="#m65">testMethod1</a></td></tr><tr class="passedeven"><td><a href="#m66">testMethod1</a></td></tr><tr class="passedeven"><td><a href="#m67">testMethod1</a></td></tr><tr class="passedeven"><td><a href="#m68">testMethod1</a></td></tr><tr class="passedeven"><td><a href="#m69">testMethod1</a></td></tr><tr class="passedeven"><td><a href="#m70">testMethod1</a></td></tr><tr class="passedeven"><td><a href="#m71">testMethod1</a></td></tr><tr class="passedeven"><td><a href="#m72">testMethod1</a></td></tr><tr class="passedeven"><td><a href="#m73">testMethod1</a></td></tr><tr class="passedeven"><td><a href="#m74">testMethod1</a></td></tr><tr class="passedeven"><td><a href="#m75">testMethod1</a></td></tr><tr class="passedeven"><td><a href="#m76">testMethod1</a></td></tr><tr class="passedeven"><td><a href="#m77">testMethod1</a></td></tr><tr class="passedeven"><td><a href="#m78">testMethod1</a></td></tr><tr class="passedeven"><td><a href="#m79">testMethod1</a></td></tr><tr class="passedeven"><td><a href="#m80">testMethod1</a></td></tr><tr class="passedeven"><td><a href="#m81">testMethod1</a></td></tr><tr class="passedeven"><td><a href="#m82">testMethod1</a></td></tr><tr class="passedeven"><td><a href="#m83">testMethod1</a></td></tr><tr class="passedeven"><td><a href="#m84">testMethod1</a></td></tr><tr class="passedeven"><td><a href="#m85">testMethod1</a></td></tr><tr class="passedeven"><td><a href="#m86">testMethod1</a></td></tr><tr class="passedeven"><td><a href="#m87">testMethod1</a></td></tr><tr class="passedeven"><td><a href="#m88">testMethod1</a></td></tr><tr class="passedeven"><td><a href="#m89">testMethod1</a></td></tr><tr class="passedeven"><td><a href="#m90">testMethod1</a></td></tr><tr class="passedeven"><td><a href="#m91">testMethod1</a></td></tr><tr class="passedeven"><td><a href="#m92">testMethod1</a></td></tr><tr class="passedeven"><td><a href="#m93">testMethod1</a></td></tr><tr class="passedeven"><td><a href="#m94">testMethod1</a></td></tr><tr class="passedeven"><td><a href="#m95">testMethod1</a></td></tr><tr class="passedeven"><td><a href="#m96">testMethod1</a></td></tr><tr class="passedeven"><td><a href="#m97">testMethod1</a></td></tr><tr class="passedeven"><td><a href="#m98">testMethod1</a></td></tr><tr class="passedeven"><td><a href="#m99">testMethod1</a></td></tr><tr class="passedeven"><td><a href="#m100">testMethod1</a></td></tr><tr class="passedeven"><td><a href="#m101">testMethod1</a></td></tr><tr class="passedeven"><td><a href="#m102">testMethod1</a></td></tr><tr class="passedeven"><td><a href="#m103">testMethod1</a></td></tr><tr class="passedeven"><td><a href="#m104">testMethod1</a></td></tr><tr class="passedeven"><td><a href="#m105">testMethod1</a></td></tr><tr class="passedeven"><td><a href="#m106">testMethod1</a></td></tr><tr class="passedeven"><td><a href="#m107">testMethod1</a></td></tr><tr class="passedeven"><td><a href="#m108">testMethod1</a></td></tr><tr class="passedeven"><td><a href="#m109">testMethod1</a></td></tr><tr class="passedeven"><td><a href="#m110">testMethod1</a></td></tr><tr class="passedeven"><td><a href="#m111">testMethod1</a></td></tr><tr class="passedeven"><td><a href="#m112">testMethod1</a></td></tr><tr class="passedeven"><td><a href="#m113">testMethod1</a></td></tr></tbody>
</table>
<h2>era Rerate Test</h2><h3 id="m0">eraRerate.eraRerateTestNGSlow#testMethod1</h3><table class="result"><tr class="param"><th>Parameter #1</th><th>Parameter #2</th><th>Parameter #3</th><th>Parameter #4</th><th>Parameter #5</th><th>Parameter #6</th><th>Parameter #7</th><th>Parameter #8</th><th>Parameter #9</th><th>Parameter #10</th><th>Parameter #11</th><th>Parameter #12</th><th>Parameter #13</th><th>Parameter #14</th><th>Parameter #15</th><th>Parameter #16</th><th>Parameter #17</th><th>Parameter #18</th><th>Parameter #19</th><th>Parameter #20</th><th>Parameter #21</th><th>Parameter #22</th><th>Parameter #23</th><th>Parameter #24</th><th>Parameter #25</th><th>Parameter #26</th><th>Parameter #27</th><th>Parameter #28</th><th>Parameter #29</th></tr><tr class="param stripe"><td>fail</td><td> 193
INVALID POSTAL CODE FORMAT - 174
INVALID ORIGIN STATE -</td><td>251690</td><td>1</td><td>120207125766</td><td>244861664</td><td></td><td></td><td></td><td></td><td>50</td><td></td><td></td><td>Y</td><td>IN</td><td></td><td>600851098</td><td></td><td></td><td></td><td>dim</td><td>CAN</td><td>3735812</td><td>July2021</td><td>IL</td><td>EP</td><td>less than 72 length</td><td></td><td>12</td></tr><tr><th colspan="29">Exception</th></tr><tr><td colspan="29"><div class="stacktrace">java.lang.AssertionError: After Rerate Click No Data Came -- Unknown Error
	at eraRerate.eraRerateTestNGSlow.doEraRerate(eraRerateTestNGSlow.java:1287)
	at eraRerate.eraRerateTestNGSlow.testMethod1(eraRerateTestNGSlow.java:574)
	at java.base/java.util.concurrent.ThreadPoolExecutor.runWorker(ThreadPoolExecutor.java:1128)
	at java.base/java.util.concurrent.ThreadPoolExecutor$Worker.run(ThreadPoolExecutor.java:628)
	at java.base/java.lang.Thread.run(Thread.java:834)
... Removed 12 stack frames</div></td></tr></table><p class="totop"><a href="#summary">back to summary</a></p>
<h3 id="m1">eraRerate.eraRerateTestNGSlow#testMethod1</h3><table class="result"><tr class="param"><th>Parameter #1</th><th>Parameter #2</th><th>Parameter #3</th><th>Parameter #4</th><th>Parameter #5</th><th>Parameter #6</th><th>Parameter #7</th><th>Parameter #8</th><th>Parameter #9</th><th>Parameter #10</th><th>Parameter #11</th><th>Parameter #12</th><th>Parameter #13</th><th>Parameter #14</th><th>Parameter #15</th><th>Parameter #16</th><th>Parameter #17</th><th>Parameter #18</th><th>Parameter #19</th><th>Parameter #20</th><th>Parameter #21</th><th>Parameter #22</th><th>Parameter #23</th><th>Parameter #24</th><th>Parameter #25</th><th>Parameter #26</th><th>Parameter #27</th><th>Parameter #28</th><th>Parameter #29</th></tr><tr class="param stripe"><td>fail</td><td>Failed Selecting Contact Method and Clicking Continue</td><td>236591</td><td>1</td><td>826604028441</td><td>797363115</td><td></td><td></td><td></td><td></td><td></td><td></td><td></td><td></td><td></td><td>1</td><td></td><td></td><td></td><td></td><td>payor</td><td>EMEA</td><td>3735811</td><td>July2021</td><td>IL</td><td>EP</td><td>Payor Change to shipper</td><td></td><td>71</td></tr><tr><th colspan="29">Exception</th></tr><tr><td colspan="29"><div class="stacktrace">java.lang.AssertionError: Failed Selecting Contact Method and Clicking Continue
	at eraRerate.eraRerateTestNGSlow.doEraRerate(eraRerateTestNGSlow.java:1548)
	at eraRerate.eraRerateTestNGSlow.testMethod1(eraRerateTestNGSlow.java:574)
	at java.base/java.util.concurrent.ThreadPoolExecutor.runWorker(ThreadPoolExecutor.java:1128)
	at java.base/java.util.concurrent.ThreadPoolExecutor$Worker.run(ThreadPoolExecutor.java:628)
	at java.base/java.lang.Thread.run(Thread.java:834)
... Removed 12 stack frames</div></td></tr></table><p class="totop"><a href="#summary">back to summary</a></p>
<h3 id="m2">eraRerate.eraRerateTestNGSlow#testMethod1</h3><table class="result"><tr class="param"><th>Parameter #1</th><th>Parameter #2</th><th>Parameter #3</th><th>Parameter #4</th><th>Parameter #5</th><th>Parameter #6</th><th>Parameter #7</th><th>Parameter #8</th><th>Parameter #9</th><th>Parameter #10</th><th>Parameter #11</th><th>Parameter #12</th><th>Parameter #13</th><th>Parameter #14</th><th>Parameter #15</th><th>Parameter #16</th><th>Parameter #17</th><th>Parameter #18</th><th>Parameter #19</th><th>Parameter #20</th><th>Parameter #21</th><th>Parameter #22</th><th>Parameter #23</th><th>Parameter #24</th><th>Parameter #25</th><th>Parameter #26</th><th>Parameter #27</th><th>Parameter #28</th><th>Parameter #29</th></tr><tr class="param stripe"><td>fail</td><td></td><td>252411</td><td>1</td><td>750542654868</td><td>811647129</td><td></td><td>35</td><td></td><td>LB</td><td>48</td><td>5</td><td>5</td><td>Y</td><td>IN</td><td>1</td><td>600700839</td><td></td><td></td><td>1</td><td>weight,dim</td><td>LAC</td><td>3715501</td><td>Online10</td><td>IL</td><td>EP</td><td></td><td></td><td>3</td></tr><tr><th colspan="29">Exception</th></tr><tr><td colspan="29"><div class="stacktrace">java.lang.AssertionError: Adjustment can not be done for discount amount
	at eraRerate.eraRerateTestNGSlow.doEraRerate(eraRerateTestNGSlow.java:1457)
	at eraRerate.eraRerateTestNGSlow.testMethod1(eraRerateTestNGSlow.java:574)
	at java.base/java.util.concurrent.ThreadPoolExecutor.runWorker(ThreadPoolExecutor.java:1128)
	at java.base/java.util.concurrent.ThreadPoolExecutor$Worker.run(ThreadPoolExecutor.java:628)
	at java.base/java.lang.Thread.run(Thread.java:834)
... Removed 13 stack frames</div></td></tr></table><p class="totop"><a href="#summary">back to summary</a></p>
<h3 id="m3">eraRerate.eraRerateTestNGSlow#testMethod1</h3><table class="result"><tr class="param"><th>Parameter #1</th><th>Parameter #2</th><th>Parameter #3</th><th>Parameter #4</th><th>Parameter #5</th><th>Parameter #6</th><th>Parameter #7</th><th>Parameter #8</th><th>Parameter #9</th><th>Parameter #10</th><th>Parameter #11</th><th>Parameter #12</th><th>Parameter #13</th><th>Parameter #14</th><th>Parameter #15</th><th>Parameter #16</th><th>Parameter #17</th><th>Parameter #18</th><th>Parameter #19</th><th>Parameter #20</th><th>Parameter #21</th><th>Parameter #22</th><th>Parameter #23</th><th>Parameter #24</th><th>Parameter #25</th><th>Parameter #26</th><th>Parameter #27</th><th>Parameter #28</th><th>Parameter #29</th></tr><tr class="param stripe"><td>fail</td><td>Timeout on Rerate Screen</td><td>236343</td><td>1</td><td>595918450256</td><td>330871952</td><td></td><td></td><td></td><td></td><td></td><td></td><td></td><td></td><td></td><td>1</td><td></td><td></td><td></td><td></td><td>payor</td><td>USA</td><td>5194105</td><td>eF5eh1fH</td><td>IL</td><td>EP</td><td>Payor Change to shipper</td><td></td><td>32</td></tr><tr><th colspan="29">Exception</th></tr><tr><td colspan="29"><div class="stacktrace">java.lang.AssertionError: After Rerate Click No Data Came -- Unknown Error
	at eraRerate.eraRerateTestNGSlow.doEraRerate(eraRerateTestNGSlow.java:1307)
	at eraRerate.eraRerateTestNGSlow.testMethod1(eraRerateTestNGSlow.java:574)
	at java.base/java.util.concurrent.ThreadPoolExecutor.runWorker(ThreadPoolExecutor.java:1128)
	at java.base/java.util.concurrent.ThreadPoolExecutor$Worker.run(ThreadPoolExecutor.java:628)
	at java.base/java.lang.Thread.run(Thread.java:834)
... Removed 12 stack frames</div></td></tr></table><p class="totop"><a href="#summary">back to summary</a></p>
<h3 id="m4">eraRerate.eraRerateTestNGSlow#testMethod1</h3><table class="result"><tr class="param"><th>Parameter #1</th><th>Parameter #2</th><th>Parameter #3</th><th>Parameter #4</th><th>Parameter #5</th><th>Parameter #6</th><th>Parameter #7</th><th>Parameter #8</th><th>Parameter #9</th><th>Parameter #10</th><th>Parameter #11</th><th>Parameter #12</th><th>Parameter #13</th><th>Parameter #14</th><th>Parameter #15</th><th>Parameter #16</th><th>Parameter #17</th><th>Parameter #18</th><th>Parameter #19</th><th>Parameter #20</th><th>Parameter #21</th><th>Parameter #22</th><th>Parameter #23</th><th>Parameter #24</th><th>Parameter #25</th><th>Parameter #26</th><th>Parameter #27</th><th>Parameter #28</th><th>Parameter #29</th></tr><tr class="param stripe"><td>fail</td><td>Could Not Get To Charge Code Details</td><td>269951</td><td>2</td><td>698102082571</td><td>632538493</td><td></td><td></td><td></td><td></td><td></td><td></td><td></td><td></td><td></td><td>1</td><td></td><td></td><td></td><td></td><td>payor</td><td>EMEA</td><td>3735811</td><td>July2021</td><td>IL</td><td>EP</td><td>Payor changed to Shipper</td><td>Payor changed to Shipper</td><td>42</td></tr><tr><th colspan="29">Exception</th></tr><tr><td colspan="29"><div class="stacktrace">java.lang.AssertionError: Failed Selecting Contact Method and Clicking Continue
	at eraRerate.eraRerateTestNGSlow.doEraRerate(eraRerateTestNGSlow.java:1548)
	at eraRerate.eraRerateTestNGSlow.testMethod1(eraRerateTestNGSlow.java:574)
	at java.base/java.util.concurrent.ThreadPoolExecutor.runWorker(ThreadPoolExecutor.java:1128)
	at java.base/java.util.concurrent.ThreadPoolExecutor$Worker.run(ThreadPoolExecutor.java:628)
	at java.base/java.lang.Thread.run(Thread.java:834)
... Removed 12 stack frames</div></td></tr></table><p class="totop"><a href="#summary">back to summary</a></p>
<h3 id="m5">eraRerate.eraRerateTestNGSlow#testMethod1</h3><table class="result"><tr class="param"><th>Parameter #1</th><th>Parameter #2</th><th>Parameter #3</th><th>Parameter #4</th><th>Parameter #5</th><th>Parameter #6</th><th>Parameter #7</th><th>Parameter #8</th><th>Parameter #9</th><th>Parameter #10</th><th>Parameter #11</th><th>Parameter #12</th><th>Parameter #13</th><th>Parameter #14</th><th>Parameter #15</th><th>Parameter #16</th><th>Parameter #17</th><th>Parameter #18</th><th>Parameter #19</th><th>Parameter #20</th><th>Parameter #21</th><th>Parameter #22</th><th>Parameter #23</th><th>Parameter #24</th><th>Parameter #25</th><th>Parameter #26</th><th>Parameter #27</th><th>Parameter #28</th><th>Parameter #29</th></tr><tr class="param stripe"><td>fail</td><td>Failed Selecting Contact Method and Clicking Continue</td><td>252459</td><td>1</td><td>667017028873</td><td>914414711</td><td></td><td>68</td><td></td><td>KG</td><td>155</td><td>25</td><td>25</td><td>Y</td><td>CM</td><td>1</td><td>600601679</td><td></td><td></td><td>1</td><td>weight,dim</td><td>LAC</td><td>3715501</td><td>Online10</td><td>IL</td><td>EP</td><td></td><td></td><td>5</td></tr><tr><th colspan="29">Exception</th></tr><tr><td colspan="29"><div class="stacktrace">java.lang.AssertionError: 
	at eraRerate.eraRerateTestNGSlow.doEraRerate(eraRerateTestNGSlow.java:1457)
	at eraRerate.eraRerateTestNGSlow.testMethod1(eraRerateTestNGSlow.java:574)
	at java.base/java.util.concurrent.ThreadPoolExecutor.runWorker(ThreadPoolExecutor.java:1128)
	at java.base/java.util.concurrent.ThreadPoolExecutor$Worker.run(ThreadPoolExecutor.java:628)
	at java.base/java.lang.Thread.run(Thread.java:834)
... Removed 13 stack frames</div></td></tr></table><p class="totop"><a href="#summary">back to summary</a></p>
<h3 id="m6">eraRerate.eraRerateTestNGSlow#testMethod1</h3><table class="result"><tr class="param"><th>Parameter #1</th><th>Parameter #2</th><th>Parameter #3</th><th>Parameter #4</th><th>Parameter #5</th><th>Parameter #6</th><th>Parameter #7</th><th>Parameter #8</th><th>Parameter #9</th><th>Parameter #10</th><th>Parameter #11</th><th>Parameter #12</th><th>Parameter #13</th><th>Parameter #14</th><th>Parameter #15</th><th>Parameter #16</th><th>Parameter #17</th><th>Parameter #18</th><th>Parameter #19</th><th>Parameter #20</th><th>Parameter #21</th><th>Parameter #22</th><th>Parameter #23</th><th>Parameter #24</th><th>Parameter #25</th><th>Parameter #26</th><th>Parameter #27</th><th>Parameter #28</th><th>Parameter #29</th></tr><tr class="param stripe"><td></td><td></td><td>270571</td><td>1</td><td>622668013883</td><td>811647696</td><td></td><td></td><td></td><td></td><td>30</td><td>10</td><td>10</td><td></td><td>IN</td><td></td><td>600820338</td><td></td><td></td><td></td><td>dims</td><td>LAC</td><td>3715501</td><td>Online10</td><td>IL</td><td>EP</td><td>Length 27&quot;&quot;</td><td></td><td>67</td></tr><tr><th colspan="29">Exception</th></tr><tr><td colspan="29"><div class="stacktrace">java.lang.AssertionError: After Rerate Click No Data Came -- Unknown Error
	at eraRerate.eraRerateTestNGSlow.doEraRerate(eraRerateTestNGSlow.java:1287)
	at eraRerate.eraRerateTestNGSlow.testMethod1(eraRerateTestNGSlow.java:574)
	at java.base/java.util.concurrent.ThreadPoolExecutor.runWorker(ThreadPoolExecutor.java:1128)
	at java.base/java.util.concurrent.ThreadPoolExecutor$Worker.run(ThreadPoolExecutor.java:628)
	at java.base/java.lang.Thread.run(Thread.java:834)
... Removed 12 stack frames</div></td></tr></table><p class="totop"><a href="#summary">back to summary</a></p>
<h3 id="m7">eraRerate.eraRerateTestNGSlow#testMethod1</h3><table class="result"><tr class="param"><th>Parameter #1</th><th>Parameter #2</th><th>Parameter #3</th><th>Parameter #4</th><th>Parameter #5</th><th>Parameter #6</th><th>Parameter #7</th><th>Parameter #8</th><th>Parameter #9</th><th>Parameter #10</th><th>Parameter #11</th><th>Parameter #12</th><th>Parameter #13</th><th>Parameter #14</th><th>Parameter #15</th><th>Parameter #16</th><th>Parameter #17</th><th>Parameter #18</th><th>Parameter #19</th><th>Parameter #20</th><th>Parameter #21</th><th>Parameter #22</th><th>Parameter #23</th><th>Parameter #24</th><th>Parameter #25</th><th>Parameter #26</th><th>Parameter #27</th><th>Parameter #28</th><th>Parameter #29</th></tr><tr class="param stripe"><td>fail</td><td>Timeout on Rerate Screen</td><td>219894</td><td>1</td><td>954694825206</td><td>330872097</td><td></td><td></td><td></td><td></td><td></td><td></td><td></td><td></td><td></td><td>1</td><td></td><td></td><td></td><td></td><td>payor</td><td>USA</td><td>5194105</td><td>eF5eh1fH</td><td>IL</td><td>EP</td><td>Payor changed to shipper</td><td></td><td>19</td></tr><tr><th colspan="29">Exception</th></tr><tr><td colspan="29"><div class="stacktrace">java.lang.AssertionError: After Rerate Click No Data Came -- Unknown Error
	at eraRerate.eraRerateTestNGSlow.doEraRerate(eraRerateTestNGSlow.java:1307)
	at eraRerate.eraRerateTestNGSlow.testMethod1(eraRerateTestNGSlow.java:574)
	at java.base/java.util.concurrent.ThreadPoolExecutor.runWorker(ThreadPoolExecutor.java:1128)
	at java.base/java.util.concurrent.ThreadPoolExecutor$Worker.run(ThreadPoolExecutor.java:628)
	at java.base/java.lang.Thread.run(Thread.java:834)
... Removed 12 stack frames</div></td></tr></table><p class="totop"><a href="#summary">back to summary</a></p>
<h3 id="m8">eraRerate.eraRerateTestNGSlow#testMethod1</h3><table class="result"><tr class="param"><th>Parameter #1</th><th>Parameter #2</th><th>Parameter #3</th><th>Parameter #4</th><th>Parameter #5</th><th>Parameter #6</th><th>Parameter #7</th><th>Parameter #8</th><th>Parameter #9</th><th>Parameter #10</th><th>Parameter #11</th><th>Parameter #12</th><th>Parameter #13</th><th>Parameter #14</th><th>Parameter #15</th><th>Parameter #16</th><th>Parameter #17</th><th>Parameter #18</th><th>Parameter #19</th><th>Parameter #20</th><th>Parameter #21</th><th>Parameter #22</th><th>Parameter #23</th><th>Parameter #24</th><th>Parameter #25</th><th>Parameter #26</th><th>Parameter #27</th><th>Parameter #28</th><th>Parameter #29</th></tr><tr class="param stripe"><td></td><td></td><td>270045</td><td>1</td><td>911758483600</td><td>127971112</td><td></td><td></td><td></td><td></td><td></td><td></td><td></td><td></td><td></td><td></td><td>603259491</td><td></td><td></td><td></td><td>service</td><td>EMEA</td><td>3735811</td><td>July2021</td><td>IL</td><td>EP</td><td>SVC changed to RM</td><td></td><td>26</td></tr><tr><th colspan="29">Exception</th></tr><tr><td colspan="29"><div class="stacktrace">java.lang.AssertionError: Failed on Entering Tracking Number
	at eraRerate.eraRerateTestNGSlow.doEraRerate(eraRerateTestNGSlow.java:885)
	at eraRerate.eraRerateTestNGSlow.testMethod1(eraRerateTestNGSlow.java:574)
	at java.base/java.util.concurrent.ThreadPoolExecutor.runWorker(ThreadPoolExecutor.java:1128)
	at java.base/java.util.concurrent.ThreadPoolExecutor$Worker.run(ThreadPoolExecutor.java:628)
	at java.base/java.lang.Thread.run(Thread.java:834)
... Removed 12 stack frames</div></td></tr></table><p class="totop"><a href="#summary">back to summary</a></p>
<h3 id="m9">eraRerate.eraRerateTestNGSlow#testMethod1</h3><table class="result"><tr class="param"><th>Parameter #1</th><th>Parameter #2</th><th>Parameter #3</th><th>Parameter #4</th><th>Parameter #5</th><th>Parameter #6</th><th>Parameter #7</th><th>Parameter #8</th><th>Parameter #9</th><th>Parameter #10</th><th>Parameter #11</th><th>Parameter #12</th><th>Parameter #13</th><th>Parameter #14</th><th>Parameter #15</th><th>Parameter #16</th><th>Parameter #17</th><th>Parameter #18</th><th>Parameter #19</th><th>Parameter #20</th><th>Parameter #21</th><th>Parameter #22</th><th>Parameter #23</th><th>Parameter #24</th><th>Parameter #25</th><th>Parameter #26</th><th>Parameter #27</th><th>Parameter #28</th><th>Parameter #29</th></tr><tr class="param stripe"><td>fail</td><td>Could Not Get To Charge Code Details</td><td>237336</td><td>1</td><td>695884113872</td><td>814260308</td><td></td><td></td><td>5</td><td>KG</td><td></td><td></td><td></td><td>Y</td><td></td><td></td><td></td><td></td><td></td><td></td><td>weight</td><td>EMEA</td><td>3735811</td><td>July2021</td><td>IL</td><td>EP</td><td></td><td></td><td>33</td></tr><tr><th colspan="29">Exception</th></tr><tr><td colspan="29"><div class="stacktrace">java.lang.AssertionError: Could Not Get To Charge Code Details
	at eraRerate.eraRerateTestNGSlow.doEraRerate(eraRerateTestNGSlow.java:980)
	at eraRerate.eraRerateTestNGSlow.testMethod1(eraRerateTestNGSlow.java:574)
	at java.base/java.util.concurrent.ThreadPoolExecutor.runWorker(ThreadPoolExecutor.java:1128)
	at java.base/java.util.concurrent.ThreadPoolExecutor$Worker.run(ThreadPoolExecutor.java:628)
	at java.base/java.lang.Thread.run(Thread.java:834)
... Removed 12 stack frames</div></td></tr></table><p class="totop"><a href="#summary">back to summary</a></p>
<h3 id="m10">eraRerate.eraRerateTestNGSlow#testMethod1</h3><table class="result"><tr class="param"><th>Parameter #1</th><th>Parameter #2</th><th>Parameter #3</th><th>Parameter #4</th><th>Parameter #5</th><th>Parameter #6</th><th>Parameter #7</th><th>Parameter #8</th><th>Parameter #9</th><th>Parameter #10</th><th>Parameter #11</th><th>Parameter #12</th><th>Parameter #13</th><th>Parameter #14</th><th>Parameter #15</th><th>Parameter #16</th><th>Parameter #17</th><th>Parameter #18</th><th>Parameter #19</th><th>Parameter #20</th><th>Parameter #21</th><th>Parameter #22</th><th>Parameter #23</th><th>Parameter #24</th><th>Parameter #25</th><th>Parameter #26</th><th>Parameter #27</th><th>Parameter #28</th><th>Parameter #29</th></tr><tr class="param stripe"><td>fail</td><td> 7812
Cut Flowers not allowed for service and packaging provided</td><td>137335</td><td>1</td><td>619586437458</td><td>811647180</td><td></td><td>200</td><td>200</td><td></td><td></td><td></td><td></td><td></td><td></td><td></td><td></td><td></td><td></td><td></td><td>weight</td><td>LAC</td><td>3715501</td><td>Online10</td><td>IL</td><td>EP</td><td>Weight Change to 200</td><td></td><td>1</td></tr><tr><th colspan="29">Exception</th></tr><tr><td colspan="29"><div class="stacktrace">java.lang.AssertionError: After Rerate Click No Data Came -- Unknown Error
	at eraRerate.eraRerateTestNGSlow.doEraRerate(eraRerateTestNGSlow.java:1287)
	at eraRerate.eraRerateTestNGSlow.testMethod1(eraRerateTestNGSlow.java:574)
	at java.base/java.util.concurrent.ThreadPoolExecutor.runWorker(ThreadPoolExecutor.java:1128)
	at java.base/java.util.concurrent.ThreadPoolExecutor$Worker.run(ThreadPoolExecutor.java:628)
	at java.base/java.lang.Thread.run(Thread.java:834)
... Removed 13 stack frames</div></td></tr></table><p class="totop"><a href="#summary">back to summary</a></p>
<h3 id="m11">eraRerate.eraRerateTestNGSlow#testMethod1</h3><table class="result"><tr class="param"><th>Parameter #1</th><th>Parameter #2</th><th>Parameter #3</th><th>Parameter #4</th><th>Parameter #5</th><th>Parameter #6</th><th>Parameter #7</th><th>Parameter #8</th><th>Parameter #9</th><th>Parameter #10</th><th>Parameter #11</th><th>Parameter #12</th><th>Parameter #13</th><th>Parameter #14</th><th>Parameter #15</th><th>Parameter #16</th><th>Parameter #17</th><th>Parameter #18</th><th>Parameter #19</th><th>Parameter #20</th><th>Parameter #21</th><th>Parameter #22</th><th>Parameter #23</th><th>Parameter #24</th><th>Parameter #25</th><th>Parameter #26</th><th>Parameter #27</th><th>Parameter #28</th><th>Parameter #29</th></tr><tr class="param stripe"><td></td><td></td><td>270841</td><td>1</td><td>852465271234</td><td>330871403</td><td></td><td></td><td></td><td></td><td></td><td></td><td></td><td></td><td></td><td></td><td></td><td>Fedex 2Day Freight  (80)</td><td></td><td></td><td>service</td><td>USA</td><td>5194105</td><td>eF5eh1fH</td><td>IL</td><td>EP</td><td>Change the service to Fedex 2Day Freight  (80)</td><td></td><td>30</td></tr><tr><th colspan="29">Exception</th></tr><tr><td colspan="29"><div class="stacktrace">org.openqa.selenium.NoSuchElementException: Cannot locate element with text: Fedex 2Day Freight  (80)
For documentation on this error, please visit: https://www.seleniumhq.org/exceptions/no_such_element.html
Build info: version: &apos;3.141.59&apos;, revision: &apos;e82be7d358&apos;, time: &apos;2018-11-14T08:25:48&apos;
System info: host: &apos;C0016390&apos;, ip: &apos;10.242.69.100&apos;, os.name: &apos;Windows Server 2016&apos;, os.arch: &apos;amd64&apos;, os.version: &apos;10.0&apos;, java.version: &apos;11.0.6&apos;
Driver info: driver.version: unknown
	at org.openqa.selenium.support.ui.Select.selectByVisibleText(Select.java:147)
	at eraRerate.eraRerateTestNGSlow.doEraRerate(eraRerateTestNGSlow.java:1218)
	at eraRerate.eraRerateTestNGSlow.testMethod1(eraRerateTestNGSlow.java:574)
	at java.base/java.util.concurrent.ThreadPoolExecutor.runWorker(ThreadPoolExecutor.java:1128)
	at java.base/java.util.concurrent.ThreadPoolExecutor$Worker.run(ThreadPoolExecutor.java:628)
	at java.base/java.lang.Thread.run(Thread.java:834)
... Removed 11 stack frames</div></td></tr></table><p class="totop"><a href="#summary">back to summary</a></p>
<h3 id="m12">eraRerate.eraRerateTestNGSlow#testMethod1</h3><table class="result"><tr class="param"><th>Parameter #1</th><th>Parameter #2</th><th>Parameter #3</th><th>Parameter #4</th><th>Parameter #5</th><th>Parameter #6</th><th>Parameter #7</th><th>Parameter #8</th><th>Parameter #9</th><th>Parameter #10</th><th>Parameter #11</th><th>Parameter #12</th><th>Parameter #13</th><th>Parameter #14</th><th>Parameter #15</th><th>Parameter #16</th><th>Parameter #17</th><th>Parameter #18</th><th>Parameter #19</th><th>Parameter #20</th><th>Parameter #21</th><th>Parameter #22</th><th>Parameter #23</th><th>Parameter #24</th><th>Parameter #25</th><th>Parameter #26</th><th>Parameter #27</th><th>Parameter #28</th><th>Parameter #29</th></tr><tr class="param stripe"><td></td><td></td><td>271754</td><td>1</td><td>572051359324</td><td>858702035</td><td></td><td></td><td></td><td></td><td></td><td></td><td></td><td></td><td></td><td></td><td></td><td></td><td></td><td></td><td>service</td><td>EMEA</td><td>3735811</td><td>July2021</td><td>IL</td><td>EP</td><td>SVC changed to RL</td><td>SVC changed to RL</td><td>10</td></tr><tr><th colspan="29">Exception</th></tr><tr><td colspan="29"><div class="stacktrace">org.openqa.selenium.NoSuchElementException: Cannot locate element with text: 
For documentation on this error, please visit: https://www.seleniumhq.org/exceptions/no_such_element.html
Build info: version: &apos;3.141.59&apos;, revision: &apos;e82be7d358&apos;, time: &apos;2018-11-14T08:25:48&apos;
System info: host: &apos;C0016390&apos;, ip: &apos;10.242.69.100&apos;, os.name: &apos;Windows Server 2016&apos;, os.arch: &apos;amd64&apos;, os.version: &apos;10.0&apos;, java.version: &apos;11.0.6&apos;
Driver info: driver.version: unknown
	at org.openqa.selenium.support.ui.Select.selectByVisibleText(Select.java:147)
	at eraRerate.eraRerateTestNGSlow.doEraRerate(eraRerateTestNGSlow.java:1228)
	at eraRerate.eraRerateTestNGSlow.testMethod1(eraRerateTestNGSlow.java:574)
	at java.base/java.util.concurrent.ThreadPoolExecutor.runWorker(ThreadPoolExecutor.java:1128)
	at java.base/java.util.concurrent.ThreadPoolExecutor$Worker.run(ThreadPoolExecutor.java:628)
	at java.base/java.lang.Thread.run(Thread.java:834)
... Removed 12 stack frames</div></td></tr></table><p class="totop"><a href="#summary">back to summary</a></p>
<h3 id="m13">eraRerate.eraRerateTestNGSlow#testMethod1</h3><table class="result"><tr class="param"><th>Parameter #1</th><th>Parameter #2</th><th>Parameter #3</th><th>Parameter #4</th><th>Parameter #5</th><th>Parameter #6</th><th>Parameter #7</th><th>Parameter #8</th><th>Parameter #9</th><th>Parameter #10</th><th>Parameter #11</th><th>Parameter #12</th><th>Parameter #13</th><th>Parameter #14</th><th>Parameter #15</th><th>Parameter #16</th><th>Parameter #17</th><th>Parameter #18</th><th>Parameter #19</th><th>Parameter #20</th><th>Parameter #21</th><th>Parameter #22</th><th>Parameter #23</th><th>Parameter #24</th><th>Parameter #25</th><th>Parameter #26</th><th>Parameter #27</th><th>Parameter #28</th><th>Parameter #29</th></tr><tr class="param stripe"><td></td><td></td><td>269285</td><td>1</td><td>811128430281</td><td>330871444</td><td></td><td></td><td></td><td></td><td></td><td></td><td></td><td></td><td></td><td></td><td></td><td></td><td></td><td></td><td>service</td><td>USA</td><td>5194105</td><td>eF5eh1fH</td><td>IL</td><td>EP</td><td>Change the service to Fedex 2Day Freight  (80)</td><td></td><td>41</td></tr><tr><th colspan="29">Exception</th></tr><tr><td colspan="29"><div class="stacktrace">org.openqa.selenium.NoSuchElementException: Cannot locate element with text: 
For documentation on this error, please visit: https://www.seleniumhq.org/exceptions/no_such_element.html
Build info: version: &apos;3.141.59&apos;, revision: &apos;e82be7d358&apos;, time: &apos;2018-11-14T08:25:48&apos;
System info: host: &apos;C0016390&apos;, ip: &apos;10.242.69.100&apos;, os.name: &apos;Windows Server 2016&apos;, os.arch: &apos;amd64&apos;, os.version: &apos;10.0&apos;, java.version: &apos;11.0.6&apos;
Driver info: driver.version: unknown
	at org.openqa.selenium.support.ui.Select.selectByVisibleText(Select.java:147)
	at eraRerate.eraRerateTestNGSlow.doEraRerate(eraRerateTestNGSlow.java:1228)
	at eraRerate.eraRerateTestNGSlow.testMethod1(eraRerateTestNGSlow.java:574)
	at java.base/java.util.concurrent.ThreadPoolExecutor.runWorker(ThreadPoolExecutor.java:1128)
	at java.base/java.util.concurrent.ThreadPoolExecutor$Worker.run(ThreadPoolExecutor.java:628)
	at java.base/java.lang.Thread.run(Thread.java:834)
... Removed 11 stack frames</div></td></tr></table><p class="totop"><a href="#summary">back to summary</a></p>
<h3 id="m14">eraRerate.eraRerateTestNGSlow#testMethod1</h3><table class="result"><tr class="param"><th>Parameter #1</th><th>Parameter #2</th><th>Parameter #3</th><th>Parameter #4</th><th>Parameter #5</th><th>Parameter #6</th><th>Parameter #7</th><th>Parameter #8</th><th>Parameter #9</th><th>Parameter #10</th><th>Parameter #11</th><th>Parameter #12</th><th>Parameter #13</th><th>Parameter #14</th><th>Parameter #15</th><th>Parameter #16</th><th>Parameter #17</th><th>Parameter #18</th><th>Parameter #19</th><th>Parameter #20</th><th>Parameter #21</th><th>Parameter #22</th><th>Parameter #23</th><th>Parameter #24</th><th>Parameter #25</th><th>Parameter #26</th><th>Parameter #27</th><th>Parameter #28</th><th>Parameter #29</th></tr><tr class="param stripe"><td>fail</td><td>Failed Selecting Contact Method and Clicking Continue</td><td>206176</td><td>1</td><td>862211209234</td><td>268114202</td><td></td><td></td><td></td><td></td><td></td><td></td><td></td><td>Y</td><td></td><td>3</td><td>700158926</td><td></td><td></td><td></td><td>payor</td><td>EMEA</td><td>3735811</td><td>July2021</td><td>IL</td><td>EP</td><td></td><td>Payor Change</td><td>49</td></tr><tr><th colspan="29">Exception</th></tr><tr><td colspan="29"><div class="stacktrace">java.lang.AssertionError: 
	at eraRerate.eraRerateTestNGSlow.doEraRerate(eraRerateTestNGSlow.java:1457)
	at eraRerate.eraRerateTestNGSlow.testMethod1(eraRerateTestNGSlow.java:574)
	at java.base/java.util.concurrent.ThreadPoolExecutor.runWorker(ThreadPoolExecutor.java:1128)
	at java.base/java.util.concurrent.ThreadPoolExecutor$Worker.run(ThreadPoolExecutor.java:628)
	at java.base/java.lang.Thread.run(Thread.java:834)
... Removed 12 stack frames</div></td></tr></table><p class="totop"><a href="#summary">back to summary</a></p>
<h3 id="m15">eraRerate.eraRerateTestNGSlow#testMethod1</h3><table class="result"><tr class="param"><th>Parameter #1</th><th>Parameter #2</th><th>Parameter #3</th><th>Parameter #4</th><th>Parameter #5</th><th>Parameter #6</th><th>Parameter #7</th><th>Parameter #8</th><th>Parameter #9</th><th>Parameter #10</th><th>Parameter #11</th><th>Parameter #12</th><th>Parameter #13</th><th>Parameter #14</th><th>Parameter #15</th><th>Parameter #16</th><th>Parameter #17</th><th>Parameter #18</th><th>Parameter #19</th><th>Parameter #20</th><th>Parameter #21</th><th>Parameter #22</th><th>Parameter #23</th><th>Parameter #24</th><th>Parameter #25</th><th>Parameter #26</th><th>Parameter #27</th><th>Parameter #28</th><th>Parameter #29</th></tr><tr class="param stripe"><td>fail</td><td> 7812
Cut Flowers not allowed for service and packaging provided</td><td>252442</td><td>1</td><td>718958281423</td><td>388218281</td><td></td><td>70</td><td></td><td>KG</td><td>65</td><td></td><td></td><td>Y</td><td>IN</td><td>2</td><td>600600850</td><td></td><td></td><td>1</td><td>weight,dim</td><td>EMEA</td><td>3735811</td><td>July2021</td><td>IL</td><td>EP</td><td>weight,dim</td><td></td><td>4</td></tr><tr><th colspan="29">Exception</th></tr><tr><td colspan="29"><div class="stacktrace">java.lang.AssertionError: After Rerate Click No Data Came -- Unknown Error
	at eraRerate.eraRerateTestNGSlow.doEraRerate(eraRerateTestNGSlow.java:1287)
	at eraRerate.eraRerateTestNGSlow.testMethod1(eraRerateTestNGSlow.java:574)
	at java.base/java.util.concurrent.ThreadPoolExecutor.runWorker(ThreadPoolExecutor.java:1128)
	at java.base/java.util.concurrent.ThreadPoolExecutor$Worker.run(ThreadPoolExecutor.java:628)
	at java.base/java.lang.Thread.run(Thread.java:834)
... Removed 13 stack frames</div></td></tr></table><p class="totop"><a href="#summary">back to summary</a></p>
<h3 id="m16">eraRerate.eraRerateTestNGSlow#testMethod1</h3><table class="result"><tr class="param"><th>Parameter #1</th><th>Parameter #2</th><th>Parameter #3</th><th>Parameter #4</th><th>Parameter #5</th><th>Parameter #6</th><th>Parameter #7</th><th>Parameter #8</th><th>Parameter #9</th><th>Parameter #10</th><th>Parameter #11</th><th>Parameter #12</th><th>Parameter #13</th><th>Parameter #14</th><th>Parameter #15</th><th>Parameter #16</th><th>Parameter #17</th><th>Parameter #18</th><th>Parameter #19</th><th>Parameter #20</th><th>Parameter #21</th><th>Parameter #22</th><th>Parameter #23</th><th>Parameter #24</th><th>Parameter #25</th><th>Parameter #26</th><th>Parameter #27</th><th>Parameter #28</th><th>Parameter #29</th></tr><tr class="param stripe"><td>fail</td><td>Failed Selecting Contact Method and Clicking Continue</td><td>242069</td><td>1</td><td>770571127284</td><td>228426888</td><td></td><td></td><td></td><td></td><td></td><td></td><td></td><td></td><td></td><td>1</td><td></td><td></td><td></td><td></td><td>payor</td><td>EMEA</td><td>3726698</td><td>July2021</td><td>IL</td><td>EP</td><td>Payor Change to shipper</td><td></td><td>34</td></tr><tr><th colspan="29">Exception</th></tr><tr><td colspan="29"><div class="stacktrace">java.lang.AssertionError: Failed Selecting Contact Method and Clicking Continue
	at eraRerate.eraRerateTestNGSlow.doEraRerate(eraRerateTestNGSlow.java:1548)
	at eraRerate.eraRerateTestNGSlow.testMethod1(eraRerateTestNGSlow.java:574)
	at java.base/java.util.concurrent.ThreadPoolExecutor.runWorker(ThreadPoolExecutor.java:1128)
	at java.base/java.util.concurrent.ThreadPoolExecutor$Worker.run(ThreadPoolExecutor.java:628)
	at java.base/java.lang.Thread.run(Thread.java:834)
... Removed 12 stack frames</div></td></tr></table><p class="totop"><a href="#summary">back to summary</a></p>
<h3 id="m17">eraRerate.eraRerateTestNGSlow#testMethod1</h3><table class="result"><tr class="param"><th>Parameter #1</th><th>Parameter #2</th><th>Parameter #3</th><th>Parameter #4</th><th>Parameter #5</th><th>Parameter #6</th><th>Parameter #7</th><th>Parameter #8</th><th>Parameter #9</th><th>Parameter #10</th><th>Parameter #11</th><th>Parameter #12</th><th>Parameter #13</th><th>Parameter #14</th><th>Parameter #15</th><th>Parameter #16</th><th>Parameter #17</th><th>Parameter #18</th><th>Parameter #19</th><th>Parameter #20</th><th>Parameter #21</th><th>Parameter #22</th><th>Parameter #23</th><th>Parameter #24</th><th>Parameter #25</th><th>Parameter #26</th><th>Parameter #27</th><th>Parameter #28</th><th>Parameter #29</th></tr><tr class="param stripe"><td>fail</td><td>Failed on Entering Tracking Number</td><td>226571</td><td>1</td><td>517873933286</td><td>330872052</td><td></td><td></td><td></td><td></td><td></td><td></td><td></td><td></td><td></td><td></td><td></td><td></td><td></td><td></td><td>service</td><td>USA</td><td>5194105</td><td>eF5eh1fH</td><td>IL</td><td>EP</td><td>Service Change to 01</td><td></td><td>2</td></tr><tr><th colspan="29">Exception</th></tr><tr><td colspan="29"><div class="stacktrace">org.openqa.selenium.NoSuchElementException: Cannot locate element with text: 
For documentation on this error, please visit: https://www.seleniumhq.org/exceptions/no_such_element.html
Build info: version: &apos;3.141.59&apos;, revision: &apos;e82be7d358&apos;, time: &apos;2018-11-14T08:25:48&apos;
System info: host: &apos;C0016390&apos;, ip: &apos;10.242.69.100&apos;, os.name: &apos;Windows Server 2016&apos;, os.arch: &apos;amd64&apos;, os.version: &apos;10.0&apos;, java.version: &apos;11.0.6&apos;
Driver info: driver.version: unknown
	at org.openqa.selenium.support.ui.Select.selectByVisibleText(Select.java:147)
	at eraRerate.eraRerateTestNGSlow.doEraRerate(eraRerateTestNGSlow.java:1228)
	at eraRerate.eraRerateTestNGSlow.testMethod1(eraRerateTestNGSlow.java:574)
	at java.base/java.util.concurrent.ThreadPoolExecutor.runWorker(ThreadPoolExecutor.java:1128)
	at java.base/java.util.concurrent.ThreadPoolExecutor$Worker.run(ThreadPoolExecutor.java:628)
	at java.base/java.lang.Thread.run(Thread.java:834)
... Removed 12 stack frames</div></td></tr></table><p class="totop"><a href="#summary">back to summary</a></p>
<h3 id="m18">eraRerate.eraRerateTestNGSlow#testMethod1</h3><table class="result"><tr class="param"><th>Parameter #1</th><th>Parameter #2</th><th>Parameter #3</th><th>Parameter #4</th><th>Parameter #5</th><th>Parameter #6</th><th>Parameter #7</th><th>Parameter #8</th><th>Parameter #9</th><th>Parameter #10</th><th>Parameter #11</th><th>Parameter #12</th><th>Parameter #13</th><th>Parameter #14</th><th>Parameter #15</th><th>Parameter #16</th><th>Parameter #17</th><th>Parameter #18</th><th>Parameter #19</th><th>Parameter #20</th><th>Parameter #21</th><th>Parameter #22</th><th>Parameter #23</th><th>Parameter #24</th><th>Parameter #25</th><th>Parameter #26</th><th>Parameter #27</th><th>Parameter #28</th><th>Parameter #29</th></tr><tr class="param stripe"><td>fail</td><td>Could Not Get To Charge Code Details</td><td>270600</td><td>1</td><td>613173003986</td><td>330871403</td><td></td><td></td><td></td><td></td><td></td><td></td><td></td><td></td><td></td><td></td><td></td><td>Fedex 1Day Freight  (70)</td><td></td><td></td><td>service</td><td>USA</td><td>5194105</td><td>eF5eh1fH</td><td>IL</td><td>EP</td><td>Change the service to Fedex 1Day Freight  (70)</td><td></td><td>16</td></tr><tr><th colspan="29">Exception</th></tr><tr><td colspan="29"><div class="stacktrace">org.openqa.selenium.NoSuchElementException: Cannot locate element with text: Fedex 1Day Freight  (70)
For documentation on this error, please visit: https://www.seleniumhq.org/exceptions/no_such_element.html
Build info: version: &apos;3.141.59&apos;, revision: &apos;e82be7d358&apos;, time: &apos;2018-11-14T08:25:48&apos;
System info: host: &apos;C0016390&apos;, ip: &apos;10.242.69.100&apos;, os.name: &apos;Windows Server 2016&apos;, os.arch: &apos;amd64&apos;, os.version: &apos;10.0&apos;, java.version: &apos;11.0.6&apos;
Driver info: driver.version: unknown
	at org.openqa.selenium.support.ui.Select.selectByVisibleText(Select.java:147)
	at eraRerate.eraRerateTestNGSlow.doEraRerate(eraRerateTestNGSlow.java:1218)
	at eraRerate.eraRerateTestNGSlow.testMethod1(eraRerateTestNGSlow.java:574)
	at java.base/java.util.concurrent.ThreadPoolExecutor.runWorker(ThreadPoolExecutor.java:1128)
	at java.base/java.util.concurrent.ThreadPoolExecutor$Worker.run(ThreadPoolExecutor.java:628)
	at java.base/java.lang.Thread.run(Thread.java:834)
... Removed 11 stack frames</div></td></tr></table><p class="totop"><a href="#summary">back to summary</a></p>
<h3 id="m19">eraRerate.eraRerateTestNGSlow#testMethod1</h3><table class="result"><tr class="param"><th>Parameter #1</th><th>Parameter #2</th><th>Parameter #3</th><th>Parameter #4</th><th>Parameter #5</th><th>Parameter #6</th><th>Parameter #7</th><th>Parameter #8</th><th>Parameter #9</th><th>Parameter #10</th><th>Parameter #11</th><th>Parameter #12</th><th>Parameter #13</th><th>Parameter #14</th><th>Parameter #15</th><th>Parameter #16</th><th>Parameter #17</th><th>Parameter #18</th><th>Parameter #19</th><th>Parameter #20</th><th>Parameter #21</th><th>Parameter #22</th><th>Parameter #23</th><th>Parameter #24</th><th>Parameter #25</th><th>Parameter #26</th><th>Parameter #27</th><th>Parameter #28</th><th>Parameter #29</th></tr><tr class="param stripe"><td>fail</td><td>Could Not Get To Charge Code Details</td><td>236335</td><td>1</td><td>994108023334</td><td>814260307</td><td></td><td></td><td>5</td><td>KG</td><td></td><td></td><td></td><td>Y</td><td></td><td></td><td></td><td></td><td></td><td></td><td>weight</td><td>EMEA</td><td>3735811</td><td>July2021</td><td>IL</td><td>EP</td><td></td><td></td><td>51</td></tr><tr><th colspan="29">Exception</th></tr><tr><td colspan="29"><div class="stacktrace">java.lang.AssertionError: Could Not Get To Charge Code Details
	at eraRerate.eraRerateTestNGSlow.doEraRerate(eraRerateTestNGSlow.java:980)
	at eraRerate.eraRerateTestNGSlow.testMethod1(eraRerateTestNGSlow.java:574)
	at java.base/java.util.concurrent.ThreadPoolExecutor.runWorker(ThreadPoolExecutor.java:1128)
	at java.base/java.util.concurrent.ThreadPoolExecutor$Worker.run(ThreadPoolExecutor.java:628)
	at java.base/java.lang.Thread.run(Thread.java:834)
... Removed 12 stack frames</div></td></tr></table><p class="totop"><a href="#summary">back to summary</a></p>
<h3 id="m20">eraRerate.eraRerateTestNGSlow#testMethod1</h3><table class="result"><tr class="param"><th>Parameter #1</th><th>Parameter #2</th><th>Parameter #3</th><th>Parameter #4</th><th>Parameter #5</th><th>Parameter #6</th><th>Parameter #7</th><th>Parameter #8</th><th>Parameter #9</th><th>Parameter #10</th><th>Parameter #11</th><th>Parameter #12</th><th>Parameter #13</th><th>Parameter #14</th><th>Parameter #15</th><th>Parameter #16</th><th>Parameter #17</th><th>Parameter #18</th><th>Parameter #19</th><th>Parameter #20</th><th>Parameter #21</th><th>Parameter #22</th><th>Parameter #23</th><th>Parameter #24</th><th>Parameter #25</th><th>Parameter #26</th><th>Parameter #27</th><th>Parameter #28</th><th>Parameter #29</th></tr><tr class="param stripe"><td>fail</td><td>Could Not Get To Charge Code Details</td><td>236584</td><td>1</td><td>705996475160</td><td>330871875</td><td></td><td></td><td></td><td></td><td></td><td></td><td></td><td></td><td></td><td></td><td></td><td></td><td></td><td></td><td>service</td><td>USA</td><td>5194105</td><td>eF5eh1fH</td><td>IL</td><td>EP</td><td>Service Change to 04</td><td></td><td>11</td></tr><tr><th colspan="29">Exception</th></tr><tr><td colspan="29"><div class="stacktrace">org.openqa.selenium.NoSuchElementException: Cannot locate element with text: 
For documentation on this error, please visit: https://www.seleniumhq.org/exceptions/no_such_element.html
Build info: version: &apos;3.141.59&apos;, revision: &apos;e82be7d358&apos;, time: &apos;2018-11-14T08:25:48&apos;
System info: host: &apos;C0016390&apos;, ip: &apos;10.242.69.100&apos;, os.name: &apos;Windows Server 2016&apos;, os.arch: &apos;amd64&apos;, os.version: &apos;10.0&apos;, java.version: &apos;11.0.6&apos;
Driver info: driver.version: unknown
	at org.openqa.selenium.support.ui.Select.selectByVisibleText(Select.java:147)
	at eraRerate.eraRerateTestNGSlow.doEraRerate(eraRerateTestNGSlow.java:1228)
	at eraRerate.eraRerateTestNGSlow.testMethod1(eraRerateTestNGSlow.java:574)
	at java.base/java.util.concurrent.ThreadPoolExecutor.runWorker(ThreadPoolExecutor.java:1128)
	at java.base/java.util.concurrent.ThreadPoolExecutor$Worker.run(ThreadPoolExecutor.java:628)
	at java.base/java.lang.Thread.run(Thread.java:834)
... Removed 11 stack frames</div></td></tr></table><p class="totop"><a href="#summary">back to summary</a></p>
<h3 id="m21">eraRerate.eraRerateTestNGSlow#testMethod1</h3><table class="result"><tr class="param"><th>Parameter #1</th><th>Parameter #2</th><th>Parameter #3</th><th>Parameter #4</th><th>Parameter #5</th><th>Parameter #6</th><th>Parameter #7</th><th>Parameter #8</th><th>Parameter #9</th><th>Parameter #10</th><th>Parameter #11</th><th>Parameter #12</th><th>Parameter #13</th><th>Parameter #14</th><th>Parameter #15</th><th>Parameter #16</th><th>Parameter #17</th><th>Parameter #18</th><th>Parameter #19</th><th>Parameter #20</th><th>Parameter #21</th><th>Parameter #22</th><th>Parameter #23</th><th>Parameter #24</th><th>Parameter #25</th><th>Parameter #26</th><th>Parameter #27</th><th>Parameter #28</th><th>Parameter #29</th></tr><tr class="param stripe"><td></td><td></td><td>259473</td><td>1</td><td>734759608966</td><td>811647781</td><td></td><td>140</td><td></td><td></td><td></td><td></td><td></td><td>Y</td><td></td><td>3</td><td>603165985</td><td></td><td></td><td></td><td>payor</td><td>LAC</td><td>3715501</td><td>Online10</td><td>IL</td><td>EP</td><td>Payor Change</td><td>Payor Change</td><td>77</td></tr><tr><th colspan="29">Exception</th></tr><tr><td colspan="29"><div class="stacktrace">java.lang.AssertionError: Cannot Credit For More Than The Charge Amount Due.
	at eraRerate.eraRerateTestNGSlow.doEraRerate(eraRerateTestNGSlow.java:1457)
	at eraRerate.eraRerateTestNGSlow.testMethod1(eraRerateTestNGSlow.java:574)
	at java.base/java.util.concurrent.ThreadPoolExecutor.runWorker(ThreadPoolExecutor.java:1128)
	at java.base/java.util.concurrent.ThreadPoolExecutor$Worker.run(ThreadPoolExecutor.java:628)
	at java.base/java.lang.Thread.run(Thread.java:834)
... Removed 12 stack frames</div></td></tr></table><p class="totop"><a href="#summary">back to summary</a></p>
<h3 id="m22">eraRerate.eraRerateTestNGSlow#testMethod1</h3><table class="result"><tr class="param"><th>Parameter #1</th><th>Parameter #2</th><th>Parameter #3</th><th>Parameter #4</th><th>Parameter #5</th><th>Parameter #6</th><th>Parameter #7</th><th>Parameter #8</th><th>Parameter #9</th><th>Parameter #10</th><th>Parameter #11</th><th>Parameter #12</th><th>Parameter #13</th><th>Parameter #14</th><th>Parameter #15</th><th>Parameter #16</th><th>Parameter #17</th><th>Parameter #18</th><th>Parameter #19</th><th>Parameter #20</th><th>Parameter #21</th><th>Parameter #22</th><th>Parameter #23</th><th>Parameter #24</th><th>Parameter #25</th><th>Parameter #26</th><th>Parameter #27</th><th>Parameter #28</th><th>Parameter #29</th></tr><tr class="param stripe"><td>fail</td><td>Could Not Get To Charge Code Details</td><td>236908</td><td>1</td><td>340429472712</td><td>814260308</td><td></td><td></td><td></td><td></td><td></td><td></td><td></td><td>N</td><td></td><td></td><td></td><td></td><td></td><td></td><td>date</td><td>EMEA</td><td>3735811</td><td>July2021</td><td>IL</td><td>EP</td><td>date</td><td></td><td>52</td></tr><tr><th colspan="29">Exception</th></tr><tr><td colspan="29"><div class="stacktrace">java.lang.AssertionError: Could Not Get To Charge Code Details
	at eraRerate.eraRerateTestNGSlow.doEraRerate(eraRerateTestNGSlow.java:980)
	at eraRerate.eraRerateTestNGSlow.testMethod1(eraRerateTestNGSlow.java:574)
	at java.base/java.util.concurrent.ThreadPoolExecutor.runWorker(ThreadPoolExecutor.java:1128)
	at java.base/java.util.concurrent.ThreadPoolExecutor$Worker.run(ThreadPoolExecutor.java:628)
	at java.base/java.lang.Thread.run(Thread.java:834)
... Removed 12 stack frames</div></td></tr></table><p class="totop"><a href="#summary">back to summary</a></p>
<h3 id="m23">eraRerate.eraRerateTestNGSlow#testMethod2</h3><table class="result"><tr><th>Exception</th></tr><tr><td><div class="stacktrace">org.testng.TestNGException: 
Data Provider public synchronized java.lang.Object[][] eraRerate.eraRerateTestNGSlow.dataProviderMethod2() returned a null value
	at java.base/java.util.concurrent.ThreadPoolExecutor.runWorker(ThreadPoolExecutor.java:1128)
	at java.base/java.util.concurrent.ThreadPoolExecutor$Worker.run(ThreadPoolExecutor.java:628)
	at java.base/java.lang.Thread.run(Thread.java:834)
... Removed 9 stack frames</div></td></tr></table><p class="totop"><a href="#summary">back to summary</a></p>
<h3 id="m24">eraRerate.eraRerateTestNGSlow#testMethod3</h3><table class="result"><tr><th>Exception</th></tr><tr><td><div class="stacktrace">org.testng.TestNGException: 
Data Provider public synchronized java.lang.Object[][] eraRerate.eraRerateTestNGSlow.dataProviderMethod3() returned a null value
	at java.base/java.util.concurrent.ThreadPoolExecutor.runWorker(ThreadPoolExecutor.java:1128)
	at java.base/java.util.concurrent.ThreadPoolExecutor$Worker.run(ThreadPoolExecutor.java:628)
	at java.base/java.lang.Thread.run(Thread.java:834)
... Removed 9 stack frames</div></td></tr></table><p class="totop"><a href="#summary">back to summary</a></p>
<h3 id="m25">eraRerate.eraRerateTestNGSlow#testMethod4</h3><table class="result"><tr><th>Exception</th></tr><tr><td><div class="stacktrace">org.testng.TestNGException: 
Data Provider public synchronized java.lang.Object[][] eraRerate.eraRerateTestNGSlow.dataProviderMethod4() returned a null value
	at java.base/java.util.concurrent.ThreadPoolExecutor.runWorker(ThreadPoolExecutor.java:1128)
	at java.base/java.util.concurrent.ThreadPoolExecutor$Worker.run(ThreadPoolExecutor.java:628)
	at java.base/java.lang.Thread.run(Thread.java:834)
... Removed 9 stack frames</div></td></tr></table><p class="totop"><a href="#summary">back to summary</a></p>
<h3 id="m26">eraRerate.eraRerateTestNGSlow#testMethod1</h3><table class="result"><tr class="param"><th>Parameter #1</th><th>Parameter #2</th><th>Parameter #3</th><th>Parameter #4</th><th>Parameter #5</th><th>Parameter #6</th><th>Parameter #7</th><th>Parameter #8</th><th>Parameter #9</th><th>Parameter #10</th><th>Parameter #11</th><th>Parameter #12</th><th>Parameter #13</th><th>Parameter #14</th><th>Parameter #15</th><th>Parameter #16</th><th>Parameter #17</th><th>Parameter #18</th><th>Parameter #19</th><th>Parameter #20</th><th>Parameter #21</th><th>Parameter #22</th><th>Parameter #23</th><th>Parameter #24</th><th>Parameter #25</th><th>Parameter #26</th><th>Parameter #27</th><th>Parameter #28</th><th>Parameter #29</th></tr><tr class="param stripe"><td>fail</td><td>Could Not Get To Charge Code Details</td><td>236584</td><td>1</td><td>705996475160</td><td>330871875</td><td></td><td></td><td></td><td></td><td></td><td></td><td></td><td></td><td></td><td></td><td></td><td></td><td></td><td></td><td>service</td><td>USA</td><td>5194105</td><td>eF5eh1fH</td><td>IL</td><td>EP</td><td>Service Change to 04</td><td></td><td>11</td></tr><tr><th colspan="29">Exception</th></tr><tr><td colspan="29"><div class="stacktrace">org.openqa.selenium.NoSuchElementException: Cannot locate element with text: 
For documentation on this error, please visit: https://www.seleniumhq.org/exceptions/no_such_element.html
Build info: version: &apos;3.141.59&apos;, revision: &apos;e82be7d358&apos;, time: &apos;2018-11-14T08:25:48&apos;
System info: host: &apos;C0016390&apos;, ip: &apos;10.242.69.100&apos;, os.name: &apos;Windows Server 2016&apos;, os.arch: &apos;amd64&apos;, os.version: &apos;10.0&apos;, java.version: &apos;11.0.6&apos;
Driver info: driver.version: unknown
	at org.openqa.selenium.support.ui.Select.selectByVisibleText(Select.java:147)
	at eraRerate.eraRerateTestNGSlow.doEraRerate(eraRerateTestNGSlow.java:1228)
	at eraRerate.eraRerateTestNGSlow.testMethod1(eraRerateTestNGSlow.java:574)
	at java.base/java.util.concurrent.ThreadPoolExecutor.runWorker(ThreadPoolExecutor.java:1128)
	at java.base/java.util.concurrent.ThreadPoolExecutor$Worker.run(ThreadPoolExecutor.java:628)
	at java.base/java.lang.Thread.run(Thread.java:834)
... Removed 11 stack frames</div></td></tr></table><p class="totop"><a href="#summary">back to summary</a></p>
<h3 id="m27">eraRerate.eraRerateTestNGSlow#testMethod1</h3><table class="result"><tr class="param"><th>Parameter #1</th><th>Parameter #2</th><th>Parameter #3</th><th>Parameter #4</th><th>Parameter #5</th><th>Parameter #6</th><th>Parameter #7</th><th>Parameter #8</th><th>Parameter #9</th><th>Parameter #10</th><th>Parameter #11</th><th>Parameter #12</th><th>Parameter #13</th><th>Parameter #14</th><th>Parameter #15</th><th>Parameter #16</th><th>Parameter #17</th><th>Parameter #18</th><th>Parameter #19</th><th>Parameter #20</th><th>Parameter #21</th><th>Parameter #22</th><th>Parameter #23</th><th>Parameter #24</th><th>Parameter #25</th><th>Parameter #26</th><th>Parameter #27</th><th>Parameter #28</th><th>Parameter #29</th></tr><tr class="param stripe"><td>fail</td><td>Failed Selecting Contact Method and Clicking Continue</td><td>242069</td><td>1</td><td>770571127284</td><td>228426888</td><td></td><td></td><td></td><td></td><td></td><td></td><td></td><td></td><td></td><td>1</td><td></td><td></td><td></td><td></td><td>payor</td><td>EMEA</td><td>3726698</td><td>July2021</td><td>IL</td><td>EP</td><td>Payor Change to shipper</td><td></td><td>34</td></tr><tr><th colspan="29">Exception</th></tr><tr><td colspan="29"><div class="stacktrace">java.lang.AssertionError: Failed Selecting Contact Method and Clicking Continue
	at eraRerate.eraRerateTestNGSlow.doEraRerate(eraRerateTestNGSlow.java:1548)
	at eraRerate.eraRerateTestNGSlow.testMethod1(eraRerateTestNGSlow.java:574)
	at java.base/java.util.concurrent.ThreadPoolExecutor.runWorker(ThreadPoolExecutor.java:1128)
	at java.base/java.util.concurrent.ThreadPoolExecutor$Worker.run(ThreadPoolExecutor.java:628)
	at java.base/java.lang.Thread.run(Thread.java:834)
... Removed 12 stack frames</div></td></tr></table><p class="totop"><a href="#summary">back to summary</a></p>
<h3 id="m28">eraRerate.eraRerateTestNGSlow#testMethod1</h3><table class="result"><tr class="param"><th>Parameter #1</th><th>Parameter #2</th><th>Parameter #3</th><th>Parameter #4</th><th>Parameter #5</th><th>Parameter #6</th><th>Parameter #7</th><th>Parameter #8</th><th>Parameter #9</th><th>Parameter #10</th><th>Parameter #11</th><th>Parameter #12</th><th>Parameter #13</th><th>Parameter #14</th><th>Parameter #15</th><th>Parameter #16</th><th>Parameter #17</th><th>Parameter #18</th><th>Parameter #19</th><th>Parameter #20</th><th>Parameter #21</th><th>Parameter #22</th><th>Parameter #23</th><th>Parameter #24</th><th>Parameter #25</th><th>Parameter #26</th><th>Parameter #27</th><th>Parameter #28</th><th>Parameter #29</th></tr><tr class="param stripe"><td></td><td></td><td>270045</td><td>1</td><td>911758483600</td><td>127971112</td><td></td><td></td><td></td><td></td><td></td><td></td><td></td><td></td><td></td><td></td><td>603259491</td><td></td><td></td><td></td><td>service</td><td>EMEA</td><td>3735811</td><td>July2021</td><td>IL</td><td>EP</td><td>SVC changed to RM</td><td></td><td>26</td></tr><tr><th colspan="29">Exception</th></tr><tr><td colspan="29"><div class="stacktrace">org.openqa.selenium.NoSuchElementException: Cannot locate element with text: 
For documentation on this error, please visit: https://www.seleniumhq.org/exceptions/no_such_element.html
Build info: version: &apos;3.141.59&apos;, revision: &apos;e82be7d358&apos;, time: &apos;2018-11-14T08:25:48&apos;
System info: host: &apos;C0016390&apos;, ip: &apos;10.242.69.100&apos;, os.name: &apos;Windows Server 2016&apos;, os.arch: &apos;amd64&apos;, os.version: &apos;10.0&apos;, java.version: &apos;11.0.6&apos;
Driver info: driver.version: unknown
	at org.openqa.selenium.support.ui.Select.selectByVisibleText(Select.java:147)
	at eraRerate.eraRerateTestNGSlow.doEraRerate(eraRerateTestNGSlow.java:1228)
	at eraRerate.eraRerateTestNGSlow.testMethod1(eraRerateTestNGSlow.java:574)
	at java.base/java.util.concurrent.ThreadPoolExecutor.runWorker(ThreadPoolExecutor.java:1128)
	at java.base/java.util.concurrent.ThreadPoolExecutor$Worker.run(ThreadPoolExecutor.java:628)
	at java.base/java.lang.Thread.run(Thread.java:834)
... Removed 11 stack frames</div></td></tr></table><p class="totop"><a href="#summary">back to summary</a></p>
<h3 id="m29">eraRerate.eraRerateTestNGSlow#testMethod1</h3><table class="result"><tr class="param"><th>Parameter #1</th><th>Parameter #2</th><th>Parameter #3</th><th>Parameter #4</th><th>Parameter #5</th><th>Parameter #6</th><th>Parameter #7</th><th>Parameter #8</th><th>Parameter #9</th><th>Parameter #10</th><th>Parameter #11</th><th>Parameter #12</th><th>Parameter #13</th><th>Parameter #14</th><th>Parameter #15</th><th>Parameter #16</th><th>Parameter #17</th><th>Parameter #18</th><th>Parameter #19</th><th>Parameter #20</th><th>Parameter #21</th><th>Parameter #22</th><th>Parameter #23</th><th>Parameter #24</th><th>Parameter #25</th><th>Parameter #26</th><th>Parameter #27</th><th>Parameter #28</th><th>Parameter #29</th></tr><tr class="param stripe"><td></td><td></td><td>270841</td><td>1</td><td>852465271234</td><td>330871403</td><td></td><td></td><td></td><td></td><td></td><td></td><td></td><td></td><td></td><td></td><td></td><td>Fedex 2Day Freight  (80)</td><td></td><td></td><td>service</td><td>USA</td><td>5194105</td><td>eF5eh1fH</td><td>IL</td><td>EP</td><td>Change the service to Fedex 2Day Freight  (80)</td><td></td><td>30</td></tr><tr><th colspan="29">Exception</th></tr><tr><td colspan="29"><div class="stacktrace">org.openqa.selenium.NoSuchElementException: Cannot locate element with text: Fedex 2Day Freight  (80)
For documentation on this error, please visit: https://www.seleniumhq.org/exceptions/no_such_element.html
Build info: version: &apos;3.141.59&apos;, revision: &apos;e82be7d358&apos;, time: &apos;2018-11-14T08:25:48&apos;
System info: host: &apos;C0016390&apos;, ip: &apos;10.242.69.100&apos;, os.name: &apos;Windows Server 2016&apos;, os.arch: &apos;amd64&apos;, os.version: &apos;10.0&apos;, java.version: &apos;11.0.6&apos;
Driver info: driver.version: unknown
	at org.openqa.selenium.support.ui.Select.selectByVisibleText(Select.java:147)
	at eraRerate.eraRerateTestNGSlow.doEraRerate(eraRerateTestNGSlow.java:1218)
	at eraRerate.eraRerateTestNGSlow.testMethod1(eraRerateTestNGSlow.java:574)
	at java.base/java.util.concurrent.ThreadPoolExecutor.runWorker(ThreadPoolExecutor.java:1128)
	at java.base/java.util.concurrent.ThreadPoolExecutor$Worker.run(ThreadPoolExecutor.java:628)
	at java.base/java.lang.Thread.run(Thread.java:834)
... Removed 11 stack frames</div></td></tr></table><p class="totop"><a href="#summary">back to summary</a></p>
<h3 id="m30">eraRerate.eraRerateTestNGSlow#testMethod1</h3><table class="result"><tr class="param"><th>Parameter #1</th><th>Parameter #2</th><th>Parameter #3</th><th>Parameter #4</th><th>Parameter #5</th><th>Parameter #6</th><th>Parameter #7</th><th>Parameter #8</th><th>Parameter #9</th><th>Parameter #10</th><th>Parameter #11</th><th>Parameter #12</th><th>Parameter #13</th><th>Parameter #14</th><th>Parameter #15</th><th>Parameter #16</th><th>Parameter #17</th><th>Parameter #18</th><th>Parameter #19</th><th>Parameter #20</th><th>Parameter #21</th><th>Parameter #22</th><th>Parameter #23</th><th>Parameter #24</th><th>Parameter #25</th><th>Parameter #26</th><th>Parameter #27</th><th>Parameter #28</th><th>Parameter #29</th></tr><tr class="param stripe"><td>fail</td><td>Could Not Get To Charge Code Details</td><td>269951</td><td>2</td><td>698102082571</td><td>632538493</td><td></td><td></td><td></td><td></td><td></td><td></td><td></td><td></td><td></td><td>1</td><td></td><td></td><td></td><td></td><td>payor</td><td>EMEA</td><td>3735811</td><td>July2021</td><td>IL</td><td>EP</td><td>Payor changed to Shipper</td><td>Payor changed to Shipper</td><td>42</td></tr><tr><th colspan="29">Exception</th></tr><tr><td colspan="29"><div class="stacktrace">java.lang.AssertionError: Failed Selecting Contact Method and Clicking Continue
	at eraRerate.eraRerateTestNGSlow.doEraRerate(eraRerateTestNGSlow.java:1548)
	at eraRerate.eraRerateTestNGSlow.testMethod1(eraRerateTestNGSlow.java:574)
	at java.base/java.util.concurrent.ThreadPoolExecutor.runWorker(ThreadPoolExecutor.java:1128)
	at java.base/java.util.concurrent.ThreadPoolExecutor$Worker.run(ThreadPoolExecutor.java:628)
	at java.base/java.lang.Thread.run(Thread.java:834)
... Removed 12 stack frames</div></td></tr></table><p class="totop"><a href="#summary">back to summary</a></p>
<h3 id="m31">eraRerate.eraRerateTestNGSlow#testMethod1</h3><table class="result"><tr class="param"><th>Parameter #1</th><th>Parameter #2</th><th>Parameter #3</th><th>Parameter #4</th><th>Parameter #5</th><th>Parameter #6</th><th>Parameter #7</th><th>Parameter #8</th><th>Parameter #9</th><th>Parameter #10</th><th>Parameter #11</th><th>Parameter #12</th><th>Parameter #13</th><th>Parameter #14</th><th>Parameter #15</th><th>Parameter #16</th><th>Parameter #17</th><th>Parameter #18</th><th>Parameter #19</th><th>Parameter #20</th><th>Parameter #21</th><th>Parameter #22</th><th>Parameter #23</th><th>Parameter #24</th><th>Parameter #25</th><th>Parameter #26</th><th>Parameter #27</th><th>Parameter #28</th><th>Parameter #29</th></tr><tr class="param stripe"><td>fail</td><td>Could Not Get To Charge Code Details</td><td>236335</td><td>1</td><td>994108023334</td><td>814260307</td><td></td><td></td><td>5</td><td>KG</td><td></td><td></td><td></td><td>Y</td><td></td><td></td><td></td><td></td><td></td><td></td><td>weight</td><td>EMEA</td><td>3735811</td><td>July2021</td><td>IL</td><td>EP</td><td></td><td></td><td>51</td></tr><tr><th colspan="29">Exception</th></tr><tr><td colspan="29"><div class="stacktrace">java.lang.AssertionError: Could Not Get To Charge Code Details
	at eraRerate.eraRerateTestNGSlow.doEraRerate(eraRerateTestNGSlow.java:980)
	at eraRerate.eraRerateTestNGSlow.testMethod1(eraRerateTestNGSlow.java:574)
	at java.base/java.util.concurrent.ThreadPoolExecutor.runWorker(ThreadPoolExecutor.java:1128)
	at java.base/java.util.concurrent.ThreadPoolExecutor$Worker.run(ThreadPoolExecutor.java:628)
	at java.base/java.lang.Thread.run(Thread.java:834)
... Removed 12 stack frames</div></td></tr></table><p class="totop"><a href="#summary">back to summary</a></p>
<h3 id="m32">eraRerate.eraRerateTestNGSlow#testMethod1</h3><table class="result"><tr class="param"><th>Parameter #1</th><th>Parameter #2</th><th>Parameter #3</th><th>Parameter #4</th><th>Parameter #5</th><th>Parameter #6</th><th>Parameter #7</th><th>Parameter #8</th><th>Parameter #9</th><th>Parameter #10</th><th>Parameter #11</th><th>Parameter #12</th><th>Parameter #13</th><th>Parameter #14</th><th>Parameter #15</th><th>Parameter #16</th><th>Parameter #17</th><th>Parameter #18</th><th>Parameter #19</th><th>Parameter #20</th><th>Parameter #21</th><th>Parameter #22</th><th>Parameter #23</th><th>Parameter #24</th><th>Parameter #25</th><th>Parameter #26</th><th>Parameter #27</th><th>Parameter #28</th><th>Parameter #29</th></tr><tr class="param stripe"><td>fail</td><td> 7812
Cut Flowers not allowed for service and packaging provided</td><td>252442</td><td>1</td><td>718958281423</td><td>388218281</td><td></td><td>70</td><td></td><td>KG</td><td>65</td><td></td><td></td><td>Y</td><td>IN</td><td>2</td><td>600600850</td><td></td><td></td><td>1</td><td>weight,dim</td><td>EMEA</td><td>3735811</td><td>July2021</td><td>IL</td><td>EP</td><td>weight,dim</td><td></td><td>4</td></tr><tr><th colspan="29">Exception</th></tr><tr><td colspan="29"><div class="stacktrace">java.lang.AssertionError: After Rerate Click No Data Came -- Unknown Error
	at eraRerate.eraRerateTestNGSlow.doEraRerate(eraRerateTestNGSlow.java:1287)
	at eraRerate.eraRerateTestNGSlow.testMethod1(eraRerateTestNGSlow.java:574)
	at java.base/java.util.concurrent.ThreadPoolExecutor.runWorker(ThreadPoolExecutor.java:1128)
	at java.base/java.util.concurrent.ThreadPoolExecutor$Worker.run(ThreadPoolExecutor.java:628)
	at java.base/java.lang.Thread.run(Thread.java:834)
... Removed 13 stack frames</div></td></tr></table><p class="totop"><a href="#summary">back to summary</a></p>
<h3 id="m33">eraRerate.eraRerateTestNGSlow#testMethod1</h3><table class="result"><tr class="param"><th>Parameter #1</th><th>Parameter #2</th><th>Parameter #3</th><th>Parameter #4</th><th>Parameter #5</th><th>Parameter #6</th><th>Parameter #7</th><th>Parameter #8</th><th>Parameter #9</th><th>Parameter #10</th><th>Parameter #11</th><th>Parameter #12</th><th>Parameter #13</th><th>Parameter #14</th><th>Parameter #15</th><th>Parameter #16</th><th>Parameter #17</th><th>Parameter #18</th><th>Parameter #19</th><th>Parameter #20</th><th>Parameter #21</th><th>Parameter #22</th><th>Parameter #23</th><th>Parameter #24</th><th>Parameter #25</th><th>Parameter #26</th><th>Parameter #27</th><th>Parameter #28</th><th>Parameter #29</th></tr><tr class="param stripe"><td>fail</td><td>Failed Selecting Contact Method and Clicking Continue</td><td>252459</td><td>1</td><td>667017028873</td><td>914414711</td><td></td><td>68</td><td></td><td>KG</td><td>155</td><td>25</td><td>25</td><td>Y</td><td>CM</td><td>1</td><td>600601679</td><td></td><td></td><td>1</td><td>weight,dim</td><td>LAC</td><td>3715501</td><td>Online10</td><td>IL</td><td>EP</td><td></td><td></td><td>5</td></tr><tr><th colspan="29">Exception</th></tr><tr><td colspan="29"><div class="stacktrace">java.lang.AssertionError: Adjustment can not be done for discount amount
	at eraRerate.eraRerateTestNGSlow.doEraRerate(eraRerateTestNGSlow.java:1457)
	at eraRerate.eraRerateTestNGSlow.testMethod1(eraRerateTestNGSlow.java:574)
	at java.base/java.util.concurrent.ThreadPoolExecutor.runWorker(ThreadPoolExecutor.java:1128)
	at java.base/java.util.concurrent.ThreadPoolExecutor$Worker.run(ThreadPoolExecutor.java:628)
	at java.base/java.lang.Thread.run(Thread.java:834)
... Removed 13 stack frames</div></td></tr></table><p class="totop"><a href="#summary">back to summary</a></p>
<h3 id="m34">eraRerate.eraRerateTestNGSlow#testMethod1</h3><table class="result"><tr class="param"><th>Parameter #1</th><th>Parameter #2</th><th>Parameter #3</th><th>Parameter #4</th><th>Parameter #5</th><th>Parameter #6</th><th>Parameter #7</th><th>Parameter #8</th><th>Parameter #9</th><th>Parameter #10</th><th>Parameter #11</th><th>Parameter #12</th><th>Parameter #13</th><th>Parameter #14</th><th>Parameter #15</th><th>Parameter #16</th><th>Parameter #17</th><th>Parameter #18</th><th>Parameter #19</th><th>Parameter #20</th><th>Parameter #21</th><th>Parameter #22</th><th>Parameter #23</th><th>Parameter #24</th><th>Parameter #25</th><th>Parameter #26</th><th>Parameter #27</th><th>Parameter #28</th><th>Parameter #29</th></tr><tr class="param stripe"><td>fail</td><td> 193
INVALID POSTAL CODE FORMAT - 174
INVALID ORIGIN STATE -</td><td>251690</td><td>1</td><td>120207125766</td><td>244861664</td><td></td><td></td><td></td><td></td><td>50</td><td></td><td></td><td>Y</td><td>IN</td><td></td><td>600851098</td><td></td><td></td><td></td><td>dim</td><td>CAN</td><td>3735812</td><td>July2021</td><td>IL</td><td>EP</td><td>less than 72 length</td><td></td><td>12</td></tr><tr><th colspan="29">Exception</th></tr><tr><td colspan="29"><div class="stacktrace">java.lang.AssertionError: After Rerate Click No Data Came -- Unknown Error
	at eraRerate.eraRerateTestNGSlow.doEraRerate(eraRerateTestNGSlow.java:1287)
	at eraRerate.eraRerateTestNGSlow.testMethod1(eraRerateTestNGSlow.java:574)
	at java.base/java.util.concurrent.ThreadPoolExecutor.runWorker(ThreadPoolExecutor.java:1128)
	at java.base/java.util.concurrent.ThreadPoolExecutor$Worker.run(ThreadPoolExecutor.java:628)
	at java.base/java.lang.Thread.run(Thread.java:834)
... Removed 12 stack frames</div></td></tr></table><p class="totop"><a href="#summary">back to summary</a></p>
<h3 id="m35">eraRerate.eraRerateTestNGSlow#testMethod1</h3><table class="result"><tr class="param"><th>Parameter #1</th><th>Parameter #2</th><th>Parameter #3</th><th>Parameter #4</th><th>Parameter #5</th><th>Parameter #6</th><th>Parameter #7</th><th>Parameter #8</th><th>Parameter #9</th><th>Parameter #10</th><th>Parameter #11</th><th>Parameter #12</th><th>Parameter #13</th><th>Parameter #14</th><th>Parameter #15</th><th>Parameter #16</th><th>Parameter #17</th><th>Parameter #18</th><th>Parameter #19</th><th>Parameter #20</th><th>Parameter #21</th><th>Parameter #22</th><th>Parameter #23</th><th>Parameter #24</th><th>Parameter #25</th><th>Parameter #26</th><th>Parameter #27</th><th>Parameter #28</th><th>Parameter #29</th></tr><tr class="param stripe"><td>fail</td><td>Could Not Get To Charge Code Details</td><td>237336</td><td>1</td><td>695884113872</td><td>814260308</td><td></td><td></td><td>5</td><td>KG</td><td></td><td></td><td></td><td>Y</td><td></td><td></td><td></td><td></td><td></td><td></td><td>weight</td><td>EMEA</td><td>3735811</td><td>July2021</td><td>IL</td><td>EP</td><td></td><td></td><td>33</td></tr><tr><th colspan="29">Exception</th></tr><tr><td colspan="29"><div class="stacktrace">java.lang.AssertionError: Could Not Get To Charge Code Details
	at eraRerate.eraRerateTestNGSlow.doEraRerate(eraRerateTestNGSlow.java:980)
	at eraRerate.eraRerateTestNGSlow.testMethod1(eraRerateTestNGSlow.java:574)
	at java.base/java.util.concurrent.ThreadPoolExecutor.runWorker(ThreadPoolExecutor.java:1128)
	at java.base/java.util.concurrent.ThreadPoolExecutor$Worker.run(ThreadPoolExecutor.java:628)
	at java.base/java.lang.Thread.run(Thread.java:834)
... Removed 12 stack frames</div></td></tr></table><p class="totop"><a href="#summary">back to summary</a></p>
<h3 id="m36">eraRerate.eraRerateTestNGSlow#testMethod1</h3><table class="result"><tr class="param"><th>Parameter #1</th><th>Parameter #2</th><th>Parameter #3</th><th>Parameter #4</th><th>Parameter #5</th><th>Parameter #6</th><th>Parameter #7</th><th>Parameter #8</th><th>Parameter #9</th><th>Parameter #10</th><th>Parameter #11</th><th>Parameter #12</th><th>Parameter #13</th><th>Parameter #14</th><th>Parameter #15</th><th>Parameter #16</th><th>Parameter #17</th><th>Parameter #18</th><th>Parameter #19</th><th>Parameter #20</th><th>Parameter #21</th><th>Parameter #22</th><th>Parameter #23</th><th>Parameter #24</th><th>Parameter #25</th><th>Parameter #26</th><th>Parameter #27</th><th>Parameter #28</th><th>Parameter #29</th></tr><tr class="param stripe"><td></td><td></td><td>271754</td><td>1</td><td>572051359324</td><td>858702035</td><td></td><td></td><td></td><td></td><td></td><td></td><td></td><td></td><td></td><td></td><td></td><td></td><td></td><td></td><td>service</td><td>EMEA</td><td>3735811</td><td>July2021</td><td>IL</td><td>EP</td><td>SVC changed to RL</td><td>SVC changed to RL</td><td>10</td></tr><tr><th colspan="29">Exception</th></tr><tr><td colspan="29"><div class="stacktrace">org.openqa.selenium.NoSuchElementException: Cannot locate element with text: 
For documentation on this error, please visit: https://www.seleniumhq.org/exceptions/no_such_element.html
Build info: version: &apos;3.141.59&apos;, revision: &apos;e82be7d358&apos;, time: &apos;2018-11-14T08:25:48&apos;
System info: host: &apos;C0016390&apos;, ip: &apos;10.242.69.100&apos;, os.name: &apos;Windows Server 2016&apos;, os.arch: &apos;amd64&apos;, os.version: &apos;10.0&apos;, java.version: &apos;11.0.6&apos;
Driver info: driver.version: unknown
	at org.openqa.selenium.support.ui.Select.selectByVisibleText(Select.java:147)
	at eraRerate.eraRerateTestNGSlow.doEraRerate(eraRerateTestNGSlow.java:1228)
	at eraRerate.eraRerateTestNGSlow.testMethod1(eraRerateTestNGSlow.java:574)
	at java.base/java.util.concurrent.ThreadPoolExecutor.runWorker(ThreadPoolExecutor.java:1128)
	at java.base/java.util.concurrent.ThreadPoolExecutor$Worker.run(ThreadPoolExecutor.java:628)
	at java.base/java.lang.Thread.run(Thread.java:834)
... Removed 12 stack frames</div></td></tr></table><p class="totop"><a href="#summary">back to summary</a></p>
<h3 id="m37">eraRerate.eraRerateTestNGSlow#testMethod1</h3><table class="result"><tr class="param"><th>Parameter #1</th><th>Parameter #2</th><th>Parameter #3</th><th>Parameter #4</th><th>Parameter #5</th><th>Parameter #6</th><th>Parameter #7</th><th>Parameter #8</th><th>Parameter #9</th><th>Parameter #10</th><th>Parameter #11</th><th>Parameter #12</th><th>Parameter #13</th><th>Parameter #14</th><th>Parameter #15</th><th>Parameter #16</th><th>Parameter #17</th><th>Parameter #18</th><th>Parameter #19</th><th>Parameter #20</th><th>Parameter #21</th><th>Parameter #22</th><th>Parameter #23</th><th>Parameter #24</th><th>Parameter #25</th><th>Parameter #26</th><th>Parameter #27</th><th>Parameter #28</th><th>Parameter #29</th></tr><tr class="param stripe"><td>fail</td><td> 7812
Cut Flowers not allowed for service and packaging provided</td><td>137335</td><td>1</td><td>619586437458</td><td>811647180</td><td></td><td>200</td><td>200</td><td></td><td></td><td></td><td></td><td></td><td></td><td></td><td></td><td></td><td></td><td></td><td>weight</td><td>LAC</td><td>3715501</td><td>Online10</td><td>IL</td><td>EP</td><td>Weight Change to 200</td><td></td><td>1</td></tr><tr><th colspan="29">Exception</th></tr><tr><td colspan="29"><div class="stacktrace">java.lang.AssertionError: After Rerate Click No Data Came -- Unknown Error
	at eraRerate.eraRerateTestNGSlow.doEraRerate(eraRerateTestNGSlow.java:1287)
	at eraRerate.eraRerateTestNGSlow.testMethod1(eraRerateTestNGSlow.java:574)
	at java.base/java.util.concurrent.ThreadPoolExecutor.runWorker(ThreadPoolExecutor.java:1128)
	at java.base/java.util.concurrent.ThreadPoolExecutor$Worker.run(ThreadPoolExecutor.java:628)
	at java.base/java.lang.Thread.run(Thread.java:834)
... Removed 13 stack frames</div></td></tr></table><p class="totop"><a href="#summary">back to summary</a></p>
<h3 id="m38">eraRerate.eraRerateTestNGSlow#testMethod1</h3><table class="result"><tr class="param"><th>Parameter #1</th><th>Parameter #2</th><th>Parameter #3</th><th>Parameter #4</th><th>Parameter #5</th><th>Parameter #6</th><th>Parameter #7</th><th>Parameter #8</th><th>Parameter #9</th><th>Parameter #10</th><th>Parameter #11</th><th>Parameter #12</th><th>Parameter #13</th><th>Parameter #14</th><th>Parameter #15</th><th>Parameter #16</th><th>Parameter #17</th><th>Parameter #18</th><th>Parameter #19</th><th>Parameter #20</th><th>Parameter #21</th><th>Parameter #22</th><th>Parameter #23</th><th>Parameter #24</th><th>Parameter #25</th><th>Parameter #26</th><th>Parameter #27</th><th>Parameter #28</th><th>Parameter #29</th></tr><tr class="param stripe"><td></td><td></td><td>270571</td><td>1</td><td>622668013883</td><td>811647696</td><td></td><td></td><td></td><td></td><td>30</td><td>10</td><td>10</td><td></td><td>IN</td><td></td><td>600820338</td><td></td><td></td><td></td><td>dims</td><td>LAC</td><td>3715501</td><td>Online10</td><td>IL</td><td>EP</td><td>Length 27&quot;&quot;</td><td></td><td>67</td></tr><tr><th colspan="29">Exception</th></tr><tr><td colspan="29"><div class="stacktrace">java.lang.AssertionError: After Rerate Click No Data Came -- Unknown Error
	at eraRerate.eraRerateTestNGSlow.doEraRerate(eraRerateTestNGSlow.java:1287)
	at eraRerate.eraRerateTestNGSlow.testMethod1(eraRerateTestNGSlow.java:574)
	at java.base/java.util.concurrent.ThreadPoolExecutor.runWorker(ThreadPoolExecutor.java:1128)
	at java.base/java.util.concurrent.ThreadPoolExecutor$Worker.run(ThreadPoolExecutor.java:628)
	at java.base/java.lang.Thread.run(Thread.java:834)
... Removed 12 stack frames</div></td></tr></table><p class="totop"><a href="#summary">back to summary</a></p>
<h3 id="m39">eraRerate.eraRerateTestNGSlow#testMethod1</h3><table class="result"><tr class="param"><th>Parameter #1</th><th>Parameter #2</th><th>Parameter #3</th><th>Parameter #4</th><th>Parameter #5</th><th>Parameter #6</th><th>Parameter #7</th><th>Parameter #8</th><th>Parameter #9</th><th>Parameter #10</th><th>Parameter #11</th><th>Parameter #12</th><th>Parameter #13</th><th>Parameter #14</th><th>Parameter #15</th><th>Parameter #16</th><th>Parameter #17</th><th>Parameter #18</th><th>Parameter #19</th><th>Parameter #20</th><th>Parameter #21</th><th>Parameter #22</th><th>Parameter #23</th><th>Parameter #24</th><th>Parameter #25</th><th>Parameter #26</th><th>Parameter #27</th><th>Parameter #28</th><th>Parameter #29</th></tr><tr class="param stripe"><td>fail</td><td></td><td>252411</td><td>1</td><td>750542654868</td><td>811647129</td><td></td><td>35</td><td></td><td>LB</td><td>48</td><td>5</td><td>5</td><td>Y</td><td>IN</td><td>1</td><td>600700839</td><td></td><td></td><td>1</td><td>weight,dim</td><td>LAC</td><td>3715501</td><td>Online10</td><td>IL</td><td>EP</td><td></td><td></td><td>3</td></tr><tr><th colspan="29">Exception</th></tr><tr><td colspan="29"><div class="stacktrace">java.lang.AssertionError: 
	at eraRerate.eraRerateTestNGSlow.doEraRerate(eraRerateTestNGSlow.java:1457)
	at eraRerate.eraRerateTestNGSlow.testMethod1(eraRerateTestNGSlow.java:574)
	at java.base/java.util.concurrent.ThreadPoolExecutor.runWorker(ThreadPoolExecutor.java:1128)
	at java.base/java.util.concurrent.ThreadPoolExecutor$Worker.run(ThreadPoolExecutor.java:628)
	at java.base/java.lang.Thread.run(Thread.java:834)
... Removed 13 stack frames</div></td></tr></table><p class="totop"><a href="#summary">back to summary</a></p>
<h3 id="m40">eraRerate.eraRerateTestNGSlow#testMethod1</h3><table class="result"><tr class="param"><th>Parameter #1</th><th>Parameter #2</th><th>Parameter #3</th><th>Parameter #4</th><th>Parameter #5</th><th>Parameter #6</th><th>Parameter #7</th><th>Parameter #8</th><th>Parameter #9</th><th>Parameter #10</th><th>Parameter #11</th><th>Parameter #12</th><th>Parameter #13</th><th>Parameter #14</th><th>Parameter #15</th><th>Parameter #16</th><th>Parameter #17</th><th>Parameter #18</th><th>Parameter #19</th><th>Parameter #20</th><th>Parameter #21</th><th>Parameter #22</th><th>Parameter #23</th><th>Parameter #24</th><th>Parameter #25</th><th>Parameter #26</th><th>Parameter #27</th><th>Parameter #28</th><th>Parameter #29</th></tr><tr class="param stripe"><td></td><td></td><td>269285</td><td>1</td><td>811128430281</td><td>330871444</td><td></td><td></td><td></td><td></td><td></td><td></td><td></td><td></td><td></td><td></td><td></td><td></td><td></td><td></td><td>service</td><td>USA</td><td>5194105</td><td>eF5eh1fH</td><td>IL</td><td>EP</td><td>Change the service to Fedex 2Day Freight  (80)</td><td></td><td>41</td></tr><tr><th colspan="29">Exception</th></tr><tr><td colspan="29"><div class="stacktrace">org.openqa.selenium.NoSuchElementException: Cannot locate element with text: 
For documentation on this error, please visit: https://www.seleniumhq.org/exceptions/no_such_element.html
Build info: version: &apos;3.141.59&apos;, revision: &apos;e82be7d358&apos;, time: &apos;2018-11-14T08:25:48&apos;
System info: host: &apos;C0016390&apos;, ip: &apos;10.242.69.100&apos;, os.name: &apos;Windows Server 2016&apos;, os.arch: &apos;amd64&apos;, os.version: &apos;10.0&apos;, java.version: &apos;11.0.6&apos;
Driver info: driver.version: unknown
	at org.openqa.selenium.support.ui.Select.selectByVisibleText(Select.java:147)
	at eraRerate.eraRerateTestNGSlow.doEraRerate(eraRerateTestNGSlow.java:1228)
	at eraRerate.eraRerateTestNGSlow.testMethod1(eraRerateTestNGSlow.java:574)
	at java.base/java.util.concurrent.ThreadPoolExecutor.runWorker(ThreadPoolExecutor.java:1128)
	at java.base/java.util.concurrent.ThreadPoolExecutor$Worker.run(ThreadPoolExecutor.java:628)
	at java.base/java.lang.Thread.run(Thread.java:834)
... Removed 11 stack frames</div></td></tr></table><p class="totop"><a href="#summary">back to summary</a></p>
<h3 id="m41">eraRerate.eraRerateTestNGSlow#testMethod1</h3><table class="result"><tr class="param"><th>Parameter #1</th><th>Parameter #2</th><th>Parameter #3</th><th>Parameter #4</th><th>Parameter #5</th><th>Parameter #6</th><th>Parameter #7</th><th>Parameter #8</th><th>Parameter #9</th><th>Parameter #10</th><th>Parameter #11</th><th>Parameter #12</th><th>Parameter #13</th><th>Parameter #14</th><th>Parameter #15</th><th>Parameter #16</th><th>Parameter #17</th><th>Parameter #18</th><th>Parameter #19</th><th>Parameter #20</th><th>Parameter #21</th><th>Parameter #22</th><th>Parameter #23</th><th>Parameter #24</th><th>Parameter #25</th><th>Parameter #26</th><th>Parameter #27</th><th>Parameter #28</th><th>Parameter #29</th></tr><tr class="param stripe"><td>fail</td><td>Could Not Get To Charge Code Details</td><td>270600</td><td>1</td><td>613173003986</td><td>330871403</td><td></td><td></td><td></td><td></td><td></td><td></td><td></td><td></td><td></td><td></td><td></td><td>Fedex 1Day Freight  (70)</td><td></td><td></td><td>service</td><td>USA</td><td>5194105</td><td>eF5eh1fH</td><td>IL</td><td>EP</td><td>Change the service to Fedex 1Day Freight  (70)</td><td></td><td>16</td></tr><tr><th colspan="29">Exception</th></tr><tr><td colspan="29"><div class="stacktrace">org.openqa.selenium.NoSuchElementException: Cannot locate element with text: Fedex 1Day Freight  (70)
For documentation on this error, please visit: https://www.seleniumhq.org/exceptions/no_such_element.html
Build info: version: &apos;3.141.59&apos;, revision: &apos;e82be7d358&apos;, time: &apos;2018-11-14T08:25:48&apos;
System info: host: &apos;C0016390&apos;, ip: &apos;10.242.69.100&apos;, os.name: &apos;Windows Server 2016&apos;, os.arch: &apos;amd64&apos;, os.version: &apos;10.0&apos;, java.version: &apos;11.0.6&apos;
Driver info: driver.version: unknown
	at org.openqa.selenium.support.ui.Select.selectByVisibleText(Select.java:147)
	at eraRerate.eraRerateTestNGSlow.doEraRerate(eraRerateTestNGSlow.java:1218)
	at eraRerate.eraRerateTestNGSlow.testMethod1(eraRerateTestNGSlow.java:574)
	at java.base/java.util.concurrent.ThreadPoolExecutor.runWorker(ThreadPoolExecutor.java:1128)
	at java.base/java.util.concurrent.ThreadPoolExecutor$Worker.run(ThreadPoolExecutor.java:628)
	at java.base/java.lang.Thread.run(Thread.java:834)
... Removed 11 stack frames</div></td></tr></table><p class="totop"><a href="#summary">back to summary</a></p>
<h3 id="m42">eraRerate.eraRerateTestNGSlow#testMethod1</h3><table class="result"><tr class="param"><th>Parameter #1</th><th>Parameter #2</th><th>Parameter #3</th><th>Parameter #4</th><th>Parameter #5</th><th>Parameter #6</th><th>Parameter #7</th><th>Parameter #8</th><th>Parameter #9</th><th>Parameter #10</th><th>Parameter #11</th><th>Parameter #12</th><th>Parameter #13</th><th>Parameter #14</th><th>Parameter #15</th><th>Parameter #16</th><th>Parameter #17</th><th>Parameter #18</th><th>Parameter #19</th><th>Parameter #20</th><th>Parameter #21</th><th>Parameter #22</th><th>Parameter #23</th><th>Parameter #24</th><th>Parameter #25</th><th>Parameter #26</th><th>Parameter #27</th><th>Parameter #28</th><th>Parameter #29</th></tr><tr class="param stripe"><td>fail</td><td>Failed Selecting Contact Method and Clicking Continue</td><td>236591</td><td>1</td><td>826604028441</td><td>797363115</td><td></td><td></td><td></td><td></td><td></td><td></td><td></td><td></td><td></td><td>1</td><td></td><td></td><td></td><td></td><td>payor</td><td>EMEA</td><td>3735811</td><td>July2021</td><td>IL</td><td>EP</td><td>Payor Change to shipper</td><td></td><td>71</td></tr><tr><th colspan="29">Exception</th></tr><tr><td colspan="29"><div class="stacktrace">java.lang.AssertionError: Failed Selecting Contact Method and Clicking Continue
	at eraRerate.eraRerateTestNGSlow.doEraRerate(eraRerateTestNGSlow.java:1548)
	at eraRerate.eraRerateTestNGSlow.testMethod1(eraRerateTestNGSlow.java:574)
	at java.base/java.util.concurrent.ThreadPoolExecutor.runWorker(ThreadPoolExecutor.java:1128)
	at java.base/java.util.concurrent.ThreadPoolExecutor$Worker.run(ThreadPoolExecutor.java:628)
	at java.base/java.lang.Thread.run(Thread.java:834)
... Removed 12 stack frames</div></td></tr></table><p class="totop"><a href="#summary">back to summary</a></p>
<h3 id="m43">eraRerate.eraRerateTestNGSlow#testMethod1</h3><table class="result"><tr class="param"><th>Parameter #1</th><th>Parameter #2</th><th>Parameter #3</th><th>Parameter #4</th><th>Parameter #5</th><th>Parameter #6</th><th>Parameter #7</th><th>Parameter #8</th><th>Parameter #9</th><th>Parameter #10</th><th>Parameter #11</th><th>Parameter #12</th><th>Parameter #13</th><th>Parameter #14</th><th>Parameter #15</th><th>Parameter #16</th><th>Parameter #17</th><th>Parameter #18</th><th>Parameter #19</th><th>Parameter #20</th><th>Parameter #21</th><th>Parameter #22</th><th>Parameter #23</th><th>Parameter #24</th><th>Parameter #25</th><th>Parameter #26</th><th>Parameter #27</th><th>Parameter #28</th><th>Parameter #29</th></tr><tr class="param stripe"><td>fail</td><td>Could Not Get To Charge Code Details</td><td>236908</td><td>1</td><td>340429472712</td><td>814260308</td><td></td><td></td><td></td><td></td><td></td><td></td><td></td><td>N</td><td></td><td></td><td></td><td></td><td></td><td></td><td>date</td><td>EMEA</td><td>3735811</td><td>July2021</td><td>IL</td><td>EP</td><td>date</td><td></td><td>52</td></tr><tr><th colspan="29">Exception</th></tr><tr><td colspan="29"><div class="stacktrace">java.lang.AssertionError: Could Not Get To Charge Code Details
	at eraRerate.eraRerateTestNGSlow.doEraRerate(eraRerateTestNGSlow.java:980)
	at eraRerate.eraRerateTestNGSlow.testMethod1(eraRerateTestNGSlow.java:574)
	at java.base/java.util.concurrent.ThreadPoolExecutor.runWorker(ThreadPoolExecutor.java:1128)
	at java.base/java.util.concurrent.ThreadPoolExecutor$Worker.run(ThreadPoolExecutor.java:628)
	at java.base/java.lang.Thread.run(Thread.java:834)
... Removed 12 stack frames</div></td></tr></table><p class="totop"><a href="#summary">back to summary</a></p>
<h3 id="m44">eraRerate.eraRerateTestNGSlow#testMethod1</h3><table class="result"><tr class="param"><th>Parameter #1</th><th>Parameter #2</th><th>Parameter #3</th><th>Parameter #4</th><th>Parameter #5</th><th>Parameter #6</th><th>Parameter #7</th><th>Parameter #8</th><th>Parameter #9</th><th>Parameter #10</th><th>Parameter #11</th><th>Parameter #12</th><th>Parameter #13</th><th>Parameter #14</th><th>Parameter #15</th><th>Parameter #16</th><th>Parameter #17</th><th>Parameter #18</th><th>Parameter #19</th><th>Parameter #20</th><th>Parameter #21</th><th>Parameter #22</th><th>Parameter #23</th><th>Parameter #24</th><th>Parameter #25</th><th>Parameter #26</th><th>Parameter #27</th><th>Parameter #28</th><th>Parameter #29</th></tr><tr class="param stripe"><td>fail</td><td>Failed on Entering Tracking Number</td><td>226571</td><td>1</td><td>517873933286</td><td>330872052</td><td></td><td></td><td></td><td></td><td></td><td></td><td></td><td></td><td></td><td></td><td></td><td></td><td></td><td></td><td>service</td><td>USA</td><td>5194105</td><td>eF5eh1fH</td><td>IL</td><td>EP</td><td>Service Change to 01</td><td></td><td>2</td></tr><tr><th colspan="29">Exception</th></tr><tr><td colspan="29"><div class="stacktrace">org.openqa.selenium.NoSuchElementException: Cannot locate element with text: 
For documentation on this error, please visit: https://www.seleniumhq.org/exceptions/no_such_element.html
Build info: version: &apos;3.141.59&apos;, revision: &apos;e82be7d358&apos;, time: &apos;2018-11-14T08:25:48&apos;
System info: host: &apos;C0016390&apos;, ip: &apos;10.242.69.100&apos;, os.name: &apos;Windows Server 2016&apos;, os.arch: &apos;amd64&apos;, os.version: &apos;10.0&apos;, java.version: &apos;11.0.6&apos;
Driver info: driver.version: unknown
	at org.openqa.selenium.support.ui.Select.selectByVisibleText(Select.java:147)
	at eraRerate.eraRerateTestNGSlow.doEraRerate(eraRerateTestNGSlow.java:1228)
	at eraRerate.eraRerateTestNGSlow.testMethod1(eraRerateTestNGSlow.java:574)
	at java.base/java.util.concurrent.ThreadPoolExecutor.runWorker(ThreadPoolExecutor.java:1128)
	at java.base/java.util.concurrent.ThreadPoolExecutor$Worker.run(ThreadPoolExecutor.java:628)
	at java.base/java.lang.Thread.run(Thread.java:834)
... Removed 12 stack frames</div></td></tr></table><p class="totop"><a href="#summary">back to summary</a></p>
<h3 id="m45">eraRerate.eraRerateTestNGSlow#testMethod1</h3><table class="result"><tr class="param"><th>Parameter #1</th><th>Parameter #2</th><th>Parameter #3</th><th>Parameter #4</th><th>Parameter #5</th><th>Parameter #6</th><th>Parameter #7</th><th>Parameter #8</th><th>Parameter #9</th><th>Parameter #10</th><th>Parameter #11</th><th>Parameter #12</th><th>Parameter #13</th><th>Parameter #14</th><th>Parameter #15</th><th>Parameter #16</th><th>Parameter #17</th><th>Parameter #18</th><th>Parameter #19</th><th>Parameter #20</th><th>Parameter #21</th><th>Parameter #22</th><th>Parameter #23</th><th>Parameter #24</th><th>Parameter #25</th><th>Parameter #26</th><th>Parameter #27</th><th>Parameter #28</th><th>Parameter #29</th></tr><tr class="param stripe"><td></td><td></td><td>259473</td><td>1</td><td>734759608966</td><td>811647781</td><td></td><td>140</td><td></td><td></td><td></td><td></td><td></td><td>Y</td><td></td><td>3</td><td>603165985</td><td></td><td></td><td></td><td>payor</td><td>LAC</td><td>3715501</td><td>Online10</td><td>IL</td><td>EP</td><td>Payor Change</td><td>Payor Change</td><td>77</td></tr><tr><th colspan="29">Exception</th></tr><tr><td colspan="29"><div class="stacktrace">java.lang.AssertionError: 
	at eraRerate.eraRerateTestNGSlow.doEraRerate(eraRerateTestNGSlow.java:1457)
	at eraRerate.eraRerateTestNGSlow.testMethod1(eraRerateTestNGSlow.java:574)
	at java.base/java.util.concurrent.ThreadPoolExecutor.runWorker(ThreadPoolExecutor.java:1128)
	at java.base/java.util.concurrent.ThreadPoolExecutor$Worker.run(ThreadPoolExecutor.java:628)
	at java.base/java.lang.Thread.run(Thread.java:834)
... Removed 12 stack frames</div></td></tr></table><p class="totop"><a href="#summary">back to summary</a></p>
<h3 id="m46">eraRerate.eraRerateTestNGSlow#testMethod1</h3><table class="result"><tr class="param"><th>Parameter #1</th><th>Parameter #2</th><th>Parameter #3</th><th>Parameter #4</th><th>Parameter #5</th><th>Parameter #6</th><th>Parameter #7</th><th>Parameter #8</th><th>Parameter #9</th><th>Parameter #10</th><th>Parameter #11</th><th>Parameter #12</th><th>Parameter #13</th><th>Parameter #14</th><th>Parameter #15</th><th>Parameter #16</th><th>Parameter #17</th><th>Parameter #18</th><th>Parameter #19</th><th>Parameter #20</th><th>Parameter #21</th><th>Parameter #22</th><th>Parameter #23</th><th>Parameter #24</th><th>Parameter #25</th><th>Parameter #26</th><th>Parameter #27</th><th>Parameter #28</th><th>Parameter #29</th></tr><tr class="param stripe"><td>fail</td><td>Timeout on Rerate Screen</td><td>236343</td><td>1</td><td>595918450256</td><td>330871952</td><td></td><td></td><td></td><td></td><td></td><td></td><td></td><td></td><td></td><td>1</td><td></td><td></td><td></td><td></td><td>payor</td><td>USA</td><td>5194105</td><td>eF5eh1fH</td><td>IL</td><td>EP</td><td>Payor Change to shipper</td><td></td><td>32</td></tr><tr><th colspan="29">Exception</th></tr><tr><td colspan="29"><div class="stacktrace">java.lang.AssertionError: After Rerate Click No Data Came -- Unknown Error
	at eraRerate.eraRerateTestNGSlow.doEraRerate(eraRerateTestNGSlow.java:1307)
	at eraRerate.eraRerateTestNGSlow.testMethod1(eraRerateTestNGSlow.java:574)
	at java.base/java.util.concurrent.ThreadPoolExecutor.runWorker(ThreadPoolExecutor.java:1128)
	at java.base/java.util.concurrent.ThreadPoolExecutor$Worker.run(ThreadPoolExecutor.java:628)
	at java.base/java.lang.Thread.run(Thread.java:834)
... Removed 12 stack frames</div></td></tr></table><p class="totop"><a href="#summary">back to summary</a></p>
<h3 id="m47">eraRerate.eraRerateTestNGSlow#testMethod1</h3><table class="result"><tr class="param"><th>Parameter #1</th><th>Parameter #2</th><th>Parameter #3</th><th>Parameter #4</th><th>Parameter #5</th><th>Parameter #6</th><th>Parameter #7</th><th>Parameter #8</th><th>Parameter #9</th><th>Parameter #10</th><th>Parameter #11</th><th>Parameter #12</th><th>Parameter #13</th><th>Parameter #14</th><th>Parameter #15</th><th>Parameter #16</th><th>Parameter #17</th><th>Parameter #18</th><th>Parameter #19</th><th>Parameter #20</th><th>Parameter #21</th><th>Parameter #22</th><th>Parameter #23</th><th>Parameter #24</th><th>Parameter #25</th><th>Parameter #26</th><th>Parameter #27</th><th>Parameter #28</th><th>Parameter #29</th></tr><tr class="param stripe"><td>fail</td><td>Timeout on Rerate Screen</td><td>219894</td><td>1</td><td>954694825206</td><td>330872097</td><td></td><td></td><td></td><td></td><td></td><td></td><td></td><td></td><td></td><td>1</td><td></td><td></td><td></td><td></td><td>payor</td><td>USA</td><td>5194105</td><td>eF5eh1fH</td><td>IL</td><td>EP</td><td>Payor changed to shipper</td><td></td><td>19</td></tr><tr><th colspan="29">Exception</th></tr><tr><td colspan="29"><div class="stacktrace">java.lang.AssertionError: After Rerate Click No Data Came -- Unknown Error
	at eraRerate.eraRerateTestNGSlow.doEraRerate(eraRerateTestNGSlow.java:1307)
	at eraRerate.eraRerateTestNGSlow.testMethod1(eraRerateTestNGSlow.java:574)
	at java.base/java.util.concurrent.ThreadPoolExecutor.runWorker(ThreadPoolExecutor.java:1128)
	at java.base/java.util.concurrent.ThreadPoolExecutor$Worker.run(ThreadPoolExecutor.java:628)
	at java.base/java.lang.Thread.run(Thread.java:834)
... Removed 12 stack frames</div></td></tr></table><p class="totop"><a href="#summary">back to summary</a></p>
<h3 id="m48">eraRerate.eraRerateTestNGSlow#testMethod1</h3><table class="result"><tr class="param"><th>Parameter #1</th><th>Parameter #2</th><th>Parameter #3</th><th>Parameter #4</th><th>Parameter #5</th><th>Parameter #6</th><th>Parameter #7</th><th>Parameter #8</th><th>Parameter #9</th><th>Parameter #10</th><th>Parameter #11</th><th>Parameter #12</th><th>Parameter #13</th><th>Parameter #14</th><th>Parameter #15</th><th>Parameter #16</th><th>Parameter #17</th><th>Parameter #18</th><th>Parameter #19</th><th>Parameter #20</th><th>Parameter #21</th><th>Parameter #22</th><th>Parameter #23</th><th>Parameter #24</th><th>Parameter #25</th><th>Parameter #26</th><th>Parameter #27</th><th>Parameter #28</th><th>Parameter #29</th></tr><tr class="param stripe"><td>fail</td><td>Failed Selecting Contact Method and Clicking Continue</td><td>206176</td><td>1</td><td>862211209234</td><td>268114202</td><td></td><td></td><td></td><td></td><td></td><td></td><td></td><td>Y</td><td></td><td>3</td><td>700158926</td><td></td><td></td><td></td><td>payor</td><td>EMEA</td><td>3735811</td><td>July2021</td><td>IL</td><td>EP</td><td></td><td>Payor Change</td><td>49</td></tr><tr><th colspan="29">Exception</th></tr><tr><td colspan="29"><div class="stacktrace">java.lang.AssertionError: 
	at eraRerate.eraRerateTestNGSlow.doEraRerate(eraRerateTestNGSlow.java:1457)
	at eraRerate.eraRerateTestNGSlow.testMethod1(eraRerateTestNGSlow.java:574)
	at java.base/java.util.concurrent.ThreadPoolExecutor.runWorker(ThreadPoolExecutor.java:1128)
	at java.base/java.util.concurrent.ThreadPoolExecutor$Worker.run(ThreadPoolExecutor.java:628)
	at java.base/java.lang.Thread.run(Thread.java:834)
... Removed 12 stack frames</div></td></tr></table><p class="totop"><a href="#summary">back to summary</a></p>
<h3 id="m49">eraRerate.eraRerateTestNGSlow#testMethod1</h3><table class="result"><tr class="param"><th>Parameter #1</th><th>Parameter #2</th><th>Parameter #3</th><th>Parameter #4</th><th>Parameter #5</th><th>Parameter #6</th><th>Parameter #7</th><th>Parameter #8</th><th>Parameter #9</th><th>Parameter #10</th><th>Parameter #11</th><th>Parameter #12</th><th>Parameter #13</th><th>Parameter #14</th><th>Parameter #15</th><th>Parameter #16</th><th>Parameter #17</th><th>Parameter #18</th><th>Parameter #19</th><th>Parameter #20</th><th>Parameter #21</th><th>Parameter #22</th><th>Parameter #23</th><th>Parameter #24</th><th>Parameter #25</th><th>Parameter #26</th><th>Parameter #27</th><th>Parameter #28</th><th>Parameter #29</th></tr><tr class="param stripe"><td>fail</td><td>This selection contains bundled shipments. Bundled rerate is not available.</td><td>269160</td><td>1</td><td>131089941240</td><td>716097570</td><td></td><td></td><td></td><td></td><td></td><td></td><td></td><td></td><td></td><td></td><td></td><td></td><td></td><td></td><td>date</td><td>USA</td><td>5194105</td><td>eF5eh1fH</td><td>DM</td><td>EP</td><td>Change the ship date to current date while rerating</td><td></td><td>81</td></tr></table><p class="totop"><a href="#summary">back to summary</a></p>
<h3 id="m50">eraRerate.eraRerateTestNGSlow#testMethod1</h3><table class="result"><tr class="param"><th>Parameter #1</th><th>Parameter #2</th><th>Parameter #3</th><th>Parameter #4</th><th>Parameter #5</th><th>Parameter #6</th><th>Parameter #7</th><th>Parameter #8</th><th>Parameter #9</th><th>Parameter #10</th><th>Parameter #11</th><th>Parameter #12</th><th>Parameter #13</th><th>Parameter #14</th><th>Parameter #15</th><th>Parameter #16</th><th>Parameter #17</th><th>Parameter #18</th><th>Parameter #19</th><th>Parameter #20</th><th>Parameter #21</th><th>Parameter #22</th><th>Parameter #23</th><th>Parameter #24</th><th>Parameter #25</th><th>Parameter #26</th><th>Parameter #27</th><th>Parameter #28</th><th>Parameter #29</th></tr><tr class="param stripe"><td></td><td></td><td>250124</td><td>1</td><td>962905349888</td><td>330870627</td><td></td><td>25</td><td></td><td></td><td></td><td></td><td></td><td>Y</td><td></td><td></td><td>600848895</td><td></td><td></td><td></td><td>weight</td><td>USA</td><td>5194105</td><td>eF5eh1fH</td><td>IL</td><td>EP</td><td>Less than 60</td><td></td><td>54</td></tr></table><p class="totop"><a href="#summary">back to summary</a></p>
<h3 id="m51">eraRerate.eraRerateTestNGSlow#testMethod1</h3><table class="result"><tr class="param"><th>Parameter #1</th><th>Parameter #2</th><th>Parameter #3</th><th>Parameter #4</th><th>Parameter #5</th><th>Parameter #6</th><th>Parameter #7</th><th>Parameter #8</th><th>Parameter #9</th><th>Parameter #10</th><th>Parameter #11</th><th>Parameter #12</th><th>Parameter #13</th><th>Parameter #14</th><th>Parameter #15</th><th>Parameter #16</th><th>Parameter #17</th><th>Parameter #18</th><th>Parameter #19</th><th>Parameter #20</th><th>Parameter #21</th><th>Parameter #22</th><th>Parameter #23</th><th>Parameter #24</th><th>Parameter #25</th><th>Parameter #26</th><th>Parameter #27</th><th>Parameter #28</th><th>Parameter #29</th></tr><tr class="param stripe"><td></td><td></td><td>249531</td><td>1</td><td>248792895090</td><td>388218257</td><td></td><td></td><td></td><td></td><td>50</td><td>30</td><td>20</td><td>Y</td><td></td><td></td><td>601128497</td><td></td><td></td><td></td><td>dim</td><td>EMEA</td><td>3735811</td><td>July2021</td><td>IL</td><td>EP</td><td>Need to update Length:50, Width:30 and Height:20</td><td></td><td>72</td></tr></table><p class="totop"><a href="#summary">back to summary</a></p>
<h3 id="m52">eraRerate.eraRerateTestNGSlow#testMethod1</h3><table class="result"><tr class="param"><th>Parameter #1</th><th>Parameter #2</th><th>Parameter #3</th><th>Parameter #4</th><th>Parameter #5</th><th>Parameter #6</th><th>Parameter #7</th><th>Parameter #8</th><th>Parameter #9</th><th>Parameter #10</th><th>Parameter #11</th><th>Parameter #12</th><th>Parameter #13</th><th>Parameter #14</th><th>Parameter #15</th><th>Parameter #16</th><th>Parameter #17</th><th>Parameter #18</th><th>Parameter #19</th><th>Parameter #20</th><th>Parameter #21</th><th>Parameter #22</th><th>Parameter #23</th><th>Parameter #24</th><th>Parameter #25</th><th>Parameter #26</th><th>Parameter #27</th><th>Parameter #28</th><th>Parameter #29</th></tr><tr class="param stripe"><td></td><td></td><td>249564</td><td>1</td><td>151193991746</td><td>934207247</td><td></td><td></td><td></td><td></td><td>50</td><td>30</td><td>20</td><td>Y</td><td></td><td></td><td>600058770</td><td></td><td></td><td></td><td>dim</td><td>EMEA</td><td>3735811</td><td>July2021</td><td>IL</td><td>EP</td><td>update dims : L-50, W-30, H- 20 </td><td>update dims : L-50, W-30, H- 20 </td><td>53</td></tr></table><p class="totop"><a href="#summary">back to summary</a></p>
<h3 id="m53">eraRerate.eraRerateTestNGSlow#testMethod1</h3><table class="result"><tr class="param"><th>Parameter #1</th><th>Parameter #2</th><th>Parameter #3</th><th>Parameter #4</th><th>Parameter #5</th><th>Parameter #6</th><th>Parameter #7</th><th>Parameter #8</th><th>Parameter #9</th><th>Parameter #10</th><th>Parameter #11</th><th>Parameter #12</th><th>Parameter #13</th><th>Parameter #14</th><th>Parameter #15</th><th>Parameter #16</th><th>Parameter #17</th><th>Parameter #18</th><th>Parameter #19</th><th>Parameter #20</th><th>Parameter #21</th><th>Parameter #22</th><th>Parameter #23</th><th>Parameter #24</th><th>Parameter #25</th><th>Parameter #26</th><th>Parameter #27</th><th>Parameter #28</th><th>Parameter #29</th></tr><tr class="param stripe"><td></td><td></td><td>259788</td><td>1</td><td>330407525162</td><td>244862445</td><td></td><td></td><td></td><td></td><td></td><td></td><td></td><td>Y</td><td></td><td></td><td></td><td>Priority Overnight</td><td>01 - INTL PRIORITY BOX</td><td></td><td>service</td><td>CAN</td><td>3735812</td><td>July2021</td><td>IL</td><td>EP</td><td></td><td>Service Change</td><td>78</td></tr></table><p class="totop"><a href="#summary">back to summary</a></p>
<h3 id="m54">eraRerate.eraRerateTestNGSlow#testMethod1</h3><table class="result"><tr class="param"><th>Parameter #1</th><th>Parameter #2</th><th>Parameter #3</th><th>Parameter #4</th><th>Parameter #5</th><th>Parameter #6</th><th>Parameter #7</th><th>Parameter #8</th><th>Parameter #9</th><th>Parameter #10</th><th>Parameter #11</th><th>Parameter #12</th><th>Parameter #13</th><th>Parameter #14</th><th>Parameter #15</th><th>Parameter #16</th><th>Parameter #17</th><th>Parameter #18</th><th>Parameter #19</th><th>Parameter #20</th><th>Parameter #21</th><th>Parameter #22</th><th>Parameter #23</th><th>Parameter #24</th><th>Parameter #25</th><th>Parameter #26</th><th>Parameter #27</th><th>Parameter #28</th><th>Parameter #29</th></tr><tr class="param stripe"><td></td><td></td><td>262869</td><td>1</td><td>500428473092</td><td>776042641</td><td></td><td></td><td></td><td></td><td></td><td></td><td></td><td>Y</td><td></td><td></td><td></td><td>Priority Overnight</td><td>01 - INTL PRIORITY BOX</td><td></td><td>service</td><td>APAC</td><td>3726698</td><td>July2021</td><td>IL</td><td>EP</td><td></td><td>Service Change</td><td>80</td></tr></table><p class="totop"><a href="#summary">back to summary</a></p>
<h3 id="m55">eraRerate.eraRerateTestNGSlow#testMethod1</h3><table class="result"><tr class="param"><th>Parameter #1</th><th>Parameter #2</th><th>Parameter #3</th><th>Parameter #4</th><th>Parameter #5</th><th>Parameter #6</th><th>Parameter #7</th><th>Parameter #8</th><th>Parameter #9</th><th>Parameter #10</th><th>Parameter #11</th><th>Parameter #12</th><th>Parameter #13</th><th>Parameter #14</th><th>Parameter #15</th><th>Parameter #16</th><th>Parameter #17</th><th>Parameter #18</th><th>Parameter #19</th><th>Parameter #20</th><th>Parameter #21</th><th>Parameter #22</th><th>Parameter #23</th><th>Parameter #24</th><th>Parameter #25</th><th>Parameter #26</th><th>Parameter #27</th><th>Parameter #28</th><th>Parameter #29</th></tr><tr class="param stripe"><td></td><td></td><td>269951</td><td>1</td><td>763062812361</td><td>632538493</td><td></td><td></td><td></td><td></td><td></td><td></td><td></td><td></td><td></td><td></td><td></td><td></td><td></td><td></td><td>none</td><td>EMEA</td><td>3735811</td><td>July2021</td><td>IL</td><td>EP</td><td>No Change</td><td>No Change</td><td>84</td></tr></table><p class="totop"><a href="#summary">back to summary</a></p>
<h3 id="m56">eraRerate.eraRerateTestNGSlow#testMethod1</h3><table class="result"><tr class="param"><th>Parameter #1</th><th>Parameter #2</th><th>Parameter #3</th><th>Parameter #4</th><th>Parameter #5</th><th>Parameter #6</th><th>Parameter #7</th><th>Parameter #8</th><th>Parameter #9</th><th>Parameter #10</th><th>Parameter #11</th><th>Parameter #12</th><th>Parameter #13</th><th>Parameter #14</th><th>Parameter #15</th><th>Parameter #16</th><th>Parameter #17</th><th>Parameter #18</th><th>Parameter #19</th><th>Parameter #20</th><th>Parameter #21</th><th>Parameter #22</th><th>Parameter #23</th><th>Parameter #24</th><th>Parameter #25</th><th>Parameter #26</th><th>Parameter #27</th><th>Parameter #28</th><th>Parameter #29</th></tr><tr class="param stripe"><td>fail</td><td>Failed on Entering Tracking Number</td><td>270725</td><td>1</td><td>934978581241</td><td>776042587</td><td></td><td></td><td></td><td></td><td>30</td><td>18</td><td>18</td><td></td><td>IN</td><td></td><td>601747405</td><td></td><td></td><td></td><td>dims</td><td>APAC</td><td>3726698</td><td>July2021</td><td>IL</td><td>EP</td><td>Package weighs 69 lbs.</td><td></td><td>46</td></tr></table><p class="totop"><a href="#summary">back to summary</a></p>
<h3 id="m57">eraRerate.eraRerateTestNGSlow#testMethod1</h3><table class="result"><tr class="param"><th>Parameter #1</th><th>Parameter #2</th><th>Parameter #3</th><th>Parameter #4</th><th>Parameter #5</th><th>Parameter #6</th><th>Parameter #7</th><th>Parameter #8</th><th>Parameter #9</th><th>Parameter #10</th><th>Parameter #11</th><th>Parameter #12</th><th>Parameter #13</th><th>Parameter #14</th><th>Parameter #15</th><th>Parameter #16</th><th>Parameter #17</th><th>Parameter #18</th><th>Parameter #19</th><th>Parameter #20</th><th>Parameter #21</th><th>Parameter #22</th><th>Parameter #23</th><th>Parameter #24</th><th>Parameter #25</th><th>Parameter #26</th><th>Parameter #27</th><th>Parameter #28</th><th>Parameter #29</th></tr><tr class="param stripe"><td>fail</td><td> 5930
eDD ServiceLevelPricing Call failed [Notification{source:null, code:FAILURE, severity:FAILURE, noteSubType:null, failureSubType:null, description:eDD ServiceLevelPricing Call failed , messageParameters:[NotificationParameter{id:EDD Description, value:java.util.concurrent.ExecutionException: or</td><td>259476</td><td>1</td><td>472103959167</td><td>244862445</td><td></td><td></td><td></td><td></td><td></td><td></td><td></td><td>Y</td><td></td><td></td><td></td><td></td><td></td><td></td><td>none</td><td>CAN</td><td>3735812</td><td>July2021</td><td>IL</td><td>EP</td><td>No Change</td><td>No Change</td><td>37</td></tr></table><p class="totop"><a href="#summary">back to summary</a></p>
<h3 id="m58">eraRerate.eraRerateTestNGSlow#testMethod1</h3><table class="result"><tr class="param"><th>Parameter #1</th><th>Parameter #2</th><th>Parameter #3</th><th>Parameter #4</th><th>Parameter #5</th><th>Parameter #6</th><th>Parameter #7</th><th>Parameter #8</th><th>Parameter #9</th><th>Parameter #10</th><th>Parameter #11</th><th>Parameter #12</th><th>Parameter #13</th><th>Parameter #14</th><th>Parameter #15</th><th>Parameter #16</th><th>Parameter #17</th><th>Parameter #18</th><th>Parameter #19</th><th>Parameter #20</th><th>Parameter #21</th><th>Parameter #22</th><th>Parameter #23</th><th>Parameter #24</th><th>Parameter #25</th><th>Parameter #26</th><th>Parameter #27</th><th>Parameter #28</th><th>Parameter #29</th></tr><tr class="param stripe"><td>fail</td><td>Failed Selecting Contact Method and Clicking Continue</td><td>250228</td><td>1</td><td>655993032240</td><td>330870895</td><td></td><td>59</td><td></td><td></td><td></td><td></td><td></td><td>Y</td><td></td><td>3</td><td>600633015</td><td></td><td></td><td></td><td>weight</td><td>USA</td><td>5194105</td><td>eF5eh1fH</td><td>IL</td><td>EP</td><td>59</td><td></td><td>74</td></tr></table><p class="totop"><a href="#summary">back to summary</a></p>
<h3 id="m59">eraRerate.eraRerateTestNGSlow#testMethod1</h3><table class="result"><tr class="param"><th>Parameter #1</th><th>Parameter #2</th><th>Parameter #3</th><th>Parameter #4</th><th>Parameter #5</th><th>Parameter #6</th><th>Parameter #7</th><th>Parameter #8</th><th>Parameter #9</th><th>Parameter #10</th><th>Parameter #11</th><th>Parameter #12</th><th>Parameter #13</th><th>Parameter #14</th><th>Parameter #15</th><th>Parameter #16</th><th>Parameter #17</th><th>Parameter #18</th><th>Parameter #19</th><th>Parameter #20</th><th>Parameter #21</th><th>Parameter #22</th><th>Parameter #23</th><th>Parameter #24</th><th>Parameter #25</th><th>Parameter #26</th><th>Parameter #27</th><th>Parameter #28</th><th>Parameter #29</th></tr><tr class="param stripe"><td></td><td></td><td>270079</td><td>1</td><td>709116449559</td><td>858702031</td><td></td><td></td><td></td><td></td><td>45</td><td>43</td><td>41</td><td></td><td></td><td></td><td></td><td></td><td></td><td></td><td>dims</td><td>EMEA</td><td>3735811</td><td>July2021</td><td>IL</td><td>EP</td><td>Dims changed to 45-43-41</td><td>Dims changed to 45-43-41</td><td>85</td></tr></table><p class="totop"><a href="#summary">back to summary</a></p>
<h3 id="m60">eraRerate.eraRerateTestNGSlow#testMethod1</h3><table class="result"><tr class="param"><th>Parameter #1</th><th>Parameter #2</th><th>Parameter #3</th><th>Parameter #4</th><th>Parameter #5</th><th>Parameter #6</th><th>Parameter #7</th><th>Parameter #8</th><th>Parameter #9</th><th>Parameter #10</th><th>Parameter #11</th><th>Parameter #12</th><th>Parameter #13</th><th>Parameter #14</th><th>Parameter #15</th><th>Parameter #16</th><th>Parameter #17</th><th>Parameter #18</th><th>Parameter #19</th><th>Parameter #20</th><th>Parameter #21</th><th>Parameter #22</th><th>Parameter #23</th><th>Parameter #24</th><th>Parameter #25</th><th>Parameter #26</th><th>Parameter #27</th><th>Parameter #28</th><th>Parameter #29</th></tr><tr class="param stripe"><td>fail</td><td>Failed on Entering Tracking Number</td><td>270563</td><td>1</td><td>868518044220</td><td>914414695</td><td></td><td></td><td></td><td></td><td></td><td></td><td></td><td></td><td>IN</td><td></td><td>600820338</td><td></td><td></td><td></td><td>date</td><td>LAC</td><td>3715501</td><td>Online10</td><td>IL</td><td>EP</td><td>Package weighs 69 lbs.</td><td></td><td>44</td></tr></table><p class="totop"><a href="#summary">back to summary</a></p>
<h3 id="m61">eraRerate.eraRerateTestNGSlow#testMethod1</h3><table class="result"><tr class="param"><th>Parameter #1</th><th>Parameter #2</th><th>Parameter #3</th><th>Parameter #4</th><th>Parameter #5</th><th>Parameter #6</th><th>Parameter #7</th><th>Parameter #8</th><th>Parameter #9</th><th>Parameter #10</th><th>Parameter #11</th><th>Parameter #12</th><th>Parameter #13</th><th>Parameter #14</th><th>Parameter #15</th><th>Parameter #16</th><th>Parameter #17</th><th>Parameter #18</th><th>Parameter #19</th><th>Parameter #20</th><th>Parameter #21</th><th>Parameter #22</th><th>Parameter #23</th><th>Parameter #24</th><th>Parameter #25</th><th>Parameter #26</th><th>Parameter #27</th><th>Parameter #28</th><th>Parameter #29</th></tr><tr class="param stripe"><td>fail</td><td>This selection contains bundled shipments. Bundled rerate is not available.</td><td>250472</td><td>1</td><td>928078364092</td><td>716098231</td><td></td><td></td><td></td><td></td><td>50</td><td></td><td></td><td>Y</td><td>IN</td><td></td><td>600850270</td><td></td><td></td><td></td><td>dim</td><td>USA</td><td>5194105</td><td>eF5eh1fH</td><td>DM</td><td>EP</td><td>less than 72 length</td><td></td><td>58</td></tr></table><p class="totop"><a href="#summary">back to summary</a></p>
<h3 id="m62">eraRerate.eraRerateTestNGSlow#testMethod1</h3><table class="result"><tr class="param"><th>Parameter #1</th><th>Parameter #2</th><th>Parameter #3</th><th>Parameter #4</th><th>Parameter #5</th><th>Parameter #6</th><th>Parameter #7</th><th>Parameter #8</th><th>Parameter #9</th><th>Parameter #10</th><th>Parameter #11</th><th>Parameter #12</th><th>Parameter #13</th><th>Parameter #14</th><th>Parameter #15</th><th>Parameter #16</th><th>Parameter #17</th><th>Parameter #18</th><th>Parameter #19</th><th>Parameter #20</th><th>Parameter #21</th><th>Parameter #22</th><th>Parameter #23</th><th>Parameter #24</th><th>Parameter #25</th><th>Parameter #26</th><th>Parameter #27</th><th>Parameter #28</th><th>Parameter #29</th></tr><tr class="param stripe"><td>fail</td><td>Failed Selecting Contact Method and Clicking Continue</td><td>250232</td><td>1</td><td>193120332318</td><td>330870996</td><td></td><td>25</td><td></td><td></td><td></td><td></td><td></td><td>Y</td><td></td><td></td><td>600697870</td><td></td><td></td><td></td><td>weight</td><td>USA</td><td>5194105</td><td>eF5eh1fH</td><td>IL</td><td>EP</td><td>Less than 60</td><td></td><td>22</td></tr></table><p class="totop"><a href="#summary">back to summary</a></p>
<h3 id="m63">eraRerate.eraRerateTestNGSlow#testMethod1</h3><table class="result"><tr class="param"><th>Parameter #1</th><th>Parameter #2</th><th>Parameter #3</th><th>Parameter #4</th><th>Parameter #5</th><th>Parameter #6</th><th>Parameter #7</th><th>Parameter #8</th><th>Parameter #9</th><th>Parameter #10</th><th>Parameter #11</th><th>Parameter #12</th><th>Parameter #13</th><th>Parameter #14</th><th>Parameter #15</th><th>Parameter #16</th><th>Parameter #17</th><th>Parameter #18</th><th>Parameter #19</th><th>Parameter #20</th><th>Parameter #21</th><th>Parameter #22</th><th>Parameter #23</th><th>Parameter #24</th><th>Parameter #25</th><th>Parameter #26</th><th>Parameter #27</th><th>Parameter #28</th><th>Parameter #29</th></tr><tr class="param stripe"><td>fail</td><td>This selection contains bundled shipments. Bundled rerate is not available.</td><td>269195</td><td>1</td><td>773499842488</td><td>716098071</td><td></td><td></td><td></td><td></td><td></td><td></td><td></td><td></td><td></td><td></td><td></td><td></td><td></td><td></td><td>date</td><td>USA</td><td>5194105</td><td>eF5eh1fH</td><td>DM</td><td>EP</td><td>Change the ship date to current date while rerating</td><td></td><td>8</td></tr></table><p class="totop"><a href="#summary">back to summary</a></p>
<h3 id="m64">eraRerate.eraRerateTestNGSlow#testMethod1</h3><table class="result"><tr class="param"><th>Parameter #1</th><th>Parameter #2</th><th>Parameter #3</th><th>Parameter #4</th><th>Parameter #5</th><th>Parameter #6</th><th>Parameter #7</th><th>Parameter #8</th><th>Parameter #9</th><th>Parameter #10</th><th>Parameter #11</th><th>Parameter #12</th><th>Parameter #13</th><th>Parameter #14</th><th>Parameter #15</th><th>Parameter #16</th><th>Parameter #17</th><th>Parameter #18</th><th>Parameter #19</th><th>Parameter #20</th><th>Parameter #21</th><th>Parameter #22</th><th>Parameter #23</th><th>Parameter #24</th><th>Parameter #25</th><th>Parameter #26</th><th>Parameter #27</th><th>Parameter #28</th><th>Parameter #29</th></tr><tr class="param stripe"><td>fail</td><td>Failed on Entering Tracking Number</td><td>270659</td><td>2</td><td>619167883392</td><td>232773367</td><td></td><td></td><td></td><td></td><td>30</td><td>20</td><td>20</td><td></td><td>IN</td><td></td><td>602433811</td><td></td><td></td><td></td><td>dims</td><td>EMEA</td><td>3735811</td><td>July2021</td><td>IL</td><td>EP</td><td>Rerated Dimensions : 30 x 20 x 20, L + G = 110 inches.</td><td></td><td>45</td></tr></table><p class="totop"><a href="#summary">back to summary</a></p>
<h3 id="m65">eraRerate.eraRerateTestNGSlow#testMethod1</h3><table class="result"><tr class="param"><th>Parameter #1</th><th>Parameter #2</th><th>Parameter #3</th><th>Parameter #4</th><th>Parameter #5</th><th>Parameter #6</th><th>Parameter #7</th><th>Parameter #8</th><th>Parameter #9</th><th>Parameter #10</th><th>Parameter #11</th><th>Parameter #12</th><th>Parameter #13</th><th>Parameter #14</th><th>Parameter #15</th><th>Parameter #16</th><th>Parameter #17</th><th>Parameter #18</th><th>Parameter #19</th><th>Parameter #20</th><th>Parameter #21</th><th>Parameter #22</th><th>Parameter #23</th><th>Parameter #24</th><th>Parameter #25</th><th>Parameter #26</th><th>Parameter #27</th><th>Parameter #28</th><th>Parameter #29</th></tr><tr class="param stripe"><td>fail</td><td>Failed Selecting Contact Method and Clicking Continue</td><td>252311</td><td>1</td><td>880915253863</td><td>244861633</td><td></td><td>89</td><td></td><td>LB</td><td>95</td><td>10</td><td>10</td><td>Y</td><td>IN</td><td>1</td><td>600778692</td><td></td><td></td><td>1</td><td>dim</td><td>CAN</td><td>3735812</td><td>July2021</td><td>IL</td><td>EP</td><td></td><td></td><td>23</td></tr></table><p class="totop"><a href="#summary">back to summary</a></p>
<h3 id="m66">eraRerate.eraRerateTestNGSlow#testMethod1</h3><table class="result"><tr class="param"><th>Parameter #1</th><th>Parameter #2</th><th>Parameter #3</th><th>Parameter #4</th><th>Parameter #5</th><th>Parameter #6</th><th>Parameter #7</th><th>Parameter #8</th><th>Parameter #9</th><th>Parameter #10</th><th>Parameter #11</th><th>Parameter #12</th><th>Parameter #13</th><th>Parameter #14</th><th>Parameter #15</th><th>Parameter #16</th><th>Parameter #17</th><th>Parameter #18</th><th>Parameter #19</th><th>Parameter #20</th><th>Parameter #21</th><th>Parameter #22</th><th>Parameter #23</th><th>Parameter #24</th><th>Parameter #25</th><th>Parameter #26</th><th>Parameter #27</th><th>Parameter #28</th><th>Parameter #29</th></tr><tr class="param stripe"><td>fail</td><td>Failed on Entering Tracking Number</td><td>270651</td><td>1</td><td>593649925176</td><td>858701849</td><td></td><td>69</td><td></td><td>LB</td><td></td><td></td><td></td><td></td><td>IN</td><td></td><td>128539662</td><td></td><td></td><td></td><td>weight</td><td>EMEA</td><td>3735811</td><td>July2021</td><td>IL</td><td>EP</td><td>Rerated Dimensions : 30 x 10&apos;x 10&apos; IN</td><td></td><td>86</td></tr></table><p class="totop"><a href="#summary">back to summary</a></p>
<h3 id="m67">eraRerate.eraRerateTestNGSlow#testMethod1</h3><table class="result"><tr class="param"><th>Parameter #1</th><th>Parameter #2</th><th>Parameter #3</th><th>Parameter #4</th><th>Parameter #5</th><th>Parameter #6</th><th>Parameter #7</th><th>Parameter #8</th><th>Parameter #9</th><th>Parameter #10</th><th>Parameter #11</th><th>Parameter #12</th><th>Parameter #13</th><th>Parameter #14</th><th>Parameter #15</th><th>Parameter #16</th><th>Parameter #17</th><th>Parameter #18</th><th>Parameter #19</th><th>Parameter #20</th><th>Parameter #21</th><th>Parameter #22</th><th>Parameter #23</th><th>Parameter #24</th><th>Parameter #25</th><th>Parameter #26</th><th>Parameter #27</th><th>Parameter #28</th><th>Parameter #29</th></tr><tr class="param stripe"><td></td><td></td><td>270767</td><td>1</td><td>281355143032</td><td>244862060</td><td></td><td></td><td></td><td></td><td></td><td></td><td></td><td></td><td>IN</td><td></td><td>604852633</td><td></td><td></td><td></td><td>date</td><td>CAN</td><td>3735812</td><td>July2021</td><td>IL</td><td>EP</td><td>Length 27&quot;&quot;</td><td></td><td>47</td></tr></table><p class="totop"><a href="#summary">back to summary</a></p>
<h3 id="m68">eraRerate.eraRerateTestNGSlow#testMethod1</h3><table class="result"><tr class="param"><th>Parameter #1</th><th>Parameter #2</th><th>Parameter #3</th><th>Parameter #4</th><th>Parameter #5</th><th>Parameter #6</th><th>Parameter #7</th><th>Parameter #8</th><th>Parameter #9</th><th>Parameter #10</th><th>Parameter #11</th><th>Parameter #12</th><th>Parameter #13</th><th>Parameter #14</th><th>Parameter #15</th><th>Parameter #16</th><th>Parameter #17</th><th>Parameter #18</th><th>Parameter #19</th><th>Parameter #20</th><th>Parameter #21</th><th>Parameter #22</th><th>Parameter #23</th><th>Parameter #24</th><th>Parameter #25</th><th>Parameter #26</th><th>Parameter #27</th><th>Parameter #28</th><th>Parameter #29</th></tr><tr class="param stripe"><td>fail</td><td>Failed on Entering Tracking Number</td><td>270071</td><td>2</td><td>128182138998</td><td>811646425</td><td></td><td>69</td><td></td><td>LB</td><td></td><td></td><td></td><td></td><td></td><td></td><td>601596792</td><td></td><td></td><td></td><td>weight</td><td>LAC</td><td>3715501</td><td>Online10</td><td>IL</td><td>EP</td><td>&quot;After first Rerate:</td><td></td><td>65</td></tr></table><p class="totop"><a href="#summary">back to summary</a></p>
<h3 id="m69">eraRerate.eraRerateTestNGSlow#testMethod1</h3><table class="result"><tr class="param"><th>Parameter #1</th><th>Parameter #2</th><th>Parameter #3</th><th>Parameter #4</th><th>Parameter #5</th><th>Parameter #6</th><th>Parameter #7</th><th>Parameter #8</th><th>Parameter #9</th><th>Parameter #10</th><th>Parameter #11</th><th>Parameter #12</th><th>Parameter #13</th><th>Parameter #14</th><th>Parameter #15</th><th>Parameter #16</th><th>Parameter #17</th><th>Parameter #18</th><th>Parameter #19</th><th>Parameter #20</th><th>Parameter #21</th><th>Parameter #22</th><th>Parameter #23</th><th>Parameter #24</th><th>Parameter #25</th><th>Parameter #26</th><th>Parameter #27</th><th>Parameter #28</th><th>Parameter #29</th></tr><tr class="param stripe"><td></td><td></td><td>253521</td><td>1</td><td>218141542960</td><td>936406199</td><td></td><td></td><td></td><td></td><td></td><td></td><td></td><td>Y</td><td></td><td>2</td><td>600723375</td><td></td><td></td><td></td><td>payor</td><td>APAC</td><td>3726698</td><td>July2021</td><td>IL</td><td>EP</td><td>Rerate - HK - APAC - 600723375 -2</td><td></td><td>76</td></tr></table><p class="totop"><a href="#summary">back to summary</a></p>
<h3 id="m70">eraRerate.eraRerateTestNGSlow#testMethod1</h3><table class="result"><tr class="param"><th>Parameter #1</th><th>Parameter #2</th><th>Parameter #3</th><th>Parameter #4</th><th>Parameter #5</th><th>Parameter #6</th><th>Parameter #7</th><th>Parameter #8</th><th>Parameter #9</th><th>Parameter #10</th><th>Parameter #11</th><th>Parameter #12</th><th>Parameter #13</th><th>Parameter #14</th><th>Parameter #15</th><th>Parameter #16</th><th>Parameter #17</th><th>Parameter #18</th><th>Parameter #19</th><th>Parameter #20</th><th>Parameter #21</th><th>Parameter #22</th><th>Parameter #23</th><th>Parameter #24</th><th>Parameter #25</th><th>Parameter #26</th><th>Parameter #27</th><th>Parameter #28</th><th>Parameter #29</th></tr><tr class="param stripe"><td></td><td></td><td>250365</td><td>1</td><td>984530664490</td><td>934207249</td><td></td><td></td><td></td><td></td><td></td><td></td><td></td><td>Y</td><td></td><td>1</td><td>600627074</td><td></td><td></td><td></td><td>payor</td><td>EMEA</td><td>3735811</td><td>July2021</td><td>IL</td><td>EP</td><td>change account to : 600627074 (shipper)</td><td>change account to : 600627074 (shipper)</td><td>56</td></tr></table><p class="totop"><a href="#summary">back to summary</a></p>
<h3 id="m71">eraRerate.eraRerateTestNGSlow#testMethod1</h3><table class="result"><tr class="param"><th>Parameter #1</th><th>Parameter #2</th><th>Parameter #3</th><th>Parameter #4</th><th>Parameter #5</th><th>Parameter #6</th><th>Parameter #7</th><th>Parameter #8</th><th>Parameter #9</th><th>Parameter #10</th><th>Parameter #11</th><th>Parameter #12</th><th>Parameter #13</th><th>Parameter #14</th><th>Parameter #15</th><th>Parameter #16</th><th>Parameter #17</th><th>Parameter #18</th><th>Parameter #19</th><th>Parameter #20</th><th>Parameter #21</th><th>Parameter #22</th><th>Parameter #23</th><th>Parameter #24</th><th>Parameter #25</th><th>Parameter #26</th><th>Parameter #27</th><th>Parameter #28</th><th>Parameter #29</th></tr><tr class="param stripe"><td>fail</td><td> 5931
eDD Discount Pricing Call failed [Notification{source:null, code:FAILURE, severity:FAILURE, noteSubType:null, failureSubType:null, description:eDD Discount Pricing Call failed , messageParameters:[NotificationParameter{id:EDD Description, value:java.util.concurrent.ExecutionException: java.lan</td><td>260223</td><td>1</td><td>288908803114</td><td>797363322</td><td></td><td></td><td></td><td></td><td></td><td></td><td></td><td>Y</td><td></td><td></td><td></td><td></td><td></td><td></td><td>none</td><td>EMEA</td><td>3735811</td><td>July2021</td><td>IL</td><td>EP</td><td>No Change</td><td>No Change</td><td>38</td></tr></table><p class="totop"><a href="#summary">back to summary</a></p>
<h3 id="m72">eraRerate.eraRerateTestNGSlow#testMethod1</h3><table class="result"><tr class="param"><th>Parameter #1</th><th>Parameter #2</th><th>Parameter #3</th><th>Parameter #4</th><th>Parameter #5</th><th>Parameter #6</th><th>Parameter #7</th><th>Parameter #8</th><th>Parameter #9</th><th>Parameter #10</th><th>Parameter #11</th><th>Parameter #12</th><th>Parameter #13</th><th>Parameter #14</th><th>Parameter #15</th><th>Parameter #16</th><th>Parameter #17</th><th>Parameter #18</th><th>Parameter #19</th><th>Parameter #20</th><th>Parameter #21</th><th>Parameter #22</th><th>Parameter #23</th><th>Parameter #24</th><th>Parameter #25</th><th>Parameter #26</th><th>Parameter #27</th><th>Parameter #28</th><th>Parameter #29</th></tr><tr class="param stripe"><td>fail</td><td>Failed Selecting Contact Method and Clicking Continue</td><td>252394</td><td>1</td><td>889202445251</td><td>244861607</td><td></td><td>151</td><td></td><td>LB</td><td>62</td><td></td><td></td><td>Y</td><td>IN</td><td>1</td><td>600740431</td><td></td><td></td><td>1</td><td>dim</td><td>CAN</td><td>3735812</td><td>July2021</td><td>IL</td><td>EP</td><td></td><td></td><td>36</td></tr></table><p class="totop"><a href="#summary">back to summary</a></p>
<h3 id="m73">eraRerate.eraRerateTestNGSlow#testMethod1</h3><table class="result"><tr class="param"><th>Parameter #1</th><th>Parameter #2</th><th>Parameter #3</th><th>Parameter #4</th><th>Parameter #5</th><th>Parameter #6</th><th>Parameter #7</th><th>Parameter #8</th><th>Parameter #9</th><th>Parameter #10</th><th>Parameter #11</th><th>Parameter #12</th><th>Parameter #13</th><th>Parameter #14</th><th>Parameter #15</th><th>Parameter #16</th><th>Parameter #17</th><th>Parameter #18</th><th>Parameter #19</th><th>Parameter #20</th><th>Parameter #21</th><th>Parameter #22</th><th>Parameter #23</th><th>Parameter #24</th><th>Parameter #25</th><th>Parameter #26</th><th>Parameter #27</th><th>Parameter #28</th><th>Parameter #29</th></tr><tr class="param stripe"><td>fail</td><td>Failed Selecting Contact Method and Clicking Continue</td><td>250494</td><td>1</td><td>965999223031</td><td>716097532</td><td></td><td></td><td></td><td></td><td>55</td><td></td><td></td><td>Y</td><td>IN</td><td></td><td>600633414</td><td></td><td></td><td></td><td>dim</td><td>USA</td><td>5194105</td><td>eF5eh1fH</td><td>DM</td><td>EP</td><td>59&quot;</td><td></td><td>35</td></tr></table><p class="totop"><a href="#summary">back to summary</a></p>
<h3 id="m74">eraRerate.eraRerateTestNGSlow#testMethod1</h3><table class="result"><tr class="param"><th>Parameter #1</th><th>Parameter #2</th><th>Parameter #3</th><th>Parameter #4</th><th>Parameter #5</th><th>Parameter #6</th><th>Parameter #7</th><th>Parameter #8</th><th>Parameter #9</th><th>Parameter #10</th><th>Parameter #11</th><th>Parameter #12</th><th>Parameter #13</th><th>Parameter #14</th><th>Parameter #15</th><th>Parameter #16</th><th>Parameter #17</th><th>Parameter #18</th><th>Parameter #19</th><th>Parameter #20</th><th>Parameter #21</th><th>Parameter #22</th><th>Parameter #23</th><th>Parameter #24</th><th>Parameter #25</th><th>Parameter #26</th><th>Parameter #27</th><th>Parameter #28</th><th>Parameter #29</th></tr><tr class="param stripe"><td></td><td></td><td>250225</td><td>1</td><td>859317985343</td><td>330870890</td><td></td><td>59</td><td></td><td></td><td></td><td></td><td></td><td>Y</td><td></td><td></td><td>600632655</td><td></td><td></td><td></td><td>weight</td><td>USA</td><td>5194105</td><td>eF5eh1fH</td><td>IL</td><td>EP</td><td>59</td><td></td><td>73</td></tr></table><p class="totop"><a href="#summary">back to summary</a></p>
<h3 id="m75">eraRerate.eraRerateTestNGSlow#testMethod1</h3><table class="result"><tr class="param"><th>Parameter #1</th><th>Parameter #2</th><th>Parameter #3</th><th>Parameter #4</th><th>Parameter #5</th><th>Parameter #6</th><th>Parameter #7</th><th>Parameter #8</th><th>Parameter #9</th><th>Parameter #10</th><th>Parameter #11</th><th>Parameter #12</th><th>Parameter #13</th><th>Parameter #14</th><th>Parameter #15</th><th>Parameter #16</th><th>Parameter #17</th><th>Parameter #18</th><th>Parameter #19</th><th>Parameter #20</th><th>Parameter #21</th><th>Parameter #22</th><th>Parameter #23</th><th>Parameter #24</th><th>Parameter #25</th><th>Parameter #26</th><th>Parameter #27</th><th>Parameter #28</th><th>Parameter #29</th></tr><tr class="param stripe"><td>fail</td><td>Failed Selecting Contact Method and Clicking Continue</td><td>252386</td><td>1</td><td>447496039073</td><td>776042527</td><td></td><td>68</td><td></td><td>KG</td><td>165</td><td>25</td><td>25</td><td>Y</td><td>CM</td><td>1</td><td>600818155</td><td></td><td></td><td>1</td><td>weight,dim</td><td>APAC</td><td>3726698</td><td>July2021</td><td>IL</td><td>EP</td><td>weight,dim</td><td></td><td>13</td></tr></table><p class="totop"><a href="#summary">back to summary</a></p>
<h3 id="m76">eraRerate.eraRerateTestNGSlow#testMethod1</h3><table class="result"><tr class="param"><th>Parameter #1</th><th>Parameter #2</th><th>Parameter #3</th><th>Parameter #4</th><th>Parameter #5</th><th>Parameter #6</th><th>Parameter #7</th><th>Parameter #8</th><th>Parameter #9</th><th>Parameter #10</th><th>Parameter #11</th><th>Parameter #12</th><th>Parameter #13</th><th>Parameter #14</th><th>Parameter #15</th><th>Parameter #16</th><th>Parameter #17</th><th>Parameter #18</th><th>Parameter #19</th><th>Parameter #20</th><th>Parameter #21</th><th>Parameter #22</th><th>Parameter #23</th><th>Parameter #24</th><th>Parameter #25</th><th>Parameter #26</th><th>Parameter #27</th><th>Parameter #28</th><th>Parameter #29</th></tr><tr class="param stripe"><td>fail</td><td>Failed on Entering Tracking Number</td><td>269940</td><td>1</td><td>380307294177</td><td>388218250</td><td></td><td></td><td></td><td></td><td></td><td></td><td></td><td></td><td></td><td></td><td>601020157</td><td></td><td></td><td></td><td>date</td><td>EMEA</td><td>3735811</td><td>July2021</td><td>IL</td><td>EP</td><td>Effective Date:10/12/2020  12/31/2070 </td><td></td><td>25</td></tr></table><p class="totop"><a href="#summary">back to summary</a></p>
<h3 id="m77">eraRerate.eraRerateTestNGSlow#testMethod1</h3><table class="result"><tr class="param"><th>Parameter #1</th><th>Parameter #2</th><th>Parameter #3</th><th>Parameter #4</th><th>Parameter #5</th><th>Parameter #6</th><th>Parameter #7</th><th>Parameter #8</th><th>Parameter #9</th><th>Parameter #10</th><th>Parameter #11</th><th>Parameter #12</th><th>Parameter #13</th><th>Parameter #14</th><th>Parameter #15</th><th>Parameter #16</th><th>Parameter #17</th><th>Parameter #18</th><th>Parameter #19</th><th>Parameter #20</th><th>Parameter #21</th><th>Parameter #22</th><th>Parameter #23</th><th>Parameter #24</th><th>Parameter #25</th><th>Parameter #26</th><th>Parameter #27</th><th>Parameter #28</th><th>Parameter #29</th></tr><tr class="param stripe"><td>fail</td><td>Failed Selecting Contact Method and Clicking Continue</td><td>250227</td><td>1</td><td>311731077943</td><td>330870980</td><td></td><td>60</td><td></td><td></td><td></td><td></td><td></td><td>Y</td><td></td><td></td><td>600697137</td><td></td><td></td><td></td><td>weight</td><td>USA</td><td>5194105</td><td>eF5eh1fH</td><td>IL</td><td>EP</td><td>59</td><td></td><td>55</td></tr></table><p class="totop"><a href="#summary">back to summary</a></p>
<h3 id="m78">eraRerate.eraRerateTestNGSlow#testMethod1</h3><table class="result"><tr class="param"><th>Parameter #1</th><th>Parameter #2</th><th>Parameter #3</th><th>Parameter #4</th><th>Parameter #5</th><th>Parameter #6</th><th>Parameter #7</th><th>Parameter #8</th><th>Parameter #9</th><th>Parameter #10</th><th>Parameter #11</th><th>Parameter #12</th><th>Parameter #13</th><th>Parameter #14</th><th>Parameter #15</th><th>Parameter #16</th><th>Parameter #17</th><th>Parameter #18</th><th>Parameter #19</th><th>Parameter #20</th><th>Parameter #21</th><th>Parameter #22</th><th>Parameter #23</th><th>Parameter #24</th><th>Parameter #25</th><th>Parameter #26</th><th>Parameter #27</th><th>Parameter #28</th><th>Parameter #29</th></tr><tr class="param stripe"><td>fail</td><td>Failed Selecting Contact Method and Clicking Continue</td><td>250470</td><td>1</td><td>756913396505</td><td>716098231</td><td></td><td></td><td></td><td></td><td>50</td><td></td><td></td><td>Y</td><td>IN</td><td></td><td>600850350</td><td></td><td></td><td></td><td>dim</td><td>USA</td><td>5194105</td><td>eF5eh1fH</td><td>DM</td><td>EP</td><td>less than 72 length</td><td></td><td>57</td></tr></table><p class="totop"><a href="#summary">back to summary</a></p>
<h3 id="m79">eraRerate.eraRerateTestNGSlow#testMethod1</h3><table class="result"><tr class="param"><th>Parameter #1</th><th>Parameter #2</th><th>Parameter #3</th><th>Parameter #4</th><th>Parameter #5</th><th>Parameter #6</th><th>Parameter #7</th><th>Parameter #8</th><th>Parameter #9</th><th>Parameter #10</th><th>Parameter #11</th><th>Parameter #12</th><th>Parameter #13</th><th>Parameter #14</th><th>Parameter #15</th><th>Parameter #16</th><th>Parameter #17</th><th>Parameter #18</th><th>Parameter #19</th><th>Parameter #20</th><th>Parameter #21</th><th>Parameter #22</th><th>Parameter #23</th><th>Parameter #24</th><th>Parameter #25</th><th>Parameter #26</th><th>Parameter #27</th><th>Parameter #28</th><th>Parameter #29</th></tr><tr class="param stripe"><td>fail</td><td>Failed Selecting Contact Method and Clicking Continue</td><td>250476</td><td>1</td><td>206506430856</td><td>330870990</td><td></td><td></td><td></td><td></td><td>50</td><td></td><td></td><td>Y</td><td>IN</td><td></td><td>600697595</td><td></td><td></td><td></td><td>dim</td><td>USA</td><td>5194105</td><td>eF5eh1fH</td><td>IL</td><td>EP</td><td>less than 72 length</td><td></td><td>59</td></tr></table><p class="totop"><a href="#summary">back to summary</a></p>
<h3 id="m80">eraRerate.eraRerateTestNGSlow#testMethod1</h3><table class="result"><tr class="param"><th>Parameter #1</th><th>Parameter #2</th><th>Parameter #3</th><th>Parameter #4</th><th>Parameter #5</th><th>Parameter #6</th><th>Parameter #7</th><th>Parameter #8</th><th>Parameter #9</th><th>Parameter #10</th><th>Parameter #11</th><th>Parameter #12</th><th>Parameter #13</th><th>Parameter #14</th><th>Parameter #15</th><th>Parameter #16</th><th>Parameter #17</th><th>Parameter #18</th><th>Parameter #19</th><th>Parameter #20</th><th>Parameter #21</th><th>Parameter #22</th><th>Parameter #23</th><th>Parameter #24</th><th>Parameter #25</th><th>Parameter #26</th><th>Parameter #27</th><th>Parameter #28</th><th>Parameter #29</th></tr><tr class="param stripe"><td></td><td></td><td>167535</td><td>1</td><td>422166275072</td><td>512863840</td><td></td><td>250</td><td>250</td><td></td><td></td><td></td><td></td><td></td><td></td><td></td><td></td><td></td><td></td><td></td><td>weight</td><td>EMEA</td><td>3735811</td><td>July2021</td><td>IL</td><td>EP</td><td>Weight Change to 250</td><td></td><td>69</td></tr></table><p class="totop"><a href="#summary">back to summary</a></p>
<h3 id="m81">eraRerate.eraRerateTestNGSlow#testMethod1</h3><table class="result"><tr class="param"><th>Parameter #1</th><th>Parameter #2</th><th>Parameter #3</th><th>Parameter #4</th><th>Parameter #5</th><th>Parameter #6</th><th>Parameter #7</th><th>Parameter #8</th><th>Parameter #9</th><th>Parameter #10</th><th>Parameter #11</th><th>Parameter #12</th><th>Parameter #13</th><th>Parameter #14</th><th>Parameter #15</th><th>Parameter #16</th><th>Parameter #17</th><th>Parameter #18</th><th>Parameter #19</th><th>Parameter #20</th><th>Parameter #21</th><th>Parameter #22</th><th>Parameter #23</th><th>Parameter #24</th><th>Parameter #25</th><th>Parameter #26</th><th>Parameter #27</th><th>Parameter #28</th><th>Parameter #29</th></tr><tr class="param stripe"><td>fail</td><td>Failed on Entering Tracking Number</td><td>270681</td><td>1</td><td>815127484019</td><td>832808858</td><td></td><td></td><td></td><td></td><td>30</td><td>10</td><td>10</td><td></td><td>IN</td><td></td><td>700666875</td><td></td><td></td><td></td><td>dims</td><td>LAC</td><td>3715501</td><td>Online10</td><td>IL</td><td>EP</td><td>Rerated Dimensions : 30 x 20 x 20, L + G = 110 inches.</td><td></td><td>87</td></tr></table><p class="totop"><a href="#summary">back to summary</a></p>
<h3 id="m82">eraRerate.eraRerateTestNGSlow#testMethod1</h3><table class="result"><tr class="param"><th>Parameter #1</th><th>Parameter #2</th><th>Parameter #3</th><th>Parameter #4</th><th>Parameter #5</th><th>Parameter #6</th><th>Parameter #7</th><th>Parameter #8</th><th>Parameter #9</th><th>Parameter #10</th><th>Parameter #11</th><th>Parameter #12</th><th>Parameter #13</th><th>Parameter #14</th><th>Parameter #15</th><th>Parameter #16</th><th>Parameter #17</th><th>Parameter #18</th><th>Parameter #19</th><th>Parameter #20</th><th>Parameter #21</th><th>Parameter #22</th><th>Parameter #23</th><th>Parameter #24</th><th>Parameter #25</th><th>Parameter #26</th><th>Parameter #27</th><th>Parameter #28</th><th>Parameter #29</th></tr><tr class="param stripe"><td>fail</td><td>This selection contains bundled shipments. Bundled rerate is not available.</td><td>269013</td><td>1</td><td>928586850850</td><td>716097570</td><td></td><td></td><td></td><td></td><td></td><td></td><td></td><td></td><td></td><td></td><td></td><td>Fedex Overnight freight (39)</td><td></td><td></td><td>service</td><td>USA</td><td>5194105</td><td>eF5eh1fH</td><td>DM</td><td>EP</td><td>Change the service to Fedex Overnight freight (39)</td><td></td><td>24</td></tr></table><p class="totop"><a href="#summary">back to summary</a></p>
<h3 id="m83">eraRerate.eraRerateTestNGSlow#testMethod1</h3><table class="result"><tr class="param"><th>Parameter #1</th><th>Parameter #2</th><th>Parameter #3</th><th>Parameter #4</th><th>Parameter #5</th><th>Parameter #6</th><th>Parameter #7</th><th>Parameter #8</th><th>Parameter #9</th><th>Parameter #10</th><th>Parameter #11</th><th>Parameter #12</th><th>Parameter #13</th><th>Parameter #14</th><th>Parameter #15</th><th>Parameter #16</th><th>Parameter #17</th><th>Parameter #18</th><th>Parameter #19</th><th>Parameter #20</th><th>Parameter #21</th><th>Parameter #22</th><th>Parameter #23</th><th>Parameter #24</th><th>Parameter #25</th><th>Parameter #26</th><th>Parameter #27</th><th>Parameter #28</th><th>Parameter #29</th></tr><tr class="param stripe"><td>fail</td><td> </td><td>270589</td><td>1</td><td>211413716414</td><td>811646209</td><td></td><td></td><td></td><td></td><td>45</td><td>20</td><td>15</td><td></td><td>IN</td><td></td><td>451087746</td><td></td><td></td><td></td><td>dims</td><td>LAC</td><td>3715501</td><td>Online10</td><td>IL</td><td>EP</td><td>Rerated Dimensions : 30 x 10 x 10, L + G = 70 inches.</td><td></td><td>29</td></tr></table><p class="totop"><a href="#summary">back to summary</a></p>
<h3 id="m84">eraRerate.eraRerateTestNGSlow#testMethod1</h3><table class="result"><tr class="param"><th>Parameter #1</th><th>Parameter #2</th><th>Parameter #3</th><th>Parameter #4</th><th>Parameter #5</th><th>Parameter #6</th><th>Parameter #7</th><th>Parameter #8</th><th>Parameter #9</th><th>Parameter #10</th><th>Parameter #11</th><th>Parameter #12</th><th>Parameter #13</th><th>Parameter #14</th><th>Parameter #15</th><th>Parameter #16</th><th>Parameter #17</th><th>Parameter #18</th><th>Parameter #19</th><th>Parameter #20</th><th>Parameter #21</th><th>Parameter #22</th><th>Parameter #23</th><th>Parameter #24</th><th>Parameter #25</th><th>Parameter #26</th><th>Parameter #27</th><th>Parameter #28</th><th>Parameter #29</th></tr><tr class="param stripe"><td></td><td></td><td>252414</td><td>1</td><td>515923707495</td><td>388218285</td><td></td><td>14</td><td></td><td>KG</td><td>150</td><td>12</td><td>12</td><td>Y</td><td>CM</td><td>1</td><td>601597314</td><td></td><td></td><td>1</td><td>dim,weight</td><td>EMEA</td><td>3735811</td><td>July2021</td><td>IL</td><td>EP</td><td></td><td></td><td>60</td></tr></table><p class="totop"><a href="#summary">back to summary</a></p>
<h3 id="m85">eraRerate.eraRerateTestNGSlow#testMethod1</h3><table class="result"><tr class="param"><th>Parameter #1</th><th>Parameter #2</th><th>Parameter #3</th><th>Parameter #4</th><th>Parameter #5</th><th>Parameter #6</th><th>Parameter #7</th><th>Parameter #8</th><th>Parameter #9</th><th>Parameter #10</th><th>Parameter #11</th><th>Parameter #12</th><th>Parameter #13</th><th>Parameter #14</th><th>Parameter #15</th><th>Parameter #16</th><th>Parameter #17</th><th>Parameter #18</th><th>Parameter #19</th><th>Parameter #20</th><th>Parameter #21</th><th>Parameter #22</th><th>Parameter #23</th><th>Parameter #24</th><th>Parameter #25</th><th>Parameter #26</th><th>Parameter #27</th><th>Parameter #28</th><th>Parameter #29</th></tr><tr class="param stripe"><td>fail</td><td>Failed Selecting Contact Method and Clicking Continue</td><td>250122</td><td>1</td><td>834214825394</td><td>330870627</td><td></td><td>25</td><td></td><td></td><td></td><td></td><td></td><td>Y</td><td></td><td></td><td>600848895</td><td></td><td></td><td></td><td>weight</td><td>USA</td><td>5194105</td><td>eF5eh1fH</td><td>IL</td><td>EP</td><td>less than 72</td><td></td><td>20</td></tr></table><p class="totop"><a href="#summary">back to summary</a></p>
<h3 id="m86">eraRerate.eraRerateTestNGSlow#testMethod1</h3><table class="result"><tr class="param"><th>Parameter #1</th><th>Parameter #2</th><th>Parameter #3</th><th>Parameter #4</th><th>Parameter #5</th><th>Parameter #6</th><th>Parameter #7</th><th>Parameter #8</th><th>Parameter #9</th><th>Parameter #10</th><th>Parameter #11</th><th>Parameter #12</th><th>Parameter #13</th><th>Parameter #14</th><th>Parameter #15</th><th>Parameter #16</th><th>Parameter #17</th><th>Parameter #18</th><th>Parameter #19</th><th>Parameter #20</th><th>Parameter #21</th><th>Parameter #22</th><th>Parameter #23</th><th>Parameter #24</th><th>Parameter #25</th><th>Parameter #26</th><th>Parameter #27</th><th>Parameter #28</th><th>Parameter #29</th></tr><tr class="param stripe"><td></td><td></td><td>260465</td><td>1</td><td>988743683306</td><td>388218491</td><td></td><td></td><td></td><td></td><td></td><td></td><td></td><td>Y</td><td>CM</td><td></td><td></td><td></td><td></td><td></td><td>dim</td><td>EMEA</td><td>3735811</td><td>July2021</td><td>IL</td><td>EP</td><td></td><td>Dims Change</td><td>79</td></tr></table><p class="totop"><a href="#summary">back to summary</a></p>
<h3 id="m87">eraRerate.eraRerateTestNGSlow#testMethod1</h3><table class="result"><tr class="param"><th>Parameter #1</th><th>Parameter #2</th><th>Parameter #3</th><th>Parameter #4</th><th>Parameter #5</th><th>Parameter #6</th><th>Parameter #7</th><th>Parameter #8</th><th>Parameter #9</th><th>Parameter #10</th><th>Parameter #11</th><th>Parameter #12</th><th>Parameter #13</th><th>Parameter #14</th><th>Parameter #15</th><th>Parameter #16</th><th>Parameter #17</th><th>Parameter #18</th><th>Parameter #19</th><th>Parameter #20</th><th>Parameter #21</th><th>Parameter #22</th><th>Parameter #23</th><th>Parameter #24</th><th>Parameter #25</th><th>Parameter #26</th><th>Parameter #27</th><th>Parameter #28</th><th>Parameter #29</th></tr><tr class="param stripe"><td>fail</td><td>This selection contains bundled shipments. Bundled rerate is not available.</td><td>269012</td><td>1</td><td>390180677850</td><td>716097570</td><td></td><td></td><td></td><td></td><td></td><td></td><td></td><td></td><td></td><td></td><td></td><td></td><td></td><td></td><td>date</td><td>USA</td><td>5194105</td><td>eF5eh1fH</td><td>DM</td><td>EP</td><td>Change the ship date to current date while rerating</td><td></td><td>14</td></tr></table><p class="totop"><a href="#summary">back to summary</a></p>
<h3 id="m88">eraRerate.eraRerateTestNGSlow#testMethod1</h3><table class="result"><tr class="param"><th>Parameter #1</th><th>Parameter #2</th><th>Parameter #3</th><th>Parameter #4</th><th>Parameter #5</th><th>Parameter #6</th><th>Parameter #7</th><th>Parameter #8</th><th>Parameter #9</th><th>Parameter #10</th><th>Parameter #11</th><th>Parameter #12</th><th>Parameter #13</th><th>Parameter #14</th><th>Parameter #15</th><th>Parameter #16</th><th>Parameter #17</th><th>Parameter #18</th><th>Parameter #19</th><th>Parameter #20</th><th>Parameter #21</th><th>Parameter #22</th><th>Parameter #23</th><th>Parameter #24</th><th>Parameter #25</th><th>Parameter #26</th><th>Parameter #27</th><th>Parameter #28</th><th>Parameter #29</th></tr><tr class="param stripe"><td>fail</td><td> </td><td>262868</td><td>1</td><td>657270200069</td><td>811647169</td><td></td><td>10</td><td></td><td></td><td></td><td></td><td></td><td>Y</td><td></td><td></td><td></td><td></td><td></td><td></td><td>weight</td><td>LAC</td><td>3715501</td><td>Online10</td><td>IL</td><td>EP</td><td>Weight Change</td><td>Weight Change</td><td>17</td></tr></table><p class="totop"><a href="#summary">back to summary</a></p>
<h3 id="m89">eraRerate.eraRerateTestNGSlow#testMethod1</h3><table class="result"><tr class="param"><th>Parameter #1</th><th>Parameter #2</th><th>Parameter #3</th><th>Parameter #4</th><th>Parameter #5</th><th>Parameter #6</th><th>Parameter #7</th><th>Parameter #8</th><th>Parameter #9</th><th>Parameter #10</th><th>Parameter #11</th><th>Parameter #12</th><th>Parameter #13</th><th>Parameter #14</th><th>Parameter #15</th><th>Parameter #16</th><th>Parameter #17</th><th>Parameter #18</th><th>Parameter #19</th><th>Parameter #20</th><th>Parameter #21</th><th>Parameter #22</th><th>Parameter #23</th><th>Parameter #24</th><th>Parameter #25</th><th>Parameter #26</th><th>Parameter #27</th><th>Parameter #28</th><th>Parameter #29</th></tr><tr class="param stripe"><td>fail</td><td>Failed Selecting Contact Method and Clicking Continue</td><td>262871</td><td>1</td><td>262246091598</td><td>914414697</td><td></td><td></td><td></td><td></td><td>2</td><td>2</td><td>2</td><td>Y</td><td></td><td></td><td></td><td></td><td></td><td></td><td>dim</td><td>LAC</td><td>3715501</td><td>Online10</td><td>IL</td><td>EP</td><td>Dims Change</td><td>Dims Change</td><td>39</td></tr></table><p class="totop"><a href="#summary">back to summary</a></p>
<h3 id="m90">eraRerate.eraRerateTestNGSlow#testMethod1</h3><table class="result"><tr class="param"><th>Parameter #1</th><th>Parameter #2</th><th>Parameter #3</th><th>Parameter #4</th><th>Parameter #5</th><th>Parameter #6</th><th>Parameter #7</th><th>Parameter #8</th><th>Parameter #9</th><th>Parameter #10</th><th>Parameter #11</th><th>Parameter #12</th><th>Parameter #13</th><th>Parameter #14</th><th>Parameter #15</th><th>Parameter #16</th><th>Parameter #17</th><th>Parameter #18</th><th>Parameter #19</th><th>Parameter #20</th><th>Parameter #21</th><th>Parameter #22</th><th>Parameter #23</th><th>Parameter #24</th><th>Parameter #25</th><th>Parameter #26</th><th>Parameter #27</th><th>Parameter #28</th><th>Parameter #29</th></tr><tr class="param stripe"><td>fail</td><td>This selection contains bundled shipments. Bundled rerate is not available.</td><td>269034</td><td>1</td><td>754213893997</td><td>716097570</td><td></td><td></td><td></td><td></td><td></td><td></td><td></td><td></td><td></td><td></td><td></td><td>Fedex Overnight freight (39)</td><td></td><td></td><td>service</td><td>USA</td><td>5194105</td><td>eF5eh1fH</td><td>DM</td><td>EP</td><td>Change the service to Fedex Overnight freight (39)</td><td></td><td>6</td></tr></table><p class="totop"><a href="#summary">back to summary</a></p>
<h3 id="m91">eraRerate.eraRerateTestNGSlow#testMethod1</h3><table class="result"><tr class="param"><th>Parameter #1</th><th>Parameter #2</th><th>Parameter #3</th><th>Parameter #4</th><th>Parameter #5</th><th>Parameter #6</th><th>Parameter #7</th><th>Parameter #8</th><th>Parameter #9</th><th>Parameter #10</th><th>Parameter #11</th><th>Parameter #12</th><th>Parameter #13</th><th>Parameter #14</th><th>Parameter #15</th><th>Parameter #16</th><th>Parameter #17</th><th>Parameter #18</th><th>Parameter #19</th><th>Parameter #20</th><th>Parameter #21</th><th>Parameter #22</th><th>Parameter #23</th><th>Parameter #24</th><th>Parameter #25</th><th>Parameter #26</th><th>Parameter #27</th><th>Parameter #28</th><th>Parameter #29</th></tr><tr class="param stripe"><td>fail</td><td>Failed Selecting Contact Method and Clicking Continue</td><td>190368</td><td>2</td><td>579403781548</td><td>244862464</td><td></td><td>N</td><td></td><td></td><td></td><td></td><td></td><td>Y</td><td></td><td>3</td><td>319779221</td><td></td><td></td><td></td><td>payor</td><td>CAN</td><td>3735812</td><td>July2021</td><td>IL</td><td>EP</td><td></td><td>Payor Change</td><td>31</td></tr></table><p class="totop"><a href="#summary">back to summary</a></p>
<h3 id="m92">eraRerate.eraRerateTestNGSlow#testMethod1</h3><table class="result"><tr class="param"><th>Parameter #1</th><th>Parameter #2</th><th>Parameter #3</th><th>Parameter #4</th><th>Parameter #5</th><th>Parameter #6</th><th>Parameter #7</th><th>Parameter #8</th><th>Parameter #9</th><th>Parameter #10</th><th>Parameter #11</th><th>Parameter #12</th><th>Parameter #13</th><th>Parameter #14</th><th>Parameter #15</th><th>Parameter #16</th><th>Parameter #17</th><th>Parameter #18</th><th>Parameter #19</th><th>Parameter #20</th><th>Parameter #21</th><th>Parameter #22</th><th>Parameter #23</th><th>Parameter #24</th><th>Parameter #25</th><th>Parameter #26</th><th>Parameter #27</th><th>Parameter #28</th><th>Parameter #29</th></tr><tr class="param stripe"><td>fail</td><td>Failed Selecting Contact Method and Clicking Continue</td><td>252391</td><td>1</td><td>697435136167</td><td>244861639</td><td></td><td>35</td><td></td><td>LB</td><td>60</td><td>5</td><td>5</td><td>Y</td><td>CM</td><td>1</td><td>600778838</td><td></td><td></td><td>1</td><td>weight</td><td>CAN</td><td>3735812</td><td>July2021</td><td>IL</td><td>EP</td><td>weight</td><td></td><td>9</td></tr></table><p class="totop"><a href="#summary">back to summary</a></p>
<h3 id="m93">eraRerate.eraRerateTestNGSlow#testMethod1</h3><table class="result"><tr class="param"><th>Parameter #1</th><th>Parameter #2</th><th>Parameter #3</th><th>Parameter #4</th><th>Parameter #5</th><th>Parameter #6</th><th>Parameter #7</th><th>Parameter #8</th><th>Parameter #9</th><th>Parameter #10</th><th>Parameter #11</th><th>Parameter #12</th><th>Parameter #13</th><th>Parameter #14</th><th>Parameter #15</th><th>Parameter #16</th><th>Parameter #17</th><th>Parameter #18</th><th>Parameter #19</th><th>Parameter #20</th><th>Parameter #21</th><th>Parameter #22</th><th>Parameter #23</th><th>Parameter #24</th><th>Parameter #25</th><th>Parameter #26</th><th>Parameter #27</th><th>Parameter #28</th><th>Parameter #29</th></tr><tr class="param stripe"><td>fail</td><td>Failed Selecting Contact Method and Clicking Continue</td><td>250127</td><td>1</td><td>860553267857</td><td>330870990</td><td></td><td>25</td><td></td><td></td><td></td><td></td><td></td><td>Y</td><td></td><td></td><td>600697595</td><td></td><td></td><td></td><td>weight</td><td>USA</td><td>5194105</td><td>eF5eh1fH</td><td>IL</td><td>EP</td><td>Less than 60</td><td></td><td>21</td></tr></table><p class="totop"><a href="#summary">back to summary</a></p>
<h3 id="m94">eraRerate.eraRerateTestNGSlow#testMethod1</h3><table class="result"><tr class="param"><th>Parameter #1</th><th>Parameter #2</th><th>Parameter #3</th><th>Parameter #4</th><th>Parameter #5</th><th>Parameter #6</th><th>Parameter #7</th><th>Parameter #8</th><th>Parameter #9</th><th>Parameter #10</th><th>Parameter #11</th><th>Parameter #12</th><th>Parameter #13</th><th>Parameter #14</th><th>Parameter #15</th><th>Parameter #16</th><th>Parameter #17</th><th>Parameter #18</th><th>Parameter #19</th><th>Parameter #20</th><th>Parameter #21</th><th>Parameter #22</th><th>Parameter #23</th><th>Parameter #24</th><th>Parameter #25</th><th>Parameter #26</th><th>Parameter #27</th><th>Parameter #28</th><th>Parameter #29</th></tr><tr class="param stripe"><td>fail</td><td>This selection contains bundled shipments. Bundled rerate is not available.</td><td>269033</td><td>1</td><td>995850571648</td><td>716097570</td><td></td><td></td><td></td><td></td><td></td><td></td><td></td><td></td><td></td><td></td><td></td><td></td><td></td><td></td><td>date</td><td>USA</td><td>5194105</td><td>eF5eh1fH</td><td>DM</td><td>EP</td><td>Change the ship date to current date while rerating</td><td></td><td>63</td></tr></table><p class="totop"><a href="#summary">back to summary</a></p>
<h3 id="m95">eraRerate.eraRerateTestNGSlow#testMethod1</h3><table class="result"><tr class="param"><th>Parameter #1</th><th>Parameter #2</th><th>Parameter #3</th><th>Parameter #4</th><th>Parameter #5</th><th>Parameter #6</th><th>Parameter #7</th><th>Parameter #8</th><th>Parameter #9</th><th>Parameter #10</th><th>Parameter #11</th><th>Parameter #12</th><th>Parameter #13</th><th>Parameter #14</th><th>Parameter #15</th><th>Parameter #16</th><th>Parameter #17</th><th>Parameter #18</th><th>Parameter #19</th><th>Parameter #20</th><th>Parameter #21</th><th>Parameter #22</th><th>Parameter #23</th><th>Parameter #24</th><th>Parameter #25</th><th>Parameter #26</th><th>Parameter #27</th><th>Parameter #28</th><th>Parameter #29</th></tr><tr class="param stripe"><td>fail</td><td>This selection contains bundled shipments. Bundled rerate is not available.</td><td>269193</td><td>1</td><td>754429649073</td><td>716097570</td><td></td><td></td><td></td><td></td><td></td><td></td><td></td><td></td><td></td><td></td><td></td><td></td><td></td><td></td><td>date</td><td>USA</td><td>5194105</td><td>eF5eh1fH</td><td>DM</td><td>EP</td><td>Change the ship date to current date while rerating</td><td></td><td>64</td></tr></table><p class="totop"><a href="#summary">back to summary</a></p>
<h3 id="m96">eraRerate.eraRerateTestNGSlow#testMethod1</h3><table class="result"><tr class="param"><th>Parameter #1</th><th>Parameter #2</th><th>Parameter #3</th><th>Parameter #4</th><th>Parameter #5</th><th>Parameter #6</th><th>Parameter #7</th><th>Parameter #8</th><th>Parameter #9</th><th>Parameter #10</th><th>Parameter #11</th><th>Parameter #12</th><th>Parameter #13</th><th>Parameter #14</th><th>Parameter #15</th><th>Parameter #16</th><th>Parameter #17</th><th>Parameter #18</th><th>Parameter #19</th><th>Parameter #20</th><th>Parameter #21</th><th>Parameter #22</th><th>Parameter #23</th><th>Parameter #24</th><th>Parameter #25</th><th>Parameter #26</th><th>Parameter #27</th><th>Parameter #28</th><th>Parameter #29</th></tr><tr class="param stripe"><td>fail</td><td>Failed on Entering Tracking Number</td><td>270491</td><td>1</td><td>823490160732</td><td>388218250</td><td></td><td></td><td></td><td></td><td></td><td></td><td></td><td></td><td>IN</td><td></td><td>601020157</td><td></td><td></td><td></td><td>dims</td><td>EMEA</td><td>3735811</td><td>July2021</td><td>IL</td><td>EP</td><td>After Second Rerate:</td><td></td><td>27</td></tr></table><p class="totop"><a href="#summary">back to summary</a></p>
<h3 id="m97">eraRerate.eraRerateTestNGSlow#testMethod1</h3><table class="result"><tr class="param"><th>Parameter #1</th><th>Parameter #2</th><th>Parameter #3</th><th>Parameter #4</th><th>Parameter #5</th><th>Parameter #6</th><th>Parameter #7</th><th>Parameter #8</th><th>Parameter #9</th><th>Parameter #10</th><th>Parameter #11</th><th>Parameter #12</th><th>Parameter #13</th><th>Parameter #14</th><th>Parameter #15</th><th>Parameter #16</th><th>Parameter #17</th><th>Parameter #18</th><th>Parameter #19</th><th>Parameter #20</th><th>Parameter #21</th><th>Parameter #22</th><th>Parameter #23</th><th>Parameter #24</th><th>Parameter #25</th><th>Parameter #26</th><th>Parameter #27</th><th>Parameter #28</th><th>Parameter #29</th></tr><tr class="param stripe"><td></td><td></td><td>269286</td><td>1</td><td>810112434650</td><td>330871444</td><td></td><td></td><td></td><td></td><td></td><td></td><td></td><td></td><td></td><td></td><td></td><td></td><td></td><td></td><td>date</td><td>USA</td><td>5194105</td><td>eF5eh1fH</td><td>IL</td><td>EP</td><td>Change the ship date to current date while rerating</td><td></td><td>83</td></tr></table><p class="totop"><a href="#summary">back to summary</a></p>
<h3 id="m98">eraRerate.eraRerateTestNGSlow#testMethod1</h3><table class="result"><tr class="param"><th>Parameter #1</th><th>Parameter #2</th><th>Parameter #3</th><th>Parameter #4</th><th>Parameter #5</th><th>Parameter #6</th><th>Parameter #7</th><th>Parameter #8</th><th>Parameter #9</th><th>Parameter #10</th><th>Parameter #11</th><th>Parameter #12</th><th>Parameter #13</th><th>Parameter #14</th><th>Parameter #15</th><th>Parameter #16</th><th>Parameter #17</th><th>Parameter #18</th><th>Parameter #19</th><th>Parameter #20</th><th>Parameter #21</th><th>Parameter #22</th><th>Parameter #23</th><th>Parameter #24</th><th>Parameter #25</th><th>Parameter #26</th><th>Parameter #27</th><th>Parameter #28</th><th>Parameter #29</th></tr><tr class="param stripe"><td>fail</td><td>This selection contains bundled shipments. Bundled rerate is not available.</td><td>269194</td><td>1</td><td>470986303380</td><td>716097570</td><td></td><td></td><td></td><td></td><td></td><td></td><td></td><td></td><td></td><td></td><td></td><td>Fedex 1Day Freight  (70)</td><td></td><td></td><td>service</td><td>USA</td><td>5194105</td><td>eF5eh1fH</td><td>DM</td><td>EP</td><td>Change the service to Fedex 1Day Freight  (70)</td><td></td><td>15</td></tr></table><p class="totop"><a href="#summary">back to summary</a></p>
<h3 id="m99">eraRerate.eraRerateTestNGSlow#testMethod1</h3><table class="result"><tr class="param"><th>Parameter #1</th><th>Parameter #2</th><th>Parameter #3</th><th>Parameter #4</th><th>Parameter #5</th><th>Parameter #6</th><th>Parameter #7</th><th>Parameter #8</th><th>Parameter #9</th><th>Parameter #10</th><th>Parameter #11</th><th>Parameter #12</th><th>Parameter #13</th><th>Parameter #14</th><th>Parameter #15</th><th>Parameter #16</th><th>Parameter #17</th><th>Parameter #18</th><th>Parameter #19</th><th>Parameter #20</th><th>Parameter #21</th><th>Parameter #22</th><th>Parameter #23</th><th>Parameter #24</th><th>Parameter #25</th><th>Parameter #26</th><th>Parameter #27</th><th>Parameter #28</th><th>Parameter #29</th></tr><tr class="param stripe"><td></td><td></td><td>188503</td><td>1</td><td>789915814043</td><td>101894891</td><td></td><td></td><td></td><td></td><td>20</td><td>20</td><td>20</td><td></td><td></td><td></td><td></td><td></td><td></td><td></td><td>dims</td><td>EMEA</td><td>3735811</td><td>July2021</td><td>IL</td><td>EP</td><td>Dims Change to 20-20-20</td><td></td><td>48</td></tr></table><p class="totop"><a href="#summary">back to summary</a></p>
<h3 id="m100">eraRerate.eraRerateTestNGSlow#testMethod1</h3><table class="result"><tr class="param"><th>Parameter #1</th><th>Parameter #2</th><th>Parameter #3</th><th>Parameter #4</th><th>Parameter #5</th><th>Parameter #6</th><th>Parameter #7</th><th>Parameter #8</th><th>Parameter #9</th><th>Parameter #10</th><th>Parameter #11</th><th>Parameter #12</th><th>Parameter #13</th><th>Parameter #14</th><th>Parameter #15</th><th>Parameter #16</th><th>Parameter #17</th><th>Parameter #18</th><th>Parameter #19</th><th>Parameter #20</th><th>Parameter #21</th><th>Parameter #22</th><th>Parameter #23</th><th>Parameter #24</th><th>Parameter #25</th><th>Parameter #26</th><th>Parameter #27</th><th>Parameter #28</th><th>Parameter #29</th></tr><tr class="param stripe"><td>fail</td><td>This selection contains bundled shipments. Bundled rerate is not available.</td><td>269035</td><td>1</td><td>114848587300</td><td>716098071</td><td></td><td></td><td></td><td></td><td></td><td></td><td></td><td></td><td></td><td></td><td></td><td></td><td></td><td></td><td>date</td><td>USA</td><td>5194105</td><td>eF5eh1fH</td><td>DM</td><td>EP</td><td>Change the ship date to current date while rerating</td><td></td><td>7</td></tr></table><p class="totop"><a href="#summary">back to summary</a></p>
<h3 id="m101">eraRerate.eraRerateTestNGSlow#testMethod1</h3><table class="result"><tr class="param"><th>Parameter #1</th><th>Parameter #2</th><th>Parameter #3</th><th>Parameter #4</th><th>Parameter #5</th><th>Parameter #6</th><th>Parameter #7</th><th>Parameter #8</th><th>Parameter #9</th><th>Parameter #10</th><th>Parameter #11</th><th>Parameter #12</th><th>Parameter #13</th><th>Parameter #14</th><th>Parameter #15</th><th>Parameter #16</th><th>Parameter #17</th><th>Parameter #18</th><th>Parameter #19</th><th>Parameter #20</th><th>Parameter #21</th><th>Parameter #22</th><th>Parameter #23</th><th>Parameter #24</th><th>Parameter #25</th><th>Parameter #26</th><th>Parameter #27</th><th>Parameter #28</th><th>Parameter #29</th></tr><tr class="param stripe"><td>fail</td><td>This selection contains bundled shipments. Bundled rerate is not available.</td><td>269161</td><td>1</td><td>578087847893</td><td>716097570</td><td></td><td></td><td></td><td></td><td></td><td></td><td></td><td></td><td></td><td></td><td></td><td>Overnight freight (39)</td><td></td><td></td><td>service</td><td>USA</td><td>5194105</td><td>eF5eh1fH</td><td>DM</td><td>EP</td><td>Change the service to Fedex Overnight freight (39)</td><td></td><td>82</td></tr></table><p class="totop"><a href="#summary">back to summary</a></p>
<h3 id="m102">eraRerate.eraRerateTestNGSlow#testMethod1</h3><table class="result"><tr class="param"><th>Parameter #1</th><th>Parameter #2</th><th>Parameter #3</th><th>Parameter #4</th><th>Parameter #5</th><th>Parameter #6</th><th>Parameter #7</th><th>Parameter #8</th><th>Parameter #9</th><th>Parameter #10</th><th>Parameter #11</th><th>Parameter #12</th><th>Parameter #13</th><th>Parameter #14</th><th>Parameter #15</th><th>Parameter #16</th><th>Parameter #17</th><th>Parameter #18</th><th>Parameter #19</th><th>Parameter #20</th><th>Parameter #21</th><th>Parameter #22</th><th>Parameter #23</th><th>Parameter #24</th><th>Parameter #25</th><th>Parameter #26</th><th>Parameter #27</th><th>Parameter #28</th><th>Parameter #29</th></tr><tr class="param stripe"><td>fail</td><td>Failed on Entering Tracking Number</td><td>271663</td><td>1</td><td>958282719573</td><td>388218257</td><td></td><td>69</td><td></td><td>LB</td><td></td><td></td><td></td><td></td><td>IN</td><td></td><td>601128497</td><td></td><td></td><td></td><td>weight</td><td>EMEA</td><td>3735811</td><td>July2021</td><td>IL</td><td>EP</td><td>Rerated Dimensions : 30 x 10&apos;x 10&apos; IN</td><td></td><td>68</td></tr></table><p class="totop"><a href="#summary">back to summary</a></p>
<h3 id="m103">eraRerate.eraRerateTestNGSlow#testMethod1</h3><table class="result"><tr class="param"><th>Parameter #1</th><th>Parameter #2</th><th>Parameter #3</th><th>Parameter #4</th><th>Parameter #5</th><th>Parameter #6</th><th>Parameter #7</th><th>Parameter #8</th><th>Parameter #9</th><th>Parameter #10</th><th>Parameter #11</th><th>Parameter #12</th><th>Parameter #13</th><th>Parameter #14</th><th>Parameter #15</th><th>Parameter #16</th><th>Parameter #17</th><th>Parameter #18</th><th>Parameter #19</th><th>Parameter #20</th><th>Parameter #21</th><th>Parameter #22</th><th>Parameter #23</th><th>Parameter #24</th><th>Parameter #25</th><th>Parameter #26</th><th>Parameter #27</th><th>Parameter #28</th><th>Parameter #29</th></tr><tr class="param stripe"><td></td><td></td><td>270715</td><td>1</td><td>393376982757</td><td>244862063</td><td></td><td></td><td></td><td></td><td>30</td><td>10</td><td>10</td><td></td><td>IN</td><td></td><td>604852692</td><td></td><td></td><td></td><td>dims</td><td>CAN</td><td>3735812</td><td>July2021</td><td>IL</td><td>EP</td><td>Rerated Dimensions :  : 27&quot;&quot; x 28&quot;&quot; x 12&quot;&quot; IN&quot;</td><td></td><td>88</td></tr></table><p class="totop"><a href="#summary">back to summary</a></p>
<h3 id="m104">eraRerate.eraRerateTestNGSlow#testMethod1</h3><table class="result"><tr class="param"><th>Parameter #1</th><th>Parameter #2</th><th>Parameter #3</th><th>Parameter #4</th><th>Parameter #5</th><th>Parameter #6</th><th>Parameter #7</th><th>Parameter #8</th><th>Parameter #9</th><th>Parameter #10</th><th>Parameter #11</th><th>Parameter #12</th><th>Parameter #13</th><th>Parameter #14</th><th>Parameter #15</th><th>Parameter #16</th><th>Parameter #17</th><th>Parameter #18</th><th>Parameter #19</th><th>Parameter #20</th><th>Parameter #21</th><th>Parameter #22</th><th>Parameter #23</th><th>Parameter #24</th><th>Parameter #25</th><th>Parameter #26</th><th>Parameter #27</th><th>Parameter #28</th><th>Parameter #29</th></tr><tr class="param stripe"><td>fail</td><td>Failed Selecting Contact Method and Clicking Continue</td><td>270560</td><td>2</td><td>562901551111</td><td>832808858</td><td></td><td></td><td></td><td></td><td></td><td></td><td></td><td></td><td>IN</td><td></td><td>700666875</td><td></td><td></td><td></td><td>date</td><td>LAC</td><td>3715501</td><td>Online10</td><td>IL</td><td>EP</td><td>Rerated Dimensions :  : 27&quot;&quot; x 28&quot;&quot; x 12&quot;&quot; IN&quot;</td><td></td><td>28</td></tr></table><p class="totop"><a href="#summary">back to summary</a></p>
<h3 id="m105">eraRerate.eraRerateTestNGSlow#testMethod1</h3><table class="result"><tr class="param"><th>Parameter #1</th><th>Parameter #2</th><th>Parameter #3</th><th>Parameter #4</th><th>Parameter #5</th><th>Parameter #6</th><th>Parameter #7</th><th>Parameter #8</th><th>Parameter #9</th><th>Parameter #10</th><th>Parameter #11</th><th>Parameter #12</th><th>Parameter #13</th><th>Parameter #14</th><th>Parameter #15</th><th>Parameter #16</th><th>Parameter #17</th><th>Parameter #18</th><th>Parameter #19</th><th>Parameter #20</th><th>Parameter #21</th><th>Parameter #22</th><th>Parameter #23</th><th>Parameter #24</th><th>Parameter #25</th><th>Parameter #26</th><th>Parameter #27</th><th>Parameter #28</th><th>Parameter #29</th></tr><tr class="param stripe"><td>fail</td><td>This selection contains bundled shipments. Bundled rerate is not available.</td><td>269162</td><td>1</td><td>885528096449</td><td>716098071</td><td></td><td></td><td></td><td></td><td></td><td></td><td></td><td></td><td></td><td></td><td></td><td></td><td></td><td></td><td>date</td><td>USA</td><td>5194105</td><td>eF5eh1fH</td><td>DM</td><td>EP</td><td>Change the ship date to current date while rerating</td><td></td><td>40</td></tr></table><p class="totop"><a href="#summary">back to summary</a></p>
<h3 id="m106">eraRerate.eraRerateTestNGSlow#testMethod1</h3><table class="result"><tr class="param"><th>Parameter #1</th><th>Parameter #2</th><th>Parameter #3</th><th>Parameter #4</th><th>Parameter #5</th><th>Parameter #6</th><th>Parameter #7</th><th>Parameter #8</th><th>Parameter #9</th><th>Parameter #10</th><th>Parameter #11</th><th>Parameter #12</th><th>Parameter #13</th><th>Parameter #14</th><th>Parameter #15</th><th>Parameter #16</th><th>Parameter #17</th><th>Parameter #18</th><th>Parameter #19</th><th>Parameter #20</th><th>Parameter #21</th><th>Parameter #22</th><th>Parameter #23</th><th>Parameter #24</th><th>Parameter #25</th><th>Parameter #26</th><th>Parameter #27</th><th>Parameter #28</th><th>Parameter #29</th></tr><tr class="param stripe"><td>fail</td><td>Failed Selecting Contact Method and Clicking Continue</td><td>194522</td><td>2</td><td>233382745857</td><td>244862171</td><td></td><td></td><td></td><td></td><td></td><td></td><td></td><td>Y</td><td></td><td></td><td></td><td>Priority Overnight</td><td>01 - INTL PRIORITY BOX</td><td></td><td>service</td><td>CAN</td><td>3735812</td><td>July2021</td><td>IL</td><td>EP</td><td>26 - FedEx Economy</td><td>Service Change</td><td>70</td></tr></table><p class="totop"><a href="#summary">back to summary</a></p>
<h3 id="m107">eraRerate.eraRerateTestNGSlow#testMethod1</h3><table class="result"><tr class="param"><th>Parameter #1</th><th>Parameter #2</th><th>Parameter #3</th><th>Parameter #4</th><th>Parameter #5</th><th>Parameter #6</th><th>Parameter #7</th><th>Parameter #8</th><th>Parameter #9</th><th>Parameter #10</th><th>Parameter #11</th><th>Parameter #12</th><th>Parameter #13</th><th>Parameter #14</th><th>Parameter #15</th><th>Parameter #16</th><th>Parameter #17</th><th>Parameter #18</th><th>Parameter #19</th><th>Parameter #20</th><th>Parameter #21</th><th>Parameter #22</th><th>Parameter #23</th><th>Parameter #24</th><th>Parameter #25</th><th>Parameter #26</th><th>Parameter #27</th><th>Parameter #28</th><th>Parameter #29</th></tr><tr class="param stripe"><td></td><td></td><td>250471</td><td>1</td><td>932929164475</td><td>716098231</td><td></td><td></td><td></td><td></td><td>50</td><td></td><td></td><td>Y</td><td>IN</td><td></td><td>600850350</td><td></td><td></td><td></td><td>dim</td><td>USA</td><td>5194105</td><td>eF5eh1fH</td><td>DM</td><td>EP</td><td>less than 72 length</td><td></td><td>75</td></tr></table><p class="totop"><a href="#summary">back to summary</a></p>
<h3 id="m108">eraRerate.eraRerateTestNGSlow#testMethod1</h3><table class="result"><tr class="param"><th>Parameter #1</th><th>Parameter #2</th><th>Parameter #3</th><th>Parameter #4</th><th>Parameter #5</th><th>Parameter #6</th><th>Parameter #7</th><th>Parameter #8</th><th>Parameter #9</th><th>Parameter #10</th><th>Parameter #11</th><th>Parameter #12</th><th>Parameter #13</th><th>Parameter #14</th><th>Parameter #15</th><th>Parameter #16</th><th>Parameter #17</th><th>Parameter #18</th><th>Parameter #19</th><th>Parameter #20</th><th>Parameter #21</th><th>Parameter #22</th><th>Parameter #23</th><th>Parameter #24</th><th>Parameter #25</th><th>Parameter #26</th><th>Parameter #27</th><th>Parameter #28</th><th>Parameter #29</th></tr><tr class="param stripe"><td>fail</td><td>Failed Selecting Contact Method and Clicking Continue</td><td>226562</td><td>2</td><td>575664389859</td><td>273174991</td><td></td><td></td><td></td><td></td><td></td><td></td><td></td><td>Y</td><td></td><td></td><td></td><td></td><td>01 - INTL PRIORITY BOX</td><td></td><td>service</td><td>EMEA</td><td>3735811</td><td>July2021</td><td>IL</td><td>EP</td><td></td><td>Service Change</td><td>50</td></tr></table><p class="totop"><a href="#summary">back to summary</a></p>
<h3 id="m109">eraRerate.eraRerateTestNGSlow#testMethod1</h3><table class="result"><tr class="param"><th>Parameter #1</th><th>Parameter #2</th><th>Parameter #3</th><th>Parameter #4</th><th>Parameter #5</th><th>Parameter #6</th><th>Parameter #7</th><th>Parameter #8</th><th>Parameter #9</th><th>Parameter #10</th><th>Parameter #11</th><th>Parameter #12</th><th>Parameter #13</th><th>Parameter #14</th><th>Parameter #15</th><th>Parameter #16</th><th>Parameter #17</th><th>Parameter #18</th><th>Parameter #19</th><th>Parameter #20</th><th>Parameter #21</th><th>Parameter #22</th><th>Parameter #23</th><th>Parameter #24</th><th>Parameter #25</th><th>Parameter #26</th><th>Parameter #27</th><th>Parameter #28</th><th>Parameter #29</th></tr><tr class="param stripe"><td>fail</td><td>Could Not Get To Charge Code Details</td><td>269014</td><td>1</td><td>188862256580</td><td>716098071</td><td></td><td></td><td></td><td></td><td></td><td></td><td></td><td></td><td></td><td></td><td></td><td></td><td></td><td></td><td>date</td><td>USA</td><td>5194105</td><td>eF5eh1fH</td><td>DM</td><td>EP</td><td>Change the ship date to current date while rerating</td><td></td><td>62</td></tr></table><p class="totop"><a href="#summary">back to summary</a></p>
<h3 id="m110">eraRerate.eraRerateTestNGSlow#testMethod1</h3><table class="result"><tr class="param"><th>Parameter #1</th><th>Parameter #2</th><th>Parameter #3</th><th>Parameter #4</th><th>Parameter #5</th><th>Parameter #6</th><th>Parameter #7</th><th>Parameter #8</th><th>Parameter #9</th><th>Parameter #10</th><th>Parameter #11</th><th>Parameter #12</th><th>Parameter #13</th><th>Parameter #14</th><th>Parameter #15</th><th>Parameter #16</th><th>Parameter #17</th><th>Parameter #18</th><th>Parameter #19</th><th>Parameter #20</th><th>Parameter #21</th><th>Parameter #22</th><th>Parameter #23</th><th>Parameter #24</th><th>Parameter #25</th><th>Parameter #26</th><th>Parameter #27</th><th>Parameter #28</th><th>Parameter #29</th></tr><tr class="param stripe"><td>fail</td><td>Failed on Entering Tracking Number</td><td>270131</td><td>1</td><td>107132290293</td><td>127971114</td><td></td><td></td><td></td><td></td><td></td><td></td><td></td><td></td><td></td><td></td><td></td><td></td><td></td><td></td><td>none</td><td>EMEA</td><td>3735811</td><td>July2021</td><td>IL</td><td>EP</td><td>No Change</td><td>No Change</td><td>66</td></tr></table><p class="totop"><a href="#summary">back to summary</a></p>
<h3 id="m111">eraRerate.eraRerateTestNGSlow#testMethod1</h3><table class="result"><tr class="param"><th>Parameter #1</th><th>Parameter #2</th><th>Parameter #3</th><th>Parameter #4</th><th>Parameter #5</th><th>Parameter #6</th><th>Parameter #7</th><th>Parameter #8</th><th>Parameter #9</th><th>Parameter #10</th><th>Parameter #11</th><th>Parameter #12</th><th>Parameter #13</th><th>Parameter #14</th><th>Parameter #15</th><th>Parameter #16</th><th>Parameter #17</th><th>Parameter #18</th><th>Parameter #19</th><th>Parameter #20</th><th>Parameter #21</th><th>Parameter #22</th><th>Parameter #23</th><th>Parameter #24</th><th>Parameter #25</th><th>Parameter #26</th><th>Parameter #27</th><th>Parameter #28</th><th>Parameter #29</th></tr><tr class="param stripe"><td>fail</td><td>Failed on Entering Tracking Number</td><td>270067</td><td>1</td><td>996244047287</td><td>914414708</td><td></td><td>69</td><td></td><td>LB</td><td></td><td></td><td></td><td></td><td></td><td></td><td>600601679</td><td></td><td></td><td></td><td>weight</td><td>LAC</td><td>3715501</td><td>Online10</td><td>IL</td><td>EP</td><td>After Second Rerate:</td><td></td><td>43</td></tr></table><p class="totop"><a href="#summary">back to summary</a></p>
<h3 id="m112">eraRerate.eraRerateTestNGSlow#testMethod1</h3><table class="result"><tr class="param"><th>Parameter #1</th><th>Parameter #2</th><th>Parameter #3</th><th>Parameter #4</th><th>Parameter #5</th><th>Parameter #6</th><th>Parameter #7</th><th>Parameter #8</th><th>Parameter #9</th><th>Parameter #10</th><th>Parameter #11</th><th>Parameter #12</th><th>Parameter #13</th><th>Parameter #14</th><th>Parameter #15</th><th>Parameter #16</th><th>Parameter #17</th><th>Parameter #18</th><th>Parameter #19</th><th>Parameter #20</th><th>Parameter #21</th><th>Parameter #22</th><th>Parameter #23</th><th>Parameter #24</th><th>Parameter #25</th><th>Parameter #26</th><th>Parameter #27</th><th>Parameter #28</th><th>Parameter #29</th></tr><tr class="param stripe"><td>fail</td><td>Failed on Entering Tracking Number</td><td>271523</td><td>1</td><td>660914081360</td><td>330870627</td><td></td><td>69</td><td></td><td>LB</td><td></td><td></td><td></td><td></td><td>IN</td><td></td><td>318844186</td><td></td><td></td><td></td><td>weight</td><td>USA</td><td>5194105</td><td>eF5eh1fH</td><td>IL</td><td>EP</td><td>Rerated Dimensions : 45&apos;&apos; x 20 &apos;&apos;x 20 &apos;&apos; IN</td><td></td><td>18</td></tr></table><p class="totop"><a href="#summary">back to summary</a></p>
<h3 id="m113">eraRerate.eraRerateTestNGSlow#testMethod1</h3><table class="result"><tr class="param"><th>Parameter #1</th><th>Parameter #2</th><th>Parameter #3</th><th>Parameter #4</th><th>Parameter #5</th><th>Parameter #6</th><th>Parameter #7</th><th>Parameter #8</th><th>Parameter #9</th><th>Parameter #10</th><th>Parameter #11</th><th>Parameter #12</th><th>Parameter #13</th><th>Parameter #14</th><th>Parameter #15</th><th>Parameter #16</th><th>Parameter #17</th><th>Parameter #18</th><th>Parameter #19</th><th>Parameter #20</th><th>Parameter #21</th><th>Parameter #22</th><th>Parameter #23</th><th>Parameter #24</th><th>Parameter #25</th><th>Parameter #26</th><th>Parameter #27</th><th>Parameter #28</th><th>Parameter #29</th></tr><tr class="param stripe"><td></td><td></td><td>262870</td><td>1</td><td>321511552410</td><td>776042641</td><td></td><td></td><td></td><td></td><td>2</td><td>2</td><td>2</td><td>Y</td><td></td><td></td><td></td><td></td><td></td><td></td><td>dim</td><td>APAC</td><td>3726698</td><td>July2021</td><td>IL</td><td>EP</td><td></td><td>Dims Change</td><td>61</td></tr></table><p class="totop"><a href="#summary">back to summary</a></p>
</body>
</html>
