<html>
<head>
<title>TestNG:  era Rerate Test</title>
<link href="../testng.css" rel="stylesheet" type="text/css" />
<link href="../my-testng.css" rel="stylesheet" type="text/css" />

<style type="text/css">
.log { display: none;} 
.stack-trace { display: none;} 
</style>
<script type="text/javascript">
<!--
function flip(e) {
  current = e.style.display;
  if (current == 'block') {
    e.style.display = 'none';
    return 0;
  }
  else {
    e.style.display = 'block';
    return 1;
  }
}

function toggleBox(szDivId, elem, msg1, msg2)
{
  var res = -1;  if (document.getElementById) {
    res = flip(document.getElementById(szDivId));
  }
  else if (document.all) {
    // this is the way old msie versions work
    res = flip(document.all[szDivId]);
  }
  if(elem) {
    if(res == 0) elem.innerHTML = msg1; else elem.innerHTML = msg2;
  }

}

function toggleAllBoxes() {
  if (document.getElementsByTagName) {
    d = document.getElementsByTagName('div');
    for (i = 0; i < d.length; i++) {
      if (d[i].className == 'log') {
        flip(d[i]);
      }
    }
  }
}

// -->
</script>

</head>
<body>
<h2 align='center'>era Rerate Test</h2><table border='1' align="center">
<tr>
<td>Tests passed/Failed/Skipped:</td><td>65/26/23</td>
</tr><tr>
<td>Started on:</td><td>Fri Apr 23 20:39:58 UTC 2021</td>
</tr>
<tr><td>Total time:</td><td>3122 seconds (3122477 ms)</td>
</tr><tr>
<td>Included groups:</td><td></td>
</tr><tr>
<td>Excluded groups:</td><td></td>
</tr>
</table><p/>
<small><i>(Hover the method name to see the test class name)</i></small><p/>
<table width='100%' border='1' class='invocation-failed'>
<tr><td colspan='4' align='center'><b>FAILED TESTS</b></td></tr>
<tr><td><b>Test method</b></td>
<td width="30%"><b>Exception</b></td>
<td width="10%"><b>Time (seconds)</b></td>
<td><b>Instance</b></td>
</tr>
<tr>
<td title='eraRerate.eraRerateTestNGSlow.testMethod1()'><b>testMethod1</b><br>Test class: eraRerate.eraRerateTestNGSlow<br>Parameters: fail,  7812
Cut Flowers not allowed for service and packaging provided, 137335, 1, 619586437458, 811647180, , 200, 200, , , , , , , , , , , , weight, LAC, 3715501, Online10, IL, EP, Weight Change to 200, , 1</td>
<td><div><pre>java.lang.AssertionError: After Rerate Click No Data Came -- Unknown Error
	at eraRerate.eraRerateTestNGSlow.doEraRerate(eraRerateTestNGSlow.java:1287)
	at eraRerate.eraRerateTestNGSlow.testMethod1(eraRerateTestNGSlow.java:574)
	at java.base/java.util.concurrent.ThreadPoolExecutor.runWorker(ThreadPoolExecutor.java:1128)
	at java.base/java.util.concurrent.ThreadPoolExecutor$Worker.run(ThreadPoolExecutor.java:628)
	at java.base/java.lang.Thread.run(Thread.java:834)
... Removed 13 stack frames</pre></div><a href='#' onClick='toggleBox("stack-trace1218971061", this, "Click to show all stack frames", "Click to hide stack frames")'>Click to show all stack frames</a>
<div class='stack-trace' id='stack-trace1218971061'><pre>java.lang.AssertionError: After Rerate Click No Data Came -- Unknown Error
	at org.testng.Assert.fail(Assert.java:99)
	at eraRerate.eraRerateTestNGSlow.doEraRerate(eraRerateTestNGSlow.java:1287)
	at eraRerate.eraRerateTestNGSlow.testMethod1(eraRerateTestNGSlow.java:574)
	at java.base/jdk.internal.reflect.NativeMethodAccessorImpl.invoke0(Native Method)
	at java.base/jdk.internal.reflect.NativeMethodAccessorImpl.invoke(NativeMethodAccessorImpl.java:62)
	at java.base/jdk.internal.reflect.DelegatingMethodAccessorImpl.invoke(DelegatingMethodAccessorImpl.java:43)
	at java.base/java.lang.reflect.Method.invoke(Method.java:566)
	at org.testng.internal.MethodInvocationHelper.invokeMethod(MethodInvocationHelper.java:132)
	at org.testng.internal.TestInvoker.invokeMethod(TestInvoker.java:599)
	at org.testng.internal.TestInvoker.retryFailed(TestInvoker.java:214)
	at org.testng.internal.MethodRunner.runInSequence(MethodRunner.java:58)
	at org.testng.internal.TestInvoker$MethodInvocationAgent.invoke(TestInvoker.java:822)
	at org.testng.internal.TestInvoker.invokeTestMethods(TestInvoker.java:147)
	at org.testng.internal.TestMethodWorker.invokeTestMethods(TestMethodWorker.java:146)
	at org.testng.internal.TestMethodWorker.run(TestMethodWorker.java:128)
	at java.base/java.util.concurrent.ThreadPoolExecutor.runWorker(ThreadPoolExecutor.java:1128)
	at java.base/java.util.concurrent.ThreadPoolExecutor$Worker.run(ThreadPoolExecutor.java:628)
	at java.base/java.lang.Thread.run(Thread.java:834)
</pre></div></td>
<td>37</td>
<td>eraRerate.eraRerateTestNGSlow@5af97850</td></tr>
<tr>
<td title='eraRerate.eraRerateTestNGSlow.testMethod1()'><b>testMethod1</b><br>Test class: eraRerate.eraRerateTestNGSlow<br>Parameters: fail, Failed on Entering Tracking Number, 226571, 1, 517873933286, 330872052, , , , , , , , , , , , , , , service, USA, 5194105, eF5eh1fH, IL, EP, Service Change to 01, , 2</td>
<td><div><pre>org.openqa.selenium.NoSuchElementException: Cannot locate element with text: 
For documentation on this error, please visit: https://www.seleniumhq.org/exceptions/no_such_element.html
Build info: version: &apos;3.141.59&apos;, revision: &apos;e82be7d358&apos;, time: &apos;2018-11-14T08:25:48&apos;
System info: host: &apos;C0016390&apos;, ip: &apos;10.242.69.100&apos;, os.name: &apos;Windows Server 2016&apos;, os.arch: &apos;amd64&apos;, os.version: &apos;10.0&apos;, java.version: &apos;11.0.6&apos;
Driver info: driver.version: unknown
	at org.openqa.selenium.support.ui.Select.selectByVisibleText(Select.java:147)
	at eraRerate.eraRerateTestNGSlow.doEraRerate(eraRerateTestNGSlow.java:1228)
	at eraRerate.eraRerateTestNGSlow.testMethod1(eraRerateTestNGSlow.java:574)
	at java.base/java.util.concurrent.ThreadPoolExecutor.runWorker(ThreadPoolExecutor.java:1128)
	at java.base/java.util.concurrent.ThreadPoolExecutor$Worker.run(ThreadPoolExecutor.java:628)
	at java.base/java.lang.Thread.run(Thread.java:834)
... Removed 12 stack frames</pre></div><a href='#' onClick='toggleBox("stack-trace1744156428", this, "Click to show all stack frames", "Click to hide stack frames")'>Click to show all stack frames</a>
<div class='stack-trace' id='stack-trace1744156428'><pre>org.openqa.selenium.NoSuchElementException: Cannot locate element with text: 
For documentation on this error, please visit: https://www.seleniumhq.org/exceptions/no_such_element.html
Build info: version: &apos;3.141.59&apos;, revision: &apos;e82be7d358&apos;, time: &apos;2018-11-14T08:25:48&apos;
System info: host: &apos;C0016390&apos;, ip: &apos;10.242.69.100&apos;, os.name: &apos;Windows Server 2016&apos;, os.arch: &apos;amd64&apos;, os.version: &apos;10.0&apos;, java.version: &apos;11.0.6&apos;
Driver info: driver.version: unknown
	at org.openqa.selenium.support.ui.Select.selectByVisibleText(Select.java:147)
	at eraRerate.eraRerateTestNGSlow.doEraRerate(eraRerateTestNGSlow.java:1228)
	at eraRerate.eraRerateTestNGSlow.testMethod1(eraRerateTestNGSlow.java:574)
	at java.base/jdk.internal.reflect.NativeMethodAccessorImpl.invoke0(Native Method)
	at java.base/jdk.internal.reflect.NativeMethodAccessorImpl.invoke(NativeMethodAccessorImpl.java:62)
	at java.base/jdk.internal.reflect.DelegatingMethodAccessorImpl.invoke(DelegatingMethodAccessorImpl.java:43)
	at java.base/java.lang.reflect.Method.invoke(Method.java:566)
	at org.testng.internal.MethodInvocationHelper.invokeMethod(MethodInvocationHelper.java:132)
	at org.testng.internal.TestInvoker.invokeMethod(TestInvoker.java:599)
	at org.testng.internal.TestInvoker.retryFailed(TestInvoker.java:214)
	at org.testng.internal.MethodRunner.runInSequence(MethodRunner.java:58)
	at org.testng.internal.TestInvoker$MethodInvocationAgent.invoke(TestInvoker.java:822)
	at org.testng.internal.TestInvoker.invokeTestMethods(TestInvoker.java:147)
	at org.testng.internal.TestMethodWorker.invokeTestMethods(TestMethodWorker.java:146)
	at org.testng.internal.TestMethodWorker.run(TestMethodWorker.java:128)
	at java.base/java.util.concurrent.ThreadPoolExecutor.runWorker(ThreadPoolExecutor.java:1128)
	at java.base/java.util.concurrent.ThreadPoolExecutor$Worker.run(ThreadPoolExecutor.java:628)
	at java.base/java.lang.Thread.run(Thread.java:834)
</pre></div></td>
<td>53</td>
<td>eraRerate.eraRerateTestNGSlow@5af97850</td></tr>
<tr>
<td title='eraRerate.eraRerateTestNGSlow.testMethod1()'><b>testMethod1</b><br>Test class: eraRerate.eraRerateTestNGSlow<br>Parameters: fail, , 252411, 1, 750542654868, 811647129, , 35, , LB, 48, 5, 5, Y, IN, 1, 600700839, , , 1, weight,dim, LAC, 3715501, Online10, IL, EP, , , 3</td>
<td><div><pre>java.lang.AssertionError: Adjustment can not be done for discount amount
	at eraRerate.eraRerateTestNGSlow.doEraRerate(eraRerateTestNGSlow.java:1457)
	at eraRerate.eraRerateTestNGSlow.testMethod1(eraRerateTestNGSlow.java:574)
	at java.base/java.util.concurrent.ThreadPoolExecutor.runWorker(ThreadPoolExecutor.java:1128)
	at java.base/java.util.concurrent.ThreadPoolExecutor$Worker.run(ThreadPoolExecutor.java:628)
	at java.base/java.lang.Thread.run(Thread.java:834)
... Removed 13 stack frames</pre></div><a href='#' onClick='toggleBox("stack-trace1478496042", this, "Click to show all stack frames", "Click to hide stack frames")'>Click to show all stack frames</a>
<div class='stack-trace' id='stack-trace1478496042'><pre>java.lang.AssertionError: Adjustment can not be done for discount amount
	at org.testng.Assert.fail(Assert.java:99)
	at eraRerate.eraRerateTestNGSlow.doEraRerate(eraRerateTestNGSlow.java:1457)
	at eraRerate.eraRerateTestNGSlow.testMethod1(eraRerateTestNGSlow.java:574)
	at java.base/jdk.internal.reflect.NativeMethodAccessorImpl.invoke0(Native Method)
	at java.base/jdk.internal.reflect.NativeMethodAccessorImpl.invoke(NativeMethodAccessorImpl.java:62)
	at java.base/jdk.internal.reflect.DelegatingMethodAccessorImpl.invoke(DelegatingMethodAccessorImpl.java:43)
	at java.base/java.lang.reflect.Method.invoke(Method.java:566)
	at org.testng.internal.MethodInvocationHelper.invokeMethod(MethodInvocationHelper.java:132)
	at org.testng.internal.TestInvoker.invokeMethod(TestInvoker.java:599)
	at org.testng.internal.TestInvoker.retryFailed(TestInvoker.java:214)
	at org.testng.internal.MethodRunner.runInSequence(MethodRunner.java:58)
	at org.testng.internal.TestInvoker$MethodInvocationAgent.invoke(TestInvoker.java:822)
	at org.testng.internal.TestInvoker.invokeTestMethods(TestInvoker.java:147)
	at org.testng.internal.TestMethodWorker.invokeTestMethods(TestMethodWorker.java:146)
	at org.testng.internal.TestMethodWorker.run(TestMethodWorker.java:128)
	at java.base/java.util.concurrent.ThreadPoolExecutor.runWorker(ThreadPoolExecutor.java:1128)
	at java.base/java.util.concurrent.ThreadPoolExecutor$Worker.run(ThreadPoolExecutor.java:628)
	at java.base/java.lang.Thread.run(Thread.java:834)
</pre></div></td>
<td>44</td>
<td>eraRerate.eraRerateTestNGSlow@5af97850</td></tr>
<tr>
<td title='eraRerate.eraRerateTestNGSlow.testMethod1()'><b>testMethod1</b><br>Test class: eraRerate.eraRerateTestNGSlow<br>Parameters: fail,  7812
Cut Flowers not allowed for service and packaging provided, 252442, 1, 718958281423, 388218281, , 70, , KG, 65, , , Y, IN, 2, 600600850, , , 1, weight,dim, EMEA, 3735811, July2021, IL, EP, weight,dim, , 4</td>
<td><div><pre>java.lang.AssertionError: After Rerate Click No Data Came -- Unknown Error
	at eraRerate.eraRerateTestNGSlow.doEraRerate(eraRerateTestNGSlow.java:1287)
	at eraRerate.eraRerateTestNGSlow.testMethod1(eraRerateTestNGSlow.java:574)
	at java.base/java.util.concurrent.ThreadPoolExecutor.runWorker(ThreadPoolExecutor.java:1128)
	at java.base/java.util.concurrent.ThreadPoolExecutor$Worker.run(ThreadPoolExecutor.java:628)
	at java.base/java.lang.Thread.run(Thread.java:834)
... Removed 13 stack frames</pre></div><a href='#' onClick='toggleBox("stack-trace1653490083", this, "Click to show all stack frames", "Click to hide stack frames")'>Click to show all stack frames</a>
<div class='stack-trace' id='stack-trace1653490083'><pre>java.lang.AssertionError: After Rerate Click No Data Came -- Unknown Error
	at org.testng.Assert.fail(Assert.java:99)
	at eraRerate.eraRerateTestNGSlow.doEraRerate(eraRerateTestNGSlow.java:1287)
	at eraRerate.eraRerateTestNGSlow.testMethod1(eraRerateTestNGSlow.java:574)
	at java.base/jdk.internal.reflect.NativeMethodAccessorImpl.invoke0(Native Method)
	at java.base/jdk.internal.reflect.NativeMethodAccessorImpl.invoke(NativeMethodAccessorImpl.java:62)
	at java.base/jdk.internal.reflect.DelegatingMethodAccessorImpl.invoke(DelegatingMethodAccessorImpl.java:43)
	at java.base/java.lang.reflect.Method.invoke(Method.java:566)
	at org.testng.internal.MethodInvocationHelper.invokeMethod(MethodInvocationHelper.java:132)
	at org.testng.internal.TestInvoker.invokeMethod(TestInvoker.java:599)
	at org.testng.internal.TestInvoker.retryFailed(TestInvoker.java:214)
	at org.testng.internal.MethodRunner.runInSequence(MethodRunner.java:58)
	at org.testng.internal.TestInvoker$MethodInvocationAgent.invoke(TestInvoker.java:822)
	at org.testng.internal.TestInvoker.invokeTestMethods(TestInvoker.java:147)
	at org.testng.internal.TestMethodWorker.invokeTestMethods(TestMethodWorker.java:146)
	at org.testng.internal.TestMethodWorker.run(TestMethodWorker.java:128)
	at java.base/java.util.concurrent.ThreadPoolExecutor.runWorker(ThreadPoolExecutor.java:1128)
	at java.base/java.util.concurrent.ThreadPoolExecutor$Worker.run(ThreadPoolExecutor.java:628)
	at java.base/java.lang.Thread.run(Thread.java:834)
</pre></div></td>
<td>39</td>
<td>eraRerate.eraRerateTestNGSlow@5af97850</td></tr>
<tr>
<td title='eraRerate.eraRerateTestNGSlow.testMethod1()'><b>testMethod1</b><br>Test class: eraRerate.eraRerateTestNGSlow<br>Parameters: fail, Failed Selecting Contact Method and Clicking Continue, 252459, 1, 667017028873, 914414711, , 68, , KG, 155, 25, 25, Y, CM, 1, 600601679, , , 1, weight,dim, LAC, 3715501, Online10, IL, EP, , , 5</td>
<td><div><pre>java.lang.AssertionError: 
	at eraRerate.eraRerateTestNGSlow.doEraRerate(eraRerateTestNGSlow.java:1457)
	at eraRerate.eraRerateTestNGSlow.testMethod1(eraRerateTestNGSlow.java:574)
	at java.base/java.util.concurrent.ThreadPoolExecutor.runWorker(ThreadPoolExecutor.java:1128)
	at java.base/java.util.concurrent.ThreadPoolExecutor$Worker.run(ThreadPoolExecutor.java:628)
	at java.base/java.lang.Thread.run(Thread.java:834)
... Removed 13 stack frames</pre></div><a href='#' onClick='toggleBox("stack-trace1228631344", this, "Click to show all stack frames", "Click to hide stack frames")'>Click to show all stack frames</a>
<div class='stack-trace' id='stack-trace1228631344'><pre>java.lang.AssertionError: 
	at org.testng.Assert.fail(Assert.java:99)
	at eraRerate.eraRerateTestNGSlow.doEraRerate(eraRerateTestNGSlow.java:1457)
	at eraRerate.eraRerateTestNGSlow.testMethod1(eraRerateTestNGSlow.java:574)
	at java.base/jdk.internal.reflect.NativeMethodAccessorImpl.invoke0(Native Method)
	at java.base/jdk.internal.reflect.NativeMethodAccessorImpl.invoke(NativeMethodAccessorImpl.java:62)
	at java.base/jdk.internal.reflect.DelegatingMethodAccessorImpl.invoke(DelegatingMethodAccessorImpl.java:43)
	at java.base/java.lang.reflect.Method.invoke(Method.java:566)
	at org.testng.internal.MethodInvocationHelper.invokeMethod(MethodInvocationHelper.java:132)
	at org.testng.internal.TestInvoker.invokeMethod(TestInvoker.java:599)
	at org.testng.internal.TestInvoker.retryFailed(TestInvoker.java:214)
	at org.testng.internal.MethodRunner.runInSequence(MethodRunner.java:58)
	at org.testng.internal.TestInvoker$MethodInvocationAgent.invoke(TestInvoker.java:822)
	at org.testng.internal.TestInvoker.invokeTestMethods(TestInvoker.java:147)
	at org.testng.internal.TestMethodWorker.invokeTestMethods(TestMethodWorker.java:146)
	at org.testng.internal.TestMethodWorker.run(TestMethodWorker.java:128)
	at java.base/java.util.concurrent.ThreadPoolExecutor.runWorker(ThreadPoolExecutor.java:1128)
	at java.base/java.util.concurrent.ThreadPoolExecutor$Worker.run(ThreadPoolExecutor.java:628)
	at java.base/java.lang.Thread.run(Thread.java:834)
</pre></div></td>
<td>48</td>
<td>eraRerate.eraRerateTestNGSlow@5af97850</td></tr>
<tr>
<td title='eraRerate.eraRerateTestNGSlow.testMethod1()'><b>testMethod1</b><br>Test class: eraRerate.eraRerateTestNGSlow<br>Parameters: , , 271754, 1, 572051359324, 858702035, , , , , , , , , , , , , , , service, EMEA, 3735811, July2021, IL, EP, SVC changed to RL, SVC changed to RL, 10</td>
<td><div><pre>org.openqa.selenium.NoSuchElementException: Cannot locate element with text: 
For documentation on this error, please visit: https://www.seleniumhq.org/exceptions/no_such_element.html
Build info: version: &apos;3.141.59&apos;, revision: &apos;e82be7d358&apos;, time: &apos;2018-11-14T08:25:48&apos;
System info: host: &apos;C0016390&apos;, ip: &apos;10.242.69.100&apos;, os.name: &apos;Windows Server 2016&apos;, os.arch: &apos;amd64&apos;, os.version: &apos;10.0&apos;, java.version: &apos;11.0.6&apos;
Driver info: driver.version: unknown
	at org.openqa.selenium.support.ui.Select.selectByVisibleText(Select.java:147)
	at eraRerate.eraRerateTestNGSlow.doEraRerate(eraRerateTestNGSlow.java:1228)
	at eraRerate.eraRerateTestNGSlow.testMethod1(eraRerateTestNGSlow.java:574)
	at java.base/java.util.concurrent.ThreadPoolExecutor.runWorker(ThreadPoolExecutor.java:1128)
	at java.base/java.util.concurrent.ThreadPoolExecutor$Worker.run(ThreadPoolExecutor.java:628)
	at java.base/java.lang.Thread.run(Thread.java:834)
... Removed 12 stack frames</pre></div><a href='#' onClick='toggleBox("stack-trace1464591402", this, "Click to show all stack frames", "Click to hide stack frames")'>Click to show all stack frames</a>
<div class='stack-trace' id='stack-trace1464591402'><pre>org.openqa.selenium.NoSuchElementException: Cannot locate element with text: 
For documentation on this error, please visit: https://www.seleniumhq.org/exceptions/no_such_element.html
Build info: version: &apos;3.141.59&apos;, revision: &apos;e82be7d358&apos;, time: &apos;2018-11-14T08:25:48&apos;
System info: host: &apos;C0016390&apos;, ip: &apos;10.242.69.100&apos;, os.name: &apos;Windows Server 2016&apos;, os.arch: &apos;amd64&apos;, os.version: &apos;10.0&apos;, java.version: &apos;11.0.6&apos;
Driver info: driver.version: unknown
	at org.openqa.selenium.support.ui.Select.selectByVisibleText(Select.java:147)
	at eraRerate.eraRerateTestNGSlow.doEraRerate(eraRerateTestNGSlow.java:1228)
	at eraRerate.eraRerateTestNGSlow.testMethod1(eraRerateTestNGSlow.java:574)
	at java.base/jdk.internal.reflect.NativeMethodAccessorImpl.invoke0(Native Method)
	at java.base/jdk.internal.reflect.NativeMethodAccessorImpl.invoke(NativeMethodAccessorImpl.java:62)
	at java.base/jdk.internal.reflect.DelegatingMethodAccessorImpl.invoke(DelegatingMethodAccessorImpl.java:43)
	at java.base/java.lang.reflect.Method.invoke(Method.java:566)
	at org.testng.internal.MethodInvocationHelper.invokeMethod(MethodInvocationHelper.java:132)
	at org.testng.internal.TestInvoker.invokeMethod(TestInvoker.java:599)
	at org.testng.internal.TestInvoker.retryFailed(TestInvoker.java:214)
	at org.testng.internal.MethodRunner.runInSequence(MethodRunner.java:58)
	at org.testng.internal.TestInvoker$MethodInvocationAgent.invoke(TestInvoker.java:822)
	at org.testng.internal.TestInvoker.invokeTestMethods(TestInvoker.java:147)
	at org.testng.internal.TestMethodWorker.invokeTestMethods(TestMethodWorker.java:146)
	at org.testng.internal.TestMethodWorker.run(TestMethodWorker.java:128)
	at java.base/java.util.concurrent.ThreadPoolExecutor.runWorker(ThreadPoolExecutor.java:1128)
	at java.base/java.util.concurrent.ThreadPoolExecutor$Worker.run(ThreadPoolExecutor.java:628)
	at java.base/java.lang.Thread.run(Thread.java:834)
</pre></div></td>
<td>54</td>
<td>eraRerate.eraRerateTestNGSlow@5af97850</td></tr>
<tr>
<td title='eraRerate.eraRerateTestNGSlow.testMethod1()'><b>testMethod1</b><br>Test class: eraRerate.eraRerateTestNGSlow<br>Parameters: fail, Could Not Get To Charge Code Details, 236584, 1, 705996475160, 330871875, , , , , , , , , , , , , , , service, USA, 5194105, eF5eh1fH, IL, EP, Service Change to 04, , 11</td>
<td><div><pre>org.openqa.selenium.NoSuchElementException: Cannot locate element with text: 
For documentation on this error, please visit: https://www.seleniumhq.org/exceptions/no_such_element.html
Build info: version: &apos;3.141.59&apos;, revision: &apos;e82be7d358&apos;, time: &apos;2018-11-14T08:25:48&apos;
System info: host: &apos;C0016390&apos;, ip: &apos;10.242.69.100&apos;, os.name: &apos;Windows Server 2016&apos;, os.arch: &apos;amd64&apos;, os.version: &apos;10.0&apos;, java.version: &apos;11.0.6&apos;
Driver info: driver.version: unknown
	at org.openqa.selenium.support.ui.Select.selectByVisibleText(Select.java:147)
	at eraRerate.eraRerateTestNGSlow.doEraRerate(eraRerateTestNGSlow.java:1228)
	at eraRerate.eraRerateTestNGSlow.testMethod1(eraRerateTestNGSlow.java:574)
	at java.base/java.util.concurrent.ThreadPoolExecutor.runWorker(ThreadPoolExecutor.java:1128)
	at java.base/java.util.concurrent.ThreadPoolExecutor$Worker.run(ThreadPoolExecutor.java:628)
	at java.base/java.lang.Thread.run(Thread.java:834)
... Removed 11 stack frames</pre></div><a href='#' onClick='toggleBox("stack-trace483020023", this, "Click to show all stack frames", "Click to hide stack frames")'>Click to show all stack frames</a>
<div class='stack-trace' id='stack-trace483020023'><pre>org.openqa.selenium.NoSuchElementException: Cannot locate element with text: 
For documentation on this error, please visit: https://www.seleniumhq.org/exceptions/no_such_element.html
Build info: version: &apos;3.141.59&apos;, revision: &apos;e82be7d358&apos;, time: &apos;2018-11-14T08:25:48&apos;
System info: host: &apos;C0016390&apos;, ip: &apos;10.242.69.100&apos;, os.name: &apos;Windows Server 2016&apos;, os.arch: &apos;amd64&apos;, os.version: &apos;10.0&apos;, java.version: &apos;11.0.6&apos;
Driver info: driver.version: unknown
	at org.openqa.selenium.support.ui.Select.selectByVisibleText(Select.java:147)
	at eraRerate.eraRerateTestNGSlow.doEraRerate(eraRerateTestNGSlow.java:1228)
	at eraRerate.eraRerateTestNGSlow.testMethod1(eraRerateTestNGSlow.java:574)
	at jdk.internal.reflect.GeneratedMethodAccessor1.invoke(Unknown Source)
	at java.base/jdk.internal.reflect.DelegatingMethodAccessorImpl.invoke(DelegatingMethodAccessorImpl.java:43)
	at java.base/java.lang.reflect.Method.invoke(Method.java:566)
	at org.testng.internal.MethodInvocationHelper.invokeMethod(MethodInvocationHelper.java:132)
	at org.testng.internal.TestInvoker.invokeMethod(TestInvoker.java:599)
	at org.testng.internal.TestInvoker.retryFailed(TestInvoker.java:214)
	at org.testng.internal.MethodRunner.runInSequence(MethodRunner.java:58)
	at org.testng.internal.TestInvoker$MethodInvocationAgent.invoke(TestInvoker.java:822)
	at org.testng.internal.TestInvoker.invokeTestMethods(TestInvoker.java:147)
	at org.testng.internal.TestMethodWorker.invokeTestMethods(TestMethodWorker.java:146)
	at org.testng.internal.TestMethodWorker.run(TestMethodWorker.java:128)
	at java.base/java.util.concurrent.ThreadPoolExecutor.runWorker(ThreadPoolExecutor.java:1128)
	at java.base/java.util.concurrent.ThreadPoolExecutor$Worker.run(ThreadPoolExecutor.java:628)
	at java.base/java.lang.Thread.run(Thread.java:834)
</pre></div></td>
<td>54</td>
<td>eraRerate.eraRerateTestNGSlow@5af97850</td></tr>
<tr>
<td title='eraRerate.eraRerateTestNGSlow.testMethod1()'><b>testMethod1</b><br>Test class: eraRerate.eraRerateTestNGSlow<br>Parameters: fail,  193
INVALID POSTAL CODE FORMAT - 174
INVALID ORIGIN STATE -, 251690, 1, 120207125766, 244861664, , , , , 50, , , Y, IN, , 600851098, , , , dim, CAN, 3735812, July2021, IL, EP, less than 72 length, , 12</td>
<td><div><pre>java.lang.AssertionError: After Rerate Click No Data Came -- Unknown Error
	at eraRerate.eraRerateTestNGSlow.doEraRerate(eraRerateTestNGSlow.java:1287)
	at eraRerate.eraRerateTestNGSlow.testMethod1(eraRerateTestNGSlow.java:574)
	at java.base/java.util.concurrent.ThreadPoolExecutor.runWorker(ThreadPoolExecutor.java:1128)
	at java.base/java.util.concurrent.ThreadPoolExecutor$Worker.run(ThreadPoolExecutor.java:628)
	at java.base/java.lang.Thread.run(Thread.java:834)
... Removed 12 stack frames</pre></div><a href='#' onClick='toggleBox("stack-trace2027018131", this, "Click to show all stack frames", "Click to hide stack frames")'>Click to show all stack frames</a>
<div class='stack-trace' id='stack-trace2027018131'><pre>java.lang.AssertionError: After Rerate Click No Data Came -- Unknown Error
	at org.testng.Assert.fail(Assert.java:99)
	at eraRerate.eraRerateTestNGSlow.doEraRerate(eraRerateTestNGSlow.java:1287)
	at eraRerate.eraRerateTestNGSlow.testMethod1(eraRerateTestNGSlow.java:574)
	at jdk.internal.reflect.GeneratedMethodAccessor1.invoke(Unknown Source)
	at java.base/jdk.internal.reflect.DelegatingMethodAccessorImpl.invoke(DelegatingMethodAccessorImpl.java:43)
	at java.base/java.lang.reflect.Method.invoke(Method.java:566)
	at org.testng.internal.MethodInvocationHelper.invokeMethod(MethodInvocationHelper.java:132)
	at org.testng.internal.TestInvoker.invokeMethod(TestInvoker.java:599)
	at org.testng.internal.TestInvoker.retryFailed(TestInvoker.java:214)
	at org.testng.internal.MethodRunner.runInSequence(MethodRunner.java:58)
	at org.testng.internal.TestInvoker$MethodInvocationAgent.invoke(TestInvoker.java:822)
	at org.testng.internal.TestInvoker.invokeTestMethods(TestInvoker.java:147)
	at org.testng.internal.TestMethodWorker.invokeTestMethods(TestMethodWorker.java:146)
	at org.testng.internal.TestMethodWorker.run(TestMethodWorker.java:128)
	at java.base/java.util.concurrent.ThreadPoolExecutor.runWorker(ThreadPoolExecutor.java:1128)
	at java.base/java.util.concurrent.ThreadPoolExecutor$Worker.run(ThreadPoolExecutor.java:628)
	at java.base/java.lang.Thread.run(Thread.java:834)
</pre></div></td>
<td>36</td>
<td>eraRerate.eraRerateTestNGSlow@5af97850</td></tr>
<tr>
<td title='eraRerate.eraRerateTestNGSlow.testMethod1()'><b>testMethod1</b><br>Test class: eraRerate.eraRerateTestNGSlow<br>Parameters: fail, Could Not Get To Charge Code Details, 270600, 1, 613173003986, 330871403, , , , , , , , , , , , Fedex 1Day Freight  (70), , , service, USA, 5194105, eF5eh1fH, IL, EP, Change the service to Fedex 1Day Freight  (70), , 16</td>
<td><div><pre>org.openqa.selenium.NoSuchElementException: Cannot locate element with text: Fedex 1Day Freight  (70)
For documentation on this error, please visit: https://www.seleniumhq.org/exceptions/no_such_element.html
Build info: version: &apos;3.141.59&apos;, revision: &apos;e82be7d358&apos;, time: &apos;2018-11-14T08:25:48&apos;
System info: host: &apos;C0016390&apos;, ip: &apos;10.242.69.100&apos;, os.name: &apos;Windows Server 2016&apos;, os.arch: &apos;amd64&apos;, os.version: &apos;10.0&apos;, java.version: &apos;11.0.6&apos;
Driver info: driver.version: unknown
	at org.openqa.selenium.support.ui.Select.selectByVisibleText(Select.java:147)
	at eraRerate.eraRerateTestNGSlow.doEraRerate(eraRerateTestNGSlow.java:1218)
	at eraRerate.eraRerateTestNGSlow.testMethod1(eraRerateTestNGSlow.java:574)
	at java.base/java.util.concurrent.ThreadPoolExecutor.runWorker(ThreadPoolExecutor.java:1128)
	at java.base/java.util.concurrent.ThreadPoolExecutor$Worker.run(ThreadPoolExecutor.java:628)
	at java.base/java.lang.Thread.run(Thread.java:834)
... Removed 11 stack frames</pre></div><a href='#' onClick='toggleBox("stack-trace2077706350", this, "Click to show all stack frames", "Click to hide stack frames")'>Click to show all stack frames</a>
<div class='stack-trace' id='stack-trace2077706350'><pre>org.openqa.selenium.NoSuchElementException: Cannot locate element with text: Fedex 1Day Freight  (70)
For documentation on this error, please visit: https://www.seleniumhq.org/exceptions/no_such_element.html
Build info: version: &apos;3.141.59&apos;, revision: &apos;e82be7d358&apos;, time: &apos;2018-11-14T08:25:48&apos;
System info: host: &apos;C0016390&apos;, ip: &apos;10.242.69.100&apos;, os.name: &apos;Windows Server 2016&apos;, os.arch: &apos;amd64&apos;, os.version: &apos;10.0&apos;, java.version: &apos;11.0.6&apos;
Driver info: driver.version: unknown
	at org.openqa.selenium.support.ui.Select.selectByVisibleText(Select.java:147)
	at eraRerate.eraRerateTestNGSlow.doEraRerate(eraRerateTestNGSlow.java:1218)
	at eraRerate.eraRerateTestNGSlow.testMethod1(eraRerateTestNGSlow.java:574)
	at jdk.internal.reflect.GeneratedMethodAccessor1.invoke(Unknown Source)
	at java.base/jdk.internal.reflect.DelegatingMethodAccessorImpl.invoke(DelegatingMethodAccessorImpl.java:43)
	at java.base/java.lang.reflect.Method.invoke(Method.java:566)
	at org.testng.internal.MethodInvocationHelper.invokeMethod(MethodInvocationHelper.java:132)
	at org.testng.internal.TestInvoker.invokeMethod(TestInvoker.java:599)
	at org.testng.internal.TestInvoker.retryFailed(TestInvoker.java:214)
	at org.testng.internal.MethodRunner.runInSequence(MethodRunner.java:58)
	at org.testng.internal.TestInvoker$MethodInvocationAgent.invoke(TestInvoker.java:822)
	at org.testng.internal.TestInvoker.invokeTestMethods(TestInvoker.java:147)
	at org.testng.internal.TestMethodWorker.invokeTestMethods(TestMethodWorker.java:146)
	at org.testng.internal.TestMethodWorker.run(TestMethodWorker.java:128)
	at java.base/java.util.concurrent.ThreadPoolExecutor.runWorker(ThreadPoolExecutor.java:1128)
	at java.base/java.util.concurrent.ThreadPoolExecutor$Worker.run(ThreadPoolExecutor.java:628)
	at java.base/java.lang.Thread.run(Thread.java:834)
</pre></div></td>
<td>54</td>
<td>eraRerate.eraRerateTestNGSlow@5af97850</td></tr>
<tr>
<td title='eraRerate.eraRerateTestNGSlow.testMethod1()'><b>testMethod1</b><br>Test class: eraRerate.eraRerateTestNGSlow<br>Parameters: fail, Timeout on Rerate Screen, 219894, 1, 954694825206, 330872097, , , , , , , , , , 1, , , , , payor, USA, 5194105, eF5eh1fH, IL, EP, Payor changed to shipper, , 19</td>
<td><div><pre>java.lang.AssertionError: After Rerate Click No Data Came -- Unknown Error
	at eraRerate.eraRerateTestNGSlow.doEraRerate(eraRerateTestNGSlow.java:1307)
	at eraRerate.eraRerateTestNGSlow.testMethod1(eraRerateTestNGSlow.java:574)
	at java.base/java.util.concurrent.ThreadPoolExecutor.runWorker(ThreadPoolExecutor.java:1128)
	at java.base/java.util.concurrent.ThreadPoolExecutor$Worker.run(ThreadPoolExecutor.java:628)
	at java.base/java.lang.Thread.run(Thread.java:834)
... Removed 12 stack frames</pre></div><a href='#' onClick='toggleBox("stack-trace2090008066", this, "Click to show all stack frames", "Click to hide stack frames")'>Click to show all stack frames</a>
<div class='stack-trace' id='stack-trace2090008066'><pre>java.lang.AssertionError: After Rerate Click No Data Came -- Unknown Error
	at org.testng.Assert.fail(Assert.java:99)
	at eraRerate.eraRerateTestNGSlow.doEraRerate(eraRerateTestNGSlow.java:1307)
	at eraRerate.eraRerateTestNGSlow.testMethod1(eraRerateTestNGSlow.java:574)
	at jdk.internal.reflect.GeneratedMethodAccessor1.invoke(Unknown Source)
	at java.base/jdk.internal.reflect.DelegatingMethodAccessorImpl.invoke(DelegatingMethodAccessorImpl.java:43)
	at java.base/java.lang.reflect.Method.invoke(Method.java:566)
	at org.testng.internal.MethodInvocationHelper.invokeMethod(MethodInvocationHelper.java:132)
	at org.testng.internal.TestInvoker.invokeMethod(TestInvoker.java:599)
	at org.testng.internal.TestInvoker.retryFailed(TestInvoker.java:214)
	at org.testng.internal.MethodRunner.runInSequence(MethodRunner.java:58)
	at org.testng.internal.TestInvoker$MethodInvocationAgent.invoke(TestInvoker.java:822)
	at org.testng.internal.TestInvoker.invokeTestMethods(TestInvoker.java:147)
	at org.testng.internal.TestMethodWorker.invokeTestMethods(TestMethodWorker.java:146)
	at org.testng.internal.TestMethodWorker.run(TestMethodWorker.java:128)
	at java.base/java.util.concurrent.ThreadPoolExecutor.runWorker(ThreadPoolExecutor.java:1128)
	at java.base/java.util.concurrent.ThreadPoolExecutor$Worker.run(ThreadPoolExecutor.java:628)
	at java.base/java.lang.Thread.run(Thread.java:834)
</pre></div></td>
<td>77</td>
<td>eraRerate.eraRerateTestNGSlow@5af97850</td></tr>
<tr>
<td title='eraRerate.eraRerateTestNGSlow.testMethod1()'><b>testMethod1</b><br>Test class: eraRerate.eraRerateTestNGSlow<br>Parameters: , , 270045, 1, 911758483600, 127971112, , , , , , , , , , , 603259491, , , , service, EMEA, 3735811, July2021, IL, EP, SVC changed to RM, , 26</td>
<td><div><pre>java.lang.AssertionError: Failed on Entering Tracking Number
	at eraRerate.eraRerateTestNGSlow.doEraRerate(eraRerateTestNGSlow.java:885)
	at eraRerate.eraRerateTestNGSlow.testMethod1(eraRerateTestNGSlow.java:574)
	at java.base/java.util.concurrent.ThreadPoolExecutor.runWorker(ThreadPoolExecutor.java:1128)
	at java.base/java.util.concurrent.ThreadPoolExecutor$Worker.run(ThreadPoolExecutor.java:628)
	at java.base/java.lang.Thread.run(Thread.java:834)
... Removed 12 stack frames</pre></div><a href='#' onClick='toggleBox("stack-trace1838647879", this, "Click to show all stack frames", "Click to hide stack frames")'>Click to show all stack frames</a>
<div class='stack-trace' id='stack-trace1838647879'><pre>java.lang.AssertionError: Failed on Entering Tracking Number
	at org.testng.Assert.fail(Assert.java:99)
	at eraRerate.eraRerateTestNGSlow.doEraRerate(eraRerateTestNGSlow.java:885)
	at eraRerate.eraRerateTestNGSlow.testMethod1(eraRerateTestNGSlow.java:574)
	at jdk.internal.reflect.GeneratedMethodAccessor1.invoke(Unknown Source)
	at java.base/jdk.internal.reflect.DelegatingMethodAccessorImpl.invoke(DelegatingMethodAccessorImpl.java:43)
	at java.base/java.lang.reflect.Method.invoke(Method.java:566)
	at org.testng.internal.MethodInvocationHelper.invokeMethod(MethodInvocationHelper.java:132)
	at org.testng.internal.TestInvoker.invokeMethod(TestInvoker.java:599)
	at org.testng.internal.TestInvoker.retryFailed(TestInvoker.java:214)
	at org.testng.internal.MethodRunner.runInSequence(MethodRunner.java:58)
	at org.testng.internal.TestInvoker$MethodInvocationAgent.invoke(TestInvoker.java:822)
	at org.testng.internal.TestInvoker.invokeTestMethods(TestInvoker.java:147)
	at org.testng.internal.TestMethodWorker.invokeTestMethods(TestMethodWorker.java:146)
	at org.testng.internal.TestMethodWorker.run(TestMethodWorker.java:128)
	at java.base/java.util.concurrent.ThreadPoolExecutor.runWorker(ThreadPoolExecutor.java:1128)
	at java.base/java.util.concurrent.ThreadPoolExecutor$Worker.run(ThreadPoolExecutor.java:628)
	at java.base/java.lang.Thread.run(Thread.java:834)
</pre></div></td>
<td>16</td>
<td>eraRerate.eraRerateTestNGSlow@5af97850</td></tr>
<tr>
<td title='eraRerate.eraRerateTestNGSlow.testMethod1()'><b>testMethod1</b><br>Test class: eraRerate.eraRerateTestNGSlow<br>Parameters: , , 270841, 1, 852465271234, 330871403, , , , , , , , , , , , Fedex 2Day Freight  (80), , , service, USA, 5194105, eF5eh1fH, IL, EP, Change the service to Fedex 2Day Freight  (80), , 30</td>
<td><div><pre>org.openqa.selenium.NoSuchElementException: Cannot locate element with text: Fedex 2Day Freight  (80)
For documentation on this error, please visit: https://www.seleniumhq.org/exceptions/no_such_element.html
Build info: version: &apos;3.141.59&apos;, revision: &apos;e82be7d358&apos;, time: &apos;2018-11-14T08:25:48&apos;
System info: host: &apos;C0016390&apos;, ip: &apos;10.242.69.100&apos;, os.name: &apos;Windows Server 2016&apos;, os.arch: &apos;amd64&apos;, os.version: &apos;10.0&apos;, java.version: &apos;11.0.6&apos;
Driver info: driver.version: unknown
	at org.openqa.selenium.support.ui.Select.selectByVisibleText(Select.java:147)
	at eraRerate.eraRerateTestNGSlow.doEraRerate(eraRerateTestNGSlow.java:1218)
	at eraRerate.eraRerateTestNGSlow.testMethod1(eraRerateTestNGSlow.java:574)
	at java.base/java.util.concurrent.ThreadPoolExecutor.runWorker(ThreadPoolExecutor.java:1128)
	at java.base/java.util.concurrent.ThreadPoolExecutor$Worker.run(ThreadPoolExecutor.java:628)
	at java.base/java.lang.Thread.run(Thread.java:834)
... Removed 11 stack frames</pre></div><a href='#' onClick='toggleBox("stack-trace1145968595", this, "Click to show all stack frames", "Click to hide stack frames")'>Click to show all stack frames</a>
<div class='stack-trace' id='stack-trace1145968595'><pre>org.openqa.selenium.NoSuchElementException: Cannot locate element with text: Fedex 2Day Freight  (80)
For documentation on this error, please visit: https://www.seleniumhq.org/exceptions/no_such_element.html
Build info: version: &apos;3.141.59&apos;, revision: &apos;e82be7d358&apos;, time: &apos;2018-11-14T08:25:48&apos;
System info: host: &apos;C0016390&apos;, ip: &apos;10.242.69.100&apos;, os.name: &apos;Windows Server 2016&apos;, os.arch: &apos;amd64&apos;, os.version: &apos;10.0&apos;, java.version: &apos;11.0.6&apos;
Driver info: driver.version: unknown
	at org.openqa.selenium.support.ui.Select.selectByVisibleText(Select.java:147)
	at eraRerate.eraRerateTestNGSlow.doEraRerate(eraRerateTestNGSlow.java:1218)
	at eraRerate.eraRerateTestNGSlow.testMethod1(eraRerateTestNGSlow.java:574)
	at jdk.internal.reflect.GeneratedMethodAccessor1.invoke(Unknown Source)
	at java.base/jdk.internal.reflect.DelegatingMethodAccessorImpl.invoke(DelegatingMethodAccessorImpl.java:43)
	at java.base/java.lang.reflect.Method.invoke(Method.java:566)
	at org.testng.internal.MethodInvocationHelper.invokeMethod(MethodInvocationHelper.java:132)
	at org.testng.internal.TestInvoker.invokeMethod(TestInvoker.java:599)
	at org.testng.internal.TestInvoker.retryFailed(TestInvoker.java:214)
	at org.testng.internal.MethodRunner.runInSequence(MethodRunner.java:58)
	at org.testng.internal.TestInvoker$MethodInvocationAgent.invoke(TestInvoker.java:822)
	at org.testng.internal.TestInvoker.invokeTestMethods(TestInvoker.java:147)
	at org.testng.internal.TestMethodWorker.invokeTestMethods(TestMethodWorker.java:146)
	at org.testng.internal.TestMethodWorker.run(TestMethodWorker.java:128)
	at java.base/java.util.concurrent.ThreadPoolExecutor.runWorker(ThreadPoolExecutor.java:1128)
	at java.base/java.util.concurrent.ThreadPoolExecutor$Worker.run(ThreadPoolExecutor.java:628)
	at java.base/java.lang.Thread.run(Thread.java:834)
</pre></div></td>
<td>53</td>
<td>eraRerate.eraRerateTestNGSlow@5af97850</td></tr>
<tr>
<td title='eraRerate.eraRerateTestNGSlow.testMethod1()'><b>testMethod1</b><br>Test class: eraRerate.eraRerateTestNGSlow<br>Parameters: fail, Timeout on Rerate Screen, 236343, 1, 595918450256, 330871952, , , , , , , , , , 1, , , , , payor, USA, 5194105, eF5eh1fH, IL, EP, Payor Change to shipper, , 32</td>
<td><div><pre>java.lang.AssertionError: After Rerate Click No Data Came -- Unknown Error
	at eraRerate.eraRerateTestNGSlow.doEraRerate(eraRerateTestNGSlow.java:1307)
	at eraRerate.eraRerateTestNGSlow.testMethod1(eraRerateTestNGSlow.java:574)
	at java.base/java.util.concurrent.ThreadPoolExecutor.runWorker(ThreadPoolExecutor.java:1128)
	at java.base/java.util.concurrent.ThreadPoolExecutor$Worker.run(ThreadPoolExecutor.java:628)
	at java.base/java.lang.Thread.run(Thread.java:834)
... Removed 12 stack frames</pre></div><a href='#' onClick='toggleBox("stack-trace1215035745", this, "Click to show all stack frames", "Click to hide stack frames")'>Click to show all stack frames</a>
<div class='stack-trace' id='stack-trace1215035745'><pre>java.lang.AssertionError: After Rerate Click No Data Came -- Unknown Error
	at org.testng.Assert.fail(Assert.java:99)
	at eraRerate.eraRerateTestNGSlow.doEraRerate(eraRerateTestNGSlow.java:1307)
	at eraRerate.eraRerateTestNGSlow.testMethod1(eraRerateTestNGSlow.java:574)
	at jdk.internal.reflect.GeneratedMethodAccessor1.invoke(Unknown Source)
	at java.base/jdk.internal.reflect.DelegatingMethodAccessorImpl.invoke(DelegatingMethodAccessorImpl.java:43)
	at java.base/java.lang.reflect.Method.invoke(Method.java:566)
	at org.testng.internal.MethodInvocationHelper.invokeMethod(MethodInvocationHelper.java:132)
	at org.testng.internal.TestInvoker.invokeMethod(TestInvoker.java:599)
	at org.testng.internal.TestInvoker.retryFailed(TestInvoker.java:214)
	at org.testng.internal.MethodRunner.runInSequence(MethodRunner.java:58)
	at org.testng.internal.TestInvoker$MethodInvocationAgent.invoke(TestInvoker.java:822)
	at org.testng.internal.TestInvoker.invokeTestMethods(TestInvoker.java:147)
	at org.testng.internal.TestMethodWorker.invokeTestMethods(TestMethodWorker.java:146)
	at org.testng.internal.TestMethodWorker.run(TestMethodWorker.java:128)
	at java.base/java.util.concurrent.ThreadPoolExecutor.runWorker(ThreadPoolExecutor.java:1128)
	at java.base/java.util.concurrent.ThreadPoolExecutor$Worker.run(ThreadPoolExecutor.java:628)
	at java.base/java.lang.Thread.run(Thread.java:834)
</pre></div></td>
<td>75</td>
<td>eraRerate.eraRerateTestNGSlow@5af97850</td></tr>
<tr>
<td title='eraRerate.eraRerateTestNGSlow.testMethod1()'><b>testMethod1</b><br>Test class: eraRerate.eraRerateTestNGSlow<br>Parameters: fail, Could Not Get To Charge Code Details, 237336, 1, 695884113872, 814260308, , , 5, KG, , , , Y, , , , , , , weight, EMEA, 3735811, July2021, IL, EP, , , 33</td>
<td><div><pre>java.lang.AssertionError: Could Not Get To Charge Code Details
	at eraRerate.eraRerateTestNGSlow.doEraRerate(eraRerateTestNGSlow.java:980)
	at eraRerate.eraRerateTestNGSlow.testMethod1(eraRerateTestNGSlow.java:574)
	at java.base/java.util.concurrent.ThreadPoolExecutor.runWorker(ThreadPoolExecutor.java:1128)
	at java.base/java.util.concurrent.ThreadPoolExecutor$Worker.run(ThreadPoolExecutor.java:628)
	at java.base/java.lang.Thread.run(Thread.java:834)
... Removed 12 stack frames</pre></div><a href='#' onClick='toggleBox("stack-trace1202558458", this, "Click to show all stack frames", "Click to hide stack frames")'>Click to show all stack frames</a>
<div class='stack-trace' id='stack-trace1202558458'><pre>java.lang.AssertionError: Could Not Get To Charge Code Details
	at org.testng.Assert.fail(Assert.java:99)
	at eraRerate.eraRerateTestNGSlow.doEraRerate(eraRerateTestNGSlow.java:980)
	at eraRerate.eraRerateTestNGSlow.testMethod1(eraRerateTestNGSlow.java:574)
	at jdk.internal.reflect.GeneratedMethodAccessor1.invoke(Unknown Source)
	at java.base/jdk.internal.reflect.DelegatingMethodAccessorImpl.invoke(DelegatingMethodAccessorImpl.java:43)
	at java.base/java.lang.reflect.Method.invoke(Method.java:566)
	at org.testng.internal.MethodInvocationHelper.invokeMethod(MethodInvocationHelper.java:132)
	at org.testng.internal.TestInvoker.invokeMethod(TestInvoker.java:599)
	at org.testng.internal.TestInvoker.retryFailed(TestInvoker.java:214)
	at org.testng.internal.MethodRunner.runInSequence(MethodRunner.java:58)
	at org.testng.internal.TestInvoker$MethodInvocationAgent.invoke(TestInvoker.java:822)
	at org.testng.internal.TestInvoker.invokeTestMethods(TestInvoker.java:147)
	at org.testng.internal.TestMethodWorker.invokeTestMethods(TestMethodWorker.java:146)
	at org.testng.internal.TestMethodWorker.run(TestMethodWorker.java:128)
	at java.base/java.util.concurrent.ThreadPoolExecutor.runWorker(ThreadPoolExecutor.java:1128)
	at java.base/java.util.concurrent.ThreadPoolExecutor$Worker.run(ThreadPoolExecutor.java:628)
	at java.base/java.lang.Thread.run(Thread.java:834)
</pre></div></td>
<td>34</td>
<td>eraRerate.eraRerateTestNGSlow@5af97850</td></tr>
<tr>
<td title='eraRerate.eraRerateTestNGSlow.testMethod1()'><b>testMethod1</b><br>Test class: eraRerate.eraRerateTestNGSlow<br>Parameters: fail, Failed Selecting Contact Method and Clicking Continue, 242069, 1, 770571127284, 228426888, , , , , , , , , , 1, , , , , payor, EMEA, 3726698, July2021, IL, EP, Payor Change to shipper, , 34</td>
<td><div><pre>java.lang.AssertionError: Failed Selecting Contact Method and Clicking Continue
	at eraRerate.eraRerateTestNGSlow.doEraRerate(eraRerateTestNGSlow.java:1548)
	at eraRerate.eraRerateTestNGSlow.testMethod1(eraRerateTestNGSlow.java:574)
	at java.base/java.util.concurrent.ThreadPoolExecutor.runWorker(ThreadPoolExecutor.java:1128)
	at java.base/java.util.concurrent.ThreadPoolExecutor$Worker.run(ThreadPoolExecutor.java:628)
	at java.base/java.lang.Thread.run(Thread.java:834)
... Removed 12 stack frames</pre></div><a href='#' onClick='toggleBox("stack-trace103973277", this, "Click to show all stack frames", "Click to hide stack frames")'>Click to show all stack frames</a>
<div class='stack-trace' id='stack-trace103973277'><pre>java.lang.AssertionError: Failed Selecting Contact Method and Clicking Continue
	at org.testng.Assert.fail(Assert.java:99)
	at eraRerate.eraRerateTestNGSlow.doEraRerate(eraRerateTestNGSlow.java:1548)
	at eraRerate.eraRerateTestNGSlow.testMethod1(eraRerateTestNGSlow.java:574)
	at jdk.internal.reflect.GeneratedMethodAccessor1.invoke(Unknown Source)
	at java.base/jdk.internal.reflect.DelegatingMethodAccessorImpl.invoke(DelegatingMethodAccessorImpl.java:43)
	at java.base/java.lang.reflect.Method.invoke(Method.java:566)
	at org.testng.internal.MethodInvocationHelper.invokeMethod(MethodInvocationHelper.java:132)
	at org.testng.internal.TestInvoker.invokeMethod(TestInvoker.java:599)
	at org.testng.internal.TestInvoker.retryFailed(TestInvoker.java:214)
	at org.testng.internal.MethodRunner.runInSequence(MethodRunner.java:58)
	at org.testng.internal.TestInvoker$MethodInvocationAgent.invoke(TestInvoker.java:822)
	at org.testng.internal.TestInvoker.invokeTestMethods(TestInvoker.java:147)
	at org.testng.internal.TestMethodWorker.invokeTestMethods(TestMethodWorker.java:146)
	at org.testng.internal.TestMethodWorker.run(TestMethodWorker.java:128)
	at java.base/java.util.concurrent.ThreadPoolExecutor.runWorker(ThreadPoolExecutor.java:1128)
	at java.base/java.util.concurrent.ThreadPoolExecutor$Worker.run(ThreadPoolExecutor.java:628)
	at java.base/java.lang.Thread.run(Thread.java:834)
</pre></div></td>
<td>123</td>
<td>eraRerate.eraRerateTestNGSlow@5af97850</td></tr>
<tr>
<td title='eraRerate.eraRerateTestNGSlow.testMethod1()'><b>testMethod1</b><br>Test class: eraRerate.eraRerateTestNGSlow<br>Parameters: , , 269285, 1, 811128430281, 330871444, , , , , , , , , , , , , , , service, USA, 5194105, eF5eh1fH, IL, EP, Change the service to Fedex 2Day Freight  (80), , 41</td>
<td><div><pre>org.openqa.selenium.NoSuchElementException: Cannot locate element with text: 
For documentation on this error, please visit: https://www.seleniumhq.org/exceptions/no_such_element.html
Build info: version: &apos;3.141.59&apos;, revision: &apos;e82be7d358&apos;, time: &apos;2018-11-14T08:25:48&apos;
System info: host: &apos;C0016390&apos;, ip: &apos;10.242.69.100&apos;, os.name: &apos;Windows Server 2016&apos;, os.arch: &apos;amd64&apos;, os.version: &apos;10.0&apos;, java.version: &apos;11.0.6&apos;
Driver info: driver.version: unknown
	at org.openqa.selenium.support.ui.Select.selectByVisibleText(Select.java:147)
	at eraRerate.eraRerateTestNGSlow.doEraRerate(eraRerateTestNGSlow.java:1228)
	at eraRerate.eraRerateTestNGSlow.testMethod1(eraRerateTestNGSlow.java:574)
	at java.base/java.util.concurrent.ThreadPoolExecutor.runWorker(ThreadPoolExecutor.java:1128)
	at java.base/java.util.concurrent.ThreadPoolExecutor$Worker.run(ThreadPoolExecutor.java:628)
	at java.base/java.lang.Thread.run(Thread.java:834)
... Removed 11 stack frames</pre></div><a href='#' onClick='toggleBox("stack-trace1433020361", this, "Click to show all stack frames", "Click to hide stack frames")'>Click to show all stack frames</a>
<div class='stack-trace' id='stack-trace1433020361'><pre>org.openqa.selenium.NoSuchElementException: Cannot locate element with text: 
For documentation on this error, please visit: https://www.seleniumhq.org/exceptions/no_such_element.html
Build info: version: &apos;3.141.59&apos;, revision: &apos;e82be7d358&apos;, time: &apos;2018-11-14T08:25:48&apos;
System info: host: &apos;C0016390&apos;, ip: &apos;10.242.69.100&apos;, os.name: &apos;Windows Server 2016&apos;, os.arch: &apos;amd64&apos;, os.version: &apos;10.0&apos;, java.version: &apos;11.0.6&apos;
Driver info: driver.version: unknown
	at org.openqa.selenium.support.ui.Select.selectByVisibleText(Select.java:147)
	at eraRerate.eraRerateTestNGSlow.doEraRerate(eraRerateTestNGSlow.java:1228)
	at eraRerate.eraRerateTestNGSlow.testMethod1(eraRerateTestNGSlow.java:574)
	at jdk.internal.reflect.GeneratedMethodAccessor1.invoke(Unknown Source)
	at java.base/jdk.internal.reflect.DelegatingMethodAccessorImpl.invoke(DelegatingMethodAccessorImpl.java:43)
	at java.base/java.lang.reflect.Method.invoke(Method.java:566)
	at org.testng.internal.MethodInvocationHelper.invokeMethod(MethodInvocationHelper.java:132)
	at org.testng.internal.TestInvoker.invokeMethod(TestInvoker.java:599)
	at org.testng.internal.TestInvoker.retryFailed(TestInvoker.java:214)
	at org.testng.internal.MethodRunner.runInSequence(MethodRunner.java:58)
	at org.testng.internal.TestInvoker$MethodInvocationAgent.invoke(TestInvoker.java:822)
	at org.testng.internal.TestInvoker.invokeTestMethods(TestInvoker.java:147)
	at org.testng.internal.TestMethodWorker.invokeTestMethods(TestMethodWorker.java:146)
	at org.testng.internal.TestMethodWorker.run(TestMethodWorker.java:128)
	at java.base/java.util.concurrent.ThreadPoolExecutor.runWorker(ThreadPoolExecutor.java:1128)
	at java.base/java.util.concurrent.ThreadPoolExecutor$Worker.run(ThreadPoolExecutor.java:628)
	at java.base/java.lang.Thread.run(Thread.java:834)
</pre></div></td>
<td>55</td>
<td>eraRerate.eraRerateTestNGSlow@5af97850</td></tr>
<tr>
<td title='eraRerate.eraRerateTestNGSlow.testMethod1()'><b>testMethod1</b><br>Test class: eraRerate.eraRerateTestNGSlow<br>Parameters: fail, Could Not Get To Charge Code Details, 269951, 2, 698102082571, 632538493, , , , , , , , , , 1, , , , , payor, EMEA, 3735811, July2021, IL, EP, Payor changed to Shipper, Payor changed to Shipper, 42</td>
<td><div><pre>java.lang.AssertionError: Failed Selecting Contact Method and Clicking Continue
	at eraRerate.eraRerateTestNGSlow.doEraRerate(eraRerateTestNGSlow.java:1548)
	at eraRerate.eraRerateTestNGSlow.testMethod1(eraRerateTestNGSlow.java:574)
	at java.base/java.util.concurrent.ThreadPoolExecutor.runWorker(ThreadPoolExecutor.java:1128)
	at java.base/java.util.concurrent.ThreadPoolExecutor$Worker.run(ThreadPoolExecutor.java:628)
	at java.base/java.lang.Thread.run(Thread.java:834)
... Removed 12 stack frames</pre></div><a href='#' onClick='toggleBox("stack-trace214081160", this, "Click to show all stack frames", "Click to hide stack frames")'>Click to show all stack frames</a>
<div class='stack-trace' id='stack-trace214081160'><pre>java.lang.AssertionError: Failed Selecting Contact Method and Clicking Continue
	at org.testng.Assert.fail(Assert.java:99)
	at eraRerate.eraRerateTestNGSlow.doEraRerate(eraRerateTestNGSlow.java:1548)
	at eraRerate.eraRerateTestNGSlow.testMethod1(eraRerateTestNGSlow.java:574)
	at jdk.internal.reflect.GeneratedMethodAccessor1.invoke(Unknown Source)
	at java.base/jdk.internal.reflect.DelegatingMethodAccessorImpl.invoke(DelegatingMethodAccessorImpl.java:43)
	at java.base/java.lang.reflect.Method.invoke(Method.java:566)
	at org.testng.internal.MethodInvocationHelper.invokeMethod(MethodInvocationHelper.java:132)
	at org.testng.internal.TestInvoker.invokeMethod(TestInvoker.java:599)
	at org.testng.internal.TestInvoker.retryFailed(TestInvoker.java:214)
	at org.testng.internal.MethodRunner.runInSequence(MethodRunner.java:58)
	at org.testng.internal.TestInvoker$MethodInvocationAgent.invoke(TestInvoker.java:822)
	at org.testng.internal.TestInvoker.invokeTestMethods(TestInvoker.java:147)
	at org.testng.internal.TestMethodWorker.invokeTestMethods(TestMethodWorker.java:146)
	at org.testng.internal.TestMethodWorker.run(TestMethodWorker.java:128)
	at java.base/java.util.concurrent.ThreadPoolExecutor.runWorker(ThreadPoolExecutor.java:1128)
	at java.base/java.util.concurrent.ThreadPoolExecutor$Worker.run(ThreadPoolExecutor.java:628)
	at java.base/java.lang.Thread.run(Thread.java:834)
</pre></div></td>
<td>127</td>
<td>eraRerate.eraRerateTestNGSlow@5af97850</td></tr>
<tr>
<td title='eraRerate.eraRerateTestNGSlow.testMethod1()'><b>testMethod1</b><br>Test class: eraRerate.eraRerateTestNGSlow<br>Parameters: fail, Failed Selecting Contact Method and Clicking Continue, 206176, 1, 862211209234, 268114202, , , , , , , , Y, , 3, 700158926, , , , payor, EMEA, 3735811, July2021, IL, EP, , Payor Change, 49</td>
<td><div><pre>java.lang.AssertionError: 
	at eraRerate.eraRerateTestNGSlow.doEraRerate(eraRerateTestNGSlow.java:1457)
	at eraRerate.eraRerateTestNGSlow.testMethod1(eraRerateTestNGSlow.java:574)
	at java.base/java.util.concurrent.ThreadPoolExecutor.runWorker(ThreadPoolExecutor.java:1128)
	at java.base/java.util.concurrent.ThreadPoolExecutor$Worker.run(ThreadPoolExecutor.java:628)
	at java.base/java.lang.Thread.run(Thread.java:834)
... Removed 12 stack frames</pre></div><a href='#' onClick='toggleBox("stack-trace1462963547", this, "Click to show all stack frames", "Click to hide stack frames")'>Click to show all stack frames</a>
<div class='stack-trace' id='stack-trace1462963547'><pre>java.lang.AssertionError: 
	at org.testng.Assert.fail(Assert.java:99)
	at eraRerate.eraRerateTestNGSlow.doEraRerate(eraRerateTestNGSlow.java:1457)
	at eraRerate.eraRerateTestNGSlow.testMethod1(eraRerateTestNGSlow.java:574)
	at jdk.internal.reflect.GeneratedMethodAccessor1.invoke(Unknown Source)
	at java.base/jdk.internal.reflect.DelegatingMethodAccessorImpl.invoke(DelegatingMethodAccessorImpl.java:43)
	at java.base/java.lang.reflect.Method.invoke(Method.java:566)
	at org.testng.internal.MethodInvocationHelper.invokeMethod(MethodInvocationHelper.java:132)
	at org.testng.internal.TestInvoker.invokeMethod(TestInvoker.java:599)
	at org.testng.internal.TestInvoker.retryFailed(TestInvoker.java:214)
	at org.testng.internal.MethodRunner.runInSequence(MethodRunner.java:58)
	at org.testng.internal.TestInvoker$MethodInvocationAgent.invoke(TestInvoker.java:822)
	at org.testng.internal.TestInvoker.invokeTestMethods(TestInvoker.java:147)
	at org.testng.internal.TestMethodWorker.invokeTestMethods(TestMethodWorker.java:146)
	at org.testng.internal.TestMethodWorker.run(TestMethodWorker.java:128)
	at java.base/java.util.concurrent.ThreadPoolExecutor.runWorker(ThreadPoolExecutor.java:1128)
	at java.base/java.util.concurrent.ThreadPoolExecutor$Worker.run(ThreadPoolExecutor.java:628)
	at java.base/java.lang.Thread.run(Thread.java:834)
</pre></div></td>
<td>41</td>
<td>eraRerate.eraRerateTestNGSlow@5af97850</td></tr>
<tr>
<td title='eraRerate.eraRerateTestNGSlow.testMethod1()'><b>testMethod1</b><br>Test class: eraRerate.eraRerateTestNGSlow<br>Parameters: fail, Could Not Get To Charge Code Details, 236335, 1, 994108023334, 814260307, , , 5, KG, , , , Y, , , , , , , weight, EMEA, 3735811, July2021, IL, EP, , , 51</td>
<td><div><pre>java.lang.AssertionError: Could Not Get To Charge Code Details
	at eraRerate.eraRerateTestNGSlow.doEraRerate(eraRerateTestNGSlow.java:980)
	at eraRerate.eraRerateTestNGSlow.testMethod1(eraRerateTestNGSlow.java:574)
	at java.base/java.util.concurrent.ThreadPoolExecutor.runWorker(ThreadPoolExecutor.java:1128)
	at java.base/java.util.concurrent.ThreadPoolExecutor$Worker.run(ThreadPoolExecutor.java:628)
	at java.base/java.lang.Thread.run(Thread.java:834)
... Removed 12 stack frames</pre></div><a href='#' onClick='toggleBox("stack-trace409422748", this, "Click to show all stack frames", "Click to hide stack frames")'>Click to show all stack frames</a>
<div class='stack-trace' id='stack-trace409422748'><pre>java.lang.AssertionError: Could Not Get To Charge Code Details
	at org.testng.Assert.fail(Assert.java:99)
	at eraRerate.eraRerateTestNGSlow.doEraRerate(eraRerateTestNGSlow.java:980)
	at eraRerate.eraRerateTestNGSlow.testMethod1(eraRerateTestNGSlow.java:574)
	at jdk.internal.reflect.GeneratedMethodAccessor1.invoke(Unknown Source)
	at java.base/jdk.internal.reflect.DelegatingMethodAccessorImpl.invoke(DelegatingMethodAccessorImpl.java:43)
	at java.base/java.lang.reflect.Method.invoke(Method.java:566)
	at org.testng.internal.MethodInvocationHelper.invokeMethod(MethodInvocationHelper.java:132)
	at org.testng.internal.TestInvoker.invokeMethod(TestInvoker.java:599)
	at org.testng.internal.TestInvoker.retryFailed(TestInvoker.java:214)
	at org.testng.internal.MethodRunner.runInSequence(MethodRunner.java:58)
	at org.testng.internal.TestInvoker$MethodInvocationAgent.invoke(TestInvoker.java:822)
	at org.testng.internal.TestInvoker.invokeTestMethods(TestInvoker.java:147)
	at org.testng.internal.TestMethodWorker.invokeTestMethods(TestMethodWorker.java:146)
	at org.testng.internal.TestMethodWorker.run(TestMethodWorker.java:128)
	at java.base/java.util.concurrent.ThreadPoolExecutor.runWorker(ThreadPoolExecutor.java:1128)
	at java.base/java.util.concurrent.ThreadPoolExecutor$Worker.run(ThreadPoolExecutor.java:628)
	at java.base/java.lang.Thread.run(Thread.java:834)
</pre></div></td>
<td>33</td>
<td>eraRerate.eraRerateTestNGSlow@5af97850</td></tr>
<tr>
<td title='eraRerate.eraRerateTestNGSlow.testMethod1()'><b>testMethod1</b><br>Test class: eraRerate.eraRerateTestNGSlow<br>Parameters: fail, Could Not Get To Charge Code Details, 236908, 1, 340429472712, 814260308, , , , , , , , N, , , , , , , date, EMEA, 3735811, July2021, IL, EP, date, , 52</td>
<td><div><pre>java.lang.AssertionError: Could Not Get To Charge Code Details
	at eraRerate.eraRerateTestNGSlow.doEraRerate(eraRerateTestNGSlow.java:980)
	at eraRerate.eraRerateTestNGSlow.testMethod1(eraRerateTestNGSlow.java:574)
	at java.base/java.util.concurrent.ThreadPoolExecutor.runWorker(ThreadPoolExecutor.java:1128)
	at java.base/java.util.concurrent.ThreadPoolExecutor$Worker.run(ThreadPoolExecutor.java:628)
	at java.base/java.lang.Thread.run(Thread.java:834)
... Removed 12 stack frames</pre></div><a href='#' onClick='toggleBox("stack-trace1097642835", this, "Click to show all stack frames", "Click to hide stack frames")'>Click to show all stack frames</a>
<div class='stack-trace' id='stack-trace1097642835'><pre>java.lang.AssertionError: Could Not Get To Charge Code Details
	at org.testng.Assert.fail(Assert.java:99)
	at eraRerate.eraRerateTestNGSlow.doEraRerate(eraRerateTestNGSlow.java:980)
	at eraRerate.eraRerateTestNGSlow.testMethod1(eraRerateTestNGSlow.java:574)
	at jdk.internal.reflect.GeneratedMethodAccessor1.invoke(Unknown Source)
	at java.base/jdk.internal.reflect.DelegatingMethodAccessorImpl.invoke(DelegatingMethodAccessorImpl.java:43)
	at java.base/java.lang.reflect.Method.invoke(Method.java:566)
	at org.testng.internal.MethodInvocationHelper.invokeMethod(MethodInvocationHelper.java:132)
	at org.testng.internal.TestInvoker.invokeMethod(TestInvoker.java:599)
	at org.testng.internal.TestInvoker.retryFailed(TestInvoker.java:214)
	at org.testng.internal.MethodRunner.runInSequence(MethodRunner.java:58)
	at org.testng.internal.TestInvoker$MethodInvocationAgent.invoke(TestInvoker.java:822)
	at org.testng.internal.TestInvoker.invokeTestMethods(TestInvoker.java:147)
	at org.testng.internal.TestMethodWorker.invokeTestMethods(TestMethodWorker.java:146)
	at org.testng.internal.TestMethodWorker.run(TestMethodWorker.java:128)
	at java.base/java.util.concurrent.ThreadPoolExecutor.runWorker(ThreadPoolExecutor.java:1128)
	at java.base/java.util.concurrent.ThreadPoolExecutor$Worker.run(ThreadPoolExecutor.java:628)
	at java.base/java.lang.Thread.run(Thread.java:834)
</pre></div></td>
<td>33</td>
<td>eraRerate.eraRerateTestNGSlow@5af97850</td></tr>
<tr>
<td title='eraRerate.eraRerateTestNGSlow.testMethod1()'><b>testMethod1</b><br>Test class: eraRerate.eraRerateTestNGSlow<br>Parameters: , , 270571, 1, 622668013883, 811647696, , , , , 30, 10, 10, , IN, , 600820338, , , , dims, LAC, 3715501, Online10, IL, EP, Length 27"", , 67</td>
<td><div><pre>java.lang.AssertionError: After Rerate Click No Data Came -- Unknown Error
	at eraRerate.eraRerateTestNGSlow.doEraRerate(eraRerateTestNGSlow.java:1287)
	at eraRerate.eraRerateTestNGSlow.testMethod1(eraRerateTestNGSlow.java:574)
	at java.base/java.util.concurrent.ThreadPoolExecutor.runWorker(ThreadPoolExecutor.java:1128)
	at java.base/java.util.concurrent.ThreadPoolExecutor$Worker.run(ThreadPoolExecutor.java:628)
	at java.base/java.lang.Thread.run(Thread.java:834)
... Removed 12 stack frames</pre></div><a href='#' onClick='toggleBox("stack-trace770388192", this, "Click to show all stack frames", "Click to hide stack frames")'>Click to show all stack frames</a>
<div class='stack-trace' id='stack-trace770388192'><pre>java.lang.AssertionError: After Rerate Click No Data Came -- Unknown Error
	at org.testng.Assert.fail(Assert.java:99)
	at eraRerate.eraRerateTestNGSlow.doEraRerate(eraRerateTestNGSlow.java:1287)
	at eraRerate.eraRerateTestNGSlow.testMethod1(eraRerateTestNGSlow.java:574)
	at jdk.internal.reflect.GeneratedMethodAccessor1.invoke(Unknown Source)
	at java.base/jdk.internal.reflect.DelegatingMethodAccessorImpl.invoke(DelegatingMethodAccessorImpl.java:43)
	at java.base/java.lang.reflect.Method.invoke(Method.java:566)
	at org.testng.internal.MethodInvocationHelper.invokeMethod(MethodInvocationHelper.java:132)
	at org.testng.internal.TestInvoker.invokeMethod(TestInvoker.java:599)
	at org.testng.internal.TestInvoker.retryFailed(TestInvoker.java:214)
	at org.testng.internal.MethodRunner.runInSequence(MethodRunner.java:58)
	at org.testng.internal.TestInvoker$MethodInvocationAgent.invoke(TestInvoker.java:822)
	at org.testng.internal.TestInvoker.invokeTestMethods(TestInvoker.java:147)
	at org.testng.internal.TestMethodWorker.invokeTestMethods(TestMethodWorker.java:146)
	at org.testng.internal.TestMethodWorker.run(TestMethodWorker.java:128)
	at java.base/java.util.concurrent.ThreadPoolExecutor.runWorker(ThreadPoolExecutor.java:1128)
	at java.base/java.util.concurrent.ThreadPoolExecutor$Worker.run(ThreadPoolExecutor.java:628)
	at java.base/java.lang.Thread.run(Thread.java:834)
</pre></div></td>
<td>40</td>
<td>eraRerate.eraRerateTestNGSlow@5af97850</td></tr>
<tr>
<td title='eraRerate.eraRerateTestNGSlow.testMethod1()'><b>testMethod1</b><br>Test class: eraRerate.eraRerateTestNGSlow<br>Parameters: fail, Failed Selecting Contact Method and Clicking Continue, 236591, 1, 826604028441, 797363115, , , , , , , , , , 1, , , , , payor, EMEA, 3735811, July2021, IL, EP, Payor Change to shipper, , 71</td>
<td><div><pre>java.lang.AssertionError: Failed Selecting Contact Method and Clicking Continue
	at eraRerate.eraRerateTestNGSlow.doEraRerate(eraRerateTestNGSlow.java:1548)
	at eraRerate.eraRerateTestNGSlow.testMethod1(eraRerateTestNGSlow.java:574)
	at java.base/java.util.concurrent.ThreadPoolExecutor.runWorker(ThreadPoolExecutor.java:1128)
	at java.base/java.util.concurrent.ThreadPoolExecutor$Worker.run(ThreadPoolExecutor.java:628)
	at java.base/java.lang.Thread.run(Thread.java:834)
... Removed 12 stack frames</pre></div><a href='#' onClick='toggleBox("stack-trace1176448795", this, "Click to show all stack frames", "Click to hide stack frames")'>Click to show all stack frames</a>
<div class='stack-trace' id='stack-trace1176448795'><pre>java.lang.AssertionError: Failed Selecting Contact Method and Clicking Continue
	at org.testng.Assert.fail(Assert.java:99)
	at eraRerate.eraRerateTestNGSlow.doEraRerate(eraRerateTestNGSlow.java:1548)
	at eraRerate.eraRerateTestNGSlow.testMethod1(eraRerateTestNGSlow.java:574)
	at jdk.internal.reflect.GeneratedMethodAccessor1.invoke(Unknown Source)
	at java.base/jdk.internal.reflect.DelegatingMethodAccessorImpl.invoke(DelegatingMethodAccessorImpl.java:43)
	at java.base/java.lang.reflect.Method.invoke(Method.java:566)
	at org.testng.internal.MethodInvocationHelper.invokeMethod(MethodInvocationHelper.java:132)
	at org.testng.internal.TestInvoker.invokeMethod(TestInvoker.java:599)
	at org.testng.internal.TestInvoker.retryFailed(TestInvoker.java:214)
	at org.testng.internal.MethodRunner.runInSequence(MethodRunner.java:58)
	at org.testng.internal.TestInvoker$MethodInvocationAgent.invoke(TestInvoker.java:822)
	at org.testng.internal.TestInvoker.invokeTestMethods(TestInvoker.java:147)
	at org.testng.internal.TestMethodWorker.invokeTestMethods(TestMethodWorker.java:146)
	at org.testng.internal.TestMethodWorker.run(TestMethodWorker.java:128)
	at java.base/java.util.concurrent.ThreadPoolExecutor.runWorker(ThreadPoolExecutor.java:1128)
	at java.base/java.util.concurrent.ThreadPoolExecutor$Worker.run(ThreadPoolExecutor.java:628)
	at java.base/java.lang.Thread.run(Thread.java:834)
</pre></div></td>
<td>125</td>
<td>eraRerate.eraRerateTestNGSlow@5af97850</td></tr>
<tr>
<td title='eraRerate.eraRerateTestNGSlow.testMethod1()'><b>testMethod1</b><br>Test class: eraRerate.eraRerateTestNGSlow<br>Parameters: , , 259473, 1, 734759608966, 811647781, , 140, , , , , , Y, , 3, 603165985, , , , payor, LAC, 3715501, Online10, IL, EP, Payor Change, Payor Change, 77</td>
<td><div><pre>java.lang.AssertionError: Cannot Credit For More Than The Charge Amount Due.
	at eraRerate.eraRerateTestNGSlow.doEraRerate(eraRerateTestNGSlow.java:1457)
	at eraRerate.eraRerateTestNGSlow.testMethod1(eraRerateTestNGSlow.java:574)
	at java.base/java.util.concurrent.ThreadPoolExecutor.runWorker(ThreadPoolExecutor.java:1128)
	at java.base/java.util.concurrent.ThreadPoolExecutor$Worker.run(ThreadPoolExecutor.java:628)
	at java.base/java.lang.Thread.run(Thread.java:834)
... Removed 12 stack frames</pre></div><a href='#' onClick='toggleBox("stack-trace726740972", this, "Click to show all stack frames", "Click to hide stack frames")'>Click to show all stack frames</a>
<div class='stack-trace' id='stack-trace726740972'><pre>java.lang.AssertionError: Cannot Credit For More Than The Charge Amount Due.
	at org.testng.Assert.fail(Assert.java:99)
	at eraRerate.eraRerateTestNGSlow.doEraRerate(eraRerateTestNGSlow.java:1457)
	at eraRerate.eraRerateTestNGSlow.testMethod1(eraRerateTestNGSlow.java:574)
	at jdk.internal.reflect.GeneratedMethodAccessor1.invoke(Unknown Source)
	at java.base/jdk.internal.reflect.DelegatingMethodAccessorImpl.invoke(DelegatingMethodAccessorImpl.java:43)
	at java.base/java.lang.reflect.Method.invoke(Method.java:566)
	at org.testng.internal.MethodInvocationHelper.invokeMethod(MethodInvocationHelper.java:132)
	at org.testng.internal.TestInvoker.invokeMethod(TestInvoker.java:599)
	at org.testng.internal.TestInvoker.retryFailed(TestInvoker.java:214)
	at org.testng.internal.MethodRunner.runInSequence(MethodRunner.java:58)
	at org.testng.internal.TestInvoker$MethodInvocationAgent.invoke(TestInvoker.java:822)
	at org.testng.internal.TestInvoker.invokeTestMethods(TestInvoker.java:147)
	at org.testng.internal.TestMethodWorker.invokeTestMethods(TestMethodWorker.java:146)
	at org.testng.internal.TestMethodWorker.run(TestMethodWorker.java:128)
	at java.base/java.util.concurrent.ThreadPoolExecutor.runWorker(ThreadPoolExecutor.java:1128)
	at java.base/java.util.concurrent.ThreadPoolExecutor$Worker.run(ThreadPoolExecutor.java:628)
	at java.base/java.lang.Thread.run(Thread.java:834)
</pre></div></td>
<td>42</td>
<td>eraRerate.eraRerateTestNGSlow@5af97850</td></tr>
<tr>
<td title='eraRerate.eraRerateTestNGSlow.testMethod2()'><b>testMethod2</b><br>Test class: eraRerate.eraRerateTestNGSlow</td>
<td><div><pre>org.testng.TestNGException: 
Data Provider public synchronized java.lang.Object[][] eraRerate.eraRerateTestNGSlow.dataProviderMethod2() returned a null value
	at java.base/java.util.concurrent.ThreadPoolExecutor.runWorker(ThreadPoolExecutor.java:1128)
	at java.base/java.util.concurrent.ThreadPoolExecutor$Worker.run(ThreadPoolExecutor.java:628)
	at java.base/java.lang.Thread.run(Thread.java:834)
... Removed 9 stack frames</pre></div><a href='#' onClick='toggleBox("stack-trace1664621431", this, "Click to show all stack frames", "Click to hide stack frames")'>Click to show all stack frames</a>
<div class='stack-trace' id='stack-trace1664621431'><pre>org.testng.TestNGException: 
Data Provider public synchronized java.lang.Object[][] eraRerate.eraRerateTestNGSlow.dataProviderMethod2() returned a null value
	at org.testng.internal.MethodInvocationHelper.invokeDataProvider(MethodInvocationHelper.java:147)
	at org.testng.internal.Parameters.handleParameters(Parameters.java:797)
	at org.testng.internal.Parameters.handleParameters(Parameters.java:740)
	at org.testng.internal.ParameterHandler.handleParameters(ParameterHandler.java:59)
	at org.testng.internal.ParameterHandler.createParameters(ParameterHandler.java:38)
	at org.testng.internal.TestInvoker$MethodInvocationAgent.invoke(TestInvoker.java:789)
	at org.testng.internal.TestInvoker.invokeTestMethods(TestInvoker.java:147)
	at org.testng.internal.TestMethodWorker.invokeTestMethods(TestMethodWorker.java:146)
	at org.testng.internal.TestMethodWorker.run(TestMethodWorker.java:128)
	at java.base/java.util.concurrent.ThreadPoolExecutor.runWorker(ThreadPoolExecutor.java:1128)
	at java.base/java.util.concurrent.ThreadPoolExecutor$Worker.run(ThreadPoolExecutor.java:628)
	at java.base/java.lang.Thread.run(Thread.java:834)
</pre></div></td>
<td>0</td>
<td>eraRerate.eraRerateTestNGSlow@5af97850</td></tr>
<tr>
<td title='eraRerate.eraRerateTestNGSlow.testMethod3()'><b>testMethod3</b><br>Test class: eraRerate.eraRerateTestNGSlow</td>
<td><div><pre>org.testng.TestNGException: 
Data Provider public synchronized java.lang.Object[][] eraRerate.eraRerateTestNGSlow.dataProviderMethod3() returned a null value
	at java.base/java.util.concurrent.ThreadPoolExecutor.runWorker(ThreadPoolExecutor.java:1128)
	at java.base/java.util.concurrent.ThreadPoolExecutor$Worker.run(ThreadPoolExecutor.java:628)
	at java.base/java.lang.Thread.run(Thread.java:834)
... Removed 9 stack frames</pre></div><a href='#' onClick='toggleBox("stack-trace2038774278", this, "Click to show all stack frames", "Click to hide stack frames")'>Click to show all stack frames</a>
<div class='stack-trace' id='stack-trace2038774278'><pre>org.testng.TestNGException: 
Data Provider public synchronized java.lang.Object[][] eraRerate.eraRerateTestNGSlow.dataProviderMethod3() returned a null value
	at org.testng.internal.MethodInvocationHelper.invokeDataProvider(MethodInvocationHelper.java:147)
	at org.testng.internal.Parameters.handleParameters(Parameters.java:797)
	at org.testng.internal.Parameters.handleParameters(Parameters.java:740)
	at org.testng.internal.ParameterHandler.handleParameters(ParameterHandler.java:59)
	at org.testng.internal.ParameterHandler.createParameters(ParameterHandler.java:38)
	at org.testng.internal.TestInvoker$MethodInvocationAgent.invoke(TestInvoker.java:789)
	at org.testng.internal.TestInvoker.invokeTestMethods(TestInvoker.java:147)
	at org.testng.internal.TestMethodWorker.invokeTestMethods(TestMethodWorker.java:146)
	at org.testng.internal.TestMethodWorker.run(TestMethodWorker.java:128)
	at java.base/java.util.concurrent.ThreadPoolExecutor.runWorker(ThreadPoolExecutor.java:1128)
	at java.base/java.util.concurrent.ThreadPoolExecutor$Worker.run(ThreadPoolExecutor.java:628)
	at java.base/java.lang.Thread.run(Thread.java:834)
</pre></div></td>
<td>0</td>
<td>eraRerate.eraRerateTestNGSlow@5af97850</td></tr>
<tr>
<td title='eraRerate.eraRerateTestNGSlow.testMethod4()'><b>testMethod4</b><br>Test class: eraRerate.eraRerateTestNGSlow</td>
<td><div><pre>org.testng.TestNGException: 
Data Provider public synchronized java.lang.Object[][] eraRerate.eraRerateTestNGSlow.dataProviderMethod4() returned a null value
	at java.base/java.util.concurrent.ThreadPoolExecutor.runWorker(ThreadPoolExecutor.java:1128)
	at java.base/java.util.concurrent.ThreadPoolExecutor$Worker.run(ThreadPoolExecutor.java:628)
	at java.base/java.lang.Thread.run(Thread.java:834)
... Removed 9 stack frames</pre></div><a href='#' onClick='toggleBox("stack-trace270524978", this, "Click to show all stack frames", "Click to hide stack frames")'>Click to show all stack frames</a>
<div class='stack-trace' id='stack-trace270524978'><pre>org.testng.TestNGException: 
Data Provider public synchronized java.lang.Object[][] eraRerate.eraRerateTestNGSlow.dataProviderMethod4() returned a null value
	at org.testng.internal.MethodInvocationHelper.invokeDataProvider(MethodInvocationHelper.java:147)
	at org.testng.internal.Parameters.handleParameters(Parameters.java:797)
	at org.testng.internal.Parameters.handleParameters(Parameters.java:740)
	at org.testng.internal.ParameterHandler.handleParameters(ParameterHandler.java:59)
	at org.testng.internal.ParameterHandler.createParameters(ParameterHandler.java:38)
	at org.testng.internal.TestInvoker$MethodInvocationAgent.invoke(TestInvoker.java:789)
	at org.testng.internal.TestInvoker.invokeTestMethods(TestInvoker.java:147)
	at org.testng.internal.TestMethodWorker.invokeTestMethods(TestMethodWorker.java:146)
	at org.testng.internal.TestMethodWorker.run(TestMethodWorker.java:128)
	at java.base/java.util.concurrent.ThreadPoolExecutor.runWorker(ThreadPoolExecutor.java:1128)
	at java.base/java.util.concurrent.ThreadPoolExecutor$Worker.run(ThreadPoolExecutor.java:628)
	at java.base/java.lang.Thread.run(Thread.java:834)
</pre></div></td>
<td>0</td>
<td>eraRerate.eraRerateTestNGSlow@5af97850</td></tr>
</table><p>
<table width='100%' border='1' class='invocation-passed'>
<tr><td colspan='4' align='center'><b>PASSED TESTS</b></td></tr>
<tr><td><b>Test method</b></td>
<td width="30%"><b>Exception</b></td>
<td width="10%"><b>Time (seconds)</b></td>
<td><b>Instance</b></td>
</tr>
<tr>
<td title='eraRerate.eraRerateTestNGSlow.testMethod1()'><b>testMethod1</b><br>Test class: eraRerate.eraRerateTestNGSlow<br>Parameters: fail, This selection contains bundled shipments. Bundled rerate is not available., 269034, 1, 754213893997, 716097570, , , , , , , , , , , , Fedex Overnight freight (39), , , service, USA, 5194105, eF5eh1fH, DM, EP, Change the service to Fedex Overnight freight (39), , 6</td>
<td></td>
<td>31</td>
<td>eraRerate.eraRerateTestNGSlow@5af97850</td></tr>
<tr>
<td title='eraRerate.eraRerateTestNGSlow.testMethod1()'><b>testMethod1</b><br>Test class: eraRerate.eraRerateTestNGSlow<br>Parameters: fail, This selection contains bundled shipments. Bundled rerate is not available., 269035, 1, 114848587300, 716098071, , , , , , , , , , , , , , , date, USA, 5194105, eF5eh1fH, DM, EP, Change the ship date to current date while rerating, , 7</td>
<td></td>
<td>29</td>
<td>eraRerate.eraRerateTestNGSlow@5af97850</td></tr>
<tr>
<td title='eraRerate.eraRerateTestNGSlow.testMethod1()'><b>testMethod1</b><br>Test class: eraRerate.eraRerateTestNGSlow<br>Parameters: fail, This selection contains bundled shipments. Bundled rerate is not available., 269195, 1, 773499842488, 716098071, , , , , , , , , , , , , , , date, USA, 5194105, eF5eh1fH, DM, EP, Change the ship date to current date while rerating, , 8</td>
<td></td>
<td>29</td>
<td>eraRerate.eraRerateTestNGSlow@5af97850</td></tr>
<tr>
<td title='eraRerate.eraRerateTestNGSlow.testMethod1()'><b>testMethod1</b><br>Test class: eraRerate.eraRerateTestNGSlow<br>Parameters: fail, Failed Selecting Contact Method and Clicking Continue, 252391, 1, 697435136167, 244861639, , 35, , LB, 60, 5, 5, Y, CM, 1, 600778838, , , 1, weight, CAN, 3735812, July2021, IL, EP, weight, , 9</td>
<td></td>
<td>0</td>
<td>eraRerate.eraRerateTestNGSlow@5af97850</td></tr>
<tr>
<td title='eraRerate.eraRerateTestNGSlow.testMethod1()'><b>testMethod1</b><br>Test class: eraRerate.eraRerateTestNGSlow<br>Parameters: fail, Failed Selecting Contact Method and Clicking Continue, 252386, 1, 447496039073, 776042527, , 68, , KG, 165, 25, 25, Y, CM, 1, 600818155, , , 1, weight,dim, APAC, 3726698, July2021, IL, EP, weight,dim, , 13</td>
<td></td>
<td>0</td>
<td>eraRerate.eraRerateTestNGSlow@5af97850</td></tr>
<tr>
<td title='eraRerate.eraRerateTestNGSlow.testMethod1()'><b>testMethod1</b><br>Test class: eraRerate.eraRerateTestNGSlow<br>Parameters: fail, This selection contains bundled shipments. Bundled rerate is not available., 269012, 1, 390180677850, 716097570, , , , , , , , , , , , , , , date, USA, 5194105, eF5eh1fH, DM, EP, Change the ship date to current date while rerating, , 14</td>
<td></td>
<td>28</td>
<td>eraRerate.eraRerateTestNGSlow@5af97850</td></tr>
<tr>
<td title='eraRerate.eraRerateTestNGSlow.testMethod1()'><b>testMethod1</b><br>Test class: eraRerate.eraRerateTestNGSlow<br>Parameters: fail, This selection contains bundled shipments. Bundled rerate is not available., 269194, 1, 470986303380, 716097570, , , , , , , , , , , , Fedex 1Day Freight  (70), , , service, USA, 5194105, eF5eh1fH, DM, EP, Change the service to Fedex 1Day Freight  (70), , 15</td>
<td></td>
<td>26</td>
<td>eraRerate.eraRerateTestNGSlow@5af97850</td></tr>
<tr>
<td title='eraRerate.eraRerateTestNGSlow.testMethod1()'><b>testMethod1</b><br>Test class: eraRerate.eraRerateTestNGSlow<br>Parameters: fail,  , 262868, 1, 657270200069, 811647169, , 10, , , , , , Y, , , , , , , weight, LAC, 3715501, Online10, IL, EP, Weight Change, Weight Change, 17</td>
<td></td>
<td>0</td>
<td>eraRerate.eraRerateTestNGSlow@5af97850</td></tr>
<tr>
<td title='eraRerate.eraRerateTestNGSlow.testMethod1()'><b>testMethod1</b><br>Test class: eraRerate.eraRerateTestNGSlow<br>Parameters: fail, Failed on Entering Tracking Number, 271523, 1, 660914081360, 330870627, , 69, , LB, , , , , IN, , 318844186, , , , weight, USA, 5194105, eF5eh1fH, IL, EP, Rerated Dimensions : 45'' x 20 ''x 20 '' IN, , 18</td>
<td></td>
<td>0</td>
<td>eraRerate.eraRerateTestNGSlow@5af97850</td></tr>
<tr>
<td title='eraRerate.eraRerateTestNGSlow.testMethod1()'><b>testMethod1</b><br>Test class: eraRerate.eraRerateTestNGSlow<br>Parameters: fail, Failed Selecting Contact Method and Clicking Continue, 250122, 1, 834214825394, 330870627, , 25, , , , , , Y, , , 600848895, , , , weight, USA, 5194105, eF5eh1fH, IL, EP, less than 72, , 20</td>
<td></td>
<td>0</td>
<td>eraRerate.eraRerateTestNGSlow@5af97850</td></tr>
<tr>
<td title='eraRerate.eraRerateTestNGSlow.testMethod1()'><b>testMethod1</b><br>Test class: eraRerate.eraRerateTestNGSlow<br>Parameters: fail, Failed Selecting Contact Method and Clicking Continue, 250127, 1, 860553267857, 330870990, , 25, , , , , , Y, , , 600697595, , , , weight, USA, 5194105, eF5eh1fH, IL, EP, Less than 60, , 21</td>
<td></td>
<td>0</td>
<td>eraRerate.eraRerateTestNGSlow@5af97850</td></tr>
<tr>
<td title='eraRerate.eraRerateTestNGSlow.testMethod1()'><b>testMethod1</b><br>Test class: eraRerate.eraRerateTestNGSlow<br>Parameters: fail, Failed Selecting Contact Method and Clicking Continue, 250232, 1, 193120332318, 330870996, , 25, , , , , , Y, , , 600697870, , , , weight, USA, 5194105, eF5eh1fH, IL, EP, Less than 60, , 22</td>
<td></td>
<td>0</td>
<td>eraRerate.eraRerateTestNGSlow@5af97850</td></tr>
<tr>
<td title='eraRerate.eraRerateTestNGSlow.testMethod1()'><b>testMethod1</b><br>Test class: eraRerate.eraRerateTestNGSlow<br>Parameters: fail, Failed Selecting Contact Method and Clicking Continue, 252311, 1, 880915253863, 244861633, , 89, , LB, 95, 10, 10, Y, IN, 1, 600778692, , , 1, dim, CAN, 3735812, July2021, IL, EP, , , 23</td>
<td></td>
<td>0</td>
<td>eraRerate.eraRerateTestNGSlow@5af97850</td></tr>
<tr>
<td title='eraRerate.eraRerateTestNGSlow.testMethod1()'><b>testMethod1</b><br>Test class: eraRerate.eraRerateTestNGSlow<br>Parameters: fail, This selection contains bundled shipments. Bundled rerate is not available., 269013, 1, 928586850850, 716097570, , , , , , , , , , , , Fedex Overnight freight (39), , , service, USA, 5194105, eF5eh1fH, DM, EP, Change the service to Fedex Overnight freight (39), , 24</td>
<td></td>
<td>28</td>
<td>eraRerate.eraRerateTestNGSlow@5af97850</td></tr>
<tr>
<td title='eraRerate.eraRerateTestNGSlow.testMethod1()'><b>testMethod1</b><br>Test class: eraRerate.eraRerateTestNGSlow<br>Parameters: fail, Failed on Entering Tracking Number, 269940, 1, 380307294177, 388218250, , , , , , , , , , , 601020157, , , , date, EMEA, 3735811, July2021, IL, EP, Effective Date:10/12/2020  12/31/2070 , , 25</td>
<td></td>
<td>0</td>
<td>eraRerate.eraRerateTestNGSlow@5af97850</td></tr>
<tr>
<td title='eraRerate.eraRerateTestNGSlow.testMethod1()'><b>testMethod1</b><br>Test class: eraRerate.eraRerateTestNGSlow<br>Parameters: fail, Failed on Entering Tracking Number, 270491, 1, 823490160732, 388218250, , , , , , , , , IN, , 601020157, , , , dims, EMEA, 3735811, July2021, IL, EP, After Second Rerate:, , 27</td>
<td></td>
<td>0</td>
<td>eraRerate.eraRerateTestNGSlow@5af97850</td></tr>
<tr>
<td title='eraRerate.eraRerateTestNGSlow.testMethod1()'><b>testMethod1</b><br>Test class: eraRerate.eraRerateTestNGSlow<br>Parameters: fail, Failed Selecting Contact Method and Clicking Continue, 270560, 2, 562901551111, 832808858, , , , , , , , , IN, , 700666875, , , , date, LAC, 3715501, Online10, IL, EP, Rerated Dimensions :  : 27"" x 28"" x 12"" IN", , 28</td>
<td></td>
<td>0</td>
<td>eraRerate.eraRerateTestNGSlow@5af97850</td></tr>
<tr>
<td title='eraRerate.eraRerateTestNGSlow.testMethod1()'><b>testMethod1</b><br>Test class: eraRerate.eraRerateTestNGSlow<br>Parameters: fail,  , 270589, 1, 211413716414, 811646209, , , , , 45, 20, 15, , IN, , 451087746, , , , dims, LAC, 3715501, Online10, IL, EP, Rerated Dimensions : 30 x 10 x 10, L + G = 70 inches., , 29</td>
<td></td>
<td>0</td>
<td>eraRerate.eraRerateTestNGSlow@5af97850</td></tr>
<tr>
<td title='eraRerate.eraRerateTestNGSlow.testMethod1()'><b>testMethod1</b><br>Test class: eraRerate.eraRerateTestNGSlow<br>Parameters: fail, Failed Selecting Contact Method and Clicking Continue, 190368, 2, 579403781548, 244862464, , N, , , , , , Y, , 3, 319779221, , , , payor, CAN, 3735812, July2021, IL, EP, , Payor Change, 31</td>
<td></td>
<td>0</td>
<td>eraRerate.eraRerateTestNGSlow@5af97850</td></tr>
<tr>
<td title='eraRerate.eraRerateTestNGSlow.testMethod1()'><b>testMethod1</b><br>Test class: eraRerate.eraRerateTestNGSlow<br>Parameters: fail, Failed Selecting Contact Method and Clicking Continue, 250494, 1, 965999223031, 716097532, , , , , 55, , , Y, IN, , 600633414, , , , dim, USA, 5194105, eF5eh1fH, DM, EP, 59", , 35</td>
<td></td>
<td>0</td>
<td>eraRerate.eraRerateTestNGSlow@5af97850</td></tr>
<tr>
<td title='eraRerate.eraRerateTestNGSlow.testMethod1()'><b>testMethod1</b><br>Test class: eraRerate.eraRerateTestNGSlow<br>Parameters: fail, Failed Selecting Contact Method and Clicking Continue, 252394, 1, 889202445251, 244861607, , 151, , LB, 62, , , Y, IN, 1, 600740431, , , 1, dim, CAN, 3735812, July2021, IL, EP, , , 36</td>
<td></td>
<td>0</td>
<td>eraRerate.eraRerateTestNGSlow@5af97850</td></tr>
<tr>
<td title='eraRerate.eraRerateTestNGSlow.testMethod1()'><b>testMethod1</b><br>Test class: eraRerate.eraRerateTestNGSlow<br>Parameters: fail,  5930
eDD ServiceLevelPricing Call failed [Notification{source:null, code:FAILURE, severity:FAILURE, noteSubType:null, failureSubType:null, description:eDD ServiceLevelPricing Call failed , messageParameters:[NotificationParameter{id:EDD Description, value:java.util.concurrent.ExecutionException: or, 259476, 1, 472103959167, 244862445, , , , , , , , Y, , , , , , , none, CAN, 3735812, July2021, IL, EP, No Change, No Change, 37</td>
<td></td>
<td>0</td>
<td>eraRerate.eraRerateTestNGSlow@5af97850</td></tr>
<tr>
<td title='eraRerate.eraRerateTestNGSlow.testMethod1()'><b>testMethod1</b><br>Test class: eraRerate.eraRerateTestNGSlow<br>Parameters: fail,  5931
eDD Discount Pricing Call failed [Notification{source:null, code:FAILURE, severity:FAILURE, noteSubType:null, failureSubType:null, description:eDD Discount Pricing Call failed , messageParameters:[NotificationParameter{id:EDD Description, value:java.util.concurrent.ExecutionException: java.lan, 260223, 1, 288908803114, 797363322, , , , , , , , Y, , , , , , , none, EMEA, 3735811, July2021, IL, EP, No Change, No Change, 38</td>
<td></td>
<td>0</td>
<td>eraRerate.eraRerateTestNGSlow@5af97850</td></tr>
<tr>
<td title='eraRerate.eraRerateTestNGSlow.testMethod1()'><b>testMethod1</b><br>Test class: eraRerate.eraRerateTestNGSlow<br>Parameters: fail, Failed Selecting Contact Method and Clicking Continue, 262871, 1, 262246091598, 914414697, , , , , 2, 2, 2, Y, , , , , , , dim, LAC, 3715501, Online10, IL, EP, Dims Change, Dims Change, 39</td>
<td></td>
<td>0</td>
<td>eraRerate.eraRerateTestNGSlow@5af97850</td></tr>
<tr>
<td title='eraRerate.eraRerateTestNGSlow.testMethod1()'><b>testMethod1</b><br>Test class: eraRerate.eraRerateTestNGSlow<br>Parameters: fail, This selection contains bundled shipments. Bundled rerate is not available., 269162, 1, 885528096449, 716098071, , , , , , , , , , , , , , , date, USA, 5194105, eF5eh1fH, DM, EP, Change the ship date to current date while rerating, , 40</td>
<td></td>
<td>26</td>
<td>eraRerate.eraRerateTestNGSlow@5af97850</td></tr>
<tr>
<td title='eraRerate.eraRerateTestNGSlow.testMethod1()'><b>testMethod1</b><br>Test class: eraRerate.eraRerateTestNGSlow<br>Parameters: fail, Failed on Entering Tracking Number, 270067, 1, 996244047287, 914414708, , 69, , LB, , , , , , , 600601679, , , , weight, LAC, 3715501, Online10, IL, EP, After Second Rerate:, , 43</td>
<td></td>
<td>0</td>
<td>eraRerate.eraRerateTestNGSlow@5af97850</td></tr>
<tr>
<td title='eraRerate.eraRerateTestNGSlow.testMethod1()'><b>testMethod1</b><br>Test class: eraRerate.eraRerateTestNGSlow<br>Parameters: fail, Failed on Entering Tracking Number, 270563, 1, 868518044220, 914414695, , , , , , , , , IN, , 600820338, , , , date, LAC, 3715501, Online10, IL, EP, Package weighs 69 lbs., , 44</td>
<td></td>
<td>0</td>
<td>eraRerate.eraRerateTestNGSlow@5af97850</td></tr>
<tr>
<td title='eraRerate.eraRerateTestNGSlow.testMethod1()'><b>testMethod1</b><br>Test class: eraRerate.eraRerateTestNGSlow<br>Parameters: fail, Failed on Entering Tracking Number, 270659, 2, 619167883392, 232773367, , , , , 30, 20, 20, , IN, , 602433811, , , , dims, EMEA, 3735811, July2021, IL, EP, Rerated Dimensions : 30 x 20 x 20, L + G = 110 inches., , 45</td>
<td></td>
<td>0</td>
<td>eraRerate.eraRerateTestNGSlow@5af97850</td></tr>
<tr>
<td title='eraRerate.eraRerateTestNGSlow.testMethod1()'><b>testMethod1</b><br>Test class: eraRerate.eraRerateTestNGSlow<br>Parameters: fail, Failed on Entering Tracking Number, 270725, 1, 934978581241, 776042587, , , , , 30, 18, 18, , IN, , 601747405, , , , dims, APAC, 3726698, July2021, IL, EP, Package weighs 69 lbs., , 46</td>
<td></td>
<td>0</td>
<td>eraRerate.eraRerateTestNGSlow@5af97850</td></tr>
<tr>
<td title='eraRerate.eraRerateTestNGSlow.testMethod1()'><b>testMethod1</b><br>Test class: eraRerate.eraRerateTestNGSlow<br>Parameters: , , 270767, 1, 281355143032, 244862060, , , , , , , , , IN, , 604852633, , , , date, CAN, 3735812, July2021, IL, EP, Length 27"", , 47</td>
<td></td>
<td>0</td>
<td>eraRerate.eraRerateTestNGSlow@5af97850</td></tr>
<tr>
<td title='eraRerate.eraRerateTestNGSlow.testMethod1()'><b>testMethod1</b><br>Test class: eraRerate.eraRerateTestNGSlow<br>Parameters: , , 188503, 1, 789915814043, 101894891, , , , , 20, 20, 20, , , , , , , , dims, EMEA, 3735811, July2021, IL, EP, Dims Change to 20-20-20, , 48</td>
<td></td>
<td>0</td>
<td>eraRerate.eraRerateTestNGSlow@5af97850</td></tr>
<tr>
<td title='eraRerate.eraRerateTestNGSlow.testMethod1()'><b>testMethod1</b><br>Test class: eraRerate.eraRerateTestNGSlow<br>Parameters: fail, Failed Selecting Contact Method and Clicking Continue, 226562, 2, 575664389859, 273174991, , , , , , , , Y, , , , , 01 - INTL PRIORITY BOX, , service, EMEA, 3735811, July2021, IL, EP, , Service Change, 50</td>
<td></td>
<td>0</td>
<td>eraRerate.eraRerateTestNGSlow@5af97850</td></tr>
<tr>
<td title='eraRerate.eraRerateTestNGSlow.testMethod1()'><b>testMethod1</b><br>Test class: eraRerate.eraRerateTestNGSlow<br>Parameters: , , 249564, 1, 151193991746, 934207247, , , , , 50, 30, 20, Y, , , 600058770, , , , dim, EMEA, 3735811, July2021, IL, EP, update dims : L-50, W-30, H- 20 , update dims : L-50, W-30, H- 20 , 53</td>
<td></td>
<td>0</td>
<td>eraRerate.eraRerateTestNGSlow@5af97850</td></tr>
<tr>
<td title='eraRerate.eraRerateTestNGSlow.testMethod1()'><b>testMethod1</b><br>Test class: eraRerate.eraRerateTestNGSlow<br>Parameters: , , 250124, 1, 962905349888, 330870627, , 25, , , , , , Y, , , 600848895, , , , weight, USA, 5194105, eF5eh1fH, IL, EP, Less than 60, , 54</td>
<td></td>
<td>0</td>
<td>eraRerate.eraRerateTestNGSlow@5af97850</td></tr>
<tr>
<td title='eraRerate.eraRerateTestNGSlow.testMethod1()'><b>testMethod1</b><br>Test class: eraRerate.eraRerateTestNGSlow<br>Parameters: fail, Failed Selecting Contact Method and Clicking Continue, 250227, 1, 311731077943, 330870980, , 60, , , , , , Y, , , 600697137, , , , weight, USA, 5194105, eF5eh1fH, IL, EP, 59, , 55</td>
<td></td>
<td>0</td>
<td>eraRerate.eraRerateTestNGSlow@5af97850</td></tr>
<tr>
<td title='eraRerate.eraRerateTestNGSlow.testMethod1()'><b>testMethod1</b><br>Test class: eraRerate.eraRerateTestNGSlow<br>Parameters: , , 250365, 1, 984530664490, 934207249, , , , , , , , Y, , 1, 600627074, , , , payor, EMEA, 3735811, July2021, IL, EP, change account to : 600627074 (shipper), change account to : 600627074 (shipper), 56</td>
<td></td>
<td>0</td>
<td>eraRerate.eraRerateTestNGSlow@5af97850</td></tr>
<tr>
<td title='eraRerate.eraRerateTestNGSlow.testMethod1()'><b>testMethod1</b><br>Test class: eraRerate.eraRerateTestNGSlow<br>Parameters: fail, Failed Selecting Contact Method and Clicking Continue, 250470, 1, 756913396505, 716098231, , , , , 50, , , Y, IN, , 600850350, , , , dim, USA, 5194105, eF5eh1fH, DM, EP, less than 72 length, , 57</td>
<td></td>
<td>0</td>
<td>eraRerate.eraRerateTestNGSlow@5af97850</td></tr>
<tr>
<td title='eraRerate.eraRerateTestNGSlow.testMethod1()'><b>testMethod1</b><br>Test class: eraRerate.eraRerateTestNGSlow<br>Parameters: fail, This selection contains bundled shipments. Bundled rerate is not available., 250472, 1, 928078364092, 716098231, , , , , 50, , , Y, IN, , 600850270, , , , dim, USA, 5194105, eF5eh1fH, DM, EP, less than 72 length, , 58</td>
<td></td>
<td>27</td>
<td>eraRerate.eraRerateTestNGSlow@5af97850</td></tr>
<tr>
<td title='eraRerate.eraRerateTestNGSlow.testMethod1()'><b>testMethod1</b><br>Test class: eraRerate.eraRerateTestNGSlow<br>Parameters: fail, Failed Selecting Contact Method and Clicking Continue, 250476, 1, 206506430856, 330870990, , , , , 50, , , Y, IN, , 600697595, , , , dim, USA, 5194105, eF5eh1fH, IL, EP, less than 72 length, , 59</td>
<td></td>
<td>97</td>
<td>eraRerate.eraRerateTestNGSlow@5af97850</td></tr>
<tr>
<td title='eraRerate.eraRerateTestNGSlow.testMethod1()'><b>testMethod1</b><br>Test class: eraRerate.eraRerateTestNGSlow<br>Parameters: , , 252414, 1, 515923707495, 388218285, , 14, , KG, 150, 12, 12, Y, CM, 1, 601597314, , , 1, dim,weight, EMEA, 3735811, July2021, IL, EP, , , 60</td>
<td></td>
<td>0</td>
<td>eraRerate.eraRerateTestNGSlow@5af97850</td></tr>
<tr>
<td title='eraRerate.eraRerateTestNGSlow.testMethod1()'><b>testMethod1</b><br>Test class: eraRerate.eraRerateTestNGSlow<br>Parameters: , , 262870, 1, 321511552410, 776042641, , , , , 2, 2, 2, Y, , , , , , , dim, APAC, 3726698, July2021, IL, EP, , Dims Change, 61</td>
<td></td>
<td>0</td>
<td>eraRerate.eraRerateTestNGSlow@5af97850</td></tr>
<tr>
<td title='eraRerate.eraRerateTestNGSlow.testMethod1()'><b>testMethod1</b><br>Test class: eraRerate.eraRerateTestNGSlow<br>Parameters: fail, Could Not Get To Charge Code Details, 269014, 1, 188862256580, 716098071, , , , , , , , , , , , , , , date, USA, 5194105, eF5eh1fH, DM, EP, Change the ship date to current date while rerating, , 62</td>
<td></td>
<td>29</td>
<td>eraRerate.eraRerateTestNGSlow@5af97850</td></tr>
<tr>
<td title='eraRerate.eraRerateTestNGSlow.testMethod1()'><b>testMethod1</b><br>Test class: eraRerate.eraRerateTestNGSlow<br>Parameters: fail, This selection contains bundled shipments. Bundled rerate is not available., 269033, 1, 995850571648, 716097570, , , , , , , , , , , , , , , date, USA, 5194105, eF5eh1fH, DM, EP, Change the ship date to current date while rerating, , 63</td>
<td></td>
<td>26</td>
<td>eraRerate.eraRerateTestNGSlow@5af97850</td></tr>
<tr>
<td title='eraRerate.eraRerateTestNGSlow.testMethod1()'><b>testMethod1</b><br>Test class: eraRerate.eraRerateTestNGSlow<br>Parameters: fail, This selection contains bundled shipments. Bundled rerate is not available., 269193, 1, 754429649073, 716097570, , , , , , , , , , , , , , , date, USA, 5194105, eF5eh1fH, DM, EP, Change the ship date to current date while rerating, , 64</td>
<td></td>
<td>27</td>
<td>eraRerate.eraRerateTestNGSlow@5af97850</td></tr>
<tr>
<td title='eraRerate.eraRerateTestNGSlow.testMethod1()'><b>testMethod1</b><br>Test class: eraRerate.eraRerateTestNGSlow<br>Parameters: fail, Failed on Entering Tracking Number, 270071, 2, 128182138998, 811646425, , 69, , LB, , , , , , , 601596792, , , , weight, LAC, 3715501, Online10, IL, EP, "After first Rerate:, , 65</td>
<td></td>
<td>0</td>
<td>eraRerate.eraRerateTestNGSlow@5af97850</td></tr>
<tr>
<td title='eraRerate.eraRerateTestNGSlow.testMethod1()'><b>testMethod1</b><br>Test class: eraRerate.eraRerateTestNGSlow<br>Parameters: fail, Failed on Entering Tracking Number, 270131, 1, 107132290293, 127971114, , , , , , , , , , , , , , , none, EMEA, 3735811, July2021, IL, EP, No Change, No Change, 66</td>
<td></td>
<td>0</td>
<td>eraRerate.eraRerateTestNGSlow@5af97850</td></tr>
<tr>
<td title='eraRerate.eraRerateTestNGSlow.testMethod1()'><b>testMethod1</b><br>Test class: eraRerate.eraRerateTestNGSlow<br>Parameters: fail, Failed on Entering Tracking Number, 271663, 1, 958282719573, 388218257, , 69, , LB, , , , , IN, , 601128497, , , , weight, EMEA, 3735811, July2021, IL, EP, Rerated Dimensions : 30 x 10'x 10' IN, , 68</td>
<td></td>
<td>0</td>
<td>eraRerate.eraRerateTestNGSlow@5af97850</td></tr>
<tr>
<td title='eraRerate.eraRerateTestNGSlow.testMethod1()'><b>testMethod1</b><br>Test class: eraRerate.eraRerateTestNGSlow<br>Parameters: , , 167535, 1, 422166275072, 512863840, , 250, 250, , , , , , , , , , , , weight, EMEA, 3735811, July2021, IL, EP, Weight Change to 250, , 69</td>
<td></td>
<td>0</td>
<td>eraRerate.eraRerateTestNGSlow@5af97850</td></tr>
<tr>
<td title='eraRerate.eraRerateTestNGSlow.testMethod1()'><b>testMethod1</b><br>Test class: eraRerate.eraRerateTestNGSlow<br>Parameters: fail, Failed Selecting Contact Method and Clicking Continue, 194522, 2, 233382745857, 244862171, , , , , , , , Y, , , , Priority Overnight, 01 - INTL PRIORITY BOX, , service, CAN, 3735812, July2021, IL, EP, 26 - FedEx Economy, Service Change, 70</td>
<td></td>
<td>0</td>
<td>eraRerate.eraRerateTestNGSlow@5af97850</td></tr>
<tr>
<td title='eraRerate.eraRerateTestNGSlow.testMethod1()'><b>testMethod1</b><br>Test class: eraRerate.eraRerateTestNGSlow<br>Parameters: , , 249531, 1, 248792895090, 388218257, , , , , 50, 30, 20, Y, , , 601128497, , , , dim, EMEA, 3735811, July2021, IL, EP, Need to update Length:50, Width:30 and Height:20, , 72</td>
<td></td>
<td>0</td>
<td>eraRerate.eraRerateTestNGSlow@5af97850</td></tr>
<tr>
<td title='eraRerate.eraRerateTestNGSlow.testMethod1()'><b>testMethod1</b><br>Test class: eraRerate.eraRerateTestNGSlow<br>Parameters: , , 250225, 1, 859317985343, 330870890, , 59, , , , , , Y, , , 600632655, , , , weight, USA, 5194105, eF5eh1fH, IL, EP, 59, , 73</td>
<td></td>
<td>0</td>
<td>eraRerate.eraRerateTestNGSlow@5af97850</td></tr>
<tr>
<td title='eraRerate.eraRerateTestNGSlow.testMethod1()'><b>testMethod1</b><br>Test class: eraRerate.eraRerateTestNGSlow<br>Parameters: fail, Failed Selecting Contact Method and Clicking Continue, 250228, 1, 655993032240, 330870895, , 59, , , , , , Y, , 3, 600633015, , , , weight, USA, 5194105, eF5eh1fH, IL, EP, 59, , 74</td>
<td></td>
<td>0</td>
<td>eraRerate.eraRerateTestNGSlow@5af97850</td></tr>
<tr>
<td title='eraRerate.eraRerateTestNGSlow.testMethod1()'><b>testMethod1</b><br>Test class: eraRerate.eraRerateTestNGSlow<br>Parameters: , , 250471, 1, 932929164475, 716098231, , , , , 50, , , Y, IN, , 600850350, , , , dim, USA, 5194105, eF5eh1fH, DM, EP, less than 72 length, , 75</td>
<td></td>
<td>0</td>
<td>eraRerate.eraRerateTestNGSlow@5af97850</td></tr>
<tr>
<td title='eraRerate.eraRerateTestNGSlow.testMethod1()'><b>testMethod1</b><br>Test class: eraRerate.eraRerateTestNGSlow<br>Parameters: , , 253521, 1, 218141542960, 936406199, , , , , , , , Y, , 2, 600723375, , , , payor, APAC, 3726698, July2021, IL, EP, Rerate - HK - APAC - 600723375 -2, , 76</td>
<td></td>
<td>0</td>
<td>eraRerate.eraRerateTestNGSlow@5af97850</td></tr>
<tr>
<td title='eraRerate.eraRerateTestNGSlow.testMethod1()'><b>testMethod1</b><br>Test class: eraRerate.eraRerateTestNGSlow<br>Parameters: , , 259788, 1, 330407525162, 244862445, , , , , , , , Y, , , , Priority Overnight, 01 - INTL PRIORITY BOX, , service, CAN, 3735812, July2021, IL, EP, , Service Change, 78</td>
<td></td>
<td>0</td>
<td>eraRerate.eraRerateTestNGSlow@5af97850</td></tr>
<tr>
<td title='eraRerate.eraRerateTestNGSlow.testMethod1()'><b>testMethod1</b><br>Test class: eraRerate.eraRerateTestNGSlow<br>Parameters: , , 260465, 1, 988743683306, 388218491, , , , , , , , Y, CM, , , , , , dim, EMEA, 3735811, July2021, IL, EP, , Dims Change, 79</td>
<td></td>
<td>0</td>
<td>eraRerate.eraRerateTestNGSlow@5af97850</td></tr>
<tr>
<td title='eraRerate.eraRerateTestNGSlow.testMethod1()'><b>testMethod1</b><br>Test class: eraRerate.eraRerateTestNGSlow<br>Parameters: , , 262869, 1, 500428473092, 776042641, , , , , , , , Y, , , , Priority Overnight, 01 - INTL PRIORITY BOX, , service, APAC, 3726698, July2021, IL, EP, , Service Change, 80</td>
<td></td>
<td>0</td>
<td>eraRerate.eraRerateTestNGSlow@5af97850</td></tr>
<tr>
<td title='eraRerate.eraRerateTestNGSlow.testMethod1()'><b>testMethod1</b><br>Test class: eraRerate.eraRerateTestNGSlow<br>Parameters: fail, This selection contains bundled shipments. Bundled rerate is not available., 269160, 1, 131089941240, 716097570, , , , , , , , , , , , , , , date, USA, 5194105, eF5eh1fH, DM, EP, Change the ship date to current date while rerating, , 81</td>
<td></td>
<td>26</td>
<td>eraRerate.eraRerateTestNGSlow@5af97850</td></tr>
<tr>
<td title='eraRerate.eraRerateTestNGSlow.testMethod1()'><b>testMethod1</b><br>Test class: eraRerate.eraRerateTestNGSlow<br>Parameters: fail, This selection contains bundled shipments. Bundled rerate is not available., 269161, 1, 578087847893, 716097570, , , , , , , , , , , , Overnight freight (39), , , service, USA, 5194105, eF5eh1fH, DM, EP, Change the service to Fedex Overnight freight (39), , 82</td>
<td></td>
<td>27</td>
<td>eraRerate.eraRerateTestNGSlow@5af97850</td></tr>
<tr>
<td title='eraRerate.eraRerateTestNGSlow.testMethod1()'><b>testMethod1</b><br>Test class: eraRerate.eraRerateTestNGSlow<br>Parameters: , , 269286, 1, 810112434650, 330871444, , , , , , , , , , , , , , , date, USA, 5194105, eF5eh1fH, IL, EP, Change the ship date to current date while rerating, , 83</td>
<td></td>
<td>0</td>
<td>eraRerate.eraRerateTestNGSlow@5af97850</td></tr>
<tr>
<td title='eraRerate.eraRerateTestNGSlow.testMethod1()'><b>testMethod1</b><br>Test class: eraRerate.eraRerateTestNGSlow<br>Parameters: , , 269951, 1, 763062812361, 632538493, , , , , , , , , , , , , , , none, EMEA, 3735811, July2021, IL, EP, No Change, No Change, 84</td>
<td></td>
<td>0</td>
<td>eraRerate.eraRerateTestNGSlow@5af97850</td></tr>
<tr>
<td title='eraRerate.eraRerateTestNGSlow.testMethod1()'><b>testMethod1</b><br>Test class: eraRerate.eraRerateTestNGSlow<br>Parameters: , , 270079, 1, 709116449559, 858702031, , , , , 45, 43, 41, , , , , , , , dims, EMEA, 3735811, July2021, IL, EP, Dims changed to 45-43-41, Dims changed to 45-43-41, 85</td>
<td></td>
<td>0</td>
<td>eraRerate.eraRerateTestNGSlow@5af97850</td></tr>
<tr>
<td title='eraRerate.eraRerateTestNGSlow.testMethod1()'><b>testMethod1</b><br>Test class: eraRerate.eraRerateTestNGSlow<br>Parameters: fail, Failed on Entering Tracking Number, 270651, 1, 593649925176, 858701849, , 69, , LB, , , , , IN, , 128539662, , , , weight, EMEA, 3735811, July2021, IL, EP, Rerated Dimensions : 30 x 10'x 10' IN, , 86</td>
<td></td>
<td>0</td>
<td>eraRerate.eraRerateTestNGSlow@5af97850</td></tr>
<tr>
<td title='eraRerate.eraRerateTestNGSlow.testMethod1()'><b>testMethod1</b><br>Test class: eraRerate.eraRerateTestNGSlow<br>Parameters: fail, Failed on Entering Tracking Number, 270681, 1, 815127484019, 832808858, , , , , 30, 10, 10, , IN, , 700666875, , , , dims, LAC, 3715501, Online10, IL, EP, Rerated Dimensions : 30 x 20 x 20, L + G = 110 inches., , 87</td>
<td></td>
<td>0</td>
<td>eraRerate.eraRerateTestNGSlow@5af97850</td></tr>
<tr>
<td title='eraRerate.eraRerateTestNGSlow.testMethod1()'><b>testMethod1</b><br>Test class: eraRerate.eraRerateTestNGSlow<br>Parameters: , , 270715, 1, 393376982757, 244862063, , , , , 30, 10, 10, , IN, , 604852692, , , , dims, CAN, 3735812, July2021, IL, EP, Rerated Dimensions :  : 27"" x 28"" x 12"" IN", , 88</td>
<td></td>
<td>0</td>
<td>eraRerate.eraRerateTestNGSlow@5af97850</td></tr>
</table><p>
<table width='100%' border='1' class='invocation-skipped'>
<tr><td colspan='4' align='center'><b>SKIPPED TESTS</b></td></tr>
<tr><td><b>Test method</b></td>
<td width="30%"><b>Exception</b></td>
<td width="10%"><b>Time (seconds)</b></td>
<td><b>Instance</b></td>
</tr>
<tr>
<td title='eraRerate.eraRerateTestNGSlow.testMethod1()'><b>testMethod1</b><br>Test class: eraRerate.eraRerateTestNGSlow<br>Parameters: fail,  7812
Cut Flowers not allowed for service and packaging provided, 137335, 1, 619586437458, 811647180, , 200, 200, , , , , , , , , , , , weight, LAC, 3715501, Online10, IL, EP, Weight Change to 200, , 1</td>
<td><div><pre>java.lang.AssertionError: After Rerate Click No Data Came -- Unknown Error
	at eraRerate.eraRerateTestNGSlow.doEraRerate(eraRerateTestNGSlow.java:1287)
	at eraRerate.eraRerateTestNGSlow.testMethod1(eraRerateTestNGSlow.java:574)
	at java.base/java.util.concurrent.ThreadPoolExecutor.runWorker(ThreadPoolExecutor.java:1128)
	at java.base/java.util.concurrent.ThreadPoolExecutor$Worker.run(ThreadPoolExecutor.java:628)
	at java.base/java.lang.Thread.run(Thread.java:834)
... Removed 13 stack frames</pre></div><a href='#' onClick='toggleBox("stack-trace1824085717", this, "Click to show all stack frames", "Click to hide stack frames")'>Click to show all stack frames</a>
<div class='stack-trace' id='stack-trace1824085717'><pre>java.lang.AssertionError: After Rerate Click No Data Came -- Unknown Error
	at org.testng.Assert.fail(Assert.java:99)
	at eraRerate.eraRerateTestNGSlow.doEraRerate(eraRerateTestNGSlow.java:1287)
	at eraRerate.eraRerateTestNGSlow.testMethod1(eraRerateTestNGSlow.java:574)
	at java.base/jdk.internal.reflect.NativeMethodAccessorImpl.invoke0(Native Method)
	at java.base/jdk.internal.reflect.NativeMethodAccessorImpl.invoke(NativeMethodAccessorImpl.java:62)
	at java.base/jdk.internal.reflect.DelegatingMethodAccessorImpl.invoke(DelegatingMethodAccessorImpl.java:43)
	at java.base/java.lang.reflect.Method.invoke(Method.java:566)
	at org.testng.internal.MethodInvocationHelper.invokeMethod(MethodInvocationHelper.java:132)
	at org.testng.internal.TestInvoker.invokeMethod(TestInvoker.java:599)
	at org.testng.internal.TestInvoker.invokeTestMethod(TestInvoker.java:174)
	at org.testng.internal.MethodRunner.runInSequence(MethodRunner.java:46)
	at org.testng.internal.TestInvoker$MethodInvocationAgent.invoke(TestInvoker.java:822)
	at org.testng.internal.TestInvoker.invokeTestMethods(TestInvoker.java:147)
	at org.testng.internal.TestMethodWorker.invokeTestMethods(TestMethodWorker.java:146)
	at org.testng.internal.TestMethodWorker.run(TestMethodWorker.java:128)
	at java.base/java.util.concurrent.ThreadPoolExecutor.runWorker(ThreadPoolExecutor.java:1128)
	at java.base/java.util.concurrent.ThreadPoolExecutor$Worker.run(ThreadPoolExecutor.java:628)
	at java.base/java.lang.Thread.run(Thread.java:834)
</pre></div></td>
<td>39</td>
<td>eraRerate.eraRerateTestNGSlow@5af97850</td></tr>
<tr>
<td title='eraRerate.eraRerateTestNGSlow.testMethod1()'><b>testMethod1</b><br>Test class: eraRerate.eraRerateTestNGSlow<br>Parameters: fail, Failed on Entering Tracking Number, 226571, 1, 517873933286, 330872052, , , , , , , , , , , , , , , service, USA, 5194105, eF5eh1fH, IL, EP, Service Change to 01, , 2</td>
<td><div><pre>org.openqa.selenium.NoSuchElementException: Cannot locate element with text: 
For documentation on this error, please visit: https://www.seleniumhq.org/exceptions/no_such_element.html
Build info: version: &apos;3.141.59&apos;, revision: &apos;e82be7d358&apos;, time: &apos;2018-11-14T08:25:48&apos;
System info: host: &apos;C0016390&apos;, ip: &apos;10.242.69.100&apos;, os.name: &apos;Windows Server 2016&apos;, os.arch: &apos;amd64&apos;, os.version: &apos;10.0&apos;, java.version: &apos;11.0.6&apos;
Driver info: driver.version: unknown
	at org.openqa.selenium.support.ui.Select.selectByVisibleText(Select.java:147)
	at eraRerate.eraRerateTestNGSlow.doEraRerate(eraRerateTestNGSlow.java:1228)
	at eraRerate.eraRerateTestNGSlow.testMethod1(eraRerateTestNGSlow.java:574)
	at java.base/java.util.concurrent.ThreadPoolExecutor.runWorker(ThreadPoolExecutor.java:1128)
	at java.base/java.util.concurrent.ThreadPoolExecutor$Worker.run(ThreadPoolExecutor.java:628)
	at java.base/java.lang.Thread.run(Thread.java:834)
... Removed 12 stack frames</pre></div><a href='#' onClick='toggleBox("stack-trace1942035606", this, "Click to show all stack frames", "Click to hide stack frames")'>Click to show all stack frames</a>
<div class='stack-trace' id='stack-trace1942035606'><pre>org.openqa.selenium.NoSuchElementException: Cannot locate element with text: 
For documentation on this error, please visit: https://www.seleniumhq.org/exceptions/no_such_element.html
Build info: version: &apos;3.141.59&apos;, revision: &apos;e82be7d358&apos;, time: &apos;2018-11-14T08:25:48&apos;
System info: host: &apos;C0016390&apos;, ip: &apos;10.242.69.100&apos;, os.name: &apos;Windows Server 2016&apos;, os.arch: &apos;amd64&apos;, os.version: &apos;10.0&apos;, java.version: &apos;11.0.6&apos;
Driver info: driver.version: unknown
	at org.openqa.selenium.support.ui.Select.selectByVisibleText(Select.java:147)
	at eraRerate.eraRerateTestNGSlow.doEraRerate(eraRerateTestNGSlow.java:1228)
	at eraRerate.eraRerateTestNGSlow.testMethod1(eraRerateTestNGSlow.java:574)
	at java.base/jdk.internal.reflect.NativeMethodAccessorImpl.invoke0(Native Method)
	at java.base/jdk.internal.reflect.NativeMethodAccessorImpl.invoke(NativeMethodAccessorImpl.java:62)
	at java.base/jdk.internal.reflect.DelegatingMethodAccessorImpl.invoke(DelegatingMethodAccessorImpl.java:43)
	at java.base/java.lang.reflect.Method.invoke(Method.java:566)
	at org.testng.internal.MethodInvocationHelper.invokeMethod(MethodInvocationHelper.java:132)
	at org.testng.internal.TestInvoker.invokeMethod(TestInvoker.java:599)
	at org.testng.internal.TestInvoker.invokeTestMethod(TestInvoker.java:174)
	at org.testng.internal.MethodRunner.runInSequence(MethodRunner.java:46)
	at org.testng.internal.TestInvoker$MethodInvocationAgent.invoke(TestInvoker.java:822)
	at org.testng.internal.TestInvoker.invokeTestMethods(TestInvoker.java:147)
	at org.testng.internal.TestMethodWorker.invokeTestMethods(TestMethodWorker.java:146)
	at org.testng.internal.TestMethodWorker.run(TestMethodWorker.java:128)
	at java.base/java.util.concurrent.ThreadPoolExecutor.runWorker(ThreadPoolExecutor.java:1128)
	at java.base/java.util.concurrent.ThreadPoolExecutor$Worker.run(ThreadPoolExecutor.java:628)
	at java.base/java.lang.Thread.run(Thread.java:834)
</pre></div></td>
<td>53</td>
<td>eraRerate.eraRerateTestNGSlow@5af97850</td></tr>
<tr>
<td title='eraRerate.eraRerateTestNGSlow.testMethod1()'><b>testMethod1</b><br>Test class: eraRerate.eraRerateTestNGSlow<br>Parameters: fail, , 252411, 1, 750542654868, 811647129, , 35, , LB, 48, 5, 5, Y, IN, 1, 600700839, , , 1, weight,dim, LAC, 3715501, Online10, IL, EP, , , 3</td>
<td><div><pre>java.lang.AssertionError: 
	at eraRerate.eraRerateTestNGSlow.doEraRerate(eraRerateTestNGSlow.java:1457)
	at eraRerate.eraRerateTestNGSlow.testMethod1(eraRerateTestNGSlow.java:574)
	at java.base/java.util.concurrent.ThreadPoolExecutor.runWorker(ThreadPoolExecutor.java:1128)
	at java.base/java.util.concurrent.ThreadPoolExecutor$Worker.run(ThreadPoolExecutor.java:628)
	at java.base/java.lang.Thread.run(Thread.java:834)
... Removed 13 stack frames</pre></div><a href='#' onClick='toggleBox("stack-trace1137826431", this, "Click to show all stack frames", "Click to hide stack frames")'>Click to show all stack frames</a>
<div class='stack-trace' id='stack-trace1137826431'><pre>java.lang.AssertionError: 
	at org.testng.Assert.fail(Assert.java:99)
	at eraRerate.eraRerateTestNGSlow.doEraRerate(eraRerateTestNGSlow.java:1457)
	at eraRerate.eraRerateTestNGSlow.testMethod1(eraRerateTestNGSlow.java:574)
	at java.base/jdk.internal.reflect.NativeMethodAccessorImpl.invoke0(Native Method)
	at java.base/jdk.internal.reflect.NativeMethodAccessorImpl.invoke(NativeMethodAccessorImpl.java:62)
	at java.base/jdk.internal.reflect.DelegatingMethodAccessorImpl.invoke(DelegatingMethodAccessorImpl.java:43)
	at java.base/java.lang.reflect.Method.invoke(Method.java:566)
	at org.testng.internal.MethodInvocationHelper.invokeMethod(MethodInvocationHelper.java:132)
	at org.testng.internal.TestInvoker.invokeMethod(TestInvoker.java:599)
	at org.testng.internal.TestInvoker.invokeTestMethod(TestInvoker.java:174)
	at org.testng.internal.MethodRunner.runInSequence(MethodRunner.java:46)
	at org.testng.internal.TestInvoker$MethodInvocationAgent.invoke(TestInvoker.java:822)
	at org.testng.internal.TestInvoker.invokeTestMethods(TestInvoker.java:147)
	at org.testng.internal.TestMethodWorker.invokeTestMethods(TestMethodWorker.java:146)
	at org.testng.internal.TestMethodWorker.run(TestMethodWorker.java:128)
	at java.base/java.util.concurrent.ThreadPoolExecutor.runWorker(ThreadPoolExecutor.java:1128)
	at java.base/java.util.concurrent.ThreadPoolExecutor$Worker.run(ThreadPoolExecutor.java:628)
	at java.base/java.lang.Thread.run(Thread.java:834)
</pre></div></td>
<td>44</td>
<td>eraRerate.eraRerateTestNGSlow@5af97850</td></tr>
<tr>
<td title='eraRerate.eraRerateTestNGSlow.testMethod1()'><b>testMethod1</b><br>Test class: eraRerate.eraRerateTestNGSlow<br>Parameters: fail,  7812
Cut Flowers not allowed for service and packaging provided, 252442, 1, 718958281423, 388218281, , 70, , KG, 65, , , Y, IN, 2, 600600850, , , 1, weight,dim, EMEA, 3735811, July2021, IL, EP, weight,dim, , 4</td>
<td><div><pre>java.lang.AssertionError: After Rerate Click No Data Came -- Unknown Error
	at eraRerate.eraRerateTestNGSlow.doEraRerate(eraRerateTestNGSlow.java:1287)
	at eraRerate.eraRerateTestNGSlow.testMethod1(eraRerateTestNGSlow.java:574)
	at java.base/java.util.concurrent.ThreadPoolExecutor.runWorker(ThreadPoolExecutor.java:1128)
	at java.base/java.util.concurrent.ThreadPoolExecutor$Worker.run(ThreadPoolExecutor.java:628)
	at java.base/java.lang.Thread.run(Thread.java:834)
... Removed 13 stack frames</pre></div><a href='#' onClick='toggleBox("stack-trace1544166979", this, "Click to show all stack frames", "Click to hide stack frames")'>Click to show all stack frames</a>
<div class='stack-trace' id='stack-trace1544166979'><pre>java.lang.AssertionError: After Rerate Click No Data Came -- Unknown Error
	at org.testng.Assert.fail(Assert.java:99)
	at eraRerate.eraRerateTestNGSlow.doEraRerate(eraRerateTestNGSlow.java:1287)
	at eraRerate.eraRerateTestNGSlow.testMethod1(eraRerateTestNGSlow.java:574)
	at java.base/jdk.internal.reflect.NativeMethodAccessorImpl.invoke0(Native Method)
	at java.base/jdk.internal.reflect.NativeMethodAccessorImpl.invoke(NativeMethodAccessorImpl.java:62)
	at java.base/jdk.internal.reflect.DelegatingMethodAccessorImpl.invoke(DelegatingMethodAccessorImpl.java:43)
	at java.base/java.lang.reflect.Method.invoke(Method.java:566)
	at org.testng.internal.MethodInvocationHelper.invokeMethod(MethodInvocationHelper.java:132)
	at org.testng.internal.TestInvoker.invokeMethod(TestInvoker.java:599)
	at org.testng.internal.TestInvoker.invokeTestMethod(TestInvoker.java:174)
	at org.testng.internal.MethodRunner.runInSequence(MethodRunner.java:46)
	at org.testng.internal.TestInvoker$MethodInvocationAgent.invoke(TestInvoker.java:822)
	at org.testng.internal.TestInvoker.invokeTestMethods(TestInvoker.java:147)
	at org.testng.internal.TestMethodWorker.invokeTestMethods(TestMethodWorker.java:146)
	at org.testng.internal.TestMethodWorker.run(TestMethodWorker.java:128)
	at java.base/java.util.concurrent.ThreadPoolExecutor.runWorker(ThreadPoolExecutor.java:1128)
	at java.base/java.util.concurrent.ThreadPoolExecutor$Worker.run(ThreadPoolExecutor.java:628)
	at java.base/java.lang.Thread.run(Thread.java:834)
</pre></div></td>
<td>41</td>
<td>eraRerate.eraRerateTestNGSlow@5af97850</td></tr>
<tr>
<td title='eraRerate.eraRerateTestNGSlow.testMethod1()'><b>testMethod1</b><br>Test class: eraRerate.eraRerateTestNGSlow<br>Parameters: fail, Failed Selecting Contact Method and Clicking Continue, 252459, 1, 667017028873, 914414711, , 68, , KG, 155, 25, 25, Y, CM, 1, 600601679, , , 1, weight,dim, LAC, 3715501, Online10, IL, EP, , , 5</td>
<td><div><pre>java.lang.AssertionError: Adjustment can not be done for discount amount
	at eraRerate.eraRerateTestNGSlow.doEraRerate(eraRerateTestNGSlow.java:1457)
	at eraRerate.eraRerateTestNGSlow.testMethod1(eraRerateTestNGSlow.java:574)
	at java.base/java.util.concurrent.ThreadPoolExecutor.runWorker(ThreadPoolExecutor.java:1128)
	at java.base/java.util.concurrent.ThreadPoolExecutor$Worker.run(ThreadPoolExecutor.java:628)
	at java.base/java.lang.Thread.run(Thread.java:834)
... Removed 13 stack frames</pre></div><a href='#' onClick='toggleBox("stack-trace880706708", this, "Click to show all stack frames", "Click to hide stack frames")'>Click to show all stack frames</a>
<div class='stack-trace' id='stack-trace880706708'><pre>java.lang.AssertionError: Adjustment can not be done for discount amount
	at org.testng.Assert.fail(Assert.java:99)
	at eraRerate.eraRerateTestNGSlow.doEraRerate(eraRerateTestNGSlow.java:1457)
	at eraRerate.eraRerateTestNGSlow.testMethod1(eraRerateTestNGSlow.java:574)
	at java.base/jdk.internal.reflect.NativeMethodAccessorImpl.invoke0(Native Method)
	at java.base/jdk.internal.reflect.NativeMethodAccessorImpl.invoke(NativeMethodAccessorImpl.java:62)
	at java.base/jdk.internal.reflect.DelegatingMethodAccessorImpl.invoke(DelegatingMethodAccessorImpl.java:43)
	at java.base/java.lang.reflect.Method.invoke(Method.java:566)
	at org.testng.internal.MethodInvocationHelper.invokeMethod(MethodInvocationHelper.java:132)
	at org.testng.internal.TestInvoker.invokeMethod(TestInvoker.java:599)
	at org.testng.internal.TestInvoker.invokeTestMethod(TestInvoker.java:174)
	at org.testng.internal.MethodRunner.runInSequence(MethodRunner.java:46)
	at org.testng.internal.TestInvoker$MethodInvocationAgent.invoke(TestInvoker.java:822)
	at org.testng.internal.TestInvoker.invokeTestMethods(TestInvoker.java:147)
	at org.testng.internal.TestMethodWorker.invokeTestMethods(TestMethodWorker.java:146)
	at org.testng.internal.TestMethodWorker.run(TestMethodWorker.java:128)
	at java.base/java.util.concurrent.ThreadPoolExecutor.runWorker(ThreadPoolExecutor.java:1128)
	at java.base/java.util.concurrent.ThreadPoolExecutor$Worker.run(ThreadPoolExecutor.java:628)
	at java.base/java.lang.Thread.run(Thread.java:834)
</pre></div></td>
<td>46</td>
<td>eraRerate.eraRerateTestNGSlow@5af97850</td></tr>
<tr>
<td title='eraRerate.eraRerateTestNGSlow.testMethod1()'><b>testMethod1</b><br>Test class: eraRerate.eraRerateTestNGSlow<br>Parameters: , , 271754, 1, 572051359324, 858702035, , , , , , , , , , , , , , , service, EMEA, 3735811, July2021, IL, EP, SVC changed to RL, SVC changed to RL, 10</td>
<td><div><pre>org.openqa.selenium.NoSuchElementException: Cannot locate element with text: 
For documentation on this error, please visit: https://www.seleniumhq.org/exceptions/no_such_element.html
Build info: version: &apos;3.141.59&apos;, revision: &apos;e82be7d358&apos;, time: &apos;2018-11-14T08:25:48&apos;
System info: host: &apos;C0016390&apos;, ip: &apos;10.242.69.100&apos;, os.name: &apos;Windows Server 2016&apos;, os.arch: &apos;amd64&apos;, os.version: &apos;10.0&apos;, java.version: &apos;11.0.6&apos;
Driver info: driver.version: unknown
	at org.openqa.selenium.support.ui.Select.selectByVisibleText(Select.java:147)
	at eraRerate.eraRerateTestNGSlow.doEraRerate(eraRerateTestNGSlow.java:1228)
	at eraRerate.eraRerateTestNGSlow.testMethod1(eraRerateTestNGSlow.java:574)
	at java.base/java.util.concurrent.ThreadPoolExecutor.runWorker(ThreadPoolExecutor.java:1128)
	at java.base/java.util.concurrent.ThreadPoolExecutor$Worker.run(ThreadPoolExecutor.java:628)
	at java.base/java.lang.Thread.run(Thread.java:834)
... Removed 12 stack frames</pre></div><a href='#' onClick='toggleBox("stack-trace1725225304", this, "Click to show all stack frames", "Click to hide stack frames")'>Click to show all stack frames</a>
<div class='stack-trace' id='stack-trace1725225304'><pre>org.openqa.selenium.NoSuchElementException: Cannot locate element with text: 
For documentation on this error, please visit: https://www.seleniumhq.org/exceptions/no_such_element.html
Build info: version: &apos;3.141.59&apos;, revision: &apos;e82be7d358&apos;, time: &apos;2018-11-14T08:25:48&apos;
System info: host: &apos;C0016390&apos;, ip: &apos;10.242.69.100&apos;, os.name: &apos;Windows Server 2016&apos;, os.arch: &apos;amd64&apos;, os.version: &apos;10.0&apos;, java.version: &apos;11.0.6&apos;
Driver info: driver.version: unknown
	at org.openqa.selenium.support.ui.Select.selectByVisibleText(Select.java:147)
	at eraRerate.eraRerateTestNGSlow.doEraRerate(eraRerateTestNGSlow.java:1228)
	at eraRerate.eraRerateTestNGSlow.testMethod1(eraRerateTestNGSlow.java:574)
	at java.base/jdk.internal.reflect.NativeMethodAccessorImpl.invoke0(Native Method)
	at java.base/jdk.internal.reflect.NativeMethodAccessorImpl.invoke(NativeMethodAccessorImpl.java:62)
	at java.base/jdk.internal.reflect.DelegatingMethodAccessorImpl.invoke(DelegatingMethodAccessorImpl.java:43)
	at java.base/java.lang.reflect.Method.invoke(Method.java:566)
	at org.testng.internal.MethodInvocationHelper.invokeMethod(MethodInvocationHelper.java:132)
	at org.testng.internal.TestInvoker.invokeMethod(TestInvoker.java:599)
	at org.testng.internal.TestInvoker.invokeTestMethod(TestInvoker.java:174)
	at org.testng.internal.MethodRunner.runInSequence(MethodRunner.java:46)
	at org.testng.internal.TestInvoker$MethodInvocationAgent.invoke(TestInvoker.java:822)
	at org.testng.internal.TestInvoker.invokeTestMethods(TestInvoker.java:147)
	at org.testng.internal.TestMethodWorker.invokeTestMethods(TestMethodWorker.java:146)
	at org.testng.internal.TestMethodWorker.run(TestMethodWorker.java:128)
	at java.base/java.util.concurrent.ThreadPoolExecutor.runWorker(ThreadPoolExecutor.java:1128)
	at java.base/java.util.concurrent.ThreadPoolExecutor$Worker.run(ThreadPoolExecutor.java:628)
	at java.base/java.lang.Thread.run(Thread.java:834)
</pre></div></td>
<td>53</td>
<td>eraRerate.eraRerateTestNGSlow@5af97850</td></tr>
<tr>
<td title='eraRerate.eraRerateTestNGSlow.testMethod1()'><b>testMethod1</b><br>Test class: eraRerate.eraRerateTestNGSlow<br>Parameters: fail, Could Not Get To Charge Code Details, 236584, 1, 705996475160, 330871875, , , , , , , , , , , , , , , service, USA, 5194105, eF5eh1fH, IL, EP, Service Change to 04, , 11</td>
<td><div><pre>org.openqa.selenium.NoSuchElementException: Cannot locate element with text: 
For documentation on this error, please visit: https://www.seleniumhq.org/exceptions/no_such_element.html
Build info: version: &apos;3.141.59&apos;, revision: &apos;e82be7d358&apos;, time: &apos;2018-11-14T08:25:48&apos;
System info: host: &apos;C0016390&apos;, ip: &apos;10.242.69.100&apos;, os.name: &apos;Windows Server 2016&apos;, os.arch: &apos;amd64&apos;, os.version: &apos;10.0&apos;, java.version: &apos;11.0.6&apos;
Driver info: driver.version: unknown
	at org.openqa.selenium.support.ui.Select.selectByVisibleText(Select.java:147)
	at eraRerate.eraRerateTestNGSlow.doEraRerate(eraRerateTestNGSlow.java:1228)
	at eraRerate.eraRerateTestNGSlow.testMethod1(eraRerateTestNGSlow.java:574)
	at java.base/java.util.concurrent.ThreadPoolExecutor.runWorker(ThreadPoolExecutor.java:1128)
	at java.base/java.util.concurrent.ThreadPoolExecutor$Worker.run(ThreadPoolExecutor.java:628)
	at java.base/java.lang.Thread.run(Thread.java:834)
... Removed 11 stack frames</pre></div><a href='#' onClick='toggleBox("stack-trace5525141", this, "Click to show all stack frames", "Click to hide stack frames")'>Click to show all stack frames</a>
<div class='stack-trace' id='stack-trace5525141'><pre>org.openqa.selenium.NoSuchElementException: Cannot locate element with text: 
For documentation on this error, please visit: https://www.seleniumhq.org/exceptions/no_such_element.html
Build info: version: &apos;3.141.59&apos;, revision: &apos;e82be7d358&apos;, time: &apos;2018-11-14T08:25:48&apos;
System info: host: &apos;C0016390&apos;, ip: &apos;10.242.69.100&apos;, os.name: &apos;Windows Server 2016&apos;, os.arch: &apos;amd64&apos;, os.version: &apos;10.0&apos;, java.version: &apos;11.0.6&apos;
Driver info: driver.version: unknown
	at org.openqa.selenium.support.ui.Select.selectByVisibleText(Select.java:147)
	at eraRerate.eraRerateTestNGSlow.doEraRerate(eraRerateTestNGSlow.java:1228)
	at eraRerate.eraRerateTestNGSlow.testMethod1(eraRerateTestNGSlow.java:574)
	at jdk.internal.reflect.GeneratedMethodAccessor1.invoke(Unknown Source)
	at java.base/jdk.internal.reflect.DelegatingMethodAccessorImpl.invoke(DelegatingMethodAccessorImpl.java:43)
	at java.base/java.lang.reflect.Method.invoke(Method.java:566)
	at org.testng.internal.MethodInvocationHelper.invokeMethod(MethodInvocationHelper.java:132)
	at org.testng.internal.TestInvoker.invokeMethod(TestInvoker.java:599)
	at org.testng.internal.TestInvoker.invokeTestMethod(TestInvoker.java:174)
	at org.testng.internal.MethodRunner.runInSequence(MethodRunner.java:46)
	at org.testng.internal.TestInvoker$MethodInvocationAgent.invoke(TestInvoker.java:822)
	at org.testng.internal.TestInvoker.invokeTestMethods(TestInvoker.java:147)
	at org.testng.internal.TestMethodWorker.invokeTestMethods(TestMethodWorker.java:146)
	at org.testng.internal.TestMethodWorker.run(TestMethodWorker.java:128)
	at java.base/java.util.concurrent.ThreadPoolExecutor.runWorker(ThreadPoolExecutor.java:1128)
	at java.base/java.util.concurrent.ThreadPoolExecutor$Worker.run(ThreadPoolExecutor.java:628)
	at java.base/java.lang.Thread.run(Thread.java:834)
</pre></div></td>
<td>53</td>
<td>eraRerate.eraRerateTestNGSlow@5af97850</td></tr>
<tr>
<td title='eraRerate.eraRerateTestNGSlow.testMethod1()'><b>testMethod1</b><br>Test class: eraRerate.eraRerateTestNGSlow<br>Parameters: fail,  193
INVALID POSTAL CODE FORMAT - 174
INVALID ORIGIN STATE -, 251690, 1, 120207125766, 244861664, , , , , 50, , , Y, IN, , 600851098, , , , dim, CAN, 3735812, July2021, IL, EP, less than 72 length, , 12</td>
<td><div><pre>java.lang.AssertionError: After Rerate Click No Data Came -- Unknown Error
	at eraRerate.eraRerateTestNGSlow.doEraRerate(eraRerateTestNGSlow.java:1287)
	at eraRerate.eraRerateTestNGSlow.testMethod1(eraRerateTestNGSlow.java:574)
	at java.base/java.util.concurrent.ThreadPoolExecutor.runWorker(ThreadPoolExecutor.java:1128)
	at java.base/java.util.concurrent.ThreadPoolExecutor$Worker.run(ThreadPoolExecutor.java:628)
	at java.base/java.lang.Thread.run(Thread.java:834)
... Removed 12 stack frames</pre></div><a href='#' onClick='toggleBox("stack-trace1986226089", this, "Click to show all stack frames", "Click to hide stack frames")'>Click to show all stack frames</a>
<div class='stack-trace' id='stack-trace1986226089'><pre>java.lang.AssertionError: After Rerate Click No Data Came -- Unknown Error
	at org.testng.Assert.fail(Assert.java:99)
	at eraRerate.eraRerateTestNGSlow.doEraRerate(eraRerateTestNGSlow.java:1287)
	at eraRerate.eraRerateTestNGSlow.testMethod1(eraRerateTestNGSlow.java:574)
	at jdk.internal.reflect.GeneratedMethodAccessor1.invoke(Unknown Source)
	at java.base/jdk.internal.reflect.DelegatingMethodAccessorImpl.invoke(DelegatingMethodAccessorImpl.java:43)
	at java.base/java.lang.reflect.Method.invoke(Method.java:566)
	at org.testng.internal.MethodInvocationHelper.invokeMethod(MethodInvocationHelper.java:132)
	at org.testng.internal.TestInvoker.invokeMethod(TestInvoker.java:599)
	at org.testng.internal.TestInvoker.invokeTestMethod(TestInvoker.java:174)
	at org.testng.internal.MethodRunner.runInSequence(MethodRunner.java:46)
	at org.testng.internal.TestInvoker$MethodInvocationAgent.invoke(TestInvoker.java:822)
	at org.testng.internal.TestInvoker.invokeTestMethods(TestInvoker.java:147)
	at org.testng.internal.TestMethodWorker.invokeTestMethods(TestMethodWorker.java:146)
	at org.testng.internal.TestMethodWorker.run(TestMethodWorker.java:128)
	at java.base/java.util.concurrent.ThreadPoolExecutor.runWorker(ThreadPoolExecutor.java:1128)
	at java.base/java.util.concurrent.ThreadPoolExecutor$Worker.run(ThreadPoolExecutor.java:628)
	at java.base/java.lang.Thread.run(Thread.java:834)
</pre></div></td>
<td>36</td>
<td>eraRerate.eraRerateTestNGSlow@5af97850</td></tr>
<tr>
<td title='eraRerate.eraRerateTestNGSlow.testMethod1()'><b>testMethod1</b><br>Test class: eraRerate.eraRerateTestNGSlow<br>Parameters: fail, Could Not Get To Charge Code Details, 270600, 1, 613173003986, 330871403, , , , , , , , , , , , Fedex 1Day Freight  (70), , , service, USA, 5194105, eF5eh1fH, IL, EP, Change the service to Fedex 1Day Freight  (70), , 16</td>
<td><div><pre>org.openqa.selenium.NoSuchElementException: Cannot locate element with text: Fedex 1Day Freight  (70)
For documentation on this error, please visit: https://www.seleniumhq.org/exceptions/no_such_element.html
Build info: version: &apos;3.141.59&apos;, revision: &apos;e82be7d358&apos;, time: &apos;2018-11-14T08:25:48&apos;
System info: host: &apos;C0016390&apos;, ip: &apos;10.242.69.100&apos;, os.name: &apos;Windows Server 2016&apos;, os.arch: &apos;amd64&apos;, os.version: &apos;10.0&apos;, java.version: &apos;11.0.6&apos;
Driver info: driver.version: unknown
	at org.openqa.selenium.support.ui.Select.selectByVisibleText(Select.java:147)
	at eraRerate.eraRerateTestNGSlow.doEraRerate(eraRerateTestNGSlow.java:1218)
	at eraRerate.eraRerateTestNGSlow.testMethod1(eraRerateTestNGSlow.java:574)
	at java.base/java.util.concurrent.ThreadPoolExecutor.runWorker(ThreadPoolExecutor.java:1128)
	at java.base/java.util.concurrent.ThreadPoolExecutor$Worker.run(ThreadPoolExecutor.java:628)
	at java.base/java.lang.Thread.run(Thread.java:834)
... Removed 11 stack frames</pre></div><a href='#' onClick='toggleBox("stack-trace677161870", this, "Click to show all stack frames", "Click to hide stack frames")'>Click to show all stack frames</a>
<div class='stack-trace' id='stack-trace677161870'><pre>org.openqa.selenium.NoSuchElementException: Cannot locate element with text: Fedex 1Day Freight  (70)
For documentation on this error, please visit: https://www.seleniumhq.org/exceptions/no_such_element.html
Build info: version: &apos;3.141.59&apos;, revision: &apos;e82be7d358&apos;, time: &apos;2018-11-14T08:25:48&apos;
System info: host: &apos;C0016390&apos;, ip: &apos;10.242.69.100&apos;, os.name: &apos;Windows Server 2016&apos;, os.arch: &apos;amd64&apos;, os.version: &apos;10.0&apos;, java.version: &apos;11.0.6&apos;
Driver info: driver.version: unknown
	at org.openqa.selenium.support.ui.Select.selectByVisibleText(Select.java:147)
	at eraRerate.eraRerateTestNGSlow.doEraRerate(eraRerateTestNGSlow.java:1218)
	at eraRerate.eraRerateTestNGSlow.testMethod1(eraRerateTestNGSlow.java:574)
	at jdk.internal.reflect.GeneratedMethodAccessor1.invoke(Unknown Source)
	at java.base/jdk.internal.reflect.DelegatingMethodAccessorImpl.invoke(DelegatingMethodAccessorImpl.java:43)
	at java.base/java.lang.reflect.Method.invoke(Method.java:566)
	at org.testng.internal.MethodInvocationHelper.invokeMethod(MethodInvocationHelper.java:132)
	at org.testng.internal.TestInvoker.invokeMethod(TestInvoker.java:599)
	at org.testng.internal.TestInvoker.invokeTestMethod(TestInvoker.java:174)
	at org.testng.internal.MethodRunner.runInSequence(MethodRunner.java:46)
	at org.testng.internal.TestInvoker$MethodInvocationAgent.invoke(TestInvoker.java:822)
	at org.testng.internal.TestInvoker.invokeTestMethods(TestInvoker.java:147)
	at org.testng.internal.TestMethodWorker.invokeTestMethods(TestMethodWorker.java:146)
	at org.testng.internal.TestMethodWorker.run(TestMethodWorker.java:128)
	at java.base/java.util.concurrent.ThreadPoolExecutor.runWorker(ThreadPoolExecutor.java:1128)
	at java.base/java.util.concurrent.ThreadPoolExecutor$Worker.run(ThreadPoolExecutor.java:628)
	at java.base/java.lang.Thread.run(Thread.java:834)
</pre></div></td>
<td>54</td>
<td>eraRerate.eraRerateTestNGSlow@5af97850</td></tr>
<tr>
<td title='eraRerate.eraRerateTestNGSlow.testMethod1()'><b>testMethod1</b><br>Test class: eraRerate.eraRerateTestNGSlow<br>Parameters: fail, Timeout on Rerate Screen, 219894, 1, 954694825206, 330872097, , , , , , , , , , 1, , , , , payor, USA, 5194105, eF5eh1fH, IL, EP, Payor changed to shipper, , 19</td>
<td><div><pre>java.lang.AssertionError: After Rerate Click No Data Came -- Unknown Error
	at eraRerate.eraRerateTestNGSlow.doEraRerate(eraRerateTestNGSlow.java:1307)
	at eraRerate.eraRerateTestNGSlow.testMethod1(eraRerateTestNGSlow.java:574)
	at java.base/java.util.concurrent.ThreadPoolExecutor.runWorker(ThreadPoolExecutor.java:1128)
	at java.base/java.util.concurrent.ThreadPoolExecutor$Worker.run(ThreadPoolExecutor.java:628)
	at java.base/java.lang.Thread.run(Thread.java:834)
... Removed 12 stack frames</pre></div><a href='#' onClick='toggleBox("stack-trace216807504", this, "Click to show all stack frames", "Click to hide stack frames")'>Click to show all stack frames</a>
<div class='stack-trace' id='stack-trace216807504'><pre>java.lang.AssertionError: After Rerate Click No Data Came -- Unknown Error
	at org.testng.Assert.fail(Assert.java:99)
	at eraRerate.eraRerateTestNGSlow.doEraRerate(eraRerateTestNGSlow.java:1307)
	at eraRerate.eraRerateTestNGSlow.testMethod1(eraRerateTestNGSlow.java:574)
	at jdk.internal.reflect.GeneratedMethodAccessor1.invoke(Unknown Source)
	at java.base/jdk.internal.reflect.DelegatingMethodAccessorImpl.invoke(DelegatingMethodAccessorImpl.java:43)
	at java.base/java.lang.reflect.Method.invoke(Method.java:566)
	at org.testng.internal.MethodInvocationHelper.invokeMethod(MethodInvocationHelper.java:132)
	at org.testng.internal.TestInvoker.invokeMethod(TestInvoker.java:599)
	at org.testng.internal.TestInvoker.invokeTestMethod(TestInvoker.java:174)
	at org.testng.internal.MethodRunner.runInSequence(MethodRunner.java:46)
	at org.testng.internal.TestInvoker$MethodInvocationAgent.invoke(TestInvoker.java:822)
	at org.testng.internal.TestInvoker.invokeTestMethods(TestInvoker.java:147)
	at org.testng.internal.TestMethodWorker.invokeTestMethods(TestMethodWorker.java:146)
	at org.testng.internal.TestMethodWorker.run(TestMethodWorker.java:128)
	at java.base/java.util.concurrent.ThreadPoolExecutor.runWorker(ThreadPoolExecutor.java:1128)
	at java.base/java.util.concurrent.ThreadPoolExecutor$Worker.run(ThreadPoolExecutor.java:628)
	at java.base/java.lang.Thread.run(Thread.java:834)
</pre></div></td>
<td>77</td>
<td>eraRerate.eraRerateTestNGSlow@5af97850</td></tr>
<tr>
<td title='eraRerate.eraRerateTestNGSlow.testMethod1()'><b>testMethod1</b><br>Test class: eraRerate.eraRerateTestNGSlow<br>Parameters: , , 270045, 1, 911758483600, 127971112, , , , , , , , , , , 603259491, , , , service, EMEA, 3735811, July2021, IL, EP, SVC changed to RM, , 26</td>
<td><div><pre>org.openqa.selenium.NoSuchElementException: Cannot locate element with text: 
For documentation on this error, please visit: https://www.seleniumhq.org/exceptions/no_such_element.html
Build info: version: &apos;3.141.59&apos;, revision: &apos;e82be7d358&apos;, time: &apos;2018-11-14T08:25:48&apos;
System info: host: &apos;C0016390&apos;, ip: &apos;10.242.69.100&apos;, os.name: &apos;Windows Server 2016&apos;, os.arch: &apos;amd64&apos;, os.version: &apos;10.0&apos;, java.version: &apos;11.0.6&apos;
Driver info: driver.version: unknown
	at org.openqa.selenium.support.ui.Select.selectByVisibleText(Select.java:147)
	at eraRerate.eraRerateTestNGSlow.doEraRerate(eraRerateTestNGSlow.java:1228)
	at eraRerate.eraRerateTestNGSlow.testMethod1(eraRerateTestNGSlow.java:574)
	at java.base/java.util.concurrent.ThreadPoolExecutor.runWorker(ThreadPoolExecutor.java:1128)
	at java.base/java.util.concurrent.ThreadPoolExecutor$Worker.run(ThreadPoolExecutor.java:628)
	at java.base/java.lang.Thread.run(Thread.java:834)
... Removed 11 stack frames</pre></div><a href='#' onClick='toggleBox("stack-trace805074523", this, "Click to show all stack frames", "Click to hide stack frames")'>Click to show all stack frames</a>
<div class='stack-trace' id='stack-trace805074523'><pre>org.openqa.selenium.NoSuchElementException: Cannot locate element with text: 
For documentation on this error, please visit: https://www.seleniumhq.org/exceptions/no_such_element.html
Build info: version: &apos;3.141.59&apos;, revision: &apos;e82be7d358&apos;, time: &apos;2018-11-14T08:25:48&apos;
System info: host: &apos;C0016390&apos;, ip: &apos;10.242.69.100&apos;, os.name: &apos;Windows Server 2016&apos;, os.arch: &apos;amd64&apos;, os.version: &apos;10.0&apos;, java.version: &apos;11.0.6&apos;
Driver info: driver.version: unknown
	at org.openqa.selenium.support.ui.Select.selectByVisibleText(Select.java:147)
	at eraRerate.eraRerateTestNGSlow.doEraRerate(eraRerateTestNGSlow.java:1228)
	at eraRerate.eraRerateTestNGSlow.testMethod1(eraRerateTestNGSlow.java:574)
	at jdk.internal.reflect.GeneratedMethodAccessor1.invoke(Unknown Source)
	at java.base/jdk.internal.reflect.DelegatingMethodAccessorImpl.invoke(DelegatingMethodAccessorImpl.java:43)
	at java.base/java.lang.reflect.Method.invoke(Method.java:566)
	at org.testng.internal.MethodInvocationHelper.invokeMethod(MethodInvocationHelper.java:132)
	at org.testng.internal.TestInvoker.invokeMethod(TestInvoker.java:599)
	at org.testng.internal.TestInvoker.invokeTestMethod(TestInvoker.java:174)
	at org.testng.internal.MethodRunner.runInSequence(MethodRunner.java:46)
	at org.testng.internal.TestInvoker$MethodInvocationAgent.invoke(TestInvoker.java:822)
	at org.testng.internal.TestInvoker.invokeTestMethods(TestInvoker.java:147)
	at org.testng.internal.TestMethodWorker.invokeTestMethods(TestMethodWorker.java:146)
	at org.testng.internal.TestMethodWorker.run(TestMethodWorker.java:128)
	at java.base/java.util.concurrent.ThreadPoolExecutor.runWorker(ThreadPoolExecutor.java:1128)
	at java.base/java.util.concurrent.ThreadPoolExecutor$Worker.run(ThreadPoolExecutor.java:628)
	at java.base/java.lang.Thread.run(Thread.java:834)
</pre></div></td>
<td>53</td>
<td>eraRerate.eraRerateTestNGSlow@5af97850</td></tr>
<tr>
<td title='eraRerate.eraRerateTestNGSlow.testMethod1()'><b>testMethod1</b><br>Test class: eraRerate.eraRerateTestNGSlow<br>Parameters: , , 270841, 1, 852465271234, 330871403, , , , , , , , , , , , Fedex 2Day Freight  (80), , , service, USA, 5194105, eF5eh1fH, IL, EP, Change the service to Fedex 2Day Freight  (80), , 30</td>
<td><div><pre>org.openqa.selenium.NoSuchElementException: Cannot locate element with text: Fedex 2Day Freight  (80)
For documentation on this error, please visit: https://www.seleniumhq.org/exceptions/no_such_element.html
Build info: version: &apos;3.141.59&apos;, revision: &apos;e82be7d358&apos;, time: &apos;2018-11-14T08:25:48&apos;
System info: host: &apos;C0016390&apos;, ip: &apos;10.242.69.100&apos;, os.name: &apos;Windows Server 2016&apos;, os.arch: &apos;amd64&apos;, os.version: &apos;10.0&apos;, java.version: &apos;11.0.6&apos;
Driver info: driver.version: unknown
	at org.openqa.selenium.support.ui.Select.selectByVisibleText(Select.java:147)
	at eraRerate.eraRerateTestNGSlow.doEraRerate(eraRerateTestNGSlow.java:1218)
	at eraRerate.eraRerateTestNGSlow.testMethod1(eraRerateTestNGSlow.java:574)
	at java.base/java.util.concurrent.ThreadPoolExecutor.runWorker(ThreadPoolExecutor.java:1128)
	at java.base/java.util.concurrent.ThreadPoolExecutor$Worker.run(ThreadPoolExecutor.java:628)
	at java.base/java.lang.Thread.run(Thread.java:834)
... Removed 11 stack frames</pre></div><a href='#' onClick='toggleBox("stack-trace750348830", this, "Click to show all stack frames", "Click to hide stack frames")'>Click to show all stack frames</a>
<div class='stack-trace' id='stack-trace750348830'><pre>org.openqa.selenium.NoSuchElementException: Cannot locate element with text: Fedex 2Day Freight  (80)
For documentation on this error, please visit: https://www.seleniumhq.org/exceptions/no_such_element.html
Build info: version: &apos;3.141.59&apos;, revision: &apos;e82be7d358&apos;, time: &apos;2018-11-14T08:25:48&apos;
System info: host: &apos;C0016390&apos;, ip: &apos;10.242.69.100&apos;, os.name: &apos;Windows Server 2016&apos;, os.arch: &apos;amd64&apos;, os.version: &apos;10.0&apos;, java.version: &apos;11.0.6&apos;
Driver info: driver.version: unknown
	at org.openqa.selenium.support.ui.Select.selectByVisibleText(Select.java:147)
	at eraRerate.eraRerateTestNGSlow.doEraRerate(eraRerateTestNGSlow.java:1218)
	at eraRerate.eraRerateTestNGSlow.testMethod1(eraRerateTestNGSlow.java:574)
	at jdk.internal.reflect.GeneratedMethodAccessor1.invoke(Unknown Source)
	at java.base/jdk.internal.reflect.DelegatingMethodAccessorImpl.invoke(DelegatingMethodAccessorImpl.java:43)
	at java.base/java.lang.reflect.Method.invoke(Method.java:566)
	at org.testng.internal.MethodInvocationHelper.invokeMethod(MethodInvocationHelper.java:132)
	at org.testng.internal.TestInvoker.invokeMethod(TestInvoker.java:599)
	at org.testng.internal.TestInvoker.invokeTestMethod(TestInvoker.java:174)
	at org.testng.internal.MethodRunner.runInSequence(MethodRunner.java:46)
	at org.testng.internal.TestInvoker$MethodInvocationAgent.invoke(TestInvoker.java:822)
	at org.testng.internal.TestInvoker.invokeTestMethods(TestInvoker.java:147)
	at org.testng.internal.TestMethodWorker.invokeTestMethods(TestMethodWorker.java:146)
	at org.testng.internal.TestMethodWorker.run(TestMethodWorker.java:128)
	at java.base/java.util.concurrent.ThreadPoolExecutor.runWorker(ThreadPoolExecutor.java:1128)
	at java.base/java.util.concurrent.ThreadPoolExecutor$Worker.run(ThreadPoolExecutor.java:628)
	at java.base/java.lang.Thread.run(Thread.java:834)
</pre></div></td>
<td>53</td>
<td>eraRerate.eraRerateTestNGSlow@5af97850</td></tr>
<tr>
<td title='eraRerate.eraRerateTestNGSlow.testMethod1()'><b>testMethod1</b><br>Test class: eraRerate.eraRerateTestNGSlow<br>Parameters: fail, Timeout on Rerate Screen, 236343, 1, 595918450256, 330871952, , , , , , , , , , 1, , , , , payor, USA, 5194105, eF5eh1fH, IL, EP, Payor Change to shipper, , 32</td>
<td><div><pre>java.lang.AssertionError: After Rerate Click No Data Came -- Unknown Error
	at eraRerate.eraRerateTestNGSlow.doEraRerate(eraRerateTestNGSlow.java:1307)
	at eraRerate.eraRerateTestNGSlow.testMethod1(eraRerateTestNGSlow.java:574)
	at java.base/java.util.concurrent.ThreadPoolExecutor.runWorker(ThreadPoolExecutor.java:1128)
	at java.base/java.util.concurrent.ThreadPoolExecutor$Worker.run(ThreadPoolExecutor.java:628)
	at java.base/java.lang.Thread.run(Thread.java:834)
... Removed 12 stack frames</pre></div><a href='#' onClick='toggleBox("stack-trace488408423", this, "Click to show all stack frames", "Click to hide stack frames")'>Click to show all stack frames</a>
<div class='stack-trace' id='stack-trace488408423'><pre>java.lang.AssertionError: After Rerate Click No Data Came -- Unknown Error
	at org.testng.Assert.fail(Assert.java:99)
	at eraRerate.eraRerateTestNGSlow.doEraRerate(eraRerateTestNGSlow.java:1307)
	at eraRerate.eraRerateTestNGSlow.testMethod1(eraRerateTestNGSlow.java:574)
	at jdk.internal.reflect.GeneratedMethodAccessor1.invoke(Unknown Source)
	at java.base/jdk.internal.reflect.DelegatingMethodAccessorImpl.invoke(DelegatingMethodAccessorImpl.java:43)
	at java.base/java.lang.reflect.Method.invoke(Method.java:566)
	at org.testng.internal.MethodInvocationHelper.invokeMethod(MethodInvocationHelper.java:132)
	at org.testng.internal.TestInvoker.invokeMethod(TestInvoker.java:599)
	at org.testng.internal.TestInvoker.invokeTestMethod(TestInvoker.java:174)
	at org.testng.internal.MethodRunner.runInSequence(MethodRunner.java:46)
	at org.testng.internal.TestInvoker$MethodInvocationAgent.invoke(TestInvoker.java:822)
	at org.testng.internal.TestInvoker.invokeTestMethods(TestInvoker.java:147)
	at org.testng.internal.TestMethodWorker.invokeTestMethods(TestMethodWorker.java:146)
	at org.testng.internal.TestMethodWorker.run(TestMethodWorker.java:128)
	at java.base/java.util.concurrent.ThreadPoolExecutor.runWorker(ThreadPoolExecutor.java:1128)
	at java.base/java.util.concurrent.ThreadPoolExecutor$Worker.run(ThreadPoolExecutor.java:628)
	at java.base/java.lang.Thread.run(Thread.java:834)
</pre></div></td>
<td>78</td>
<td>eraRerate.eraRerateTestNGSlow@5af97850</td></tr>
<tr>
<td title='eraRerate.eraRerateTestNGSlow.testMethod1()'><b>testMethod1</b><br>Test class: eraRerate.eraRerateTestNGSlow<br>Parameters: fail, Could Not Get To Charge Code Details, 237336, 1, 695884113872, 814260308, , , 5, KG, , , , Y, , , , , , , weight, EMEA, 3735811, July2021, IL, EP, , , 33</td>
<td><div><pre>java.lang.AssertionError: Could Not Get To Charge Code Details
	at eraRerate.eraRerateTestNGSlow.doEraRerate(eraRerateTestNGSlow.java:980)
	at eraRerate.eraRerateTestNGSlow.testMethod1(eraRerateTestNGSlow.java:574)
	at java.base/java.util.concurrent.ThreadPoolExecutor.runWorker(ThreadPoolExecutor.java:1128)
	at java.base/java.util.concurrent.ThreadPoolExecutor$Worker.run(ThreadPoolExecutor.java:628)
	at java.base/java.lang.Thread.run(Thread.java:834)
... Removed 12 stack frames</pre></div><a href='#' onClick='toggleBox("stack-trace1028537765", this, "Click to show all stack frames", "Click to hide stack frames")'>Click to show all stack frames</a>
<div class='stack-trace' id='stack-trace1028537765'><pre>java.lang.AssertionError: Could Not Get To Charge Code Details
	at org.testng.Assert.fail(Assert.java:99)
	at eraRerate.eraRerateTestNGSlow.doEraRerate(eraRerateTestNGSlow.java:980)
	at eraRerate.eraRerateTestNGSlow.testMethod1(eraRerateTestNGSlow.java:574)
	at jdk.internal.reflect.GeneratedMethodAccessor1.invoke(Unknown Source)
	at java.base/jdk.internal.reflect.DelegatingMethodAccessorImpl.invoke(DelegatingMethodAccessorImpl.java:43)
	at java.base/java.lang.reflect.Method.invoke(Method.java:566)
	at org.testng.internal.MethodInvocationHelper.invokeMethod(MethodInvocationHelper.java:132)
	at org.testng.internal.TestInvoker.invokeMethod(TestInvoker.java:599)
	at org.testng.internal.TestInvoker.invokeTestMethod(TestInvoker.java:174)
	at org.testng.internal.MethodRunner.runInSequence(MethodRunner.java:46)
	at org.testng.internal.TestInvoker$MethodInvocationAgent.invoke(TestInvoker.java:822)
	at org.testng.internal.TestInvoker.invokeTestMethods(TestInvoker.java:147)
	at org.testng.internal.TestMethodWorker.invokeTestMethods(TestMethodWorker.java:146)
	at org.testng.internal.TestMethodWorker.run(TestMethodWorker.java:128)
	at java.base/java.util.concurrent.ThreadPoolExecutor.runWorker(ThreadPoolExecutor.java:1128)
	at java.base/java.util.concurrent.ThreadPoolExecutor$Worker.run(ThreadPoolExecutor.java:628)
	at java.base/java.lang.Thread.run(Thread.java:834)
</pre></div></td>
<td>34</td>
<td>eraRerate.eraRerateTestNGSlow@5af97850</td></tr>
<tr>
<td title='eraRerate.eraRerateTestNGSlow.testMethod1()'><b>testMethod1</b><br>Test class: eraRerate.eraRerateTestNGSlow<br>Parameters: fail, Failed Selecting Contact Method and Clicking Continue, 242069, 1, 770571127284, 228426888, , , , , , , , , , 1, , , , , payor, EMEA, 3726698, July2021, IL, EP, Payor Change to shipper, , 34</td>
<td><div><pre>java.lang.AssertionError: Failed Selecting Contact Method and Clicking Continue
	at eraRerate.eraRerateTestNGSlow.doEraRerate(eraRerateTestNGSlow.java:1548)
	at eraRerate.eraRerateTestNGSlow.testMethod1(eraRerateTestNGSlow.java:574)
	at java.base/java.util.concurrent.ThreadPoolExecutor.runWorker(ThreadPoolExecutor.java:1128)
	at java.base/java.util.concurrent.ThreadPoolExecutor$Worker.run(ThreadPoolExecutor.java:628)
	at java.base/java.lang.Thread.run(Thread.java:834)
... Removed 12 stack frames</pre></div><a href='#' onClick='toggleBox("stack-trace701253423", this, "Click to show all stack frames", "Click to hide stack frames")'>Click to show all stack frames</a>
<div class='stack-trace' id='stack-trace701253423'><pre>java.lang.AssertionError: Failed Selecting Contact Method and Clicking Continue
	at org.testng.Assert.fail(Assert.java:99)
	at eraRerate.eraRerateTestNGSlow.doEraRerate(eraRerateTestNGSlow.java:1548)
	at eraRerate.eraRerateTestNGSlow.testMethod1(eraRerateTestNGSlow.java:574)
	at jdk.internal.reflect.GeneratedMethodAccessor1.invoke(Unknown Source)
	at java.base/jdk.internal.reflect.DelegatingMethodAccessorImpl.invoke(DelegatingMethodAccessorImpl.java:43)
	at java.base/java.lang.reflect.Method.invoke(Method.java:566)
	at org.testng.internal.MethodInvocationHelper.invokeMethod(MethodInvocationHelper.java:132)
	at org.testng.internal.TestInvoker.invokeMethod(TestInvoker.java:599)
	at org.testng.internal.TestInvoker.invokeTestMethod(TestInvoker.java:174)
	at org.testng.internal.MethodRunner.runInSequence(MethodRunner.java:46)
	at org.testng.internal.TestInvoker$MethodInvocationAgent.invoke(TestInvoker.java:822)
	at org.testng.internal.TestInvoker.invokeTestMethods(TestInvoker.java:147)
	at org.testng.internal.TestMethodWorker.invokeTestMethods(TestMethodWorker.java:146)
	at org.testng.internal.TestMethodWorker.run(TestMethodWorker.java:128)
	at java.base/java.util.concurrent.ThreadPoolExecutor.runWorker(ThreadPoolExecutor.java:1128)
	at java.base/java.util.concurrent.ThreadPoolExecutor$Worker.run(ThreadPoolExecutor.java:628)
	at java.base/java.lang.Thread.run(Thread.java:834)
</pre></div></td>
<td>122</td>
<td>eraRerate.eraRerateTestNGSlow@5af97850</td></tr>
<tr>
<td title='eraRerate.eraRerateTestNGSlow.testMethod1()'><b>testMethod1</b><br>Test class: eraRerate.eraRerateTestNGSlow<br>Parameters: , , 269285, 1, 811128430281, 330871444, , , , , , , , , , , , , , , service, USA, 5194105, eF5eh1fH, IL, EP, Change the service to Fedex 2Day Freight  (80), , 41</td>
<td><div><pre>org.openqa.selenium.NoSuchElementException: Cannot locate element with text: 
For documentation on this error, please visit: https://www.seleniumhq.org/exceptions/no_such_element.html
Build info: version: &apos;3.141.59&apos;, revision: &apos;e82be7d358&apos;, time: &apos;2018-11-14T08:25:48&apos;
System info: host: &apos;C0016390&apos;, ip: &apos;10.242.69.100&apos;, os.name: &apos;Windows Server 2016&apos;, os.arch: &apos;amd64&apos;, os.version: &apos;10.0&apos;, java.version: &apos;11.0.6&apos;
Driver info: driver.version: unknown
	at org.openqa.selenium.support.ui.Select.selectByVisibleText(Select.java:147)
	at eraRerate.eraRerateTestNGSlow.doEraRerate(eraRerateTestNGSlow.java:1228)
	at eraRerate.eraRerateTestNGSlow.testMethod1(eraRerateTestNGSlow.java:574)
	at java.base/java.util.concurrent.ThreadPoolExecutor.runWorker(ThreadPoolExecutor.java:1128)
	at java.base/java.util.concurrent.ThreadPoolExecutor$Worker.run(ThreadPoolExecutor.java:628)
	at java.base/java.lang.Thread.run(Thread.java:834)
... Removed 11 stack frames</pre></div><a href='#' onClick='toggleBox("stack-trace1581133134", this, "Click to show all stack frames", "Click to hide stack frames")'>Click to show all stack frames</a>
<div class='stack-trace' id='stack-trace1581133134'><pre>org.openqa.selenium.NoSuchElementException: Cannot locate element with text: 
For documentation on this error, please visit: https://www.seleniumhq.org/exceptions/no_such_element.html
Build info: version: &apos;3.141.59&apos;, revision: &apos;e82be7d358&apos;, time: &apos;2018-11-14T08:25:48&apos;
System info: host: &apos;C0016390&apos;, ip: &apos;10.242.69.100&apos;, os.name: &apos;Windows Server 2016&apos;, os.arch: &apos;amd64&apos;, os.version: &apos;10.0&apos;, java.version: &apos;11.0.6&apos;
Driver info: driver.version: unknown
	at org.openqa.selenium.support.ui.Select.selectByVisibleText(Select.java:147)
	at eraRerate.eraRerateTestNGSlow.doEraRerate(eraRerateTestNGSlow.java:1228)
	at eraRerate.eraRerateTestNGSlow.testMethod1(eraRerateTestNGSlow.java:574)
	at jdk.internal.reflect.GeneratedMethodAccessor1.invoke(Unknown Source)
	at java.base/jdk.internal.reflect.DelegatingMethodAccessorImpl.invoke(DelegatingMethodAccessorImpl.java:43)
	at java.base/java.lang.reflect.Method.invoke(Method.java:566)
	at org.testng.internal.MethodInvocationHelper.invokeMethod(MethodInvocationHelper.java:132)
	at org.testng.internal.TestInvoker.invokeMethod(TestInvoker.java:599)
	at org.testng.internal.TestInvoker.invokeTestMethod(TestInvoker.java:174)
	at org.testng.internal.MethodRunner.runInSequence(MethodRunner.java:46)
	at org.testng.internal.TestInvoker$MethodInvocationAgent.invoke(TestInvoker.java:822)
	at org.testng.internal.TestInvoker.invokeTestMethods(TestInvoker.java:147)
	at org.testng.internal.TestMethodWorker.invokeTestMethods(TestMethodWorker.java:146)
	at org.testng.internal.TestMethodWorker.run(TestMethodWorker.java:128)
	at java.base/java.util.concurrent.ThreadPoolExecutor.runWorker(ThreadPoolExecutor.java:1128)
	at java.base/java.util.concurrent.ThreadPoolExecutor$Worker.run(ThreadPoolExecutor.java:628)
	at java.base/java.lang.Thread.run(Thread.java:834)
</pre></div></td>
<td>54</td>
<td>eraRerate.eraRerateTestNGSlow@5af97850</td></tr>
<tr>
<td title='eraRerate.eraRerateTestNGSlow.testMethod1()'><b>testMethod1</b><br>Test class: eraRerate.eraRerateTestNGSlow<br>Parameters: fail, Could Not Get To Charge Code Details, 269951, 2, 698102082571, 632538493, , , , , , , , , , 1, , , , , payor, EMEA, 3735811, July2021, IL, EP, Payor changed to Shipper, Payor changed to Shipper, 42</td>
<td><div><pre>java.lang.AssertionError: Failed Selecting Contact Method and Clicking Continue
	at eraRerate.eraRerateTestNGSlow.doEraRerate(eraRerateTestNGSlow.java:1548)
	at eraRerate.eraRerateTestNGSlow.testMethod1(eraRerateTestNGSlow.java:574)
	at java.base/java.util.concurrent.ThreadPoolExecutor.runWorker(ThreadPoolExecutor.java:1128)
	at java.base/java.util.concurrent.ThreadPoolExecutor$Worker.run(ThreadPoolExecutor.java:628)
	at java.base/java.lang.Thread.run(Thread.java:834)
... Removed 12 stack frames</pre></div><a href='#' onClick='toggleBox("stack-trace1690011068", this, "Click to show all stack frames", "Click to hide stack frames")'>Click to show all stack frames</a>
<div class='stack-trace' id='stack-trace1690011068'><pre>java.lang.AssertionError: Failed Selecting Contact Method and Clicking Continue
	at org.testng.Assert.fail(Assert.java:99)
	at eraRerate.eraRerateTestNGSlow.doEraRerate(eraRerateTestNGSlow.java:1548)
	at eraRerate.eraRerateTestNGSlow.testMethod1(eraRerateTestNGSlow.java:574)
	at jdk.internal.reflect.GeneratedMethodAccessor1.invoke(Unknown Source)
	at java.base/jdk.internal.reflect.DelegatingMethodAccessorImpl.invoke(DelegatingMethodAccessorImpl.java:43)
	at java.base/java.lang.reflect.Method.invoke(Method.java:566)
	at org.testng.internal.MethodInvocationHelper.invokeMethod(MethodInvocationHelper.java:132)
	at org.testng.internal.TestInvoker.invokeMethod(TestInvoker.java:599)
	at org.testng.internal.TestInvoker.invokeTestMethod(TestInvoker.java:174)
	at org.testng.internal.MethodRunner.runInSequence(MethodRunner.java:46)
	at org.testng.internal.TestInvoker$MethodInvocationAgent.invoke(TestInvoker.java:822)
	at org.testng.internal.TestInvoker.invokeTestMethods(TestInvoker.java:147)
	at org.testng.internal.TestMethodWorker.invokeTestMethods(TestMethodWorker.java:146)
	at org.testng.internal.TestMethodWorker.run(TestMethodWorker.java:128)
	at java.base/java.util.concurrent.ThreadPoolExecutor.runWorker(ThreadPoolExecutor.java:1128)
	at java.base/java.util.concurrent.ThreadPoolExecutor$Worker.run(ThreadPoolExecutor.java:628)
	at java.base/java.lang.Thread.run(Thread.java:834)
</pre></div></td>
<td>124</td>
<td>eraRerate.eraRerateTestNGSlow@5af97850</td></tr>
<tr>
<td title='eraRerate.eraRerateTestNGSlow.testMethod1()'><b>testMethod1</b><br>Test class: eraRerate.eraRerateTestNGSlow<br>Parameters: fail, Failed Selecting Contact Method and Clicking Continue, 206176, 1, 862211209234, 268114202, , , , , , , , Y, , 3, 700158926, , , , payor, EMEA, 3735811, July2021, IL, EP, , Payor Change, 49</td>
<td><div><pre>java.lang.AssertionError: 
	at eraRerate.eraRerateTestNGSlow.doEraRerate(eraRerateTestNGSlow.java:1457)
	at eraRerate.eraRerateTestNGSlow.testMethod1(eraRerateTestNGSlow.java:574)
	at java.base/java.util.concurrent.ThreadPoolExecutor.runWorker(ThreadPoolExecutor.java:1128)
	at java.base/java.util.concurrent.ThreadPoolExecutor$Worker.run(ThreadPoolExecutor.java:628)
	at java.base/java.lang.Thread.run(Thread.java:834)
... Removed 12 stack frames</pre></div><a href='#' onClick='toggleBox("stack-trace347329327", this, "Click to show all stack frames", "Click to hide stack frames")'>Click to show all stack frames</a>
<div class='stack-trace' id='stack-trace347329327'><pre>java.lang.AssertionError: 
	at org.testng.Assert.fail(Assert.java:99)
	at eraRerate.eraRerateTestNGSlow.doEraRerate(eraRerateTestNGSlow.java:1457)
	at eraRerate.eraRerateTestNGSlow.testMethod1(eraRerateTestNGSlow.java:574)
	at jdk.internal.reflect.GeneratedMethodAccessor1.invoke(Unknown Source)
	at java.base/jdk.internal.reflect.DelegatingMethodAccessorImpl.invoke(DelegatingMethodAccessorImpl.java:43)
	at java.base/java.lang.reflect.Method.invoke(Method.java:566)
	at org.testng.internal.MethodInvocationHelper.invokeMethod(MethodInvocationHelper.java:132)
	at org.testng.internal.TestInvoker.invokeMethod(TestInvoker.java:599)
	at org.testng.internal.TestInvoker.invokeTestMethod(TestInvoker.java:174)
	at org.testng.internal.MethodRunner.runInSequence(MethodRunner.java:46)
	at org.testng.internal.TestInvoker$MethodInvocationAgent.invoke(TestInvoker.java:822)
	at org.testng.internal.TestInvoker.invokeTestMethods(TestInvoker.java:147)
	at org.testng.internal.TestMethodWorker.invokeTestMethods(TestMethodWorker.java:146)
	at org.testng.internal.TestMethodWorker.run(TestMethodWorker.java:128)
	at java.base/java.util.concurrent.ThreadPoolExecutor.runWorker(ThreadPoolExecutor.java:1128)
	at java.base/java.util.concurrent.ThreadPoolExecutor$Worker.run(ThreadPoolExecutor.java:628)
	at java.base/java.lang.Thread.run(Thread.java:834)
</pre></div></td>
<td>40</td>
<td>eraRerate.eraRerateTestNGSlow@5af97850</td></tr>
<tr>
<td title='eraRerate.eraRerateTestNGSlow.testMethod1()'><b>testMethod1</b><br>Test class: eraRerate.eraRerateTestNGSlow<br>Parameters: fail, Could Not Get To Charge Code Details, 236335, 1, 994108023334, 814260307, , , 5, KG, , , , Y, , , , , , , weight, EMEA, 3735811, July2021, IL, EP, , , 51</td>
<td><div><pre>java.lang.AssertionError: Could Not Get To Charge Code Details
	at eraRerate.eraRerateTestNGSlow.doEraRerate(eraRerateTestNGSlow.java:980)
	at eraRerate.eraRerateTestNGSlow.testMethod1(eraRerateTestNGSlow.java:574)
	at java.base/java.util.concurrent.ThreadPoolExecutor.runWorker(ThreadPoolExecutor.java:1128)
	at java.base/java.util.concurrent.ThreadPoolExecutor$Worker.run(ThreadPoolExecutor.java:628)
	at java.base/java.lang.Thread.run(Thread.java:834)
... Removed 12 stack frames</pre></div><a href='#' onClick='toggleBox("stack-trace864429249", this, "Click to show all stack frames", "Click to hide stack frames")'>Click to show all stack frames</a>
<div class='stack-trace' id='stack-trace864429249'><pre>java.lang.AssertionError: Could Not Get To Charge Code Details
	at org.testng.Assert.fail(Assert.java:99)
	at eraRerate.eraRerateTestNGSlow.doEraRerate(eraRerateTestNGSlow.java:980)
	at eraRerate.eraRerateTestNGSlow.testMethod1(eraRerateTestNGSlow.java:574)
	at jdk.internal.reflect.GeneratedMethodAccessor1.invoke(Unknown Source)
	at java.base/jdk.internal.reflect.DelegatingMethodAccessorImpl.invoke(DelegatingMethodAccessorImpl.java:43)
	at java.base/java.lang.reflect.Method.invoke(Method.java:566)
	at org.testng.internal.MethodInvocationHelper.invokeMethod(MethodInvocationHelper.java:132)
	at org.testng.internal.TestInvoker.invokeMethod(TestInvoker.java:599)
	at org.testng.internal.TestInvoker.invokeTestMethod(TestInvoker.java:174)
	at org.testng.internal.MethodRunner.runInSequence(MethodRunner.java:46)
	at org.testng.internal.TestInvoker$MethodInvocationAgent.invoke(TestInvoker.java:822)
	at org.testng.internal.TestInvoker.invokeTestMethods(TestInvoker.java:147)
	at org.testng.internal.TestMethodWorker.invokeTestMethods(TestMethodWorker.java:146)
	at org.testng.internal.TestMethodWorker.run(TestMethodWorker.java:128)
	at java.base/java.util.concurrent.ThreadPoolExecutor.runWorker(ThreadPoolExecutor.java:1128)
	at java.base/java.util.concurrent.ThreadPoolExecutor$Worker.run(ThreadPoolExecutor.java:628)
	at java.base/java.lang.Thread.run(Thread.java:834)
</pre></div></td>
<td>34</td>
<td>eraRerate.eraRerateTestNGSlow@5af97850</td></tr>
<tr>
<td title='eraRerate.eraRerateTestNGSlow.testMethod1()'><b>testMethod1</b><br>Test class: eraRerate.eraRerateTestNGSlow<br>Parameters: fail, Could Not Get To Charge Code Details, 236908, 1, 340429472712, 814260308, , , , , , , , N, , , , , , , date, EMEA, 3735811, July2021, IL, EP, date, , 52</td>
<td><div><pre>java.lang.AssertionError: Could Not Get To Charge Code Details
	at eraRerate.eraRerateTestNGSlow.doEraRerate(eraRerateTestNGSlow.java:980)
	at eraRerate.eraRerateTestNGSlow.testMethod1(eraRerateTestNGSlow.java:574)
	at java.base/java.util.concurrent.ThreadPoolExecutor.runWorker(ThreadPoolExecutor.java:1128)
	at java.base/java.util.concurrent.ThreadPoolExecutor$Worker.run(ThreadPoolExecutor.java:628)
	at java.base/java.lang.Thread.run(Thread.java:834)
... Removed 12 stack frames</pre></div><a href='#' onClick='toggleBox("stack-trace849590167", this, "Click to show all stack frames", "Click to hide stack frames")'>Click to show all stack frames</a>
<div class='stack-trace' id='stack-trace849590167'><pre>java.lang.AssertionError: Could Not Get To Charge Code Details
	at org.testng.Assert.fail(Assert.java:99)
	at eraRerate.eraRerateTestNGSlow.doEraRerate(eraRerateTestNGSlow.java:980)
	at eraRerate.eraRerateTestNGSlow.testMethod1(eraRerateTestNGSlow.java:574)
	at jdk.internal.reflect.GeneratedMethodAccessor1.invoke(Unknown Source)
	at java.base/jdk.internal.reflect.DelegatingMethodAccessorImpl.invoke(DelegatingMethodAccessorImpl.java:43)
	at java.base/java.lang.reflect.Method.invoke(Method.java:566)
	at org.testng.internal.MethodInvocationHelper.invokeMethod(MethodInvocationHelper.java:132)
	at org.testng.internal.TestInvoker.invokeMethod(TestInvoker.java:599)
	at org.testng.internal.TestInvoker.invokeTestMethod(TestInvoker.java:174)
	at org.testng.internal.MethodRunner.runInSequence(MethodRunner.java:46)
	at org.testng.internal.TestInvoker$MethodInvocationAgent.invoke(TestInvoker.java:822)
	at org.testng.internal.TestInvoker.invokeTestMethods(TestInvoker.java:147)
	at org.testng.internal.TestMethodWorker.invokeTestMethods(TestMethodWorker.java:146)
	at org.testng.internal.TestMethodWorker.run(TestMethodWorker.java:128)
	at java.base/java.util.concurrent.ThreadPoolExecutor.runWorker(ThreadPoolExecutor.java:1128)
	at java.base/java.util.concurrent.ThreadPoolExecutor$Worker.run(ThreadPoolExecutor.java:628)
	at java.base/java.lang.Thread.run(Thread.java:834)
</pre></div></td>
<td>31</td>
<td>eraRerate.eraRerateTestNGSlow@5af97850</td></tr>
<tr>
<td title='eraRerate.eraRerateTestNGSlow.testMethod1()'><b>testMethod1</b><br>Test class: eraRerate.eraRerateTestNGSlow<br>Parameters: , , 270571, 1, 622668013883, 811647696, , , , , 30, 10, 10, , IN, , 600820338, , , , dims, LAC, 3715501, Online10, IL, EP, Length 27"", , 67</td>
<td><div><pre>java.lang.AssertionError: After Rerate Click No Data Came -- Unknown Error
	at eraRerate.eraRerateTestNGSlow.doEraRerate(eraRerateTestNGSlow.java:1287)
	at eraRerate.eraRerateTestNGSlow.testMethod1(eraRerateTestNGSlow.java:574)
	at java.base/java.util.concurrent.ThreadPoolExecutor.runWorker(ThreadPoolExecutor.java:1128)
	at java.base/java.util.concurrent.ThreadPoolExecutor$Worker.run(ThreadPoolExecutor.java:628)
	at java.base/java.lang.Thread.run(Thread.java:834)
... Removed 12 stack frames</pre></div><a href='#' onClick='toggleBox("stack-trace389987890", this, "Click to show all stack frames", "Click to hide stack frames")'>Click to show all stack frames</a>
<div class='stack-trace' id='stack-trace389987890'><pre>java.lang.AssertionError: After Rerate Click No Data Came -- Unknown Error
	at org.testng.Assert.fail(Assert.java:99)
	at eraRerate.eraRerateTestNGSlow.doEraRerate(eraRerateTestNGSlow.java:1287)
	at eraRerate.eraRerateTestNGSlow.testMethod1(eraRerateTestNGSlow.java:574)
	at jdk.internal.reflect.GeneratedMethodAccessor1.invoke(Unknown Source)
	at java.base/jdk.internal.reflect.DelegatingMethodAccessorImpl.invoke(DelegatingMethodAccessorImpl.java:43)
	at java.base/java.lang.reflect.Method.invoke(Method.java:566)
	at org.testng.internal.MethodInvocationHelper.invokeMethod(MethodInvocationHelper.java:132)
	at org.testng.internal.TestInvoker.invokeMethod(TestInvoker.java:599)
	at org.testng.internal.TestInvoker.invokeTestMethod(TestInvoker.java:174)
	at org.testng.internal.MethodRunner.runInSequence(MethodRunner.java:46)
	at org.testng.internal.TestInvoker$MethodInvocationAgent.invoke(TestInvoker.java:822)
	at org.testng.internal.TestInvoker.invokeTestMethods(TestInvoker.java:147)
	at org.testng.internal.TestMethodWorker.invokeTestMethods(TestMethodWorker.java:146)
	at org.testng.internal.TestMethodWorker.run(TestMethodWorker.java:128)
	at java.base/java.util.concurrent.ThreadPoolExecutor.runWorker(ThreadPoolExecutor.java:1128)
	at java.base/java.util.concurrent.ThreadPoolExecutor$Worker.run(ThreadPoolExecutor.java:628)
	at java.base/java.lang.Thread.run(Thread.java:834)
</pre></div></td>
<td>39</td>
<td>eraRerate.eraRerateTestNGSlow@5af97850</td></tr>
<tr>
<td title='eraRerate.eraRerateTestNGSlow.testMethod1()'><b>testMethod1</b><br>Test class: eraRerate.eraRerateTestNGSlow<br>Parameters: fail, Failed Selecting Contact Method and Clicking Continue, 236591, 1, 826604028441, 797363115, , , , , , , , , , 1, , , , , payor, EMEA, 3735811, July2021, IL, EP, Payor Change to shipper, , 71</td>
<td><div><pre>java.lang.AssertionError: Failed Selecting Contact Method and Clicking Continue
	at eraRerate.eraRerateTestNGSlow.doEraRerate(eraRerateTestNGSlow.java:1548)
	at eraRerate.eraRerateTestNGSlow.testMethod1(eraRerateTestNGSlow.java:574)
	at java.base/java.util.concurrent.ThreadPoolExecutor.runWorker(ThreadPoolExecutor.java:1128)
	at java.base/java.util.concurrent.ThreadPoolExecutor$Worker.run(ThreadPoolExecutor.java:628)
	at java.base/java.lang.Thread.run(Thread.java:834)
... Removed 12 stack frames</pre></div><a href='#' onClick='toggleBox("stack-trace41507723", this, "Click to show all stack frames", "Click to hide stack frames")'>Click to show all stack frames</a>
<div class='stack-trace' id='stack-trace41507723'><pre>java.lang.AssertionError: Failed Selecting Contact Method and Clicking Continue
	at org.testng.Assert.fail(Assert.java:99)
	at eraRerate.eraRerateTestNGSlow.doEraRerate(eraRerateTestNGSlow.java:1548)
	at eraRerate.eraRerateTestNGSlow.testMethod1(eraRerateTestNGSlow.java:574)
	at jdk.internal.reflect.GeneratedMethodAccessor1.invoke(Unknown Source)
	at java.base/jdk.internal.reflect.DelegatingMethodAccessorImpl.invoke(DelegatingMethodAccessorImpl.java:43)
	at java.base/java.lang.reflect.Method.invoke(Method.java:566)
	at org.testng.internal.MethodInvocationHelper.invokeMethod(MethodInvocationHelper.java:132)
	at org.testng.internal.TestInvoker.invokeMethod(TestInvoker.java:599)
	at org.testng.internal.TestInvoker.invokeTestMethod(TestInvoker.java:174)
	at org.testng.internal.MethodRunner.runInSequence(MethodRunner.java:46)
	at org.testng.internal.TestInvoker$MethodInvocationAgent.invoke(TestInvoker.java:822)
	at org.testng.internal.TestInvoker.invokeTestMethods(TestInvoker.java:147)
	at org.testng.internal.TestMethodWorker.invokeTestMethods(TestMethodWorker.java:146)
	at org.testng.internal.TestMethodWorker.run(TestMethodWorker.java:128)
	at java.base/java.util.concurrent.ThreadPoolExecutor.runWorker(ThreadPoolExecutor.java:1128)
	at java.base/java.util.concurrent.ThreadPoolExecutor$Worker.run(ThreadPoolExecutor.java:628)
	at java.base/java.lang.Thread.run(Thread.java:834)
</pre></div></td>
<td>126</td>
<td>eraRerate.eraRerateTestNGSlow@5af97850</td></tr>
<tr>
<td title='eraRerate.eraRerateTestNGSlow.testMethod1()'><b>testMethod1</b><br>Test class: eraRerate.eraRerateTestNGSlow<br>Parameters: , , 259473, 1, 734759608966, 811647781, , 140, , , , , , Y, , 3, 603165985, , , , payor, LAC, 3715501, Online10, IL, EP, Payor Change, Payor Change, 77</td>
<td><div><pre>java.lang.AssertionError: 
	at eraRerate.eraRerateTestNGSlow.doEraRerate(eraRerateTestNGSlow.java:1457)
	at eraRerate.eraRerateTestNGSlow.testMethod1(eraRerateTestNGSlow.java:574)
	at java.base/java.util.concurrent.ThreadPoolExecutor.runWorker(ThreadPoolExecutor.java:1128)
	at java.base/java.util.concurrent.ThreadPoolExecutor$Worker.run(ThreadPoolExecutor.java:628)
	at java.base/java.lang.Thread.run(Thread.java:834)
... Removed 12 stack frames</pre></div><a href='#' onClick='toggleBox("stack-trace735393580", this, "Click to show all stack frames", "Click to hide stack frames")'>Click to show all stack frames</a>
<div class='stack-trace' id='stack-trace735393580'><pre>java.lang.AssertionError: 
	at org.testng.Assert.fail(Assert.java:99)
	at eraRerate.eraRerateTestNGSlow.doEraRerate(eraRerateTestNGSlow.java:1457)
	at eraRerate.eraRerateTestNGSlow.testMethod1(eraRerateTestNGSlow.java:574)
	at jdk.internal.reflect.GeneratedMethodAccessor1.invoke(Unknown Source)
	at java.base/jdk.internal.reflect.DelegatingMethodAccessorImpl.invoke(DelegatingMethodAccessorImpl.java:43)
	at java.base/java.lang.reflect.Method.invoke(Method.java:566)
	at org.testng.internal.MethodInvocationHelper.invokeMethod(MethodInvocationHelper.java:132)
	at org.testng.internal.TestInvoker.invokeMethod(TestInvoker.java:599)
	at org.testng.internal.TestInvoker.invokeTestMethod(TestInvoker.java:174)
	at org.testng.internal.MethodRunner.runInSequence(MethodRunner.java:46)
	at org.testng.internal.TestInvoker$MethodInvocationAgent.invoke(TestInvoker.java:822)
	at org.testng.internal.TestInvoker.invokeTestMethods(TestInvoker.java:147)
	at org.testng.internal.TestMethodWorker.invokeTestMethods(TestMethodWorker.java:146)
	at org.testng.internal.TestMethodWorker.run(TestMethodWorker.java:128)
	at java.base/java.util.concurrent.ThreadPoolExecutor.runWorker(ThreadPoolExecutor.java:1128)
	at java.base/java.util.concurrent.ThreadPoolExecutor$Worker.run(ThreadPoolExecutor.java:628)
	at java.base/java.lang.Thread.run(Thread.java:834)
</pre></div></td>
<td>42</td>
<td>eraRerate.eraRerateTestNGSlow@5af97850</td></tr>
</table><p>
</body>
</html>