<?xml version="1.0" encoding="UTF-8"?>
<!-- Generated by org.testng.reporters.JUnitXMLReporter -->
<testsuite ignored="0" hostname="c0016390" failures="4" tests="4" name="Rebill Test" time="0.1" errors="0" timestamp="2020-12-07T17:57:36 UTC">
  <testcase classname="rebill.testngRebillFast" name="@BeforeClass setupExcel" time="-1.607363856545E9">
    <failure type="org.testng.TestNGException" message="
Parameter &amp;apos;domesticCheckBox&amp;apos; is required by BeforeClass on method setupExcel but has not been marked @Optional or defined
">
      <![CDATA[org.testng.TestNGException: 
Parameter 'domesticCheckBox' is required by BeforeClass on method setupExcel but has not been marked @Optional or defined

at java.base/java.util.concurrent.ThreadPoolExecutor.runWorker(ThreadPoolExecutor.java:1128)
at java.base/java.util.concurrent.ThreadPoolExecutor$Worker.run(ThreadPoolExecutor.java:628)
at java.base/java.lang.Thread.run(Thread.java:834)
... Removed 7 stack frames]]>
    </failure>
  </testcase> <!-- @BeforeClass setupExcel -->
  <testcase classname="rebill.testngRebillFast" name="testMethod2" time="0.0">
    <failure type="org.testng.TestNGException" message="
Data Provider public synchronized java.lang.Object[][] rebill.testngRebillFast.dataProviderMethod2() returned a null value">
      <![CDATA[org.testng.TestNGException: 
Data Provider public synchronized java.lang.Object[][] rebill.testngRebillFast.dataProviderMethod2() returned a null value
at java.base/java.util.concurrent.ThreadPoolExecutor.runWorker(ThreadPoolExecutor.java:1128)
at java.base/java.util.concurrent.ThreadPoolExecutor$Worker.run(ThreadPoolExecutor.java:628)
at java.base/java.lang.Thread.run(Thread.java:834)
... Removed 9 stack frames]]>
    </failure>
  </testcase> <!-- testMethod2 -->
  <testcase classname="rebill.testngRebillFast" name="testMethod1" time="0.0">
    <failure type="org.testng.TestNGException" message="
Data Provider public synchronized java.lang.Object[][] rebill.testngRebillFast.dataProviderMethod1() returned a null value">
      <![CDATA[org.testng.TestNGException: 
Data Provider public synchronized java.lang.Object[][] rebill.testngRebillFast.dataProviderMethod1() returned a null value
at java.base/java.util.concurrent.ThreadPoolExecutor.runWorker(ThreadPoolExecutor.java:1128)
at java.base/java.util.concurrent.ThreadPoolExecutor$Worker.run(ThreadPoolExecutor.java:628)
at java.base/java.lang.Thread.run(Thread.java:834)
... Removed 9 stack frames]]>
    </failure>
  </testcase> <!-- testMethod1 -->
  <testcase classname="rebill.testngRebillFast" name="testMethod3" time="0.0">
    <failure type="org.testng.TestNGException" message="
Data Provider public synchronized java.lang.Object[][] rebill.testngRebillFast.dataProviderMethod3() returned a null value">
      <![CDATA[org.testng.TestNGException: 
Data Provider public synchronized java.lang.Object[][] rebill.testngRebillFast.dataProviderMethod3() returned a null value
at java.base/java.util.concurrent.ThreadPoolExecutor.runWorker(ThreadPoolExecutor.java:1128)
at java.base/java.util.concurrent.ThreadPoolExecutor$Worker.run(ThreadPoolExecutor.java:628)
at java.base/java.lang.Thread.run(Thread.java:834)
... Removed 9 stack frames]]>
    </failure>
  </testcase> <!-- testMethod3 -->
  <testcase classname="rebill.testngRebillFast" name="testMethod4" time="0.0">
    <failure type="org.testng.TestNGException" message="
Data Provider public synchronized java.lang.Object[][] rebill.testngRebillFast.dataProviderMethod4() returned a null value">
      <![CDATA[org.testng.TestNGException: 
Data Provider public synchronized java.lang.Object[][] rebill.testngRebillFast.dataProviderMethod4() returned a null value
at java.base/java.util.concurrent.ThreadPoolExecutor.runWorker(ThreadPoolExecutor.java:1128)
at java.base/java.util.concurrent.ThreadPoolExecutor$Worker.run(ThreadPoolExecutor.java:628)
at java.base/java.lang.Thread.run(Thread.java:834)
... Removed 9 stack frames]]>
    </failure>
  </testcase> <!-- testMethod4 -->
</testsuite> <!-- Rebill Test -->
