<?xml version="1.0" encoding="UTF-8"?>
<!-- Generated by org.testng.reporters.JUnitXMLReporter -->
<testsuite ignored="0" hostname="c0016391" failures="4" tests="7" name="Rebill Test" time="68.068" errors="0" timestamp="2021-01-05T20:23:17 UTC">
  <testcase classname="credit_debit.creditDebitTestNGSlow" name="testMethod2" time="0.0">
    <failure type="org.testng.TestNGException" message="
Data Provider public synchronized java.lang.Object[][] credit_debit.creditDebitTestNGSlow.dataProviderMethod2() returned a null value">
      <![CDATA[org.testng.TestNGException: 
Data Provider public synchronized java.lang.Object[][] credit_debit.creditDebitTestNGSlow.dataProviderMethod2() returned a null value
at java.base/java.util.concurrent.ThreadPoolExecutor.runWorker(ThreadPoolExecutor.java:1128)
at java.base/java.util.concurrent.ThreadPoolExecutor$Worker.run(ThreadPoolExecutor.java:628)
at java.base/java.lang.Thread.run(Thread.java:834)
... Removed 9 stack frames]]>
    </failure>
  </testcase> <!-- testMethod2 -->
  <testcase classname="credit_debit.creditDebitTestNGSlow" name="testMethod3" time="0.0">
    <failure type="org.testng.TestNGException" message="
Data Provider public synchronized java.lang.Object[][] credit_debit.creditDebitTestNGSlow.dataProviderMethod3() returned a null value">
      <![CDATA[org.testng.TestNGException: 
Data Provider public synchronized java.lang.Object[][] credit_debit.creditDebitTestNGSlow.dataProviderMethod3() returned a null value
at java.base/java.util.concurrent.ThreadPoolExecutor.runWorker(ThreadPoolExecutor.java:1128)
at java.base/java.util.concurrent.ThreadPoolExecutor$Worker.run(ThreadPoolExecutor.java:628)
at java.base/java.lang.Thread.run(Thread.java:834)
... Removed 9 stack frames]]>
    </failure>
  </testcase> <!-- testMethod3 -->
  <testcase classname="credit_debit.creditDebitTestNGSlow" name="testMethod4" time="0.0">
    <failure type="org.testng.TestNGException" message="
Data Provider public synchronized java.lang.Object[][] credit_debit.creditDebitTestNGSlow.dataProviderMethod4() returned a null value">
      <![CDATA[org.testng.TestNGException: 
Data Provider public synchronized java.lang.Object[][] credit_debit.creditDebitTestNGSlow.dataProviderMethod4() returned a null value
at java.base/java.util.concurrent.ThreadPoolExecutor.runWorker(ThreadPoolExecutor.java:1128)
at java.base/java.util.concurrent.ThreadPoolExecutor$Worker.run(ThreadPoolExecutor.java:628)
at java.base/java.lang.Thread.run(Thread.java:834)
... Removed 9 stack frames]]>
    </failure>
  </testcase> <!-- testMethod4 -->
  <testcase classname="credit_debit.creditDebitTestNGSlow" name="testMethod1" time="13.162">
    <skipped/>
  </testcase> <!-- testMethod1 -->
  <testcase classname="credit_debit.creditDebitTestNGSlow" name="testMethod1" time="14.052">
    <skipped/>
  </testcase> <!-- testMethod1 -->
  <testcase classname="credit_debit.creditDebitTestNGSlow" name="testMethod1" time="13.666">
    <skipped/>
  </testcase> <!-- testMethod1 -->
  <testcase classname="credit_debit.creditDebitTestNGSlow" name="testMethod1" time="13.817">
    <failure type="java.lang.AssertionError" message="Could Not Login">
      <![CDATA[java.lang.AssertionError: Could Not Login
at credit_debit.creditDebitTestNGSlow.login(creditDebitTestNGSlow.java:927)
at credit_debit.creditDebitTestNGSlow.testMethod1(creditDebitTestNGSlow.java:609)
at java.base/java.util.concurrent.ThreadPoolExecutor.runWorker(ThreadPoolExecutor.java:1128)
at java.base/java.util.concurrent.ThreadPoolExecutor$Worker.run(ThreadPoolExecutor.java:628)
at java.base/java.lang.Thread.run(Thread.java:834)
... Removed 13 stack frames]]>
    </failure>
  </testcase> <!-- testMethod1 -->
</testsuite> <!-- Rebill Test -->
