<html>
<head>
<title>TestNG:  Rebill Test</title>
<link href="../testng.css" rel="stylesheet" type="text/css" />
<link href="../my-testng.css" rel="stylesheet" type="text/css" />

<style type="text/css">
.log { display: none;} 
.stack-trace { display: none;} 
</style>
<script type="text/javascript">
<!--
function flip(e) {
  current = e.style.display;
  if (current == 'block') {
    e.style.display = 'none';
    return 0;
  }
  else {
    e.style.display = 'block';
    return 1;
  }
}

function toggleBox(szDivId, elem, msg1, msg2)
{
  var res = -1;  if (document.getElementById) {
    res = flip(document.getElementById(szDivId));
  }
  else if (document.all) {
    // this is the way old msie versions work
    res = flip(document.all[szDivId]);
  }
  if(elem) {
    if(res == 0) elem.innerHTML = msg1; else elem.innerHTML = msg2;
  }

}

function toggleAllBoxes() {
  if (document.getElementsByTagName) {
    d = document.getElementsByTagName('div');
    for (i = 0; i < d.length; i++) {
      if (d[i].className == 'log') {
        flip(d[i]);
      }
    }
  }
}

// -->
</script>

</head>
<body>
<h2 align='center'>Rebill Test</h2><table border='1' align="center">
<tr>
<td>Tests passed/Failed/Skipped:</td><td>139/37/3</td>
</tr><tr>
<td>Started on:</td><td>Fri Jun 26 15:44:38 CDT 2020</td>
</tr>
<tr><td>Total time:</td><td>10467 seconds (10467303 ms)</td>
</tr><tr>
<td>Included groups:</td><td></td>
</tr><tr>
<td>Excluded groups:</td><td></td>
</tr>
</table><p/>
<small><i>(Hover the method name to see the test class name)</i></small><p/>
<table width='100%' border='1' class='invocation-failed'>
<tr><td colspan='4' align='center'><b>FAILED TESTS</b></td></tr>
<tr><td><b>Test method</b></td>
<td width="30%"><b>Exception</b></td>
<td width="10%"><b>Time (seconds)</b></td>
<td><b>Instance</b></td>
</tr>
<tr>
<td title='rebill.testngRebillSlow.testMethod1()'><b>testMethod1</b><br>Test class: rebill.testngRebillSlow<br>Parameters: fail,  TRANSACTION ALREADY REBILLED, 189908, 1, 794974072649, RSA, , 978056080, , Y, APAC, 3613369, 3613369, IL, EP, NORMAL, , , , , , , , , , , , , , , 5</td>
<td><div><pre>java.lang.AssertionError: org.openqa.selenium.NoSuchElementException: no such element: Unable to locate element: {&quot;method&quot;:&quot;xpath&quot;,&quot;selector&quot;:&quot; /html/body/div[6]/div/div/div[1]/h4&quot;}
  (Session info: chrome=83.0.4103.116)
  (Driver info: chromedriver=2.41.578737 (49da6702b16031c40d63e5618de03a32ff6c197e),platform=Windows NT 6.1.7601 SP1 x86) (WARNING: The server did not provide any stacktrace information)
Command duration or timeout: 0 milliseconds
For documentation on this error, please visit: https://www.seleniumhq.org/exceptions/no_such_element.html
Build info: version: &apos;3.141.59&apos;, revision: &apos;e82be7d358&apos;, time: &apos;2018-11-14T08:25:48&apos;
System info: host: &apos;SQA-CRS-021&apos;, ip: &apos;10.255.251.244&apos;, os.name: &apos;Windows 7&apos;, os.arch: &apos;x86&apos;, os.version: &apos;6.1&apos;, java.version: &apos;1.8.0_212&apos;
Driver info: org.openqa.selenium.chrome.ChromeDriver
Capabilities {acceptInsecureCerts: false, acceptSslCerts: false, applicationCacheEnabled: false, browserConnectionEnabled: false, browserName: chrome, chrome: {chromedriverVersion: 2.41.578737 (49da6702b16031..., userDataDir: C:\Users\FEDEXU~1\AppData\L...}, cssSelectorsEnabled: true, databaseEnabled: false, goog:chromeOptions: {debuggerAddress: localhost:61228}, handlesAlerts: true, hasTouchScreen: false, javascriptEnabled: true, locationContextEnabled: true, mobileEmulationEnabled: false, nativeEvents: true, networkConnectionEnabled: false, pageLoadStrategy: normal, platform: XP, platformName: XP, rotatable: false, setWindowRect: true, takesHeapSnapshot: true, takesScreenshot: true, unexpectedAlertBehaviour: , unhandledPromptBehavior: , version: 83.0.4103.116, webStorageEnabled: true}
Session ID: dcd68aec8dc8b5671134e79bd805f74e
*** Element info: {Using=xpath, value= /html/body/div[6]/div/div/div[1]/h4} Could Not find Popup
	at rebill.testngRebillSlow.doRebill(testngRebillSlow.java:1191)
	at rebill.testngRebillSlow.testMethod1(testngRebillSlow.java:639)
	at java.util.concurrent.ThreadPoolExecutor.runWorker(Unknown Source)
	at java.util.concurrent.ThreadPoolExecutor$Worker.run(Unknown Source)
	at java.lang.Thread.run(Unknown Source)
... Removed 11 stack frames</pre></div><a href='#' onClick='toggleBox("stack-trace25989930", this, "Click to show all stack frames", "Click to hide stack frames")'>Click to show all stack frames</a>
<div class='stack-trace' id='stack-trace25989930'><pre>java.lang.AssertionError: org.openqa.selenium.NoSuchElementException: no such element: Unable to locate element: {&quot;method&quot;:&quot;xpath&quot;,&quot;selector&quot;:&quot; /html/body/div[6]/div/div/div[1]/h4&quot;}
  (Session info: chrome=83.0.4103.116)
  (Driver info: chromedriver=2.41.578737 (49da6702b16031c40d63e5618de03a32ff6c197e),platform=Windows NT 6.1.7601 SP1 x86) (WARNING: The server did not provide any stacktrace information)
Command duration or timeout: 0 milliseconds
For documentation on this error, please visit: https://www.seleniumhq.org/exceptions/no_such_element.html
Build info: version: &apos;3.141.59&apos;, revision: &apos;e82be7d358&apos;, time: &apos;2018-11-14T08:25:48&apos;
System info: host: &apos;SQA-CRS-021&apos;, ip: &apos;10.255.251.244&apos;, os.name: &apos;Windows 7&apos;, os.arch: &apos;x86&apos;, os.version: &apos;6.1&apos;, java.version: &apos;1.8.0_212&apos;
Driver info: org.openqa.selenium.chrome.ChromeDriver
Capabilities {acceptInsecureCerts: false, acceptSslCerts: false, applicationCacheEnabled: false, browserConnectionEnabled: false, browserName: chrome, chrome: {chromedriverVersion: 2.41.578737 (49da6702b16031..., userDataDir: C:\Users\FEDEXU~1\AppData\L...}, cssSelectorsEnabled: true, databaseEnabled: false, goog:chromeOptions: {debuggerAddress: localhost:61228}, handlesAlerts: true, hasTouchScreen: false, javascriptEnabled: true, locationContextEnabled: true, mobileEmulationEnabled: false, nativeEvents: true, networkConnectionEnabled: false, pageLoadStrategy: normal, platform: XP, platformName: XP, rotatable: false, setWindowRect: true, takesHeapSnapshot: true, takesScreenshot: true, unexpectedAlertBehaviour: , unhandledPromptBehavior: , version: 83.0.4103.116, webStorageEnabled: true}
Session ID: dcd68aec8dc8b5671134e79bd805f74e
*** Element info: {Using=xpath, value= /html/body/div[6]/div/div/div[1]/h4} Could Not find Popup
	at org.testng.Assert.fail(Assert.java:93)
	at rebill.testngRebillSlow.doRebill(testngRebillSlow.java:1191)
	at rebill.testngRebillSlow.testMethod1(testngRebillSlow.java:639)
	at sun.reflect.NativeMethodAccessorImpl.invoke0(Native Method)
	at sun.reflect.NativeMethodAccessorImpl.invoke(Unknown Source)
	at sun.reflect.DelegatingMethodAccessorImpl.invoke(Unknown Source)
	at java.lang.reflect.Method.invoke(Unknown Source)
	at org.testng.internal.MethodInvocationHelper.invokeMethod(MethodInvocationHelper.java:108)
	at org.testng.internal.Invoker.invokeMethod(Invoker.java:661)
	at org.testng.internal.Invoker.retryFailed(Invoker.java:1014)
	at org.testng.internal.Invoker.invokeTestMethods(Invoker.java:1215)
	at org.testng.internal.TestMethodWorker.invokeTestMethods(TestMethodWorker.java:126)
	at org.testng.internal.TestMethodWorker.run(TestMethodWorker.java:109)
	at java.util.concurrent.ThreadPoolExecutor.runWorker(Unknown Source)
	at java.util.concurrent.ThreadPoolExecutor$Worker.run(Unknown Source)
	at java.lang.Thread.run(Unknown Source)
</pre></div></td>
<td>91</td>
<td>rebill.testngRebillSlow@1f205aa</td></tr>
<tr>
<td title='rebill.testngRebillSlow.testMethod1()'><b>testMethod1</b><br>Test class: rebill.testngRebillSlow<br>Parameters: fail, Could Not Get to Rebill Screen, 188585, 1, 794973627911, RSA, , 594951156, , Y, USA, 584168, 584168, IL, GD, NORMAL, , , , , , , , , , , , , , , 13</td>
<td><div><pre>java.lang.AssertionError: org.openqa.selenium.NoSuchElementException: no such element: Unable to locate element: {&quot;method&quot;:&quot;xpath&quot;,&quot;selector&quot;:&quot;/html/body/div[6]/div/div/div[1]/div[1]/h4&quot;}
  (Session info: chrome=83.0.4103.116)
  (Driver info: chromedriver=2.41.578737 (49da6702b16031c40d63e5618de03a32ff6c197e),platform=Windows NT 6.1.7601 SP1 x86) (WARNING: The server did not provide any stacktrace information)
Command duration or timeout: 0 milliseconds
For documentation on this error, please visit: https://www.seleniumhq.org/exceptions/no_such_element.html
Build info: version: &apos;3.141.59&apos;, revision: &apos;e82be7d358&apos;, time: &apos;2018-11-14T08:25:48&apos;
System info: host: &apos;SQA-CRS-021&apos;, ip: &apos;10.255.251.244&apos;, os.name: &apos;Windows 7&apos;, os.arch: &apos;x86&apos;, os.version: &apos;6.1&apos;, java.version: &apos;1.8.0_212&apos;
Driver info: org.openqa.selenium.chrome.ChromeDriver
Capabilities {acceptInsecureCerts: false, acceptSslCerts: false, applicationCacheEnabled: false, browserConnectionEnabled: false, browserName: chrome, chrome: {chromedriverVersion: 2.41.578737 (49da6702b16031..., userDataDir: C:\Users\FEDEXU~1\AppData\L...}, cssSelectorsEnabled: true, databaseEnabled: false, goog:chromeOptions: {debuggerAddress: localhost:62355}, handlesAlerts: true, hasTouchScreen: false, javascriptEnabled: true, locationContextEnabled: true, mobileEmulationEnabled: false, nativeEvents: true, networkConnectionEnabled: false, pageLoadStrategy: normal, platform: XP, platformName: XP, rotatable: false, setWindowRect: true, takesHeapSnapshot: true, takesScreenshot: true, unexpectedAlertBehaviour: , unhandledPromptBehavior: , version: 83.0.4103.116, webStorageEnabled: true}
Session ID: ed5a06304eb0c324d48af78a28ab41c0
*** Element info: {Using=xpath, value=/html/body/div[6]/div/div/div[1]/div[1]/h4} Could Not Get to Rebill Screen
	at rebill.testngRebillSlow.doRebill(testngRebillSlow.java:1254)
	at rebill.testngRebillSlow.testMethod1(testngRebillSlow.java:639)
	at java.util.concurrent.ThreadPoolExecutor.runWorker(Unknown Source)
	at java.util.concurrent.ThreadPoolExecutor$Worker.run(Unknown Source)
	at java.lang.Thread.run(Unknown Source)
... Removed 11 stack frames</pre></div><a href='#' onClick='toggleBox("stack-trace3376224", this, "Click to show all stack frames", "Click to hide stack frames")'>Click to show all stack frames</a>
<div class='stack-trace' id='stack-trace3376224'><pre>java.lang.AssertionError: org.openqa.selenium.NoSuchElementException: no such element: Unable to locate element: {&quot;method&quot;:&quot;xpath&quot;,&quot;selector&quot;:&quot;/html/body/div[6]/div/div/div[1]/div[1]/h4&quot;}
  (Session info: chrome=83.0.4103.116)
  (Driver info: chromedriver=2.41.578737 (49da6702b16031c40d63e5618de03a32ff6c197e),platform=Windows NT 6.1.7601 SP1 x86) (WARNING: The server did not provide any stacktrace information)
Command duration or timeout: 0 milliseconds
For documentation on this error, please visit: https://www.seleniumhq.org/exceptions/no_such_element.html
Build info: version: &apos;3.141.59&apos;, revision: &apos;e82be7d358&apos;, time: &apos;2018-11-14T08:25:48&apos;
System info: host: &apos;SQA-CRS-021&apos;, ip: &apos;10.255.251.244&apos;, os.name: &apos;Windows 7&apos;, os.arch: &apos;x86&apos;, os.version: &apos;6.1&apos;, java.version: &apos;1.8.0_212&apos;
Driver info: org.openqa.selenium.chrome.ChromeDriver
Capabilities {acceptInsecureCerts: false, acceptSslCerts: false, applicationCacheEnabled: false, browserConnectionEnabled: false, browserName: chrome, chrome: {chromedriverVersion: 2.41.578737 (49da6702b16031..., userDataDir: C:\Users\FEDEXU~1\AppData\L...}, cssSelectorsEnabled: true, databaseEnabled: false, goog:chromeOptions: {debuggerAddress: localhost:62355}, handlesAlerts: true, hasTouchScreen: false, javascriptEnabled: true, locationContextEnabled: true, mobileEmulationEnabled: false, nativeEvents: true, networkConnectionEnabled: false, pageLoadStrategy: normal, platform: XP, platformName: XP, rotatable: false, setWindowRect: true, takesHeapSnapshot: true, takesScreenshot: true, unexpectedAlertBehaviour: , unhandledPromptBehavior: , version: 83.0.4103.116, webStorageEnabled: true}
Session ID: ed5a06304eb0c324d48af78a28ab41c0
*** Element info: {Using=xpath, value=/html/body/div[6]/div/div/div[1]/div[1]/h4} Could Not Get to Rebill Screen
	at org.testng.Assert.fail(Assert.java:93)
	at rebill.testngRebillSlow.doRebill(testngRebillSlow.java:1254)
	at rebill.testngRebillSlow.testMethod1(testngRebillSlow.java:639)
	at sun.reflect.NativeMethodAccessorImpl.invoke0(Native Method)
	at sun.reflect.NativeMethodAccessorImpl.invoke(Unknown Source)
	at sun.reflect.DelegatingMethodAccessorImpl.invoke(Unknown Source)
	at java.lang.reflect.Method.invoke(Unknown Source)
	at org.testng.internal.MethodInvocationHelper.invokeMethod(MethodInvocationHelper.java:108)
	at org.testng.internal.Invoker.invokeMethod(Invoker.java:661)
	at org.testng.internal.Invoker.invokeTestMethod(Invoker.java:869)
	at org.testng.internal.Invoker.invokeTestMethods(Invoker.java:1193)
	at org.testng.internal.TestMethodWorker.invokeTestMethods(TestMethodWorker.java:126)
	at org.testng.internal.TestMethodWorker.run(TestMethodWorker.java:109)
	at java.util.concurrent.ThreadPoolExecutor.runWorker(Unknown Source)
	at java.util.concurrent.ThreadPoolExecutor$Worker.run(Unknown Source)
	at java.lang.Thread.run(Unknown Source)
</pre></div></td>
<td>51</td>
<td>rebill.testngRebillSlow@1f205aa</td></tr>
<tr>
<td title='rebill.testngRebillSlow.testMethod1()'><b>testMethod1</b><br>Test class: rebill.testngRebillSlow<br>Parameters: fail,  java.net.ConnectException: Connection refused (Connection refused), 138553, 1, 582838855291, RSA, , 594952892, , Y, USA, 5194105, 5194105, IL, EP, NORMAL, , , , , , , , , , , , , , , 48</td>
<td><div><pre>java.lang.AssertionError: org.openqa.selenium.NoSuchElementException: no such element: Unable to locate element: {&quot;method&quot;:&quot;xpath&quot;,&quot;selector&quot;:&quot;/html/body/div[6]/div/div/div[1]/div[1]/h4&quot;}
  (Session info: chrome=83.0.4103.116)
  (Driver info: chromedriver=2.41.578737 (49da6702b16031c40d63e5618de03a32ff6c197e),platform=Windows NT 6.1.7601 SP1 x86) (WARNING: The server did not provide any stacktrace information)
Command duration or timeout: 0 milliseconds
For documentation on this error, please visit: https://www.seleniumhq.org/exceptions/no_such_element.html
Build info: version: &apos;3.141.59&apos;, revision: &apos;e82be7d358&apos;, time: &apos;2018-11-14T08:25:48&apos;
System info: host: &apos;SQA-CRS-021&apos;, ip: &apos;10.255.251.244&apos;, os.name: &apos;Windows 7&apos;, os.arch: &apos;x86&apos;, os.version: &apos;6.1&apos;, java.version: &apos;1.8.0_212&apos;
Driver info: org.openqa.selenium.chrome.ChromeDriver
Capabilities {acceptInsecureCerts: false, acceptSslCerts: false, applicationCacheEnabled: false, browserConnectionEnabled: false, browserName: chrome, chrome: {chromedriverVersion: 2.41.578737 (49da6702b16031..., userDataDir: C:\Users\FEDEXU~1\AppData\L...}, cssSelectorsEnabled: true, databaseEnabled: false, goog:chromeOptions: {debuggerAddress: localhost:50602}, handlesAlerts: true, hasTouchScreen: false, javascriptEnabled: true, locationContextEnabled: true, mobileEmulationEnabled: false, nativeEvents: true, networkConnectionEnabled: false, pageLoadStrategy: normal, platform: XP, platformName: XP, rotatable: false, setWindowRect: true, takesHeapSnapshot: true, takesScreenshot: true, unexpectedAlertBehaviour: , unhandledPromptBehavior: , version: 83.0.4103.116, webStorageEnabled: true}
Session ID: 979dd85ecf83cbb8d4170ca43b613e6d
*** Element info: {Using=xpath, value=/html/body/div[6]/div/div/div[1]/div[1]/h4} Could Not Get to Rebill Screen
	at rebill.testngRebillSlow.doRebill(testngRebillSlow.java:1254)
	at rebill.testngRebillSlow.testMethod1(testngRebillSlow.java:639)
	at java.util.concurrent.ThreadPoolExecutor.runWorker(Unknown Source)
	at java.util.concurrent.ThreadPoolExecutor$Worker.run(Unknown Source)
	at java.lang.Thread.run(Unknown Source)
... Removed 10 stack frames</pre></div><a href='#' onClick='toggleBox("stack-trace23716658", this, "Click to show all stack frames", "Click to hide stack frames")'>Click to show all stack frames</a>
<div class='stack-trace' id='stack-trace23716658'><pre>java.lang.AssertionError: org.openqa.selenium.NoSuchElementException: no such element: Unable to locate element: {&quot;method&quot;:&quot;xpath&quot;,&quot;selector&quot;:&quot;/html/body/div[6]/div/div/div[1]/div[1]/h4&quot;}
  (Session info: chrome=83.0.4103.116)
  (Driver info: chromedriver=2.41.578737 (49da6702b16031c40d63e5618de03a32ff6c197e),platform=Windows NT 6.1.7601 SP1 x86) (WARNING: The server did not provide any stacktrace information)
Command duration or timeout: 0 milliseconds
For documentation on this error, please visit: https://www.seleniumhq.org/exceptions/no_such_element.html
Build info: version: &apos;3.141.59&apos;, revision: &apos;e82be7d358&apos;, time: &apos;2018-11-14T08:25:48&apos;
System info: host: &apos;SQA-CRS-021&apos;, ip: &apos;10.255.251.244&apos;, os.name: &apos;Windows 7&apos;, os.arch: &apos;x86&apos;, os.version: &apos;6.1&apos;, java.version: &apos;1.8.0_212&apos;
Driver info: org.openqa.selenium.chrome.ChromeDriver
Capabilities {acceptInsecureCerts: false, acceptSslCerts: false, applicationCacheEnabled: false, browserConnectionEnabled: false, browserName: chrome, chrome: {chromedriverVersion: 2.41.578737 (49da6702b16031..., userDataDir: C:\Users\FEDEXU~1\AppData\L...}, cssSelectorsEnabled: true, databaseEnabled: false, goog:chromeOptions: {debuggerAddress: localhost:50602}, handlesAlerts: true, hasTouchScreen: false, javascriptEnabled: true, locationContextEnabled: true, mobileEmulationEnabled: false, nativeEvents: true, networkConnectionEnabled: false, pageLoadStrategy: normal, platform: XP, platformName: XP, rotatable: false, setWindowRect: true, takesHeapSnapshot: true, takesScreenshot: true, unexpectedAlertBehaviour: , unhandledPromptBehavior: , version: 83.0.4103.116, webStorageEnabled: true}
Session ID: 979dd85ecf83cbb8d4170ca43b613e6d
*** Element info: {Using=xpath, value=/html/body/div[6]/div/div/div[1]/div[1]/h4} Could Not Get to Rebill Screen
	at org.testng.Assert.fail(Assert.java:93)
	at rebill.testngRebillSlow.doRebill(testngRebillSlow.java:1254)
	at rebill.testngRebillSlow.testMethod1(testngRebillSlow.java:639)
	at sun.reflect.GeneratedMethodAccessor2.invoke(Unknown Source)
	at sun.reflect.DelegatingMethodAccessorImpl.invoke(Unknown Source)
	at java.lang.reflect.Method.invoke(Unknown Source)
	at org.testng.internal.MethodInvocationHelper.invokeMethod(MethodInvocationHelper.java:108)
	at org.testng.internal.Invoker.invokeMethod(Invoker.java:661)
	at org.testng.internal.Invoker.invokeTestMethod(Invoker.java:869)
	at org.testng.internal.Invoker.invokeTestMethods(Invoker.java:1193)
	at org.testng.internal.TestMethodWorker.invokeTestMethods(TestMethodWorker.java:126)
	at org.testng.internal.TestMethodWorker.run(TestMethodWorker.java:109)
	at java.util.concurrent.ThreadPoolExecutor.runWorker(Unknown Source)
	at java.util.concurrent.ThreadPoolExecutor$Worker.run(Unknown Source)
	at java.lang.Thread.run(Unknown Source)
</pre></div></td>
<td>49</td>
<td>rebill.testngRebillSlow@1f205aa</td></tr>
<tr>
<td title='rebill.testngRebillSlow.testMethod1()'><b>testMethod1</b><br>Test class: rebill.testngRebillSlow<br>Parameters: fail,  java.net.ConnectException: Connection refused (Connection refused), 140210, 1, 582838855497, RSA, , 594951889, , N, USA, 5194105, 5194105, IL, EP, NORMAL, , , , , , , , , , , , , , , 49</td>
<td><div><pre>java.lang.AssertionError: org.openqa.selenium.NoSuchElementException: no such element: Unable to locate element: {&quot;method&quot;:&quot;xpath&quot;,&quot;selector&quot;:&quot;/html/body/div[6]/div/div/div[1]/div[1]/h4&quot;}
  (Session info: chrome=83.0.4103.116)
  (Driver info: chromedriver=2.41.578737 (49da6702b16031c40d63e5618de03a32ff6c197e),platform=Windows NT 6.1.7601 SP1 x86) (WARNING: The server did not provide any stacktrace information)
Command duration or timeout: 0 milliseconds
For documentation on this error, please visit: https://www.seleniumhq.org/exceptions/no_such_element.html
Build info: version: &apos;3.141.59&apos;, revision: &apos;e82be7d358&apos;, time: &apos;2018-11-14T08:25:48&apos;
System info: host: &apos;SQA-CRS-021&apos;, ip: &apos;10.255.251.244&apos;, os.name: &apos;Windows 7&apos;, os.arch: &apos;x86&apos;, os.version: &apos;6.1&apos;, java.version: &apos;1.8.0_212&apos;
Driver info: org.openqa.selenium.chrome.ChromeDriver
Capabilities {acceptInsecureCerts: false, acceptSslCerts: false, applicationCacheEnabled: false, browserConnectionEnabled: false, browserName: chrome, chrome: {chromedriverVersion: 2.41.578737 (49da6702b16031..., userDataDir: C:\Users\FEDEXU~1\AppData\L...}, cssSelectorsEnabled: true, databaseEnabled: false, goog:chromeOptions: {debuggerAddress: localhost:50851}, handlesAlerts: true, hasTouchScreen: false, javascriptEnabled: true, locationContextEnabled: true, mobileEmulationEnabled: false, nativeEvents: true, networkConnectionEnabled: false, pageLoadStrategy: normal, platform: XP, platformName: XP, rotatable: false, setWindowRect: true, takesHeapSnapshot: true, takesScreenshot: true, unexpectedAlertBehaviour: , unhandledPromptBehavior: , version: 83.0.4103.116, webStorageEnabled: true}
Session ID: 5f7c85122ba6359e5b10216b8cc6adc0
*** Element info: {Using=xpath, value=/html/body/div[6]/div/div/div[1]/div[1]/h4} Could Not Get to Rebill Screen
	at rebill.testngRebillSlow.doRebill(testngRebillSlow.java:1254)
	at rebill.testngRebillSlow.testMethod1(testngRebillSlow.java:639)
	at java.util.concurrent.ThreadPoolExecutor.runWorker(Unknown Source)
	at java.util.concurrent.ThreadPoolExecutor$Worker.run(Unknown Source)
	at java.lang.Thread.run(Unknown Source)
... Removed 10 stack frames</pre></div><a href='#' onClick='toggleBox("stack-trace336124", this, "Click to show all stack frames", "Click to hide stack frames")'>Click to show all stack frames</a>
<div class='stack-trace' id='stack-trace336124'><pre>java.lang.AssertionError: org.openqa.selenium.NoSuchElementException: no such element: Unable to locate element: {&quot;method&quot;:&quot;xpath&quot;,&quot;selector&quot;:&quot;/html/body/div[6]/div/div/div[1]/div[1]/h4&quot;}
  (Session info: chrome=83.0.4103.116)
  (Driver info: chromedriver=2.41.578737 (49da6702b16031c40d63e5618de03a32ff6c197e),platform=Windows NT 6.1.7601 SP1 x86) (WARNING: The server did not provide any stacktrace information)
Command duration or timeout: 0 milliseconds
For documentation on this error, please visit: https://www.seleniumhq.org/exceptions/no_such_element.html
Build info: version: &apos;3.141.59&apos;, revision: &apos;e82be7d358&apos;, time: &apos;2018-11-14T08:25:48&apos;
System info: host: &apos;SQA-CRS-021&apos;, ip: &apos;10.255.251.244&apos;, os.name: &apos;Windows 7&apos;, os.arch: &apos;x86&apos;, os.version: &apos;6.1&apos;, java.version: &apos;1.8.0_212&apos;
Driver info: org.openqa.selenium.chrome.ChromeDriver
Capabilities {acceptInsecureCerts: false, acceptSslCerts: false, applicationCacheEnabled: false, browserConnectionEnabled: false, browserName: chrome, chrome: {chromedriverVersion: 2.41.578737 (49da6702b16031..., userDataDir: C:\Users\FEDEXU~1\AppData\L...}, cssSelectorsEnabled: true, databaseEnabled: false, goog:chromeOptions: {debuggerAddress: localhost:50851}, handlesAlerts: true, hasTouchScreen: false, javascriptEnabled: true, locationContextEnabled: true, mobileEmulationEnabled: false, nativeEvents: true, networkConnectionEnabled: false, pageLoadStrategy: normal, platform: XP, platformName: XP, rotatable: false, setWindowRect: true, takesHeapSnapshot: true, takesScreenshot: true, unexpectedAlertBehaviour: , unhandledPromptBehavior: , version: 83.0.4103.116, webStorageEnabled: true}
Session ID: 5f7c85122ba6359e5b10216b8cc6adc0
*** Element info: {Using=xpath, value=/html/body/div[6]/div/div/div[1]/div[1]/h4} Could Not Get to Rebill Screen
	at org.testng.Assert.fail(Assert.java:93)
	at rebill.testngRebillSlow.doRebill(testngRebillSlow.java:1254)
	at rebill.testngRebillSlow.testMethod1(testngRebillSlow.java:639)
	at sun.reflect.GeneratedMethodAccessor2.invoke(Unknown Source)
	at sun.reflect.DelegatingMethodAccessorImpl.invoke(Unknown Source)
	at java.lang.reflect.Method.invoke(Unknown Source)
	at org.testng.internal.MethodInvocationHelper.invokeMethod(MethodInvocationHelper.java:108)
	at org.testng.internal.Invoker.invokeMethod(Invoker.java:661)
	at org.testng.internal.Invoker.invokeTestMethod(Invoker.java:869)
	at org.testng.internal.Invoker.invokeTestMethods(Invoker.java:1193)
	at org.testng.internal.TestMethodWorker.invokeTestMethods(TestMethodWorker.java:126)
	at org.testng.internal.TestMethodWorker.run(TestMethodWorker.java:109)
	at java.util.concurrent.ThreadPoolExecutor.runWorker(Unknown Source)
	at java.util.concurrent.ThreadPoolExecutor$Worker.run(Unknown Source)
	at java.lang.Thread.run(Unknown Source)
</pre></div></td>
<td>50</td>
<td>rebill.testngRebillSlow@1f205aa</td></tr>
<tr>
<td title='rebill.testngRebillSlow.testMethod1()'><b>testMethod1</b><br>Test class: rebill.testngRebillSlow<br>Parameters: fail,  1061, 165645, 1, 794974216416, RTA, 38000004, 421474175, , Y, USA, 5194105, 5194105, DM, EP, NORMAL, , , , , , , , , , , , , , , 53</td>
<td><div><pre>java.lang.AssertionError: org.openqa.selenium.NoSuchElementException: no such element: Unable to locate element: {&quot;method&quot;:&quot;xpath&quot;,&quot;selector&quot;:&quot;/html/body/div[6]/div/div/div[1]/div[1]/h4&quot;}
  (Session info: chrome=83.0.4103.116)
  (Driver info: chromedriver=2.41.578737 (49da6702b16031c40d63e5618de03a32ff6c197e),platform=Windows NT 6.1.7601 SP1 x86) (WARNING: The server did not provide any stacktrace information)
Command duration or timeout: 0 milliseconds
For documentation on this error, please visit: https://www.seleniumhq.org/exceptions/no_such_element.html
Build info: version: &apos;3.141.59&apos;, revision: &apos;e82be7d358&apos;, time: &apos;2018-11-14T08:25:48&apos;
System info: host: &apos;SQA-CRS-021&apos;, ip: &apos;10.255.251.244&apos;, os.name: &apos;Windows 7&apos;, os.arch: &apos;x86&apos;, os.version: &apos;6.1&apos;, java.version: &apos;1.8.0_212&apos;
Driver info: org.openqa.selenium.chrome.ChromeDriver
Capabilities {acceptInsecureCerts: false, acceptSslCerts: false, applicationCacheEnabled: false, browserConnectionEnabled: false, browserName: chrome, chrome: {chromedriverVersion: 2.41.578737 (49da6702b16031..., userDataDir: C:\Users\FEDEXU~1\AppData\L...}, cssSelectorsEnabled: true, databaseEnabled: false, goog:chromeOptions: {debuggerAddress: localhost:51542}, handlesAlerts: true, hasTouchScreen: false, javascriptEnabled: true, locationContextEnabled: true, mobileEmulationEnabled: false, nativeEvents: true, networkConnectionEnabled: false, pageLoadStrategy: normal, platform: XP, platformName: XP, rotatable: false, setWindowRect: true, takesHeapSnapshot: true, takesScreenshot: true, unexpectedAlertBehaviour: , unhandledPromptBehavior: , version: 83.0.4103.116, webStorageEnabled: true}
Session ID: 2d6cf7a4fa5bd20005543bef7414f7a5
*** Element info: {Using=xpath, value=/html/body/div[6]/div/div/div[1]/div[1]/h4} Could Not Get to Rebill Screen
	at rebill.testngRebillSlow.doRebill(testngRebillSlow.java:1254)
	at rebill.testngRebillSlow.testMethod1(testngRebillSlow.java:639)
	at java.util.concurrent.ThreadPoolExecutor.runWorker(Unknown Source)
	at java.util.concurrent.ThreadPoolExecutor$Worker.run(Unknown Source)
	at java.lang.Thread.run(Unknown Source)
... Removed 10 stack frames</pre></div><a href='#' onClick='toggleBox("stack-trace20555755", this, "Click to show all stack frames", "Click to hide stack frames")'>Click to show all stack frames</a>
<div class='stack-trace' id='stack-trace20555755'><pre>java.lang.AssertionError: org.openqa.selenium.NoSuchElementException: no such element: Unable to locate element: {&quot;method&quot;:&quot;xpath&quot;,&quot;selector&quot;:&quot;/html/body/div[6]/div/div/div[1]/div[1]/h4&quot;}
  (Session info: chrome=83.0.4103.116)
  (Driver info: chromedriver=2.41.578737 (49da6702b16031c40d63e5618de03a32ff6c197e),platform=Windows NT 6.1.7601 SP1 x86) (WARNING: The server did not provide any stacktrace information)
Command duration or timeout: 0 milliseconds
For documentation on this error, please visit: https://www.seleniumhq.org/exceptions/no_such_element.html
Build info: version: &apos;3.141.59&apos;, revision: &apos;e82be7d358&apos;, time: &apos;2018-11-14T08:25:48&apos;
System info: host: &apos;SQA-CRS-021&apos;, ip: &apos;10.255.251.244&apos;, os.name: &apos;Windows 7&apos;, os.arch: &apos;x86&apos;, os.version: &apos;6.1&apos;, java.version: &apos;1.8.0_212&apos;
Driver info: org.openqa.selenium.chrome.ChromeDriver
Capabilities {acceptInsecureCerts: false, acceptSslCerts: false, applicationCacheEnabled: false, browserConnectionEnabled: false, browserName: chrome, chrome: {chromedriverVersion: 2.41.578737 (49da6702b16031..., userDataDir: C:\Users\FEDEXU~1\AppData\L...}, cssSelectorsEnabled: true, databaseEnabled: false, goog:chromeOptions: {debuggerAddress: localhost:51542}, handlesAlerts: true, hasTouchScreen: false, javascriptEnabled: true, locationContextEnabled: true, mobileEmulationEnabled: false, nativeEvents: true, networkConnectionEnabled: false, pageLoadStrategy: normal, platform: XP, platformName: XP, rotatable: false, setWindowRect: true, takesHeapSnapshot: true, takesScreenshot: true, unexpectedAlertBehaviour: , unhandledPromptBehavior: , version: 83.0.4103.116, webStorageEnabled: true}
Session ID: 2d6cf7a4fa5bd20005543bef7414f7a5
*** Element info: {Using=xpath, value=/html/body/div[6]/div/div/div[1]/div[1]/h4} Could Not Get to Rebill Screen
	at org.testng.Assert.fail(Assert.java:93)
	at rebill.testngRebillSlow.doRebill(testngRebillSlow.java:1254)
	at rebill.testngRebillSlow.testMethod1(testngRebillSlow.java:639)
	at sun.reflect.GeneratedMethodAccessor2.invoke(Unknown Source)
	at sun.reflect.DelegatingMethodAccessorImpl.invoke(Unknown Source)
	at java.lang.reflect.Method.invoke(Unknown Source)
	at org.testng.internal.MethodInvocationHelper.invokeMethod(MethodInvocationHelper.java:108)
	at org.testng.internal.Invoker.invokeMethod(Invoker.java:661)
	at org.testng.internal.Invoker.invokeTestMethod(Invoker.java:869)
	at org.testng.internal.Invoker.invokeTestMethods(Invoker.java:1193)
	at org.testng.internal.TestMethodWorker.invokeTestMethods(TestMethodWorker.java:126)
	at org.testng.internal.TestMethodWorker.run(TestMethodWorker.java:109)
	at java.util.concurrent.ThreadPoolExecutor.runWorker(Unknown Source)
	at java.util.concurrent.ThreadPoolExecutor$Worker.run(Unknown Source)
	at java.lang.Thread.run(Unknown Source)
</pre></div></td>
<td>132</td>
<td>rebill.testngRebillSlow@1f205aa</td></tr>
<tr>
<td title='rebill.testngRebillSlow.testMethod1()'><b>testMethod1</b><br>Test class: rebill.testngRebillSlow<br>Parameters: fail,  1501, 165594, 1, 794974216482, RBS, , 421474175, , Y, USA, 5194105, 5194105, DM, EP, NORMAL, , , , , , , , , , , , , , , 58</td>
<td><div><pre>java.lang.AssertionError: org.openqa.selenium.NoSuchElementException: no such element: Unable to locate element: {&quot;method&quot;:&quot;xpath&quot;,&quot;selector&quot;:&quot;/html/body/div[6]/div/div/div[1]/div[1]/h4&quot;}
  (Session info: chrome=83.0.4103.116)
  (Driver info: chromedriver=2.41.578737 (49da6702b16031c40d63e5618de03a32ff6c197e),platform=Windows NT 6.1.7601 SP1 x86) (WARNING: The server did not provide any stacktrace information)
Command duration or timeout: 0 milliseconds
For documentation on this error, please visit: https://www.seleniumhq.org/exceptions/no_such_element.html
Build info: version: &apos;3.141.59&apos;, revision: &apos;e82be7d358&apos;, time: &apos;2018-11-14T08:25:48&apos;
System info: host: &apos;SQA-CRS-021&apos;, ip: &apos;10.255.251.244&apos;, os.name: &apos;Windows 7&apos;, os.arch: &apos;x86&apos;, os.version: &apos;6.1&apos;, java.version: &apos;1.8.0_212&apos;
Driver info: org.openqa.selenium.chrome.ChromeDriver
Capabilities {acceptInsecureCerts: false, acceptSslCerts: false, applicationCacheEnabled: false, browserConnectionEnabled: false, browserName: chrome, chrome: {chromedriverVersion: 2.41.578737 (49da6702b16031..., userDataDir: C:\Users\FEDEXU~1\AppData\L...}, cssSelectorsEnabled: true, databaseEnabled: false, goog:chromeOptions: {debuggerAddress: localhost:52673}, handlesAlerts: true, hasTouchScreen: false, javascriptEnabled: true, locationContextEnabled: true, mobileEmulationEnabled: false, nativeEvents: true, networkConnectionEnabled: false, pageLoadStrategy: normal, platform: XP, platformName: XP, rotatable: false, setWindowRect: true, takesHeapSnapshot: true, takesScreenshot: true, unexpectedAlertBehaviour: , unhandledPromptBehavior: , version: 83.0.4103.116, webStorageEnabled: true}
Session ID: a239cfd17bca544fc32a5a30afb91ee6
*** Element info: {Using=xpath, value=/html/body/div[6]/div/div/div[1]/div[1]/h4} Could Not Get to Rebill Screen
	at rebill.testngRebillSlow.doRebill(testngRebillSlow.java:1254)
	at rebill.testngRebillSlow.testMethod1(testngRebillSlow.java:639)
	at java.util.concurrent.ThreadPoolExecutor.runWorker(Unknown Source)
	at java.util.concurrent.ThreadPoolExecutor$Worker.run(Unknown Source)
	at java.lang.Thread.run(Unknown Source)
... Removed 10 stack frames</pre></div><a href='#' onClick='toggleBox("stack-trace32928061", this, "Click to show all stack frames", "Click to hide stack frames")'>Click to show all stack frames</a>
<div class='stack-trace' id='stack-trace32928061'><pre>java.lang.AssertionError: org.openqa.selenium.NoSuchElementException: no such element: Unable to locate element: {&quot;method&quot;:&quot;xpath&quot;,&quot;selector&quot;:&quot;/html/body/div[6]/div/div/div[1]/div[1]/h4&quot;}
  (Session info: chrome=83.0.4103.116)
  (Driver info: chromedriver=2.41.578737 (49da6702b16031c40d63e5618de03a32ff6c197e),platform=Windows NT 6.1.7601 SP1 x86) (WARNING: The server did not provide any stacktrace information)
Command duration or timeout: 0 milliseconds
For documentation on this error, please visit: https://www.seleniumhq.org/exceptions/no_such_element.html
Build info: version: &apos;3.141.59&apos;, revision: &apos;e82be7d358&apos;, time: &apos;2018-11-14T08:25:48&apos;
System info: host: &apos;SQA-CRS-021&apos;, ip: &apos;10.255.251.244&apos;, os.name: &apos;Windows 7&apos;, os.arch: &apos;x86&apos;, os.version: &apos;6.1&apos;, java.version: &apos;1.8.0_212&apos;
Driver info: org.openqa.selenium.chrome.ChromeDriver
Capabilities {acceptInsecureCerts: false, acceptSslCerts: false, applicationCacheEnabled: false, browserConnectionEnabled: false, browserName: chrome, chrome: {chromedriverVersion: 2.41.578737 (49da6702b16031..., userDataDir: C:\Users\FEDEXU~1\AppData\L...}, cssSelectorsEnabled: true, databaseEnabled: false, goog:chromeOptions: {debuggerAddress: localhost:52673}, handlesAlerts: true, hasTouchScreen: false, javascriptEnabled: true, locationContextEnabled: true, mobileEmulationEnabled: false, nativeEvents: true, networkConnectionEnabled: false, pageLoadStrategy: normal, platform: XP, platformName: XP, rotatable: false, setWindowRect: true, takesHeapSnapshot: true, takesScreenshot: true, unexpectedAlertBehaviour: , unhandledPromptBehavior: , version: 83.0.4103.116, webStorageEnabled: true}
Session ID: a239cfd17bca544fc32a5a30afb91ee6
*** Element info: {Using=xpath, value=/html/body/div[6]/div/div/div[1]/div[1]/h4} Could Not Get to Rebill Screen
	at org.testng.Assert.fail(Assert.java:93)
	at rebill.testngRebillSlow.doRebill(testngRebillSlow.java:1254)
	at rebill.testngRebillSlow.testMethod1(testngRebillSlow.java:639)
	at sun.reflect.GeneratedMethodAccessor2.invoke(Unknown Source)
	at sun.reflect.DelegatingMethodAccessorImpl.invoke(Unknown Source)
	at java.lang.reflect.Method.invoke(Unknown Source)
	at org.testng.internal.MethodInvocationHelper.invokeMethod(MethodInvocationHelper.java:108)
	at org.testng.internal.Invoker.invokeMethod(Invoker.java:661)
	at org.testng.internal.Invoker.invokeTestMethod(Invoker.java:869)
	at org.testng.internal.Invoker.invokeTestMethods(Invoker.java:1193)
	at org.testng.internal.TestMethodWorker.invokeTestMethods(TestMethodWorker.java:126)
	at org.testng.internal.TestMethodWorker.run(TestMethodWorker.java:109)
	at java.util.concurrent.ThreadPoolExecutor.runWorker(Unknown Source)
	at java.util.concurrent.ThreadPoolExecutor$Worker.run(Unknown Source)
	at java.lang.Thread.run(Unknown Source)
</pre></div></td>
<td>132</td>
<td>rebill.testngRebillSlow@1f205aa</td></tr>
<tr>
<td title='rebill.testngRebillSlow.testMethod1()'><b>testMethod1</b><br>Test class: rebill.testngRebillSlow<br>Parameters: , , 147240, 1, 794975058527, RBS, , 421474174, , Y, USA, 5194105, 5194105, DM, EP, NORMAL, , , , , , , , , , , , , , , 59</td>
<td><div><pre>java.lang.AssertionError: Could Not Find Popup Or COntinue to Package Screen
	at rebill.testngRebillSlow.doRebill(testngRebillSlow.java:951)
	at rebill.testngRebillSlow.testMethod1(testngRebillSlow.java:639)
	at java.util.concurrent.ThreadPoolExecutor.runWorker(Unknown Source)
	at java.util.concurrent.ThreadPoolExecutor$Worker.run(Unknown Source)
	at java.lang.Thread.run(Unknown Source)
... Removed 10 stack frames</pre></div><a href='#' onClick='toggleBox("stack-trace26423914", this, "Click to show all stack frames", "Click to hide stack frames")'>Click to show all stack frames</a>
<div class='stack-trace' id='stack-trace26423914'><pre>java.lang.AssertionError: Could Not Find Popup Or COntinue to Package Screen
	at org.testng.Assert.fail(Assert.java:93)
	at rebill.testngRebillSlow.doRebill(testngRebillSlow.java:951)
	at rebill.testngRebillSlow.testMethod1(testngRebillSlow.java:639)
	at sun.reflect.GeneratedMethodAccessor2.invoke(Unknown Source)
	at sun.reflect.DelegatingMethodAccessorImpl.invoke(Unknown Source)
	at java.lang.reflect.Method.invoke(Unknown Source)
	at org.testng.internal.MethodInvocationHelper.invokeMethod(MethodInvocationHelper.java:108)
	at org.testng.internal.Invoker.invokeMethod(Invoker.java:661)
	at org.testng.internal.Invoker.invokeTestMethod(Invoker.java:869)
	at org.testng.internal.Invoker.invokeTestMethods(Invoker.java:1193)
	at org.testng.internal.TestMethodWorker.invokeTestMethods(TestMethodWorker.java:126)
	at org.testng.internal.TestMethodWorker.run(TestMethodWorker.java:109)
	at java.util.concurrent.ThreadPoolExecutor.runWorker(Unknown Source)
	at java.util.concurrent.ThreadPoolExecutor$Worker.run(Unknown Source)
	at java.lang.Thread.run(Unknown Source)
</pre></div></td>
<td>52</td>
<td>rebill.testngRebillSlow@1f205aa</td></tr>
<tr>
<td title='rebill.testngRebillSlow.testMethod1()'><b>testMethod1</b><br>Test class: rebill.testngRebillSlow<br>Parameters: , , 147240, 1, 794975058527, RBS, , 421474174, , Y, USA, 5194105, 5194105, DM, EP, NORMAL, , , , , , , , , , , , , , , 59</td>
<td><div><pre>java.lang.AssertionError: Could Not Find Popup Or COntinue to Package Screen
	at rebill.testngRebillSlow.doRebill(testngRebillSlow.java:951)
	at rebill.testngRebillSlow.testMethod1(testngRebillSlow.java:639)
	at java.util.concurrent.ThreadPoolExecutor.runWorker(Unknown Source)
	at java.util.concurrent.ThreadPoolExecutor$Worker.run(Unknown Source)
	at java.lang.Thread.run(Unknown Source)
... Removed 10 stack frames</pre></div><a href='#' onClick='toggleBox("stack-trace26593515", this, "Click to show all stack frames", "Click to hide stack frames")'>Click to show all stack frames</a>
<div class='stack-trace' id='stack-trace26593515'><pre>java.lang.AssertionError: Could Not Find Popup Or COntinue to Package Screen
	at org.testng.Assert.fail(Assert.java:93)
	at rebill.testngRebillSlow.doRebill(testngRebillSlow.java:951)
	at rebill.testngRebillSlow.testMethod1(testngRebillSlow.java:639)
	at sun.reflect.GeneratedMethodAccessor2.invoke(Unknown Source)
	at sun.reflect.DelegatingMethodAccessorImpl.invoke(Unknown Source)
	at java.lang.reflect.Method.invoke(Unknown Source)
	at org.testng.internal.MethodInvocationHelper.invokeMethod(MethodInvocationHelper.java:108)
	at org.testng.internal.Invoker.invokeMethod(Invoker.java:661)
	at org.testng.internal.Invoker.retryFailed(Invoker.java:1014)
	at org.testng.internal.Invoker.invokeTestMethods(Invoker.java:1215)
	at org.testng.internal.TestMethodWorker.invokeTestMethods(TestMethodWorker.java:126)
	at org.testng.internal.TestMethodWorker.run(TestMethodWorker.java:109)
	at java.util.concurrent.ThreadPoolExecutor.runWorker(Unknown Source)
	at java.util.concurrent.ThreadPoolExecutor$Worker.run(Unknown Source)
	at java.lang.Thread.run(Unknown Source)
</pre></div></td>
<td>53</td>
<td>rebill.testngRebillSlow@1f205aa</td></tr>
<tr>
<td title='rebill.testngRebillSlow.testMethod1()'><b>testMethod1</b><br>Test class: rebill.testngRebillSlow<br>Parameters: , , 147241, 1, 794975058538, RBS, , 421474176, , Y, USA, 5194105, 5194105, DM, EP, NORMAL, , , , , , , , , , , , , , , 60</td>
<td><div><pre>java.lang.AssertionError: Could Not Find Popup Or COntinue to Package Screen
	at rebill.testngRebillSlow.doRebill(testngRebillSlow.java:951)
	at rebill.testngRebillSlow.testMethod1(testngRebillSlow.java:639)
	at java.util.concurrent.ThreadPoolExecutor.runWorker(Unknown Source)
	at java.util.concurrent.ThreadPoolExecutor$Worker.run(Unknown Source)
	at java.lang.Thread.run(Unknown Source)
... Removed 10 stack frames</pre></div><a href='#' onClick='toggleBox("stack-trace26953870", this, "Click to show all stack frames", "Click to hide stack frames")'>Click to show all stack frames</a>
<div class='stack-trace' id='stack-trace26953870'><pre>java.lang.AssertionError: Could Not Find Popup Or COntinue to Package Screen
	at org.testng.Assert.fail(Assert.java:93)
	at rebill.testngRebillSlow.doRebill(testngRebillSlow.java:951)
	at rebill.testngRebillSlow.testMethod1(testngRebillSlow.java:639)
	at sun.reflect.GeneratedMethodAccessor2.invoke(Unknown Source)
	at sun.reflect.DelegatingMethodAccessorImpl.invoke(Unknown Source)
	at java.lang.reflect.Method.invoke(Unknown Source)
	at org.testng.internal.MethodInvocationHelper.invokeMethod(MethodInvocationHelper.java:108)
	at org.testng.internal.Invoker.invokeMethod(Invoker.java:661)
	at org.testng.internal.Invoker.invokeTestMethod(Invoker.java:869)
	at org.testng.internal.Invoker.invokeTestMethods(Invoker.java:1193)
	at org.testng.internal.TestMethodWorker.invokeTestMethods(TestMethodWorker.java:126)
	at org.testng.internal.TestMethodWorker.run(TestMethodWorker.java:109)
	at java.util.concurrent.ThreadPoolExecutor.runWorker(Unknown Source)
	at java.util.concurrent.ThreadPoolExecutor$Worker.run(Unknown Source)
	at java.lang.Thread.run(Unknown Source)
</pre></div></td>
<td>52</td>
<td>rebill.testngRebillSlow@1f205aa</td></tr>
<tr>
<td title='rebill.testngRebillSlow.testMethod1()'><b>testMethod1</b><br>Test class: rebill.testngRebillSlow<br>Parameters: , , 147241, 1, 794975058538, RBS, , 421474176, , Y, USA, 5194105, 5194105, DM, EP, NORMAL, , , , , , , , , , , , , , , 60</td>
<td><div><pre>java.lang.AssertionError: Could Not Find Popup Or COntinue to Package Screen
	at rebill.testngRebillSlow.doRebill(testngRebillSlow.java:951)
	at rebill.testngRebillSlow.testMethod1(testngRebillSlow.java:639)
	at java.util.concurrent.ThreadPoolExecutor.runWorker(Unknown Source)
	at java.util.concurrent.ThreadPoolExecutor$Worker.run(Unknown Source)
	at java.lang.Thread.run(Unknown Source)
... Removed 10 stack frames</pre></div><a href='#' onClick='toggleBox("stack-trace19606311", this, "Click to show all stack frames", "Click to hide stack frames")'>Click to show all stack frames</a>
<div class='stack-trace' id='stack-trace19606311'><pre>java.lang.AssertionError: Could Not Find Popup Or COntinue to Package Screen
	at org.testng.Assert.fail(Assert.java:93)
	at rebill.testngRebillSlow.doRebill(testngRebillSlow.java:951)
	at rebill.testngRebillSlow.testMethod1(testngRebillSlow.java:639)
	at sun.reflect.GeneratedMethodAccessor2.invoke(Unknown Source)
	at sun.reflect.DelegatingMethodAccessorImpl.invoke(Unknown Source)
	at java.lang.reflect.Method.invoke(Unknown Source)
	at org.testng.internal.MethodInvocationHelper.invokeMethod(MethodInvocationHelper.java:108)
	at org.testng.internal.Invoker.invokeMethod(Invoker.java:661)
	at org.testng.internal.Invoker.retryFailed(Invoker.java:1014)
	at org.testng.internal.Invoker.invokeTestMethods(Invoker.java:1215)
	at org.testng.internal.TestMethodWorker.invokeTestMethods(TestMethodWorker.java:126)
	at org.testng.internal.TestMethodWorker.run(TestMethodWorker.java:109)
	at java.util.concurrent.ThreadPoolExecutor.runWorker(Unknown Source)
	at java.util.concurrent.ThreadPoolExecutor$Worker.run(Unknown Source)
	at java.lang.Thread.run(Unknown Source)
</pre></div></td>
<td>52</td>
<td>rebill.testngRebillSlow@1f205aa</td></tr>
<tr>
<td title='rebill.testngRebillSlow.testMethod1()'><b>testMethod1</b><br>Test class: rebill.testngRebillSlow<br>Parameters: fail,  1501, 147328, 1, 794973911689, RBS, , 421474175, , Y, USA, 5194105, 5194105, DM, EP, NORMAL, , , , , , , , , , , , , , , 62</td>
<td><div><pre>java.lang.AssertionError: org.openqa.selenium.NoSuchElementException: no such element: Unable to locate element: {&quot;method&quot;:&quot;xpath&quot;,&quot;selector&quot;:&quot;/html/body/div[6]/div/div/div[1]/div[1]/h4&quot;}
  (Session info: chrome=83.0.4103.116)
  (Driver info: chromedriver=2.41.578737 (49da6702b16031c40d63e5618de03a32ff6c197e),platform=Windows NT 6.1.7601 SP1 x86) (WARNING: The server did not provide any stacktrace information)
Command duration or timeout: 0 milliseconds
For documentation on this error, please visit: https://www.seleniumhq.org/exceptions/no_such_element.html
Build info: version: &apos;3.141.59&apos;, revision: &apos;e82be7d358&apos;, time: &apos;2018-11-14T08:25:48&apos;
System info: host: &apos;SQA-CRS-021&apos;, ip: &apos;10.255.251.244&apos;, os.name: &apos;Windows 7&apos;, os.arch: &apos;x86&apos;, os.version: &apos;6.1&apos;, java.version: &apos;1.8.0_212&apos;
Driver info: org.openqa.selenium.chrome.ChromeDriver
Capabilities {acceptInsecureCerts: false, acceptSslCerts: false, applicationCacheEnabled: false, browserConnectionEnabled: false, browserName: chrome, chrome: {chromedriverVersion: 2.41.578737 (49da6702b16031..., userDataDir: C:\Users\FEDEXU~1\AppData\L...}, cssSelectorsEnabled: true, databaseEnabled: false, goog:chromeOptions: {debuggerAddress: localhost:54009}, handlesAlerts: true, hasTouchScreen: false, javascriptEnabled: true, locationContextEnabled: true, mobileEmulationEnabled: false, nativeEvents: true, networkConnectionEnabled: false, pageLoadStrategy: normal, platform: XP, platformName: XP, rotatable: false, setWindowRect: true, takesHeapSnapshot: true, takesScreenshot: true, unexpectedAlertBehaviour: , unhandledPromptBehavior: , version: 83.0.4103.116, webStorageEnabled: true}
Session ID: e6750578615fe3844f44c97cbc306c16
*** Element info: {Using=xpath, value=/html/body/div[6]/div/div/div[1]/div[1]/h4} Could Not Get to Rebill Screen
	at rebill.testngRebillSlow.doRebill(testngRebillSlow.java:1254)
	at rebill.testngRebillSlow.testMethod1(testngRebillSlow.java:639)
	at java.util.concurrent.ThreadPoolExecutor.runWorker(Unknown Source)
	at java.util.concurrent.ThreadPoolExecutor$Worker.run(Unknown Source)
	at java.lang.Thread.run(Unknown Source)
... Removed 10 stack frames</pre></div><a href='#' onClick='toggleBox("stack-trace27552785", this, "Click to show all stack frames", "Click to hide stack frames")'>Click to show all stack frames</a>
<div class='stack-trace' id='stack-trace27552785'><pre>java.lang.AssertionError: org.openqa.selenium.NoSuchElementException: no such element: Unable to locate element: {&quot;method&quot;:&quot;xpath&quot;,&quot;selector&quot;:&quot;/html/body/div[6]/div/div/div[1]/div[1]/h4&quot;}
  (Session info: chrome=83.0.4103.116)
  (Driver info: chromedriver=2.41.578737 (49da6702b16031c40d63e5618de03a32ff6c197e),platform=Windows NT 6.1.7601 SP1 x86) (WARNING: The server did not provide any stacktrace information)
Command duration or timeout: 0 milliseconds
For documentation on this error, please visit: https://www.seleniumhq.org/exceptions/no_such_element.html
Build info: version: &apos;3.141.59&apos;, revision: &apos;e82be7d358&apos;, time: &apos;2018-11-14T08:25:48&apos;
System info: host: &apos;SQA-CRS-021&apos;, ip: &apos;10.255.251.244&apos;, os.name: &apos;Windows 7&apos;, os.arch: &apos;x86&apos;, os.version: &apos;6.1&apos;, java.version: &apos;1.8.0_212&apos;
Driver info: org.openqa.selenium.chrome.ChromeDriver
Capabilities {acceptInsecureCerts: false, acceptSslCerts: false, applicationCacheEnabled: false, browserConnectionEnabled: false, browserName: chrome, chrome: {chromedriverVersion: 2.41.578737 (49da6702b16031..., userDataDir: C:\Users\FEDEXU~1\AppData\L...}, cssSelectorsEnabled: true, databaseEnabled: false, goog:chromeOptions: {debuggerAddress: localhost:54009}, handlesAlerts: true, hasTouchScreen: false, javascriptEnabled: true, locationContextEnabled: true, mobileEmulationEnabled: false, nativeEvents: true, networkConnectionEnabled: false, pageLoadStrategy: normal, platform: XP, platformName: XP, rotatable: false, setWindowRect: true, takesHeapSnapshot: true, takesScreenshot: true, unexpectedAlertBehaviour: , unhandledPromptBehavior: , version: 83.0.4103.116, webStorageEnabled: true}
Session ID: e6750578615fe3844f44c97cbc306c16
*** Element info: {Using=xpath, value=/html/body/div[6]/div/div/div[1]/div[1]/h4} Could Not Get to Rebill Screen
	at org.testng.Assert.fail(Assert.java:93)
	at rebill.testngRebillSlow.doRebill(testngRebillSlow.java:1254)
	at rebill.testngRebillSlow.testMethod1(testngRebillSlow.java:639)
	at sun.reflect.GeneratedMethodAccessor2.invoke(Unknown Source)
	at sun.reflect.DelegatingMethodAccessorImpl.invoke(Unknown Source)
	at java.lang.reflect.Method.invoke(Unknown Source)
	at org.testng.internal.MethodInvocationHelper.invokeMethod(MethodInvocationHelper.java:108)
	at org.testng.internal.Invoker.invokeMethod(Invoker.java:661)
	at org.testng.internal.Invoker.invokeTestMethod(Invoker.java:869)
	at org.testng.internal.Invoker.invokeTestMethods(Invoker.java:1193)
	at org.testng.internal.TestMethodWorker.invokeTestMethods(TestMethodWorker.java:126)
	at org.testng.internal.TestMethodWorker.run(TestMethodWorker.java:109)
	at java.util.concurrent.ThreadPoolExecutor.runWorker(Unknown Source)
	at java.util.concurrent.ThreadPoolExecutor$Worker.run(Unknown Source)
	at java.lang.Thread.run(Unknown Source)
</pre></div></td>
<td>131</td>
<td>rebill.testngRebillSlow@1f205aa</td></tr>
<tr>
<td title='rebill.testngRebillSlow.testMethod1()'><b>testMethod1</b><br>Test class: rebill.testngRebillSlow<br>Parameters: fail,  1501, 147328, 1, 794973911689, RBS, , 421474175, , Y, USA, 5194105, 5194105, DM, EP, NORMAL, , , , , , , , , , , , , , , 62</td>
<td><div><pre>java.lang.AssertionError: org.openqa.selenium.NoSuchElementException: no such element: Unable to locate element: {&quot;method&quot;:&quot;xpath&quot;,&quot;selector&quot;:&quot;/html/body/div[6]/div/div/div[1]/div[1]/h4&quot;}
  (Session info: chrome=83.0.4103.116)
  (Driver info: chromedriver=2.41.578737 (49da6702b16031c40d63e5618de03a32ff6c197e),platform=Windows NT 6.1.7601 SP1 x86) (WARNING: The server did not provide any stacktrace information)
Command duration or timeout: 0 milliseconds
For documentation on this error, please visit: https://www.seleniumhq.org/exceptions/no_such_element.html
Build info: version: &apos;3.141.59&apos;, revision: &apos;e82be7d358&apos;, time: &apos;2018-11-14T08:25:48&apos;
System info: host: &apos;SQA-CRS-021&apos;, ip: &apos;10.255.251.244&apos;, os.name: &apos;Windows 7&apos;, os.arch: &apos;x86&apos;, os.version: &apos;6.1&apos;, java.version: &apos;1.8.0_212&apos;
Driver info: org.openqa.selenium.chrome.ChromeDriver
Capabilities {acceptInsecureCerts: false, acceptSslCerts: false, applicationCacheEnabled: false, browserConnectionEnabled: false, browserName: chrome, chrome: {chromedriverVersion: 2.41.578737 (49da6702b16031..., userDataDir: C:\Users\FEDEXU~1\AppData\L...}, cssSelectorsEnabled: true, databaseEnabled: false, goog:chromeOptions: {debuggerAddress: localhost:54312}, handlesAlerts: true, hasTouchScreen: false, javascriptEnabled: true, locationContextEnabled: true, mobileEmulationEnabled: false, nativeEvents: true, networkConnectionEnabled: false, pageLoadStrategy: normal, platform: XP, platformName: XP, rotatable: false, setWindowRect: true, takesHeapSnapshot: true, takesScreenshot: true, unexpectedAlertBehaviour: , unhandledPromptBehavior: , version: 83.0.4103.116, webStorageEnabled: true}
Session ID: 3d2399fbaedb5eca4ed6566968d31bff
*** Element info: {Using=xpath, value=/html/body/div[6]/div/div/div[1]/div[1]/h4} Could Not Get to Rebill Screen
	at rebill.testngRebillSlow.doRebill(testngRebillSlow.java:1254)
	at rebill.testngRebillSlow.testMethod1(testngRebillSlow.java:639)
	at java.util.concurrent.ThreadPoolExecutor.runWorker(Unknown Source)
	at java.util.concurrent.ThreadPoolExecutor$Worker.run(Unknown Source)
	at java.lang.Thread.run(Unknown Source)
... Removed 10 stack frames</pre></div><a href='#' onClick='toggleBox("stack-trace15580764", this, "Click to show all stack frames", "Click to hide stack frames")'>Click to show all stack frames</a>
<div class='stack-trace' id='stack-trace15580764'><pre>java.lang.AssertionError: org.openqa.selenium.NoSuchElementException: no such element: Unable to locate element: {&quot;method&quot;:&quot;xpath&quot;,&quot;selector&quot;:&quot;/html/body/div[6]/div/div/div[1]/div[1]/h4&quot;}
  (Session info: chrome=83.0.4103.116)
  (Driver info: chromedriver=2.41.578737 (49da6702b16031c40d63e5618de03a32ff6c197e),platform=Windows NT 6.1.7601 SP1 x86) (WARNING: The server did not provide any stacktrace information)
Command duration or timeout: 0 milliseconds
For documentation on this error, please visit: https://www.seleniumhq.org/exceptions/no_such_element.html
Build info: version: &apos;3.141.59&apos;, revision: &apos;e82be7d358&apos;, time: &apos;2018-11-14T08:25:48&apos;
System info: host: &apos;SQA-CRS-021&apos;, ip: &apos;10.255.251.244&apos;, os.name: &apos;Windows 7&apos;, os.arch: &apos;x86&apos;, os.version: &apos;6.1&apos;, java.version: &apos;1.8.0_212&apos;
Driver info: org.openqa.selenium.chrome.ChromeDriver
Capabilities {acceptInsecureCerts: false, acceptSslCerts: false, applicationCacheEnabled: false, browserConnectionEnabled: false, browserName: chrome, chrome: {chromedriverVersion: 2.41.578737 (49da6702b16031..., userDataDir: C:\Users\FEDEXU~1\AppData\L...}, cssSelectorsEnabled: true, databaseEnabled: false, goog:chromeOptions: {debuggerAddress: localhost:54312}, handlesAlerts: true, hasTouchScreen: false, javascriptEnabled: true, locationContextEnabled: true, mobileEmulationEnabled: false, nativeEvents: true, networkConnectionEnabled: false, pageLoadStrategy: normal, platform: XP, platformName: XP, rotatable: false, setWindowRect: true, takesHeapSnapshot: true, takesScreenshot: true, unexpectedAlertBehaviour: , unhandledPromptBehavior: , version: 83.0.4103.116, webStorageEnabled: true}
Session ID: 3d2399fbaedb5eca4ed6566968d31bff
*** Element info: {Using=xpath, value=/html/body/div[6]/div/div/div[1]/div[1]/h4} Could Not Get to Rebill Screen
	at org.testng.Assert.fail(Assert.java:93)
	at rebill.testngRebillSlow.doRebill(testngRebillSlow.java:1254)
	at rebill.testngRebillSlow.testMethod1(testngRebillSlow.java:639)
	at sun.reflect.GeneratedMethodAccessor2.invoke(Unknown Source)
	at sun.reflect.DelegatingMethodAccessorImpl.invoke(Unknown Source)
	at java.lang.reflect.Method.invoke(Unknown Source)
	at org.testng.internal.MethodInvocationHelper.invokeMethod(MethodInvocationHelper.java:108)
	at org.testng.internal.Invoker.invokeMethod(Invoker.java:661)
	at org.testng.internal.Invoker.retryFailed(Invoker.java:1014)
	at org.testng.internal.Invoker.invokeTestMethods(Invoker.java:1215)
	at org.testng.internal.TestMethodWorker.invokeTestMethods(TestMethodWorker.java:126)
	at org.testng.internal.TestMethodWorker.run(TestMethodWorker.java:109)
	at java.util.concurrent.ThreadPoolExecutor.runWorker(Unknown Source)
	at java.util.concurrent.ThreadPoolExecutor$Worker.run(Unknown Source)
	at java.lang.Thread.run(Unknown Source)
</pre></div></td>
<td>132</td>
<td>rebill.testngRebillSlow@1f205aa</td></tr>
<tr>
<td title='rebill.testngRebillSlow.testMethod1()'><b>testMethod1</b><br>Test class: rebill.testngRebillSlow<br>Parameters: fail,  1061, 147729, 1, 794973889466, RTA, 38000004, 421474549, , Y, USA, 5194105, 5194105, DM, EP, NORMAL, , , , , , , , , , , , , , , 63</td>
<td><div><pre>java.lang.AssertionError: org.openqa.selenium.NoSuchElementException: no such element: Unable to locate element: {&quot;method&quot;:&quot;xpath&quot;,&quot;selector&quot;:&quot;/html/body/div[6]/div/div/div[1]/div[1]/h4&quot;}
  (Session info: chrome=83.0.4103.116)
  (Driver info: chromedriver=2.41.578737 (49da6702b16031c40d63e5618de03a32ff6c197e),platform=Windows NT 6.1.7601 SP1 x86) (WARNING: The server did not provide any stacktrace information)
Command duration or timeout: 0 milliseconds
For documentation on this error, please visit: https://www.seleniumhq.org/exceptions/no_such_element.html
Build info: version: &apos;3.141.59&apos;, revision: &apos;e82be7d358&apos;, time: &apos;2018-11-14T08:25:48&apos;
System info: host: &apos;SQA-CRS-021&apos;, ip: &apos;10.255.251.244&apos;, os.name: &apos;Windows 7&apos;, os.arch: &apos;x86&apos;, os.version: &apos;6.1&apos;, java.version: &apos;1.8.0_212&apos;
Driver info: org.openqa.selenium.chrome.ChromeDriver
Capabilities {acceptInsecureCerts: false, acceptSslCerts: false, applicationCacheEnabled: false, browserConnectionEnabled: false, browserName: chrome, chrome: {chromedriverVersion: 2.41.578737 (49da6702b16031..., userDataDir: C:\Users\FEDEXU~1\AppData\L...}, cssSelectorsEnabled: true, databaseEnabled: false, goog:chromeOptions: {debuggerAddress: localhost:54619}, handlesAlerts: true, hasTouchScreen: false, javascriptEnabled: true, locationContextEnabled: true, mobileEmulationEnabled: false, nativeEvents: true, networkConnectionEnabled: false, pageLoadStrategy: normal, platform: XP, platformName: XP, rotatable: false, setWindowRect: true, takesHeapSnapshot: true, takesScreenshot: true, unexpectedAlertBehaviour: , unhandledPromptBehavior: , version: 83.0.4103.116, webStorageEnabled: true}
Session ID: cef17e93447fbfee4de1424c21502bca
*** Element info: {Using=xpath, value=/html/body/div[6]/div/div/div[1]/div[1]/h4} Could Not Get to Rebill Screen
	at rebill.testngRebillSlow.doRebill(testngRebillSlow.java:1254)
	at rebill.testngRebillSlow.testMethod1(testngRebillSlow.java:639)
	at java.util.concurrent.ThreadPoolExecutor.runWorker(Unknown Source)
	at java.util.concurrent.ThreadPoolExecutor$Worker.run(Unknown Source)
	at java.lang.Thread.run(Unknown Source)
... Removed 10 stack frames</pre></div><a href='#' onClick='toggleBox("stack-trace17018624", this, "Click to show all stack frames", "Click to hide stack frames")'>Click to show all stack frames</a>
<div class='stack-trace' id='stack-trace17018624'><pre>java.lang.AssertionError: org.openqa.selenium.NoSuchElementException: no such element: Unable to locate element: {&quot;method&quot;:&quot;xpath&quot;,&quot;selector&quot;:&quot;/html/body/div[6]/div/div/div[1]/div[1]/h4&quot;}
  (Session info: chrome=83.0.4103.116)
  (Driver info: chromedriver=2.41.578737 (49da6702b16031c40d63e5618de03a32ff6c197e),platform=Windows NT 6.1.7601 SP1 x86) (WARNING: The server did not provide any stacktrace information)
Command duration or timeout: 0 milliseconds
For documentation on this error, please visit: https://www.seleniumhq.org/exceptions/no_such_element.html
Build info: version: &apos;3.141.59&apos;, revision: &apos;e82be7d358&apos;, time: &apos;2018-11-14T08:25:48&apos;
System info: host: &apos;SQA-CRS-021&apos;, ip: &apos;10.255.251.244&apos;, os.name: &apos;Windows 7&apos;, os.arch: &apos;x86&apos;, os.version: &apos;6.1&apos;, java.version: &apos;1.8.0_212&apos;
Driver info: org.openqa.selenium.chrome.ChromeDriver
Capabilities {acceptInsecureCerts: false, acceptSslCerts: false, applicationCacheEnabled: false, browserConnectionEnabled: false, browserName: chrome, chrome: {chromedriverVersion: 2.41.578737 (49da6702b16031..., userDataDir: C:\Users\FEDEXU~1\AppData\L...}, cssSelectorsEnabled: true, databaseEnabled: false, goog:chromeOptions: {debuggerAddress: localhost:54619}, handlesAlerts: true, hasTouchScreen: false, javascriptEnabled: true, locationContextEnabled: true, mobileEmulationEnabled: false, nativeEvents: true, networkConnectionEnabled: false, pageLoadStrategy: normal, platform: XP, platformName: XP, rotatable: false, setWindowRect: true, takesHeapSnapshot: true, takesScreenshot: true, unexpectedAlertBehaviour: , unhandledPromptBehavior: , version: 83.0.4103.116, webStorageEnabled: true}
Session ID: cef17e93447fbfee4de1424c21502bca
*** Element info: {Using=xpath, value=/html/body/div[6]/div/div/div[1]/div[1]/h4} Could Not Get to Rebill Screen
	at org.testng.Assert.fail(Assert.java:93)
	at rebill.testngRebillSlow.doRebill(testngRebillSlow.java:1254)
	at rebill.testngRebillSlow.testMethod1(testngRebillSlow.java:639)
	at sun.reflect.GeneratedMethodAccessor2.invoke(Unknown Source)
	at sun.reflect.DelegatingMethodAccessorImpl.invoke(Unknown Source)
	at java.lang.reflect.Method.invoke(Unknown Source)
	at org.testng.internal.MethodInvocationHelper.invokeMethod(MethodInvocationHelper.java:108)
	at org.testng.internal.Invoker.invokeMethod(Invoker.java:661)
	at org.testng.internal.Invoker.invokeTestMethod(Invoker.java:869)
	at org.testng.internal.Invoker.invokeTestMethods(Invoker.java:1193)
	at org.testng.internal.TestMethodWorker.invokeTestMethods(TestMethodWorker.java:126)
	at org.testng.internal.TestMethodWorker.run(TestMethodWorker.java:109)
	at java.util.concurrent.ThreadPoolExecutor.runWorker(Unknown Source)
	at java.util.concurrent.ThreadPoolExecutor$Worker.run(Unknown Source)
	at java.lang.Thread.run(Unknown Source)
</pre></div></td>
<td>144</td>
<td>rebill.testngRebillSlow@1f205aa</td></tr>
<tr>
<td title='rebill.testngRebillSlow.testMethod1()'><b>testMethod1</b><br>Test class: rebill.testngRebillSlow<br>Parameters: fail, Could Not Find Rebill Dropdown, 147734, 1, 794973911748, RTA, 38000004, 421474985, , , , 487504, 487504, DM, EP, NORMAL, , , , , , , , , , , , , , , 64</td>
<td><div><pre>java.lang.AssertionError: Failed at Drop Down
	at rebill.testngRebillSlow.doRebill(testngRebillSlow.java:1112)
	at rebill.testngRebillSlow.testMethod1(testngRebillSlow.java:639)
	at java.util.concurrent.ThreadPoolExecutor.runWorker(Unknown Source)
	at java.util.concurrent.ThreadPoolExecutor$Worker.run(Unknown Source)
	at java.lang.Thread.run(Unknown Source)
... Removed 10 stack frames</pre></div><a href='#' onClick='toggleBox("stack-trace29338322", this, "Click to show all stack frames", "Click to hide stack frames")'>Click to show all stack frames</a>
<div class='stack-trace' id='stack-trace29338322'><pre>java.lang.AssertionError: Failed at Drop Down
	at org.testng.Assert.fail(Assert.java:93)
	at rebill.testngRebillSlow.doRebill(testngRebillSlow.java:1112)
	at rebill.testngRebillSlow.testMethod1(testngRebillSlow.java:639)
	at sun.reflect.GeneratedMethodAccessor2.invoke(Unknown Source)
	at sun.reflect.DelegatingMethodAccessorImpl.invoke(Unknown Source)
	at java.lang.reflect.Method.invoke(Unknown Source)
	at org.testng.internal.MethodInvocationHelper.invokeMethod(MethodInvocationHelper.java:108)
	at org.testng.internal.Invoker.invokeMethod(Invoker.java:661)
	at org.testng.internal.Invoker.invokeTestMethod(Invoker.java:869)
	at org.testng.internal.Invoker.invokeTestMethods(Invoker.java:1193)
	at org.testng.internal.TestMethodWorker.invokeTestMethods(TestMethodWorker.java:126)
	at org.testng.internal.TestMethodWorker.run(TestMethodWorker.java:109)
	at java.util.concurrent.ThreadPoolExecutor.runWorker(Unknown Source)
	at java.util.concurrent.ThreadPoolExecutor$Worker.run(Unknown Source)
	at java.lang.Thread.run(Unknown Source)
</pre></div></td>
<td>42</td>
<td>rebill.testngRebillSlow@1f205aa</td></tr>
<tr>
<td title='rebill.testngRebillSlow.testMethod1()'><b>testMethod1</b><br>Test class: rebill.testngRebillSlow<br>Parameters: fail, Could Not Find Rebill Dropdown, 147734, 1, 794973911748, RTA, 38000004, 421474985, , , , 487504, 487504, DM, EP, NORMAL, , , , , , , , , , , , , , , 64</td>
<td><div><pre>java.lang.AssertionError: Failed at Drop Down
	at rebill.testngRebillSlow.doRebill(testngRebillSlow.java:1112)
	at rebill.testngRebillSlow.testMethod1(testngRebillSlow.java:639)
	at java.util.concurrent.ThreadPoolExecutor.runWorker(Unknown Source)
	at java.util.concurrent.ThreadPoolExecutor$Worker.run(Unknown Source)
	at java.lang.Thread.run(Unknown Source)
... Removed 10 stack frames</pre></div><a href='#' onClick='toggleBox("stack-trace28199833", this, "Click to show all stack frames", "Click to hide stack frames")'>Click to show all stack frames</a>
<div class='stack-trace' id='stack-trace28199833'><pre>java.lang.AssertionError: Failed at Drop Down
	at org.testng.Assert.fail(Assert.java:93)
	at rebill.testngRebillSlow.doRebill(testngRebillSlow.java:1112)
	at rebill.testngRebillSlow.testMethod1(testngRebillSlow.java:639)
	at sun.reflect.GeneratedMethodAccessor2.invoke(Unknown Source)
	at sun.reflect.DelegatingMethodAccessorImpl.invoke(Unknown Source)
	at java.lang.reflect.Method.invoke(Unknown Source)
	at org.testng.internal.MethodInvocationHelper.invokeMethod(MethodInvocationHelper.java:108)
	at org.testng.internal.Invoker.invokeMethod(Invoker.java:661)
	at org.testng.internal.Invoker.retryFailed(Invoker.java:1014)
	at org.testng.internal.Invoker.invokeTestMethods(Invoker.java:1215)
	at org.testng.internal.TestMethodWorker.invokeTestMethods(TestMethodWorker.java:126)
	at org.testng.internal.TestMethodWorker.run(TestMethodWorker.java:109)
	at java.util.concurrent.ThreadPoolExecutor.runWorker(Unknown Source)
	at java.util.concurrent.ThreadPoolExecutor$Worker.run(Unknown Source)
	at java.lang.Thread.run(Unknown Source)
</pre></div></td>
<td>43</td>
<td>rebill.testngRebillSlow@1f205aa</td></tr>
<tr>
<td title='rebill.testngRebillSlow.testMethod1()'><b>testMethod1</b><br>Test class: rebill.testngRebillSlow<br>Parameters: fail,  1501, 165474, 1, 794974216162, RRA, 450202738, 421474175, , Y, USA, 5194105, 5194105, DM, EP, NORMAL, , , , , , , , , , , , , , , 66</td>
<td><div><pre>java.lang.AssertionError: org.openqa.selenium.NoSuchElementException: no such element: Unable to locate element: {&quot;method&quot;:&quot;xpath&quot;,&quot;selector&quot;:&quot;/html/body/div[6]/div/div/div[1]/div[1]/h4&quot;}
  (Session info: chrome=83.0.4103.116)
  (Driver info: chromedriver=2.41.578737 (49da6702b16031c40d63e5618de03a32ff6c197e),platform=Windows NT 6.1.7601 SP1 x86) (WARNING: The server did not provide any stacktrace information)
Command duration or timeout: 0 milliseconds
For documentation on this error, please visit: https://www.seleniumhq.org/exceptions/no_such_element.html
Build info: version: &apos;3.141.59&apos;, revision: &apos;e82be7d358&apos;, time: &apos;2018-11-14T08:25:48&apos;
System info: host: &apos;SQA-CRS-021&apos;, ip: &apos;10.255.251.244&apos;, os.name: &apos;Windows 7&apos;, os.arch: &apos;x86&apos;, os.version: &apos;6.1&apos;, java.version: &apos;1.8.0_212&apos;
Driver info: org.openqa.selenium.chrome.ChromeDriver
Capabilities {acceptInsecureCerts: false, acceptSslCerts: false, applicationCacheEnabled: false, browserConnectionEnabled: false, browserName: chrome, chrome: {chromedriverVersion: 2.41.578737 (49da6702b16031..., userDataDir: C:\Users\FEDEXU~1\AppData\L...}, cssSelectorsEnabled: true, databaseEnabled: false, goog:chromeOptions: {debuggerAddress: localhost:55491}, handlesAlerts: true, hasTouchScreen: false, javascriptEnabled: true, locationContextEnabled: true, mobileEmulationEnabled: false, nativeEvents: true, networkConnectionEnabled: false, pageLoadStrategy: normal, platform: XP, platformName: XP, rotatable: false, setWindowRect: true, takesHeapSnapshot: true, takesScreenshot: true, unexpectedAlertBehaviour: , unhandledPromptBehavior: , version: 83.0.4103.116, webStorageEnabled: true}
Session ID: 077ec00e0386232f6ff51667de80a9fc
*** Element info: {Using=xpath, value=/html/body/div[6]/div/div/div[1]/div[1]/h4} Could Not Get to Rebill Screen
	at rebill.testngRebillSlow.doRebill(testngRebillSlow.java:1254)
	at rebill.testngRebillSlow.testMethod1(testngRebillSlow.java:639)
	at java.util.concurrent.ThreadPoolExecutor.runWorker(Unknown Source)
	at java.util.concurrent.ThreadPoolExecutor$Worker.run(Unknown Source)
	at java.lang.Thread.run(Unknown Source)
... Removed 10 stack frames</pre></div><a href='#' onClick='toggleBox("stack-trace26414498", this, "Click to show all stack frames", "Click to hide stack frames")'>Click to show all stack frames</a>
<div class='stack-trace' id='stack-trace26414498'><pre>java.lang.AssertionError: org.openqa.selenium.NoSuchElementException: no such element: Unable to locate element: {&quot;method&quot;:&quot;xpath&quot;,&quot;selector&quot;:&quot;/html/body/div[6]/div/div/div[1]/div[1]/h4&quot;}
  (Session info: chrome=83.0.4103.116)
  (Driver info: chromedriver=2.41.578737 (49da6702b16031c40d63e5618de03a32ff6c197e),platform=Windows NT 6.1.7601 SP1 x86) (WARNING: The server did not provide any stacktrace information)
Command duration or timeout: 0 milliseconds
For documentation on this error, please visit: https://www.seleniumhq.org/exceptions/no_such_element.html
Build info: version: &apos;3.141.59&apos;, revision: &apos;e82be7d358&apos;, time: &apos;2018-11-14T08:25:48&apos;
System info: host: &apos;SQA-CRS-021&apos;, ip: &apos;10.255.251.244&apos;, os.name: &apos;Windows 7&apos;, os.arch: &apos;x86&apos;, os.version: &apos;6.1&apos;, java.version: &apos;1.8.0_212&apos;
Driver info: org.openqa.selenium.chrome.ChromeDriver
Capabilities {acceptInsecureCerts: false, acceptSslCerts: false, applicationCacheEnabled: false, browserConnectionEnabled: false, browserName: chrome, chrome: {chromedriverVersion: 2.41.578737 (49da6702b16031..., userDataDir: C:\Users\FEDEXU~1\AppData\L...}, cssSelectorsEnabled: true, databaseEnabled: false, goog:chromeOptions: {debuggerAddress: localhost:55491}, handlesAlerts: true, hasTouchScreen: false, javascriptEnabled: true, locationContextEnabled: true, mobileEmulationEnabled: false, nativeEvents: true, networkConnectionEnabled: false, pageLoadStrategy: normal, platform: XP, platformName: XP, rotatable: false, setWindowRect: true, takesHeapSnapshot: true, takesScreenshot: true, unexpectedAlertBehaviour: , unhandledPromptBehavior: , version: 83.0.4103.116, webStorageEnabled: true}
Session ID: 077ec00e0386232f6ff51667de80a9fc
*** Element info: {Using=xpath, value=/html/body/div[6]/div/div/div[1]/div[1]/h4} Could Not Get to Rebill Screen
	at org.testng.Assert.fail(Assert.java:93)
	at rebill.testngRebillSlow.doRebill(testngRebillSlow.java:1254)
	at rebill.testngRebillSlow.testMethod1(testngRebillSlow.java:639)
	at sun.reflect.GeneratedMethodAccessor2.invoke(Unknown Source)
	at sun.reflect.DelegatingMethodAccessorImpl.invoke(Unknown Source)
	at java.lang.reflect.Method.invoke(Unknown Source)
	at org.testng.internal.MethodInvocationHelper.invokeMethod(MethodInvocationHelper.java:108)
	at org.testng.internal.Invoker.invokeMethod(Invoker.java:661)
	at org.testng.internal.Invoker.invokeTestMethod(Invoker.java:869)
	at org.testng.internal.Invoker.invokeTestMethods(Invoker.java:1193)
	at org.testng.internal.TestMethodWorker.invokeTestMethods(TestMethodWorker.java:126)
	at org.testng.internal.TestMethodWorker.run(TestMethodWorker.java:109)
	at java.util.concurrent.ThreadPoolExecutor.runWorker(Unknown Source)
	at java.util.concurrent.ThreadPoolExecutor$Worker.run(Unknown Source)
	at java.lang.Thread.run(Unknown Source)
</pre></div></td>
<td>132</td>
<td>rebill.testngRebillSlow@1f205aa</td></tr>
<tr>
<td title='rebill.testngRebillSlow.testMethod1()'><b>testMethod1</b><br>Test class: rebill.testngRebillSlow<br>Parameters: fail,  1501, 165474, 1, 794974216162, RRA, 450202738, 421474175, , Y, USA, 5194105, 5194105, DM, EP, NORMAL, , , , , , , , , , , , , , , 66</td>
<td><div><pre>java.lang.AssertionError: org.openqa.selenium.NoSuchElementException: no such element: Unable to locate element: {&quot;method&quot;:&quot;xpath&quot;,&quot;selector&quot;:&quot;/html/body/div[6]/div/div/div[1]/div[1]/h4&quot;}
  (Session info: chrome=83.0.4103.116)
  (Driver info: chromedriver=2.41.578737 (49da6702b16031c40d63e5618de03a32ff6c197e),platform=Windows NT 6.1.7601 SP1 x86) (WARNING: The server did not provide any stacktrace information)
Command duration or timeout: 0 milliseconds
For documentation on this error, please visit: https://www.seleniumhq.org/exceptions/no_such_element.html
Build info: version: &apos;3.141.59&apos;, revision: &apos;e82be7d358&apos;, time: &apos;2018-11-14T08:25:48&apos;
System info: host: &apos;SQA-CRS-021&apos;, ip: &apos;10.255.251.244&apos;, os.name: &apos;Windows 7&apos;, os.arch: &apos;x86&apos;, os.version: &apos;6.1&apos;, java.version: &apos;1.8.0_212&apos;
Driver info: org.openqa.selenium.chrome.ChromeDriver
Capabilities {acceptInsecureCerts: false, acceptSslCerts: false, applicationCacheEnabled: false, browserConnectionEnabled: false, browserName: chrome, chrome: {chromedriverVersion: 2.41.578737 (49da6702b16031..., userDataDir: C:\Users\FEDEXU~1\AppData\L...}, cssSelectorsEnabled: true, databaseEnabled: false, goog:chromeOptions: {debuggerAddress: localhost:55794}, handlesAlerts: true, hasTouchScreen: false, javascriptEnabled: true, locationContextEnabled: true, mobileEmulationEnabled: false, nativeEvents: true, networkConnectionEnabled: false, pageLoadStrategy: normal, platform: XP, platformName: XP, rotatable: false, setWindowRect: true, takesHeapSnapshot: true, takesScreenshot: true, unexpectedAlertBehaviour: , unhandledPromptBehavior: , version: 83.0.4103.116, webStorageEnabled: true}
Session ID: 3fa7d8df1d13d400b99a706e315db22e
*** Element info: {Using=xpath, value=/html/body/div[6]/div/div/div[1]/div[1]/h4} Could Not Get to Rebill Screen
	at rebill.testngRebillSlow.doRebill(testngRebillSlow.java:1254)
	at rebill.testngRebillSlow.testMethod1(testngRebillSlow.java:639)
	at java.util.concurrent.ThreadPoolExecutor.runWorker(Unknown Source)
	at java.util.concurrent.ThreadPoolExecutor$Worker.run(Unknown Source)
	at java.lang.Thread.run(Unknown Source)
... Removed 10 stack frames</pre></div><a href='#' onClick='toggleBox("stack-trace31648980", this, "Click to show all stack frames", "Click to hide stack frames")'>Click to show all stack frames</a>
<div class='stack-trace' id='stack-trace31648980'><pre>java.lang.AssertionError: org.openqa.selenium.NoSuchElementException: no such element: Unable to locate element: {&quot;method&quot;:&quot;xpath&quot;,&quot;selector&quot;:&quot;/html/body/div[6]/div/div/div[1]/div[1]/h4&quot;}
  (Session info: chrome=83.0.4103.116)
  (Driver info: chromedriver=2.41.578737 (49da6702b16031c40d63e5618de03a32ff6c197e),platform=Windows NT 6.1.7601 SP1 x86) (WARNING: The server did not provide any stacktrace information)
Command duration or timeout: 0 milliseconds
For documentation on this error, please visit: https://www.seleniumhq.org/exceptions/no_such_element.html
Build info: version: &apos;3.141.59&apos;, revision: &apos;e82be7d358&apos;, time: &apos;2018-11-14T08:25:48&apos;
System info: host: &apos;SQA-CRS-021&apos;, ip: &apos;10.255.251.244&apos;, os.name: &apos;Windows 7&apos;, os.arch: &apos;x86&apos;, os.version: &apos;6.1&apos;, java.version: &apos;1.8.0_212&apos;
Driver info: org.openqa.selenium.chrome.ChromeDriver
Capabilities {acceptInsecureCerts: false, acceptSslCerts: false, applicationCacheEnabled: false, browserConnectionEnabled: false, browserName: chrome, chrome: {chromedriverVersion: 2.41.578737 (49da6702b16031..., userDataDir: C:\Users\FEDEXU~1\AppData\L...}, cssSelectorsEnabled: true, databaseEnabled: false, goog:chromeOptions: {debuggerAddress: localhost:55794}, handlesAlerts: true, hasTouchScreen: false, javascriptEnabled: true, locationContextEnabled: true, mobileEmulationEnabled: false, nativeEvents: true, networkConnectionEnabled: false, pageLoadStrategy: normal, platform: XP, platformName: XP, rotatable: false, setWindowRect: true, takesHeapSnapshot: true, takesScreenshot: true, unexpectedAlertBehaviour: , unhandledPromptBehavior: , version: 83.0.4103.116, webStorageEnabled: true}
Session ID: 3fa7d8df1d13d400b99a706e315db22e
*** Element info: {Using=xpath, value=/html/body/div[6]/div/div/div[1]/div[1]/h4} Could Not Get to Rebill Screen
	at org.testng.Assert.fail(Assert.java:93)
	at rebill.testngRebillSlow.doRebill(testngRebillSlow.java:1254)
	at rebill.testngRebillSlow.testMethod1(testngRebillSlow.java:639)
	at sun.reflect.GeneratedMethodAccessor2.invoke(Unknown Source)
	at sun.reflect.DelegatingMethodAccessorImpl.invoke(Unknown Source)
	at java.lang.reflect.Method.invoke(Unknown Source)
	at org.testng.internal.MethodInvocationHelper.invokeMethod(MethodInvocationHelper.java:108)
	at org.testng.internal.Invoker.invokeMethod(Invoker.java:661)
	at org.testng.internal.Invoker.retryFailed(Invoker.java:1014)
	at org.testng.internal.Invoker.invokeTestMethods(Invoker.java:1215)
	at org.testng.internal.TestMethodWorker.invokeTestMethods(TestMethodWorker.java:126)
	at org.testng.internal.TestMethodWorker.run(TestMethodWorker.java:109)
	at java.util.concurrent.ThreadPoolExecutor.runWorker(Unknown Source)
	at java.util.concurrent.ThreadPoolExecutor$Worker.run(Unknown Source)
	at java.lang.Thread.run(Unknown Source)
</pre></div></td>
<td>134</td>
<td>rebill.testngRebillSlow@1f205aa</td></tr>
<tr>
<td title='rebill.testngRebillSlow.testMethod1()'><b>testMethod1</b><br>Test class: rebill.testngRebillSlow<br>Parameters: fail, Could Not Find Rebill Dropdown, 165591, 1, 794973913464, RBS, , 421476322, , , , 487504, 487504, DM, EP, NORMAL, , , , , , , , , , , , , , , 68</td>
<td><div><pre>java.lang.AssertionError: Failed at Drop Down
	at rebill.testngRebillSlow.doRebill(testngRebillSlow.java:1112)
	at rebill.testngRebillSlow.testMethod1(testngRebillSlow.java:639)
	at java.util.concurrent.ThreadPoolExecutor.runWorker(Unknown Source)
	at java.util.concurrent.ThreadPoolExecutor$Worker.run(Unknown Source)
	at java.lang.Thread.run(Unknown Source)
... Removed 10 stack frames</pre></div><a href='#' onClick='toggleBox("stack-trace3725648", this, "Click to show all stack frames", "Click to hide stack frames")'>Click to show all stack frames</a>
<div class='stack-trace' id='stack-trace3725648'><pre>java.lang.AssertionError: Failed at Drop Down
	at org.testng.Assert.fail(Assert.java:93)
	at rebill.testngRebillSlow.doRebill(testngRebillSlow.java:1112)
	at rebill.testngRebillSlow.testMethod1(testngRebillSlow.java:639)
	at sun.reflect.GeneratedMethodAccessor2.invoke(Unknown Source)
	at sun.reflect.DelegatingMethodAccessorImpl.invoke(Unknown Source)
	at java.lang.reflect.Method.invoke(Unknown Source)
	at org.testng.internal.MethodInvocationHelper.invokeMethod(MethodInvocationHelper.java:108)
	at org.testng.internal.Invoker.invokeMethod(Invoker.java:661)
	at org.testng.internal.Invoker.invokeTestMethod(Invoker.java:869)
	at org.testng.internal.Invoker.invokeTestMethods(Invoker.java:1193)
	at org.testng.internal.TestMethodWorker.invokeTestMethods(TestMethodWorker.java:126)
	at org.testng.internal.TestMethodWorker.run(TestMethodWorker.java:109)
	at java.util.concurrent.ThreadPoolExecutor.runWorker(Unknown Source)
	at java.util.concurrent.ThreadPoolExecutor$Worker.run(Unknown Source)
	at java.lang.Thread.run(Unknown Source)
</pre></div></td>
<td>43</td>
<td>rebill.testngRebillSlow@1f205aa</td></tr>
<tr>
<td title='rebill.testngRebillSlow.testMethod1()'><b>testMethod1</b><br>Test class: rebill.testngRebillSlow<br>Parameters: fail, Could Not Find Rebill Dropdown, 165591, 1, 794973913464, RBS, , 421476322, , , , 487504, 487504, DM, EP, NORMAL, , , , , , , , , , , , , , , 68</td>
<td><div><pre>java.lang.AssertionError: Failed at Drop Down
	at rebill.testngRebillSlow.doRebill(testngRebillSlow.java:1112)
	at rebill.testngRebillSlow.testMethod1(testngRebillSlow.java:639)
	at java.util.concurrent.ThreadPoolExecutor.runWorker(Unknown Source)
	at java.util.concurrent.ThreadPoolExecutor$Worker.run(Unknown Source)
	at java.lang.Thread.run(Unknown Source)
... Removed 10 stack frames</pre></div><a href='#' onClick='toggleBox("stack-trace31786529", this, "Click to show all stack frames", "Click to hide stack frames")'>Click to show all stack frames</a>
<div class='stack-trace' id='stack-trace31786529'><pre>java.lang.AssertionError: Failed at Drop Down
	at org.testng.Assert.fail(Assert.java:93)
	at rebill.testngRebillSlow.doRebill(testngRebillSlow.java:1112)
	at rebill.testngRebillSlow.testMethod1(testngRebillSlow.java:639)
	at sun.reflect.GeneratedMethodAccessor2.invoke(Unknown Source)
	at sun.reflect.DelegatingMethodAccessorImpl.invoke(Unknown Source)
	at java.lang.reflect.Method.invoke(Unknown Source)
	at org.testng.internal.MethodInvocationHelper.invokeMethod(MethodInvocationHelper.java:108)
	at org.testng.internal.Invoker.invokeMethod(Invoker.java:661)
	at org.testng.internal.Invoker.retryFailed(Invoker.java:1014)
	at org.testng.internal.Invoker.invokeTestMethods(Invoker.java:1215)
	at org.testng.internal.TestMethodWorker.invokeTestMethods(TestMethodWorker.java:126)
	at org.testng.internal.TestMethodWorker.run(TestMethodWorker.java:109)
	at java.util.concurrent.ThreadPoolExecutor.runWorker(Unknown Source)
	at java.util.concurrent.ThreadPoolExecutor$Worker.run(Unknown Source)
	at java.lang.Thread.run(Unknown Source)
</pre></div></td>
<td>42</td>
<td>rebill.testngRebillSlow@1f205aa</td></tr>
<tr>
<td title='rebill.testngRebillSlow.testMethod1()'><b>testMethod1</b><br>Test class: rebill.testngRebillSlow<br>Parameters: fail, Could Not Get to Rebill Screen, 165602, 1, 794973913659, RBS, , 421474175, , Y, USA, 5194105, 5194105, DM, EP, NORMAL, , , , , , , , , , , , , , , 69</td>
<td><div><pre>java.lang.AssertionError: org.openqa.selenium.NoSuchElementException: no such element: Unable to locate element: {&quot;method&quot;:&quot;xpath&quot;,&quot;selector&quot;:&quot;/html/body/div[6]/div/div/div[1]/div[1]/h4&quot;}
  (Session info: chrome=83.0.4103.116)
  (Driver info: chromedriver=2.41.578737 (49da6702b16031c40d63e5618de03a32ff6c197e),platform=Windows NT 6.1.7601 SP1 x86) (WARNING: The server did not provide any stacktrace information)
Command duration or timeout: 0 milliseconds
For documentation on this error, please visit: https://www.seleniumhq.org/exceptions/no_such_element.html
Build info: version: &apos;3.141.59&apos;, revision: &apos;e82be7d358&apos;, time: &apos;2018-11-14T08:25:48&apos;
System info: host: &apos;SQA-CRS-021&apos;, ip: &apos;10.255.251.244&apos;, os.name: &apos;Windows 7&apos;, os.arch: &apos;x86&apos;, os.version: &apos;6.1&apos;, java.version: &apos;1.8.0_212&apos;
Driver info: org.openqa.selenium.chrome.ChromeDriver
Capabilities {acceptInsecureCerts: false, acceptSslCerts: false, applicationCacheEnabled: false, browserConnectionEnabled: false, browserName: chrome, chrome: {chromedriverVersion: 2.41.578737 (49da6702b16031..., userDataDir: C:\Users\FEDEXU~1\AppData\L...}, cssSelectorsEnabled: true, databaseEnabled: false, goog:chromeOptions: {debuggerAddress: localhost:56552}, handlesAlerts: true, hasTouchScreen: false, javascriptEnabled: true, locationContextEnabled: true, mobileEmulationEnabled: false, nativeEvents: true, networkConnectionEnabled: false, pageLoadStrategy: normal, platform: XP, platformName: XP, rotatable: false, setWindowRect: true, takesHeapSnapshot: true, takesScreenshot: true, unexpectedAlertBehaviour: , unhandledPromptBehavior: , version: 83.0.4103.116, webStorageEnabled: true}
Session ID: 8d693ab606100b12d27b5910adbd3460
*** Element info: {Using=xpath, value=/html/body/div[6]/div/div/div[1]/div[1]/h4} Could Not Get to Rebill Screen
	at rebill.testngRebillSlow.doRebill(testngRebillSlow.java:1254)
	at rebill.testngRebillSlow.testMethod1(testngRebillSlow.java:639)
	at java.util.concurrent.ThreadPoolExecutor.runWorker(Unknown Source)
	at java.util.concurrent.ThreadPoolExecutor$Worker.run(Unknown Source)
	at java.lang.Thread.run(Unknown Source)
... Removed 10 stack frames</pre></div><a href='#' onClick='toggleBox("stack-trace12490443", this, "Click to show all stack frames", "Click to hide stack frames")'>Click to show all stack frames</a>
<div class='stack-trace' id='stack-trace12490443'><pre>java.lang.AssertionError: org.openqa.selenium.NoSuchElementException: no such element: Unable to locate element: {&quot;method&quot;:&quot;xpath&quot;,&quot;selector&quot;:&quot;/html/body/div[6]/div/div/div[1]/div[1]/h4&quot;}
  (Session info: chrome=83.0.4103.116)
  (Driver info: chromedriver=2.41.578737 (49da6702b16031c40d63e5618de03a32ff6c197e),platform=Windows NT 6.1.7601 SP1 x86) (WARNING: The server did not provide any stacktrace information)
Command duration or timeout: 0 milliseconds
For documentation on this error, please visit: https://www.seleniumhq.org/exceptions/no_such_element.html
Build info: version: &apos;3.141.59&apos;, revision: &apos;e82be7d358&apos;, time: &apos;2018-11-14T08:25:48&apos;
System info: host: &apos;SQA-CRS-021&apos;, ip: &apos;10.255.251.244&apos;, os.name: &apos;Windows 7&apos;, os.arch: &apos;x86&apos;, os.version: &apos;6.1&apos;, java.version: &apos;1.8.0_212&apos;
Driver info: org.openqa.selenium.chrome.ChromeDriver
Capabilities {acceptInsecureCerts: false, acceptSslCerts: false, applicationCacheEnabled: false, browserConnectionEnabled: false, browserName: chrome, chrome: {chromedriverVersion: 2.41.578737 (49da6702b16031..., userDataDir: C:\Users\FEDEXU~1\AppData\L...}, cssSelectorsEnabled: true, databaseEnabled: false, goog:chromeOptions: {debuggerAddress: localhost:56552}, handlesAlerts: true, hasTouchScreen: false, javascriptEnabled: true, locationContextEnabled: true, mobileEmulationEnabled: false, nativeEvents: true, networkConnectionEnabled: false, pageLoadStrategy: normal, platform: XP, platformName: XP, rotatable: false, setWindowRect: true, takesHeapSnapshot: true, takesScreenshot: true, unexpectedAlertBehaviour: , unhandledPromptBehavior: , version: 83.0.4103.116, webStorageEnabled: true}
Session ID: 8d693ab606100b12d27b5910adbd3460
*** Element info: {Using=xpath, value=/html/body/div[6]/div/div/div[1]/div[1]/h4} Could Not Get to Rebill Screen
	at org.testng.Assert.fail(Assert.java:93)
	at rebill.testngRebillSlow.doRebill(testngRebillSlow.java:1254)
	at rebill.testngRebillSlow.testMethod1(testngRebillSlow.java:639)
	at sun.reflect.GeneratedMethodAccessor2.invoke(Unknown Source)
	at sun.reflect.DelegatingMethodAccessorImpl.invoke(Unknown Source)
	at java.lang.reflect.Method.invoke(Unknown Source)
	at org.testng.internal.MethodInvocationHelper.invokeMethod(MethodInvocationHelper.java:108)
	at org.testng.internal.Invoker.invokeMethod(Invoker.java:661)
	at org.testng.internal.Invoker.invokeTestMethod(Invoker.java:869)
	at org.testng.internal.Invoker.invokeTestMethods(Invoker.java:1193)
	at org.testng.internal.TestMethodWorker.invokeTestMethods(TestMethodWorker.java:126)
	at org.testng.internal.TestMethodWorker.run(TestMethodWorker.java:109)
	at java.util.concurrent.ThreadPoolExecutor.runWorker(Unknown Source)
	at java.util.concurrent.ThreadPoolExecutor$Worker.run(Unknown Source)
	at java.lang.Thread.run(Unknown Source)
</pre></div></td>
<td>131</td>
<td>rebill.testngRebillSlow@1f205aa</td></tr>
<tr>
<td title='rebill.testngRebillSlow.testMethod1()'><b>testMethod1</b><br>Test class: rebill.testngRebillSlow<br>Parameters: fail,  java.net.ConnectException: Connection refused (Connection refused), 112431, 1, 588590891364, RSA, , 594951389, , N, USA, 5194105, 5194105, IL, EP, NORMAL, , , , , , , , , , , , , , , 72</td>
<td><div><pre>java.lang.AssertionError: Faled At Last Rebill Screen: Did not reach override errors or failed here
	at rebill.testngRebillSlow.doRebill(testngRebillSlow.java:1453)
	at rebill.testngRebillSlow.testMethod1(testngRebillSlow.java:639)
	at java.util.concurrent.ThreadPoolExecutor.runWorker(Unknown Source)
	at java.util.concurrent.ThreadPoolExecutor$Worker.run(Unknown Source)
	at java.lang.Thread.run(Unknown Source)
... Removed 10 stack frames</pre></div><a href='#' onClick='toggleBox("stack-trace12361503", this, "Click to show all stack frames", "Click to hide stack frames")'>Click to show all stack frames</a>
<div class='stack-trace' id='stack-trace12361503'><pre>java.lang.AssertionError: Faled At Last Rebill Screen: Did not reach override errors or failed here
	at org.testng.Assert.fail(Assert.java:93)
	at rebill.testngRebillSlow.doRebill(testngRebillSlow.java:1453)
	at rebill.testngRebillSlow.testMethod1(testngRebillSlow.java:639)
	at sun.reflect.GeneratedMethodAccessor2.invoke(Unknown Source)
	at sun.reflect.DelegatingMethodAccessorImpl.invoke(Unknown Source)
	at java.lang.reflect.Method.invoke(Unknown Source)
	at org.testng.internal.MethodInvocationHelper.invokeMethod(MethodInvocationHelper.java:108)
	at org.testng.internal.Invoker.invokeMethod(Invoker.java:661)
	at org.testng.internal.Invoker.invokeTestMethod(Invoker.java:869)
	at org.testng.internal.Invoker.invokeTestMethods(Invoker.java:1193)
	at org.testng.internal.TestMethodWorker.invokeTestMethods(TestMethodWorker.java:126)
	at org.testng.internal.TestMethodWorker.run(TestMethodWorker.java:109)
	at java.util.concurrent.ThreadPoolExecutor.runWorker(Unknown Source)
	at java.util.concurrent.ThreadPoolExecutor$Worker.run(Unknown Source)
	at java.lang.Thread.run(Unknown Source)
</pre></div></td>
<td>88</td>
<td>rebill.testngRebillSlow@1f205aa</td></tr>
<tr>
<td title='rebill.testngRebillSlow.testMethod1()'><b>testMethod1</b><br>Test class: rebill.testngRebillSlow<br>Parameters: , , 100652, 1, 794974143690, RBS, 610231802, 737240375, , N, USA, 5194105, 5194105, DM, EP, MFRETIRE, , , , , , , , , , , , , , , 78</td>
<td><div><pre>java.lang.AssertionError: org.openqa.selenium.NoSuchElementException: no such element: Unable to locate element: {&quot;method&quot;:&quot;xpath&quot;,&quot;selector&quot;:&quot; /html/body/div[6]/div/div/div[1]/h4&quot;}
  (Session info: chrome=83.0.4103.116)
  (Driver info: chromedriver=2.41.578737 (49da6702b16031c40d63e5618de03a32ff6c197e),platform=Windows NT 6.1.7601 SP1 x86) (WARNING: The server did not provide any stacktrace information)
Command duration or timeout: 0 milliseconds
For documentation on this error, please visit: https://www.seleniumhq.org/exceptions/no_such_element.html
Build info: version: &apos;3.141.59&apos;, revision: &apos;e82be7d358&apos;, time: &apos;2018-11-14T08:25:48&apos;
System info: host: &apos;SQA-CRS-021&apos;, ip: &apos;10.255.251.244&apos;, os.name: &apos;Windows 7&apos;, os.arch: &apos;x86&apos;, os.version: &apos;6.1&apos;, java.version: &apos;1.8.0_212&apos;
Driver info: org.openqa.selenium.chrome.ChromeDriver
Capabilities {acceptInsecureCerts: false, acceptSslCerts: false, applicationCacheEnabled: false, browserConnectionEnabled: false, browserName: chrome, chrome: {chromedriverVersion: 2.41.578737 (49da6702b16031..., userDataDir: C:\Users\FEDEXU~1\AppData\L...}, cssSelectorsEnabled: true, databaseEnabled: false, goog:chromeOptions: {debuggerAddress: localhost:58229}, handlesAlerts: true, hasTouchScreen: false, javascriptEnabled: true, locationContextEnabled: true, mobileEmulationEnabled: false, nativeEvents: true, networkConnectionEnabled: false, pageLoadStrategy: normal, platform: XP, platformName: XP, rotatable: false, setWindowRect: true, takesHeapSnapshot: true, takesScreenshot: true, unexpectedAlertBehaviour: , unhandledPromptBehavior: , version: 83.0.4103.116, webStorageEnabled: true}
Session ID: 98fb5ac2d2bee58add894c5be324d6fa
*** Element info: {Using=xpath, value= /html/body/div[6]/div/div/div[1]/h4} Could Not find Popup
	at rebill.testngRebillSlow.doRebill(testngRebillSlow.java:1191)
	at rebill.testngRebillSlow.testMethod1(testngRebillSlow.java:639)
	at java.util.concurrent.ThreadPoolExecutor.runWorker(Unknown Source)
	at java.util.concurrent.ThreadPoolExecutor$Worker.run(Unknown Source)
	at java.lang.Thread.run(Unknown Source)
... Removed 10 stack frames</pre></div><a href='#' onClick='toggleBox("stack-trace2659771", this, "Click to show all stack frames", "Click to hide stack frames")'>Click to show all stack frames</a>
<div class='stack-trace' id='stack-trace2659771'><pre>java.lang.AssertionError: org.openqa.selenium.NoSuchElementException: no such element: Unable to locate element: {&quot;method&quot;:&quot;xpath&quot;,&quot;selector&quot;:&quot; /html/body/div[6]/div/div/div[1]/h4&quot;}
  (Session info: chrome=83.0.4103.116)
  (Driver info: chromedriver=2.41.578737 (49da6702b16031c40d63e5618de03a32ff6c197e),platform=Windows NT 6.1.7601 SP1 x86) (WARNING: The server did not provide any stacktrace information)
Command duration or timeout: 0 milliseconds
For documentation on this error, please visit: https://www.seleniumhq.org/exceptions/no_such_element.html
Build info: version: &apos;3.141.59&apos;, revision: &apos;e82be7d358&apos;, time: &apos;2018-11-14T08:25:48&apos;
System info: host: &apos;SQA-CRS-021&apos;, ip: &apos;10.255.251.244&apos;, os.name: &apos;Windows 7&apos;, os.arch: &apos;x86&apos;, os.version: &apos;6.1&apos;, java.version: &apos;1.8.0_212&apos;
Driver info: org.openqa.selenium.chrome.ChromeDriver
Capabilities {acceptInsecureCerts: false, acceptSslCerts: false, applicationCacheEnabled: false, browserConnectionEnabled: false, browserName: chrome, chrome: {chromedriverVersion: 2.41.578737 (49da6702b16031..., userDataDir: C:\Users\FEDEXU~1\AppData\L...}, cssSelectorsEnabled: true, databaseEnabled: false, goog:chromeOptions: {debuggerAddress: localhost:58229}, handlesAlerts: true, hasTouchScreen: false, javascriptEnabled: true, locationContextEnabled: true, mobileEmulationEnabled: false, nativeEvents: true, networkConnectionEnabled: false, pageLoadStrategy: normal, platform: XP, platformName: XP, rotatable: false, setWindowRect: true, takesHeapSnapshot: true, takesScreenshot: true, unexpectedAlertBehaviour: , unhandledPromptBehavior: , version: 83.0.4103.116, webStorageEnabled: true}
Session ID: 98fb5ac2d2bee58add894c5be324d6fa
*** Element info: {Using=xpath, value= /html/body/div[6]/div/div/div[1]/h4} Could Not find Popup
	at org.testng.Assert.fail(Assert.java:93)
	at rebill.testngRebillSlow.doRebill(testngRebillSlow.java:1191)
	at rebill.testngRebillSlow.testMethod1(testngRebillSlow.java:639)
	at sun.reflect.GeneratedMethodAccessor2.invoke(Unknown Source)
	at sun.reflect.DelegatingMethodAccessorImpl.invoke(Unknown Source)
	at java.lang.reflect.Method.invoke(Unknown Source)
	at org.testng.internal.MethodInvocationHelper.invokeMethod(MethodInvocationHelper.java:108)
	at org.testng.internal.Invoker.invokeMethod(Invoker.java:661)
	at org.testng.internal.Invoker.invokeTestMethod(Invoker.java:869)
	at org.testng.internal.Invoker.invokeTestMethods(Invoker.java:1193)
	at org.testng.internal.TestMethodWorker.invokeTestMethods(TestMethodWorker.java:126)
	at org.testng.internal.TestMethodWorker.run(TestMethodWorker.java:109)
	at java.util.concurrent.ThreadPoolExecutor.runWorker(Unknown Source)
	at java.util.concurrent.ThreadPoolExecutor$Worker.run(Unknown Source)
	at java.lang.Thread.run(Unknown Source)
</pre></div></td>
<td>70</td>
<td>rebill.testngRebillSlow@1f205aa</td></tr>
<tr>
<td title='rebill.testngRebillSlow.testMethod1()'><b>testMethod1</b><br>Test class: rebill.testngRebillSlow<br>Parameters: , , 100652, 1, 794974143690, RBS, 610231802, 737240375, , N, USA, 5194105, 5194105, DM, EP, MFRETIRE, , , , , , , , , , , , , , , 78</td>
<td><div><pre>java.lang.AssertionError: org.openqa.selenium.NoSuchElementException: no such element: Unable to locate element: {&quot;method&quot;:&quot;xpath&quot;,&quot;selector&quot;:&quot; /html/body/div[6]/div/div/div[1]/h4&quot;}
  (Session info: chrome=83.0.4103.116)
  (Driver info: chromedriver=2.41.578737 (49da6702b16031c40d63e5618de03a32ff6c197e),platform=Windows NT 6.1.7601 SP1 x86) (WARNING: The server did not provide any stacktrace information)
Command duration or timeout: 0 milliseconds
For documentation on this error, please visit: https://www.seleniumhq.org/exceptions/no_such_element.html
Build info: version: &apos;3.141.59&apos;, revision: &apos;e82be7d358&apos;, time: &apos;2018-11-14T08:25:48&apos;
System info: host: &apos;SQA-CRS-021&apos;, ip: &apos;10.255.251.244&apos;, os.name: &apos;Windows 7&apos;, os.arch: &apos;x86&apos;, os.version: &apos;6.1&apos;, java.version: &apos;1.8.0_212&apos;
Driver info: org.openqa.selenium.chrome.ChromeDriver
Capabilities {acceptInsecureCerts: false, acceptSslCerts: false, applicationCacheEnabled: false, browserConnectionEnabled: false, browserName: chrome, chrome: {chromedriverVersion: 2.41.578737 (49da6702b16031..., userDataDir: C:\Users\FEDEXU~1\AppData\L...}, cssSelectorsEnabled: true, databaseEnabled: false, goog:chromeOptions: {debuggerAddress: localhost:58394}, handlesAlerts: true, hasTouchScreen: false, javascriptEnabled: true, locationContextEnabled: true, mobileEmulationEnabled: false, nativeEvents: true, networkConnectionEnabled: false, pageLoadStrategy: normal, platform: XP, platformName: XP, rotatable: false, setWindowRect: true, takesHeapSnapshot: true, takesScreenshot: true, unexpectedAlertBehaviour: , unhandledPromptBehavior: , version: 83.0.4103.116, webStorageEnabled: true}
Session ID: c608653b91d1d3098e2f1035a0bc34d0
*** Element info: {Using=xpath, value= /html/body/div[6]/div/div/div[1]/h4} Could Not find Popup
	at rebill.testngRebillSlow.doRebill(testngRebillSlow.java:1191)
	at rebill.testngRebillSlow.testMethod1(testngRebillSlow.java:639)
	at java.util.concurrent.ThreadPoolExecutor.runWorker(Unknown Source)
	at java.util.concurrent.ThreadPoolExecutor$Worker.run(Unknown Source)
	at java.lang.Thread.run(Unknown Source)
... Removed 10 stack frames</pre></div><a href='#' onClick='toggleBox("stack-trace12373133", this, "Click to show all stack frames", "Click to hide stack frames")'>Click to show all stack frames</a>
<div class='stack-trace' id='stack-trace12373133'><pre>java.lang.AssertionError: org.openqa.selenium.NoSuchElementException: no such element: Unable to locate element: {&quot;method&quot;:&quot;xpath&quot;,&quot;selector&quot;:&quot; /html/body/div[6]/div/div/div[1]/h4&quot;}
  (Session info: chrome=83.0.4103.116)
  (Driver info: chromedriver=2.41.578737 (49da6702b16031c40d63e5618de03a32ff6c197e),platform=Windows NT 6.1.7601 SP1 x86) (WARNING: The server did not provide any stacktrace information)
Command duration or timeout: 0 milliseconds
For documentation on this error, please visit: https://www.seleniumhq.org/exceptions/no_such_element.html
Build info: version: &apos;3.141.59&apos;, revision: &apos;e82be7d358&apos;, time: &apos;2018-11-14T08:25:48&apos;
System info: host: &apos;SQA-CRS-021&apos;, ip: &apos;10.255.251.244&apos;, os.name: &apos;Windows 7&apos;, os.arch: &apos;x86&apos;, os.version: &apos;6.1&apos;, java.version: &apos;1.8.0_212&apos;
Driver info: org.openqa.selenium.chrome.ChromeDriver
Capabilities {acceptInsecureCerts: false, acceptSslCerts: false, applicationCacheEnabled: false, browserConnectionEnabled: false, browserName: chrome, chrome: {chromedriverVersion: 2.41.578737 (49da6702b16031..., userDataDir: C:\Users\FEDEXU~1\AppData\L...}, cssSelectorsEnabled: true, databaseEnabled: false, goog:chromeOptions: {debuggerAddress: localhost:58394}, handlesAlerts: true, hasTouchScreen: false, javascriptEnabled: true, locationContextEnabled: true, mobileEmulationEnabled: false, nativeEvents: true, networkConnectionEnabled: false, pageLoadStrategy: normal, platform: XP, platformName: XP, rotatable: false, setWindowRect: true, takesHeapSnapshot: true, takesScreenshot: true, unexpectedAlertBehaviour: , unhandledPromptBehavior: , version: 83.0.4103.116, webStorageEnabled: true}
Session ID: c608653b91d1d3098e2f1035a0bc34d0
*** Element info: {Using=xpath, value= /html/body/div[6]/div/div/div[1]/h4} Could Not find Popup
	at org.testng.Assert.fail(Assert.java:93)
	at rebill.testngRebillSlow.doRebill(testngRebillSlow.java:1191)
	at rebill.testngRebillSlow.testMethod1(testngRebillSlow.java:639)
	at sun.reflect.GeneratedMethodAccessor2.invoke(Unknown Source)
	at sun.reflect.DelegatingMethodAccessorImpl.invoke(Unknown Source)
	at java.lang.reflect.Method.invoke(Unknown Source)
	at org.testng.internal.MethodInvocationHelper.invokeMethod(MethodInvocationHelper.java:108)
	at org.testng.internal.Invoker.invokeMethod(Invoker.java:661)
	at org.testng.internal.Invoker.retryFailed(Invoker.java:1014)
	at org.testng.internal.Invoker.invokeTestMethods(Invoker.java:1215)
	at org.testng.internal.TestMethodWorker.invokeTestMethods(TestMethodWorker.java:126)
	at org.testng.internal.TestMethodWorker.run(TestMethodWorker.java:109)
	at java.util.concurrent.ThreadPoolExecutor.runWorker(Unknown Source)
	at java.util.concurrent.ThreadPoolExecutor$Worker.run(Unknown Source)
	at java.lang.Thread.run(Unknown Source)
</pre></div></td>
<td>69</td>
<td>rebill.testngRebillSlow@1f205aa</td></tr>
<tr>
<td title='rebill.testngRebillSlow.testMethod1()'><b>testMethod1</b><br>Test class: rebill.testngRebillSlow<br>Parameters: fail,  java.net.ConnectException: Connection refused (Connection refused), 204831, 1, 588204902570, RTA, 700656144, 594952413, , , USA, 5194105, 5194105, IL, EP, MFRETIRE, , , , , , , , , , , , , , , 105</td>
<td><div><pre>java.lang.AssertionError: Faled At Last Rebill Screen: Did not reach override errors or failed here
	at rebill.testngRebillSlow.doRebill(testngRebillSlow.java:1453)
	at rebill.testngRebillSlow.testMethod1(testngRebillSlow.java:639)
	at java.util.concurrent.ThreadPoolExecutor.runWorker(Unknown Source)
	at java.util.concurrent.ThreadPoolExecutor$Worker.run(Unknown Source)
	at java.lang.Thread.run(Unknown Source)
... Removed 10 stack frames</pre></div><a href='#' onClick='toggleBox("stack-trace10429933", this, "Click to show all stack frames", "Click to hide stack frames")'>Click to show all stack frames</a>
<div class='stack-trace' id='stack-trace10429933'><pre>java.lang.AssertionError: Faled At Last Rebill Screen: Did not reach override errors or failed here
	at org.testng.Assert.fail(Assert.java:93)
	at rebill.testngRebillSlow.doRebill(testngRebillSlow.java:1453)
	at rebill.testngRebillSlow.testMethod1(testngRebillSlow.java:639)
	at sun.reflect.GeneratedMethodAccessor2.invoke(Unknown Source)
	at sun.reflect.DelegatingMethodAccessorImpl.invoke(Unknown Source)
	at java.lang.reflect.Method.invoke(Unknown Source)
	at org.testng.internal.MethodInvocationHelper.invokeMethod(MethodInvocationHelper.java:108)
	at org.testng.internal.Invoker.invokeMethod(Invoker.java:661)
	at org.testng.internal.Invoker.invokeTestMethod(Invoker.java:869)
	at org.testng.internal.Invoker.invokeTestMethods(Invoker.java:1193)
	at org.testng.internal.TestMethodWorker.invokeTestMethods(TestMethodWorker.java:126)
	at org.testng.internal.TestMethodWorker.run(TestMethodWorker.java:109)
	at java.util.concurrent.ThreadPoolExecutor.runWorker(Unknown Source)
	at java.util.concurrent.ThreadPoolExecutor$Worker.run(Unknown Source)
	at java.lang.Thread.run(Unknown Source)
</pre></div></td>
<td>90</td>
<td>rebill.testngRebillSlow@1f205aa</td></tr>
<tr>
<td title='rebill.testngRebillSlow.testMethod1()'><b>testMethod1</b><br>Test class: rebill.testngRebillSlow<br>Parameters: fail,  java.net.ConnectException: Connection refused (Connection refused), 220473, 1, 794974789540, RSA, 396773082, 737238695, , Y, CAN, 131258, 131258, IL, EP, MFRETIRE, , , , , , , , , , , , , , , 117</td>
<td><div><pre>java.lang.AssertionError: org.openqa.selenium.NoSuchElementException: no such element: Unable to locate element: {&quot;method&quot;:&quot;xpath&quot;,&quot;selector&quot;:&quot; /html/body/div[6]/div/div/div[1]/h4&quot;}
  (Session info: chrome=83.0.4103.116)
  (Driver info: chromedriver=2.41.578737 (49da6702b16031c40d63e5618de03a32ff6c197e),platform=Windows NT 6.1.7601 SP1 x86) (WARNING: The server did not provide any stacktrace information)
Command duration or timeout: 0 milliseconds
For documentation on this error, please visit: https://www.seleniumhq.org/exceptions/no_such_element.html
Build info: version: &apos;3.141.59&apos;, revision: &apos;e82be7d358&apos;, time: &apos;2018-11-14T08:25:48&apos;
System info: host: &apos;SQA-CRS-021&apos;, ip: &apos;10.255.251.244&apos;, os.name: &apos;Windows 7&apos;, os.arch: &apos;x86&apos;, os.version: &apos;6.1&apos;, java.version: &apos;1.8.0_212&apos;
Driver info: org.openqa.selenium.chrome.ChromeDriver
Capabilities {acceptInsecureCerts: false, acceptSslCerts: false, applicationCacheEnabled: false, browserConnectionEnabled: false, browserName: chrome, chrome: {chromedriverVersion: 2.41.578737 (49da6702b16031..., userDataDir: C:\Users\FEDEXU~1\AppData\L...}, cssSelectorsEnabled: true, databaseEnabled: false, goog:chromeOptions: {debuggerAddress: localhost:63542}, handlesAlerts: true, hasTouchScreen: false, javascriptEnabled: true, locationContextEnabled: true, mobileEmulationEnabled: false, nativeEvents: true, networkConnectionEnabled: false, pageLoadStrategy: normal, platform: XP, platformName: XP, rotatable: false, setWindowRect: true, takesHeapSnapshot: true, takesScreenshot: true, unexpectedAlertBehaviour: , unhandledPromptBehavior: , version: 83.0.4103.116, webStorageEnabled: true}
Session ID: e8e52d661692b1e5a6de5b053f6048df
*** Element info: {Using=xpath, value= /html/body/div[6]/div/div/div[1]/h4} Could Not find Popup
	at rebill.testngRebillSlow.doRebill(testngRebillSlow.java:1191)
	at rebill.testngRebillSlow.testMethod1(testngRebillSlow.java:639)
	at java.util.concurrent.ThreadPoolExecutor.runWorker(Unknown Source)
	at java.util.concurrent.ThreadPoolExecutor$Worker.run(Unknown Source)
	at java.lang.Thread.run(Unknown Source)
... Removed 10 stack frames</pre></div><a href='#' onClick='toggleBox("stack-trace3292434", this, "Click to show all stack frames", "Click to hide stack frames")'>Click to show all stack frames</a>
<div class='stack-trace' id='stack-trace3292434'><pre>java.lang.AssertionError: org.openqa.selenium.NoSuchElementException: no such element: Unable to locate element: {&quot;method&quot;:&quot;xpath&quot;,&quot;selector&quot;:&quot; /html/body/div[6]/div/div/div[1]/h4&quot;}
  (Session info: chrome=83.0.4103.116)
  (Driver info: chromedriver=2.41.578737 (49da6702b16031c40d63e5618de03a32ff6c197e),platform=Windows NT 6.1.7601 SP1 x86) (WARNING: The server did not provide any stacktrace information)
Command duration or timeout: 0 milliseconds
For documentation on this error, please visit: https://www.seleniumhq.org/exceptions/no_such_element.html
Build info: version: &apos;3.141.59&apos;, revision: &apos;e82be7d358&apos;, time: &apos;2018-11-14T08:25:48&apos;
System info: host: &apos;SQA-CRS-021&apos;, ip: &apos;10.255.251.244&apos;, os.name: &apos;Windows 7&apos;, os.arch: &apos;x86&apos;, os.version: &apos;6.1&apos;, java.version: &apos;1.8.0_212&apos;
Driver info: org.openqa.selenium.chrome.ChromeDriver
Capabilities {acceptInsecureCerts: false, acceptSslCerts: false, applicationCacheEnabled: false, browserConnectionEnabled: false, browserName: chrome, chrome: {chromedriverVersion: 2.41.578737 (49da6702b16031..., userDataDir: C:\Users\FEDEXU~1\AppData\L...}, cssSelectorsEnabled: true, databaseEnabled: false, goog:chromeOptions: {debuggerAddress: localhost:63542}, handlesAlerts: true, hasTouchScreen: false, javascriptEnabled: true, locationContextEnabled: true, mobileEmulationEnabled: false, nativeEvents: true, networkConnectionEnabled: false, pageLoadStrategy: normal, platform: XP, platformName: XP, rotatable: false, setWindowRect: true, takesHeapSnapshot: true, takesScreenshot: true, unexpectedAlertBehaviour: , unhandledPromptBehavior: , version: 83.0.4103.116, webStorageEnabled: true}
Session ID: e8e52d661692b1e5a6de5b053f6048df
*** Element info: {Using=xpath, value= /html/body/div[6]/div/div/div[1]/h4} Could Not find Popup
	at org.testng.Assert.fail(Assert.java:93)
	at rebill.testngRebillSlow.doRebill(testngRebillSlow.java:1191)
	at rebill.testngRebillSlow.testMethod1(testngRebillSlow.java:639)
	at sun.reflect.GeneratedMethodAccessor2.invoke(Unknown Source)
	at sun.reflect.DelegatingMethodAccessorImpl.invoke(Unknown Source)
	at java.lang.reflect.Method.invoke(Unknown Source)
	at org.testng.internal.MethodInvocationHelper.invokeMethod(MethodInvocationHelper.java:108)
	at org.testng.internal.Invoker.invokeMethod(Invoker.java:661)
	at org.testng.internal.Invoker.invokeTestMethod(Invoker.java:869)
	at org.testng.internal.Invoker.invokeTestMethods(Invoker.java:1193)
	at org.testng.internal.TestMethodWorker.invokeTestMethods(TestMethodWorker.java:126)
	at org.testng.internal.TestMethodWorker.run(TestMethodWorker.java:109)
	at java.util.concurrent.ThreadPoolExecutor.runWorker(Unknown Source)
	at java.util.concurrent.ThreadPoolExecutor$Worker.run(Unknown Source)
	at java.lang.Thread.run(Unknown Source)
</pre></div></td>
<td>124</td>
<td>rebill.testngRebillSlow@1f205aa</td></tr>
<tr>
<td title='rebill.testngRebillSlow.testMethod1()'><b>testMethod1</b><br>Test class: rebill.testngRebillSlow<br>Parameters: fail,  java.net.ConnectException: Connection refused (Connection refused), 226804, 1, 794974074230, RSA, , 594950450, , N, USA, 5194105, 5194105, IL, EP, NORMAL, , , , , , , , , , , , , , , 122</td>
<td><div><pre>java.lang.AssertionError: org.openqa.selenium.NoSuchElementException: no such element: Unable to locate element: {&quot;method&quot;:&quot;xpath&quot;,&quot;selector&quot;:&quot;/html/body/div[6]/div/div/div[1]/div[1]/h4&quot;}
  (Session info: chrome=83.0.4103.116)
  (Driver info: chromedriver=2.41.578737 (49da6702b16031c40d63e5618de03a32ff6c197e),platform=Windows NT 6.1.7601 SP1 x86) (WARNING: The server did not provide any stacktrace information)
Command duration or timeout: 0 milliseconds
For documentation on this error, please visit: https://www.seleniumhq.org/exceptions/no_such_element.html
Build info: version: &apos;3.141.59&apos;, revision: &apos;e82be7d358&apos;, time: &apos;2018-11-14T08:25:48&apos;
System info: host: &apos;SQA-CRS-021&apos;, ip: &apos;10.255.251.244&apos;, os.name: &apos;Windows 7&apos;, os.arch: &apos;x86&apos;, os.version: &apos;6.1&apos;, java.version: &apos;1.8.0_212&apos;
Driver info: org.openqa.selenium.chrome.ChromeDriver
Capabilities {acceptInsecureCerts: false, acceptSslCerts: false, applicationCacheEnabled: false, browserConnectionEnabled: false, browserName: chrome, chrome: {chromedriverVersion: 2.41.578737 (49da6702b16031..., userDataDir: C:\Users\FEDEXU~1\AppData\L...}, cssSelectorsEnabled: true, databaseEnabled: false, goog:chromeOptions: {debuggerAddress: localhost:64494}, handlesAlerts: true, hasTouchScreen: false, javascriptEnabled: true, locationContextEnabled: true, mobileEmulationEnabled: false, nativeEvents: true, networkConnectionEnabled: false, pageLoadStrategy: normal, platform: XP, platformName: XP, rotatable: false, setWindowRect: true, takesHeapSnapshot: true, takesScreenshot: true, unexpectedAlertBehaviour: , unhandledPromptBehavior: , version: 83.0.4103.116, webStorageEnabled: true}
Session ID: 8ca5daef018d07961bd28a78beef4eba
*** Element info: {Using=xpath, value=/html/body/div[6]/div/div/div[1]/div[1]/h4} Could Not Get to Rebill Screen
	at rebill.testngRebillSlow.doRebill(testngRebillSlow.java:1254)
	at rebill.testngRebillSlow.testMethod1(testngRebillSlow.java:639)
	at java.util.concurrent.ThreadPoolExecutor.runWorker(Unknown Source)
	at java.util.concurrent.ThreadPoolExecutor$Worker.run(Unknown Source)
	at java.lang.Thread.run(Unknown Source)
... Removed 10 stack frames</pre></div><a href='#' onClick='toggleBox("stack-trace19358000", this, "Click to show all stack frames", "Click to hide stack frames")'>Click to show all stack frames</a>
<div class='stack-trace' id='stack-trace19358000'><pre>java.lang.AssertionError: org.openqa.selenium.NoSuchElementException: no such element: Unable to locate element: {&quot;method&quot;:&quot;xpath&quot;,&quot;selector&quot;:&quot;/html/body/div[6]/div/div/div[1]/div[1]/h4&quot;}
  (Session info: chrome=83.0.4103.116)
  (Driver info: chromedriver=2.41.578737 (49da6702b16031c40d63e5618de03a32ff6c197e),platform=Windows NT 6.1.7601 SP1 x86) (WARNING: The server did not provide any stacktrace information)
Command duration or timeout: 0 milliseconds
For documentation on this error, please visit: https://www.seleniumhq.org/exceptions/no_such_element.html
Build info: version: &apos;3.141.59&apos;, revision: &apos;e82be7d358&apos;, time: &apos;2018-11-14T08:25:48&apos;
System info: host: &apos;SQA-CRS-021&apos;, ip: &apos;10.255.251.244&apos;, os.name: &apos;Windows 7&apos;, os.arch: &apos;x86&apos;, os.version: &apos;6.1&apos;, java.version: &apos;1.8.0_212&apos;
Driver info: org.openqa.selenium.chrome.ChromeDriver
Capabilities {acceptInsecureCerts: false, acceptSslCerts: false, applicationCacheEnabled: false, browserConnectionEnabled: false, browserName: chrome, chrome: {chromedriverVersion: 2.41.578737 (49da6702b16031..., userDataDir: C:\Users\FEDEXU~1\AppData\L...}, cssSelectorsEnabled: true, databaseEnabled: false, goog:chromeOptions: {debuggerAddress: localhost:64494}, handlesAlerts: true, hasTouchScreen: false, javascriptEnabled: true, locationContextEnabled: true, mobileEmulationEnabled: false, nativeEvents: true, networkConnectionEnabled: false, pageLoadStrategy: normal, platform: XP, platformName: XP, rotatable: false, setWindowRect: true, takesHeapSnapshot: true, takesScreenshot: true, unexpectedAlertBehaviour: , unhandledPromptBehavior: , version: 83.0.4103.116, webStorageEnabled: true}
Session ID: 8ca5daef018d07961bd28a78beef4eba
*** Element info: {Using=xpath, value=/html/body/div[6]/div/div/div[1]/div[1]/h4} Could Not Get to Rebill Screen
	at org.testng.Assert.fail(Assert.java:93)
	at rebill.testngRebillSlow.doRebill(testngRebillSlow.java:1254)
	at rebill.testngRebillSlow.testMethod1(testngRebillSlow.java:639)
	at sun.reflect.GeneratedMethodAccessor2.invoke(Unknown Source)
	at sun.reflect.DelegatingMethodAccessorImpl.invoke(Unknown Source)
	at java.lang.reflect.Method.invoke(Unknown Source)
	at org.testng.internal.MethodInvocationHelper.invokeMethod(MethodInvocationHelper.java:108)
	at org.testng.internal.Invoker.invokeMethod(Invoker.java:661)
	at org.testng.internal.Invoker.invokeTestMethod(Invoker.java:869)
	at org.testng.internal.Invoker.invokeTestMethods(Invoker.java:1193)
	at org.testng.internal.TestMethodWorker.invokeTestMethods(TestMethodWorker.java:126)
	at org.testng.internal.TestMethodWorker.run(TestMethodWorker.java:109)
	at java.util.concurrent.ThreadPoolExecutor.runWorker(Unknown Source)
	at java.util.concurrent.ThreadPoolExecutor$Worker.run(Unknown Source)
	at java.lang.Thread.run(Unknown Source)
</pre></div></td>
<td>52</td>
<td>rebill.testngRebillSlow@1f205aa</td></tr>
<tr>
<td title='rebill.testngRebillSlow.testMethod1()'><b>testMethod1</b><br>Test class: rebill.testngRebillSlow<br>Parameters: , , 236231, 1, 794974745699, KPR, 396772647, 935441632, , Y, EMEA, 5176438, 5176438, IL, EP, NORMAL, , , , , , , , , , , , , , , 124</td>
<td><div><pre>java.lang.AssertionError: Failed on Entering Tracking Number
	at rebill.testngRebillSlow.doRebill(testngRebillSlow.java:917)
	at rebill.testngRebillSlow.testMethod1(testngRebillSlow.java:639)
	at java.util.concurrent.ThreadPoolExecutor.runWorker(Unknown Source)
	at java.util.concurrent.ThreadPoolExecutor$Worker.run(Unknown Source)
	at java.lang.Thread.run(Unknown Source)
... Removed 10 stack frames</pre></div><a href='#' onClick='toggleBox("stack-trace20864626", this, "Click to show all stack frames", "Click to hide stack frames")'>Click to show all stack frames</a>
<div class='stack-trace' id='stack-trace20864626'><pre>java.lang.AssertionError: Failed on Entering Tracking Number
	at org.testng.Assert.fail(Assert.java:93)
	at rebill.testngRebillSlow.doRebill(testngRebillSlow.java:917)
	at rebill.testngRebillSlow.testMethod1(testngRebillSlow.java:639)
	at sun.reflect.GeneratedMethodAccessor2.invoke(Unknown Source)
	at sun.reflect.DelegatingMethodAccessorImpl.invoke(Unknown Source)
	at java.lang.reflect.Method.invoke(Unknown Source)
	at org.testng.internal.MethodInvocationHelper.invokeMethod(MethodInvocationHelper.java:108)
	at org.testng.internal.Invoker.invokeMethod(Invoker.java:661)
	at org.testng.internal.Invoker.invokeTestMethod(Invoker.java:869)
	at org.testng.internal.Invoker.invokeTestMethods(Invoker.java:1193)
	at org.testng.internal.TestMethodWorker.invokeTestMethods(TestMethodWorker.java:126)
	at org.testng.internal.TestMethodWorker.run(TestMethodWorker.java:109)
	at java.util.concurrent.ThreadPoolExecutor.runWorker(Unknown Source)
	at java.util.concurrent.ThreadPoolExecutor$Worker.run(Unknown Source)
	at java.lang.Thread.run(Unknown Source)
</pre></div></td>
<td>90</td>
<td>rebill.testngRebillSlow@1f205aa</td></tr>
<tr>
<td title='rebill.testngRebillSlow.testMethod1()'><b>testMethod1</b><br>Test class: rebill.testngRebillSlow<br>Parameters: , , 236231, 1, 794974745699, KPR, 396772647, 935441632, , Y, EMEA, 5176438, 5176438, IL, EP, NORMAL, , , , , , , , , , , , , , , 124</td>
<td><div><pre>java.lang.NullPointerException
	at rebill.testngRebillSlow.validateResults(testngRebillSlow.java:1596)
	at rebill.testngRebillSlow.doRebill(testngRebillSlow.java:1397)
	at rebill.testngRebillSlow.testMethod1(testngRebillSlow.java:639)
	at java.util.concurrent.ThreadPoolExecutor.runWorker(Unknown Source)
	at java.util.concurrent.ThreadPoolExecutor$Worker.run(Unknown Source)
	at java.lang.Thread.run(Unknown Source)
... Removed 9 stack frames</pre></div><a href='#' onClick='toggleBox("stack-trace9185242", this, "Click to show all stack frames", "Click to hide stack frames")'>Click to show all stack frames</a>
<div class='stack-trace' id='stack-trace9185242'><pre>java.lang.NullPointerException
	at rebill.testngRebillSlow.validateResults(testngRebillSlow.java:1596)
	at rebill.testngRebillSlow.doRebill(testngRebillSlow.java:1397)
	at rebill.testngRebillSlow.testMethod1(testngRebillSlow.java:639)
	at sun.reflect.GeneratedMethodAccessor2.invoke(Unknown Source)
	at sun.reflect.DelegatingMethodAccessorImpl.invoke(Unknown Source)
	at java.lang.reflect.Method.invoke(Unknown Source)
	at org.testng.internal.MethodInvocationHelper.invokeMethod(MethodInvocationHelper.java:108)
	at org.testng.internal.Invoker.invokeMethod(Invoker.java:661)
	at org.testng.internal.Invoker.retryFailed(Invoker.java:1014)
	at org.testng.internal.Invoker.invokeTestMethods(Invoker.java:1215)
	at org.testng.internal.TestMethodWorker.invokeTestMethods(TestMethodWorker.java:126)
	at org.testng.internal.TestMethodWorker.run(TestMethodWorker.java:109)
	at java.util.concurrent.ThreadPoolExecutor.runWorker(Unknown Source)
	at java.util.concurrent.ThreadPoolExecutor$Worker.run(Unknown Source)
	at java.lang.Thread.run(Unknown Source)
</pre></div></td>
<td>75</td>
<td>rebill.testngRebillSlow@1f205aa</td></tr>
<tr>
<td title='rebill.testngRebillSlow.testMethod1()'><b>testMethod1</b><br>Test class: rebill.testngRebillSlow<br>Parameters: fail,  A Valid Account was not provided, 236938, 1, 794974676401, RSD, 760151360, 935441630, , Y, EMEA, 5176438, 5176438, IL, EP, NORMAL, , , , , , , , , , , , , , , 129</td>
<td><div><pre>java.lang.AssertionError: Failed on Entering Tracking Number
	at rebill.testngRebillSlow.doRebill(testngRebillSlow.java:917)
	at rebill.testngRebillSlow.testMethod1(testngRebillSlow.java:639)
	at java.util.concurrent.ThreadPoolExecutor.runWorker(Unknown Source)
	at java.util.concurrent.ThreadPoolExecutor$Worker.run(Unknown Source)
	at java.lang.Thread.run(Unknown Source)
... Removed 10 stack frames</pre></div><a href='#' onClick='toggleBox("stack-trace16660312", this, "Click to show all stack frames", "Click to hide stack frames")'>Click to show all stack frames</a>
<div class='stack-trace' id='stack-trace16660312'><pre>java.lang.AssertionError: Failed on Entering Tracking Number
	at org.testng.Assert.fail(Assert.java:93)
	at rebill.testngRebillSlow.doRebill(testngRebillSlow.java:917)
	at rebill.testngRebillSlow.testMethod1(testngRebillSlow.java:639)
	at sun.reflect.GeneratedMethodAccessor2.invoke(Unknown Source)
	at sun.reflect.DelegatingMethodAccessorImpl.invoke(Unknown Source)
	at java.lang.reflect.Method.invoke(Unknown Source)
	at org.testng.internal.MethodInvocationHelper.invokeMethod(MethodInvocationHelper.java:108)
	at org.testng.internal.Invoker.invokeMethod(Invoker.java:661)
	at org.testng.internal.Invoker.invokeTestMethod(Invoker.java:869)
	at org.testng.internal.Invoker.invokeTestMethods(Invoker.java:1193)
	at org.testng.internal.TestMethodWorker.invokeTestMethods(TestMethodWorker.java:126)
	at org.testng.internal.TestMethodWorker.run(TestMethodWorker.java:109)
	at java.util.concurrent.ThreadPoolExecutor.runWorker(Unknown Source)
	at java.util.concurrent.ThreadPoolExecutor$Worker.run(Unknown Source)
	at java.lang.Thread.run(Unknown Source)
</pre></div></td>
<td>97</td>
<td>rebill.testngRebillSlow@1f205aa</td></tr>
<tr>
<td title='rebill.testngRebillSlow.testMethod1()'><b>testMethod1</b><br>Test class: rebill.testngRebillSlow<br>Parameters: , , 239334, 2, 794974567080, RSA, 700340880, 594952484, , Y, USA, 5194105, 5194105, IL, EP, MFRETIRE, , , , , , , , , 4111 1111 1111 1111, , , , , 4111 1111 1111 1111, 140</td>
<td><div><pre>java.lang.AssertionError: Failed Trying to Rebill..
	at rebill.testngRebillSlow.doRebill(testngRebillSlow.java:1382)
	at rebill.testngRebillSlow.testMethod1(testngRebillSlow.java:639)
	at java.util.concurrent.ThreadPoolExecutor.runWorker(Unknown Source)
	at java.util.concurrent.ThreadPoolExecutor$Worker.run(Unknown Source)
	at java.lang.Thread.run(Unknown Source)
... Removed 10 stack frames</pre></div><a href='#' onClick='toggleBox("stack-trace16782485", this, "Click to show all stack frames", "Click to hide stack frames")'>Click to show all stack frames</a>
<div class='stack-trace' id='stack-trace16782485'><pre>java.lang.AssertionError: Failed Trying to Rebill..
	at org.testng.Assert.fail(Assert.java:93)
	at rebill.testngRebillSlow.doRebill(testngRebillSlow.java:1382)
	at rebill.testngRebillSlow.testMethod1(testngRebillSlow.java:639)
	at sun.reflect.GeneratedMethodAccessor2.invoke(Unknown Source)
	at sun.reflect.DelegatingMethodAccessorImpl.invoke(Unknown Source)
	at java.lang.reflect.Method.invoke(Unknown Source)
	at org.testng.internal.MethodInvocationHelper.invokeMethod(MethodInvocationHelper.java:108)
	at org.testng.internal.Invoker.invokeMethod(Invoker.java:661)
	at org.testng.internal.Invoker.invokeTestMethod(Invoker.java:869)
	at org.testng.internal.Invoker.invokeTestMethods(Invoker.java:1193)
	at org.testng.internal.TestMethodWorker.invokeTestMethods(TestMethodWorker.java:126)
	at org.testng.internal.TestMethodWorker.run(TestMethodWorker.java:109)
	at java.util.concurrent.ThreadPoolExecutor.runWorker(Unknown Source)
	at java.util.concurrent.ThreadPoolExecutor$Worker.run(Unknown Source)
	at java.lang.Thread.run(Unknown Source)
</pre></div></td>
<td>29</td>
<td>rebill.testngRebillSlow@1f205aa</td></tr>
<tr>
<td title='rebill.testngRebillSlow.testMethod1()'><b>testMethod1</b><br>Test class: rebill.testngRebillSlow<br>Parameters: , , 239334, 2, 794974567080, RSA, 700340880, 594952484, , Y, USA, 5194105, 5194105, IL, EP, MFRETIRE, , , , , , , , , 4111 1111 1111 1111, , , , , 4111 1111 1111 1111, 140</td>
<td><div><pre>java.lang.AssertionError: org.openqa.selenium.NoSuchElementException: no such element: Unable to locate element: {&quot;method&quot;:&quot;xpath&quot;,&quot;selector&quot;:&quot;/html/body/div[6]/div/div/div[1]/div[1]/h4&quot;}
  (Session info: chrome=83.0.4103.116)
  (Driver info: chromedriver=2.41.578737 (49da6702b16031c40d63e5618de03a32ff6c197e),platform=Windows NT 6.1.7601 SP1 x86) (WARNING: The server did not provide any stacktrace information)
Command duration or timeout: 0 milliseconds
For documentation on this error, please visit: https://www.seleniumhq.org/exceptions/no_such_element.html
Build info: version: &apos;3.141.59&apos;, revision: &apos;e82be7d358&apos;, time: &apos;2018-11-14T08:25:48&apos;
System info: host: &apos;SQA-CRS-021&apos;, ip: &apos;10.255.251.244&apos;, os.name: &apos;Windows 7&apos;, os.arch: &apos;x86&apos;, os.version: &apos;6.1&apos;, java.version: &apos;1.8.0_212&apos;
Driver info: org.openqa.selenium.chrome.ChromeDriver
Capabilities {acceptInsecureCerts: false, acceptSslCerts: false, applicationCacheEnabled: false, browserConnectionEnabled: false, browserName: chrome, chrome: {chromedriverVersion: 2.41.578737 (49da6702b16031..., userDataDir: C:\Users\FEDEXU~1\AppData\L...}, cssSelectorsEnabled: true, databaseEnabled: false, goog:chromeOptions: {debuggerAddress: localhost:51196}, handlesAlerts: true, hasTouchScreen: false, javascriptEnabled: true, locationContextEnabled: true, mobileEmulationEnabled: false, nativeEvents: true, networkConnectionEnabled: false, pageLoadStrategy: normal, platform: XP, platformName: XP, rotatable: false, setWindowRect: true, takesHeapSnapshot: true, takesScreenshot: true, unexpectedAlertBehaviour: , unhandledPromptBehavior: , version: 83.0.4103.116, webStorageEnabled: true}
Session ID: 6fdef34ee47c5edc51a830b153533858
*** Element info: {Using=xpath, value=/html/body/div[6]/div/div/div[1]/div[1]/h4} Could Not Get to Rebill Screen
	at rebill.testngRebillSlow.doRebill(testngRebillSlow.java:1254)
	at rebill.testngRebillSlow.testMethod1(testngRebillSlow.java:639)
	at java.util.concurrent.ThreadPoolExecutor.runWorker(Unknown Source)
	at java.util.concurrent.ThreadPoolExecutor$Worker.run(Unknown Source)
	at java.lang.Thread.run(Unknown Source)
... Removed 10 stack frames</pre></div><a href='#' onClick='toggleBox("stack-trace22249046", this, "Click to show all stack frames", "Click to hide stack frames")'>Click to show all stack frames</a>
<div class='stack-trace' id='stack-trace22249046'><pre>java.lang.AssertionError: org.openqa.selenium.NoSuchElementException: no such element: Unable to locate element: {&quot;method&quot;:&quot;xpath&quot;,&quot;selector&quot;:&quot;/html/body/div[6]/div/div/div[1]/div[1]/h4&quot;}
  (Session info: chrome=83.0.4103.116)
  (Driver info: chromedriver=2.41.578737 (49da6702b16031c40d63e5618de03a32ff6c197e),platform=Windows NT 6.1.7601 SP1 x86) (WARNING: The server did not provide any stacktrace information)
Command duration or timeout: 0 milliseconds
For documentation on this error, please visit: https://www.seleniumhq.org/exceptions/no_such_element.html
Build info: version: &apos;3.141.59&apos;, revision: &apos;e82be7d358&apos;, time: &apos;2018-11-14T08:25:48&apos;
System info: host: &apos;SQA-CRS-021&apos;, ip: &apos;10.255.251.244&apos;, os.name: &apos;Windows 7&apos;, os.arch: &apos;x86&apos;, os.version: &apos;6.1&apos;, java.version: &apos;1.8.0_212&apos;
Driver info: org.openqa.selenium.chrome.ChromeDriver
Capabilities {acceptInsecureCerts: false, acceptSslCerts: false, applicationCacheEnabled: false, browserConnectionEnabled: false, browserName: chrome, chrome: {chromedriverVersion: 2.41.578737 (49da6702b16031..., userDataDir: C:\Users\FEDEXU~1\AppData\L...}, cssSelectorsEnabled: true, databaseEnabled: false, goog:chromeOptions: {debuggerAddress: localhost:51196}, handlesAlerts: true, hasTouchScreen: false, javascriptEnabled: true, locationContextEnabled: true, mobileEmulationEnabled: false, nativeEvents: true, networkConnectionEnabled: false, pageLoadStrategy: normal, platform: XP, platformName: XP, rotatable: false, setWindowRect: true, takesHeapSnapshot: true, takesScreenshot: true, unexpectedAlertBehaviour: , unhandledPromptBehavior: , version: 83.0.4103.116, webStorageEnabled: true}
Session ID: 6fdef34ee47c5edc51a830b153533858
*** Element info: {Using=xpath, value=/html/body/div[6]/div/div/div[1]/div[1]/h4} Could Not Get to Rebill Screen
	at org.testng.Assert.fail(Assert.java:93)
	at rebill.testngRebillSlow.doRebill(testngRebillSlow.java:1254)
	at rebill.testngRebillSlow.testMethod1(testngRebillSlow.java:639)
	at sun.reflect.GeneratedMethodAccessor2.invoke(Unknown Source)
	at sun.reflect.DelegatingMethodAccessorImpl.invoke(Unknown Source)
	at java.lang.reflect.Method.invoke(Unknown Source)
	at org.testng.internal.MethodInvocationHelper.invokeMethod(MethodInvocationHelper.java:108)
	at org.testng.internal.Invoker.invokeMethod(Invoker.java:661)
	at org.testng.internal.Invoker.retryFailed(Invoker.java:1014)
	at org.testng.internal.Invoker.invokeTestMethods(Invoker.java:1215)
	at org.testng.internal.TestMethodWorker.invokeTestMethods(TestMethodWorker.java:126)
	at org.testng.internal.TestMethodWorker.run(TestMethodWorker.java:109)
	at java.util.concurrent.ThreadPoolExecutor.runWorker(Unknown Source)
	at java.util.concurrent.ThreadPoolExecutor$Worker.run(Unknown Source)
	at java.lang.Thread.run(Unknown Source)
</pre></div></td>
<td>50</td>
<td>rebill.testngRebillSlow@1f205aa</td></tr>
<tr>
<td title='rebill.testngRebillSlow.testMethod1()'><b>testMethod1</b><br>Test class: rebill.testngRebillSlow<br>Parameters: fail, Could Not Get to Rebill Screen, 250350, 2, 794973905488, RTA, 600633473, 421474105, , , USA, 584168, 584168, DM, EP, PLC, , , , , , , , , , , , , , , 145</td>
<td><div><pre>java.lang.AssertionError: Failed on Entering Tracking Number
	at rebill.testngRebillSlow.doRebill(testngRebillSlow.java:917)
	at rebill.testngRebillSlow.testMethod1(testngRebillSlow.java:639)
	at java.util.concurrent.ThreadPoolExecutor.runWorker(Unknown Source)
	at java.util.concurrent.ThreadPoolExecutor$Worker.run(Unknown Source)
	at java.lang.Thread.run(Unknown Source)
... Removed 10 stack frames</pre></div><a href='#' onClick='toggleBox("stack-trace5963606", this, "Click to show all stack frames", "Click to hide stack frames")'>Click to show all stack frames</a>
<div class='stack-trace' id='stack-trace5963606'><pre>java.lang.AssertionError: Failed on Entering Tracking Number
	at org.testng.Assert.fail(Assert.java:93)
	at rebill.testngRebillSlow.doRebill(testngRebillSlow.java:917)
	at rebill.testngRebillSlow.testMethod1(testngRebillSlow.java:639)
	at sun.reflect.GeneratedMethodAccessor2.invoke(Unknown Source)
	at sun.reflect.DelegatingMethodAccessorImpl.invoke(Unknown Source)
	at java.lang.reflect.Method.invoke(Unknown Source)
	at org.testng.internal.MethodInvocationHelper.invokeMethod(MethodInvocationHelper.java:108)
	at org.testng.internal.Invoker.invokeMethod(Invoker.java:661)
	at org.testng.internal.Invoker.invokeTestMethod(Invoker.java:869)
	at org.testng.internal.Invoker.invokeTestMethods(Invoker.java:1193)
	at org.testng.internal.TestMethodWorker.invokeTestMethods(TestMethodWorker.java:126)
	at org.testng.internal.TestMethodWorker.run(TestMethodWorker.java:109)
	at java.util.concurrent.ThreadPoolExecutor.runWorker(Unknown Source)
	at java.util.concurrent.ThreadPoolExecutor$Worker.run(Unknown Source)
	at java.lang.Thread.run(Unknown Source)
</pre></div></td>
<td>132</td>
<td>rebill.testngRebillSlow@1f205aa</td></tr>
<tr>
<td title='rebill.testngRebillSlow.testMethod1()'><b>testMethod1</b><br>Test class: rebill.testngRebillSlow<br>Parameters: fail,  Employee defined to IMS RACF, 252323, 1, 794973732486, RSA, 600689835, 737238694, , , CAN, 131258, 131258, IL, GD, PLC, , , , , , , , , , , , , , , 147</td>
<td><div><pre>java.lang.AssertionError: org.openqa.selenium.NoSuchElementException: no such element: Unable to locate element: {&quot;method&quot;:&quot;xpath&quot;,&quot;selector&quot;:&quot; /html/body/div[6]/div/div/div[1]/h4&quot;}
  (Session info: chrome=83.0.4103.116)
  (Driver info: chromedriver=2.41.578737 (49da6702b16031c40d63e5618de03a32ff6c197e),platform=Windows NT 6.1.7601 SP1 x86) (WARNING: The server did not provide any stacktrace information)
Command duration or timeout: 0 milliseconds
For documentation on this error, please visit: https://www.seleniumhq.org/exceptions/no_such_element.html
Build info: version: &apos;3.141.59&apos;, revision: &apos;e82be7d358&apos;, time: &apos;2018-11-14T08:25:48&apos;
System info: host: &apos;SQA-CRS-021&apos;, ip: &apos;10.255.251.244&apos;, os.name: &apos;Windows 7&apos;, os.arch: &apos;x86&apos;, os.version: &apos;6.1&apos;, java.version: &apos;1.8.0_212&apos;
Driver info: org.openqa.selenium.chrome.ChromeDriver
Capabilities {acceptInsecureCerts: false, acceptSslCerts: false, applicationCacheEnabled: false, browserConnectionEnabled: false, browserName: chrome, chrome: {chromedriverVersion: 2.41.578737 (49da6702b16031..., userDataDir: C:\Users\FEDEXU~1\AppData\L...}, cssSelectorsEnabled: true, databaseEnabled: false, goog:chromeOptions: {debuggerAddress: localhost:52336}, handlesAlerts: true, hasTouchScreen: false, javascriptEnabled: true, locationContextEnabled: true, mobileEmulationEnabled: false, nativeEvents: true, networkConnectionEnabled: false, pageLoadStrategy: normal, platform: XP, platformName: XP, rotatable: false, setWindowRect: true, takesHeapSnapshot: true, takesScreenshot: true, unexpectedAlertBehaviour: , unhandledPromptBehavior: , version: 83.0.4103.116, webStorageEnabled: true}
Session ID: c5fec7c12e8ed24c41e48bb7663319d4
*** Element info: {Using=xpath, value= /html/body/div[6]/div/div/div[1]/h4} Could Not find Popup
	at rebill.testngRebillSlow.doRebill(testngRebillSlow.java:1191)
	at rebill.testngRebillSlow.testMethod1(testngRebillSlow.java:639)
	at java.util.concurrent.ThreadPoolExecutor.runWorker(Unknown Source)
	at java.util.concurrent.ThreadPoolExecutor$Worker.run(Unknown Source)
	at java.lang.Thread.run(Unknown Source)
... Removed 10 stack frames</pre></div><a href='#' onClick='toggleBox("stack-trace17349131", this, "Click to show all stack frames", "Click to hide stack frames")'>Click to show all stack frames</a>
<div class='stack-trace' id='stack-trace17349131'><pre>java.lang.AssertionError: org.openqa.selenium.NoSuchElementException: no such element: Unable to locate element: {&quot;method&quot;:&quot;xpath&quot;,&quot;selector&quot;:&quot; /html/body/div[6]/div/div/div[1]/h4&quot;}
  (Session info: chrome=83.0.4103.116)
  (Driver info: chromedriver=2.41.578737 (49da6702b16031c40d63e5618de03a32ff6c197e),platform=Windows NT 6.1.7601 SP1 x86) (WARNING: The server did not provide any stacktrace information)
Command duration or timeout: 0 milliseconds
For documentation on this error, please visit: https://www.seleniumhq.org/exceptions/no_such_element.html
Build info: version: &apos;3.141.59&apos;, revision: &apos;e82be7d358&apos;, time: &apos;2018-11-14T08:25:48&apos;
System info: host: &apos;SQA-CRS-021&apos;, ip: &apos;10.255.251.244&apos;, os.name: &apos;Windows 7&apos;, os.arch: &apos;x86&apos;, os.version: &apos;6.1&apos;, java.version: &apos;1.8.0_212&apos;
Driver info: org.openqa.selenium.chrome.ChromeDriver
Capabilities {acceptInsecureCerts: false, acceptSslCerts: false, applicationCacheEnabled: false, browserConnectionEnabled: false, browserName: chrome, chrome: {chromedriverVersion: 2.41.578737 (49da6702b16031..., userDataDir: C:\Users\FEDEXU~1\AppData\L...}, cssSelectorsEnabled: true, databaseEnabled: false, goog:chromeOptions: {debuggerAddress: localhost:52336}, handlesAlerts: true, hasTouchScreen: false, javascriptEnabled: true, locationContextEnabled: true, mobileEmulationEnabled: false, nativeEvents: true, networkConnectionEnabled: false, pageLoadStrategy: normal, platform: XP, platformName: XP, rotatable: false, setWindowRect: true, takesHeapSnapshot: true, takesScreenshot: true, unexpectedAlertBehaviour: , unhandledPromptBehavior: , version: 83.0.4103.116, webStorageEnabled: true}
Session ID: c5fec7c12e8ed24c41e48bb7663319d4
*** Element info: {Using=xpath, value= /html/body/div[6]/div/div/div[1]/h4} Could Not find Popup
	at org.testng.Assert.fail(Assert.java:93)
	at rebill.testngRebillSlow.doRebill(testngRebillSlow.java:1191)
	at rebill.testngRebillSlow.testMethod1(testngRebillSlow.java:639)
	at sun.reflect.GeneratedMethodAccessor2.invoke(Unknown Source)
	at sun.reflect.DelegatingMethodAccessorImpl.invoke(Unknown Source)
	at java.lang.reflect.Method.invoke(Unknown Source)
	at org.testng.internal.MethodInvocationHelper.invokeMethod(MethodInvocationHelper.java:108)
	at org.testng.internal.Invoker.invokeMethod(Invoker.java:661)
	at org.testng.internal.Invoker.invokeTestMethod(Invoker.java:869)
	at org.testng.internal.Invoker.invokeTestMethods(Invoker.java:1193)
	at org.testng.internal.TestMethodWorker.invokeTestMethods(TestMethodWorker.java:126)
	at org.testng.internal.TestMethodWorker.run(TestMethodWorker.java:109)
	at java.util.concurrent.ThreadPoolExecutor.runWorker(Unknown Source)
	at java.util.concurrent.ThreadPoolExecutor$Worker.run(Unknown Source)
	at java.lang.Thread.run(Unknown Source)
</pre></div></td>
<td>136</td>
<td>rebill.testngRebillSlow@1f205aa</td></tr>
<tr>
<td title='rebill.testngRebillSlow.testMethod1()'><b>testMethod1</b><br>Test class: rebill.testngRebillSlow<br>Parameters: fail,  Employee defined to IMS RACF, 252323, 1, 794973732486, RSA, 600689835, 737238694, , , CAN, 131258, 131258, IL, GD, PLC, , , , , , , , , , , , , , , 147</td>
<td><div><pre>java.lang.AssertionError: org.openqa.selenium.NoSuchElementException: no such element: Unable to locate element: {&quot;method&quot;:&quot;xpath&quot;,&quot;selector&quot;:&quot; /html/body/div[6]/div/div/div[1]/h4&quot;}
  (Session info: chrome=83.0.4103.116)
  (Driver info: chromedriver=2.41.578737 (49da6702b16031c40d63e5618de03a32ff6c197e),platform=Windows NT 6.1.7601 SP1 x86) (WARNING: The server did not provide any stacktrace information)
Command duration or timeout: 0 milliseconds
For documentation on this error, please visit: https://www.seleniumhq.org/exceptions/no_such_element.html
Build info: version: &apos;3.141.59&apos;, revision: &apos;e82be7d358&apos;, time: &apos;2018-11-14T08:25:48&apos;
System info: host: &apos;SQA-CRS-021&apos;, ip: &apos;10.255.251.244&apos;, os.name: &apos;Windows 7&apos;, os.arch: &apos;x86&apos;, os.version: &apos;6.1&apos;, java.version: &apos;1.8.0_212&apos;
Driver info: org.openqa.selenium.chrome.ChromeDriver
Capabilities {acceptInsecureCerts: false, acceptSslCerts: false, applicationCacheEnabled: false, browserConnectionEnabled: false, browserName: chrome, chrome: {chromedriverVersion: 2.41.578737 (49da6702b16031..., userDataDir: C:\Users\FEDEXU~1\AppData\L...}, cssSelectorsEnabled: true, databaseEnabled: false, goog:chromeOptions: {debuggerAddress: localhost:52643}, handlesAlerts: true, hasTouchScreen: false, javascriptEnabled: true, locationContextEnabled: true, mobileEmulationEnabled: false, nativeEvents: true, networkConnectionEnabled: false, pageLoadStrategy: normal, platform: XP, platformName: XP, rotatable: false, setWindowRect: true, takesHeapSnapshot: true, takesScreenshot: true, unexpectedAlertBehaviour: , unhandledPromptBehavior: , version: 83.0.4103.116, webStorageEnabled: true}
Session ID: 80c5ea13a2d0472645af98ed820bd6b0
*** Element info: {Using=xpath, value= /html/body/div[6]/div/div/div[1]/h4} Could Not find Popup
	at rebill.testngRebillSlow.doRebill(testngRebillSlow.java:1191)
	at rebill.testngRebillSlow.testMethod1(testngRebillSlow.java:639)
	at java.util.concurrent.ThreadPoolExecutor.runWorker(Unknown Source)
	at java.util.concurrent.ThreadPoolExecutor$Worker.run(Unknown Source)
	at java.lang.Thread.run(Unknown Source)
... Removed 10 stack frames</pre></div><a href='#' onClick='toggleBox("stack-trace1817096", this, "Click to show all stack frames", "Click to hide stack frames")'>Click to show all stack frames</a>
<div class='stack-trace' id='stack-trace1817096'><pre>java.lang.AssertionError: org.openqa.selenium.NoSuchElementException: no such element: Unable to locate element: {&quot;method&quot;:&quot;xpath&quot;,&quot;selector&quot;:&quot; /html/body/div[6]/div/div/div[1]/h4&quot;}
  (Session info: chrome=83.0.4103.116)
  (Driver info: chromedriver=2.41.578737 (49da6702b16031c40d63e5618de03a32ff6c197e),platform=Windows NT 6.1.7601 SP1 x86) (WARNING: The server did not provide any stacktrace information)
Command duration or timeout: 0 milliseconds
For documentation on this error, please visit: https://www.seleniumhq.org/exceptions/no_such_element.html
Build info: version: &apos;3.141.59&apos;, revision: &apos;e82be7d358&apos;, time: &apos;2018-11-14T08:25:48&apos;
System info: host: &apos;SQA-CRS-021&apos;, ip: &apos;10.255.251.244&apos;, os.name: &apos;Windows 7&apos;, os.arch: &apos;x86&apos;, os.version: &apos;6.1&apos;, java.version: &apos;1.8.0_212&apos;
Driver info: org.openqa.selenium.chrome.ChromeDriver
Capabilities {acceptInsecureCerts: false, acceptSslCerts: false, applicationCacheEnabled: false, browserConnectionEnabled: false, browserName: chrome, chrome: {chromedriverVersion: 2.41.578737 (49da6702b16031..., userDataDir: C:\Users\FEDEXU~1\AppData\L...}, cssSelectorsEnabled: true, databaseEnabled: false, goog:chromeOptions: {debuggerAddress: localhost:52643}, handlesAlerts: true, hasTouchScreen: false, javascriptEnabled: true, locationContextEnabled: true, mobileEmulationEnabled: false, nativeEvents: true, networkConnectionEnabled: false, pageLoadStrategy: normal, platform: XP, platformName: XP, rotatable: false, setWindowRect: true, takesHeapSnapshot: true, takesScreenshot: true, unexpectedAlertBehaviour: , unhandledPromptBehavior: , version: 83.0.4103.116, webStorageEnabled: true}
Session ID: 80c5ea13a2d0472645af98ed820bd6b0
*** Element info: {Using=xpath, value= /html/body/div[6]/div/div/div[1]/h4} Could Not find Popup
	at org.testng.Assert.fail(Assert.java:93)
	at rebill.testngRebillSlow.doRebill(testngRebillSlow.java:1191)
	at rebill.testngRebillSlow.testMethod1(testngRebillSlow.java:639)
	at sun.reflect.GeneratedMethodAccessor2.invoke(Unknown Source)
	at sun.reflect.DelegatingMethodAccessorImpl.invoke(Unknown Source)
	at java.lang.reflect.Method.invoke(Unknown Source)
	at org.testng.internal.MethodInvocationHelper.invokeMethod(MethodInvocationHelper.java:108)
	at org.testng.internal.Invoker.invokeMethod(Invoker.java:661)
	at org.testng.internal.Invoker.retryFailed(Invoker.java:1014)
	at org.testng.internal.Invoker.invokeTestMethods(Invoker.java:1215)
	at org.testng.internal.TestMethodWorker.invokeTestMethods(TestMethodWorker.java:126)
	at org.testng.internal.TestMethodWorker.run(TestMethodWorker.java:109)
	at java.util.concurrent.ThreadPoolExecutor.runWorker(Unknown Source)
	at java.util.concurrent.ThreadPoolExecutor$Worker.run(Unknown Source)
	at java.lang.Thread.run(Unknown Source)
</pre></div></td>
<td>113</td>
<td>rebill.testngRebillSlow@1f205aa</td></tr>
<tr>
<td title='rebill.testngRebillSlow.testMethod2()'><b>testMethod2</b><br>Test class: rebill.testngRebillSlow</td>
<td><div><pre>org.testng.TestNGException: 
Data Provider public synchronized java.lang.Object[][] rebill.testngRebillSlow.dataProviderMethod2() must return either Object[][] or Iterator&lt;Object&gt;[], not class [[Ljava.lang.Object;
	at java.util.concurrent.ThreadPoolExecutor.runWorker(Unknown Source)
	at java.util.concurrent.ThreadPoolExecutor$Worker.run(Unknown Source)
	at java.lang.Thread.run(Unknown Source)
... Removed 7 stack frames</pre></div><a href='#' onClick='toggleBox("stack-trace19157440", this, "Click to show all stack frames", "Click to hide stack frames")'>Click to show all stack frames</a>
<div class='stack-trace' id='stack-trace19157440'><pre>org.testng.TestNGException: 
Data Provider public synchronized java.lang.Object[][] rebill.testngRebillSlow.dataProviderMethod2() must return either Object[][] or Iterator&lt;Object&gt;[], not class [[Ljava.lang.Object;
	at org.testng.internal.MethodInvocationHelper.invokeDataProvider(MethodInvocationHelper.java:137)
	at org.testng.internal.Parameters.handleParameters(Parameters.java:509)
	at org.testng.internal.Invoker.handleParameters(Invoker.java:1308)
	at org.testng.internal.Invoker.createParameters(Invoker.java:1036)
	at org.testng.internal.Invoker.invokeTestMethods(Invoker.java:1126)
	at org.testng.internal.TestMethodWorker.invokeTestMethods(TestMethodWorker.java:126)
	at org.testng.internal.TestMethodWorker.run(TestMethodWorker.java:109)
	at java.util.concurrent.ThreadPoolExecutor.runWorker(Unknown Source)
	at java.util.concurrent.ThreadPoolExecutor$Worker.run(Unknown Source)
	at java.lang.Thread.run(Unknown Source)
</pre></div></td>
<td>0</td>
<td>rebill.testngRebillSlow@1f205aa</td></tr>
<tr>
<td title='rebill.testngRebillSlow.testMethod3()'><b>testMethod3</b><br>Test class: rebill.testngRebillSlow</td>
<td><div><pre>org.testng.TestNGException: 
Data Provider public synchronized java.lang.Object[][] rebill.testngRebillSlow.dataProviderMethod3() must return either Object[][] or Iterator&lt;Object&gt;[], not class [[Ljava.lang.Object;
	at java.util.concurrent.ThreadPoolExecutor.runWorker(Unknown Source)
	at java.util.concurrent.ThreadPoolExecutor$Worker.run(Unknown Source)
	at java.lang.Thread.run(Unknown Source)
... Removed 7 stack frames</pre></div><a href='#' onClick='toggleBox("stack-trace29225838", this, "Click to show all stack frames", "Click to hide stack frames")'>Click to show all stack frames</a>
<div class='stack-trace' id='stack-trace29225838'><pre>org.testng.TestNGException: 
Data Provider public synchronized java.lang.Object[][] rebill.testngRebillSlow.dataProviderMethod3() must return either Object[][] or Iterator&lt;Object&gt;[], not class [[Ljava.lang.Object;
	at org.testng.internal.MethodInvocationHelper.invokeDataProvider(MethodInvocationHelper.java:137)
	at org.testng.internal.Parameters.handleParameters(Parameters.java:509)
	at org.testng.internal.Invoker.handleParameters(Invoker.java:1308)
	at org.testng.internal.Invoker.createParameters(Invoker.java:1036)
	at org.testng.internal.Invoker.invokeTestMethods(Invoker.java:1126)
	at org.testng.internal.TestMethodWorker.invokeTestMethods(TestMethodWorker.java:126)
	at org.testng.internal.TestMethodWorker.run(TestMethodWorker.java:109)
	at java.util.concurrent.ThreadPoolExecutor.runWorker(Unknown Source)
	at java.util.concurrent.ThreadPoolExecutor$Worker.run(Unknown Source)
	at java.lang.Thread.run(Unknown Source)
</pre></div></td>
<td>0</td>
<td>rebill.testngRebillSlow@1f205aa</td></tr>
<tr>
<td title='rebill.testngRebillSlow.testMethod4()'><b>testMethod4</b><br>Test class: rebill.testngRebillSlow</td>
<td><div><pre>org.testng.TestNGException: 
Data Provider public synchronized java.lang.Object[][] rebill.testngRebillSlow.dataProviderMethod4() must return either Object[][] or Iterator&lt;Object&gt;[], not class [[Ljava.lang.Object;
	at java.util.concurrent.ThreadPoolExecutor.runWorker(Unknown Source)
	at java.util.concurrent.ThreadPoolExecutor$Worker.run(Unknown Source)
	at java.lang.Thread.run(Unknown Source)
... Removed 7 stack frames</pre></div><a href='#' onClick='toggleBox("stack-trace29604950", this, "Click to show all stack frames", "Click to hide stack frames")'>Click to show all stack frames</a>
<div class='stack-trace' id='stack-trace29604950'><pre>org.testng.TestNGException: 
Data Provider public synchronized java.lang.Object[][] rebill.testngRebillSlow.dataProviderMethod4() must return either Object[][] or Iterator&lt;Object&gt;[], not class [[Ljava.lang.Object;
	at org.testng.internal.MethodInvocationHelper.invokeDataProvider(MethodInvocationHelper.java:137)
	at org.testng.internal.Parameters.handleParameters(Parameters.java:509)
	at org.testng.internal.Invoker.handleParameters(Invoker.java:1308)
	at org.testng.internal.Invoker.createParameters(Invoker.java:1036)
	at org.testng.internal.Invoker.invokeTestMethods(Invoker.java:1126)
	at org.testng.internal.TestMethodWorker.invokeTestMethods(TestMethodWorker.java:126)
	at org.testng.internal.TestMethodWorker.run(TestMethodWorker.java:109)
	at java.util.concurrent.ThreadPoolExecutor.runWorker(Unknown Source)
	at java.util.concurrent.ThreadPoolExecutor$Worker.run(Unknown Source)
	at java.lang.Thread.run(Unknown Source)
</pre></div></td>
<td>0</td>
<td>rebill.testngRebillSlow@1f205aa</td></tr>
</table><p>
<table width='100%' border='1' class='invocation-passed'>
<tr><td colspan='4' align='center'><b>PASSED TESTS</b></td></tr>
<tr><td><b>Test method</b></td>
<td width="30%"><b>Exception</b></td>
<td width="10%"><b>Time (seconds)</b></td>
<td><b>Instance</b></td>
</tr>
<tr>
<td title='rebill.testngRebillSlow.testMethod1()'><b>testMethod1</b><br>Test class: rebill.testngRebillSlow<br>Parameters: fail,  java.net.ConnectException: Connection refused (Connection refused), 145496, 1, 582909360146, RSA, , 954810849, , Y, APAC, 3613369, 3613369, IL, EP, NORMAL, , , , , , , , , , , , , , , 1</td>
<td></td>
<td>52</td>
<td>rebill.testngRebillSlow@1f205aa</td></tr>
<tr>
<td title='rebill.testngRebillSlow.testMethod1()'><b>testMethod1</b><br>Test class: rebill.testngRebillSlow<br>Parameters: fail,  java.net.ConnectException: Connection refused (Connection refused), 136611, 1, 794974678779, RTA, 601415429, 968932455, , Y, APAC, 3613369, 3613369, IL, EP, NORMAL, , , , , , , , , , , , , , , 2</td>
<td></td>
<td>50</td>
<td>rebill.testngRebillSlow@1f205aa</td></tr>
<tr>
<td title='rebill.testngRebillSlow.testMethod1()'><b>testMethod1</b><br>Test class: rebill.testngRebillSlow<br>Parameters: fail,  java.net.ConnectException: Connection refused (Connection refused), 123789, 1, 582949576545, RSA, , 954810930, , Y, APAC, 3613369, 3613369, IL, EP, NORMAL, , , , , , , , , , , , , , , 3</td>
<td></td>
<td>52</td>
<td>rebill.testngRebillSlow@1f205aa</td></tr>
<tr>
<td title='rebill.testngRebillSlow.testMethod1()'><b>testMethod1</b><br>Test class: rebill.testngRebillSlow<br>Parameters: fail,  java.net.ConnectException: Connection refused (Connection refused), 145430, 1, 587655889082, RSA, , 999025856, , Mixed, APAC, 3613369, 3613369, IL, EP, NORMAL, , , , , , , , , , , , , , , 4</td>
<td></td>
<td>50</td>
<td>rebill.testngRebillSlow@1f205aa</td></tr>
<tr>
<td title='rebill.testngRebillSlow.testMethod1()'><b>testMethod1</b><br>Test class: rebill.testngRebillSlow<br>Parameters: fail,  java.net.ConnectException: Connection refused (Connection refused), 189017, 1, 794974522615, RSA, , 954810278, , MIXED, APAC, 3613369, 3613369, IL, EP, NORMAL, , , , , , , , , , , , , , , 6</td>
<td></td>
<td>51</td>
<td>rebill.testngRebillSlow@1f205aa</td></tr>
<tr>
<td title='rebill.testngRebillSlow.testMethod1()'><b>testMethod1</b><br>Test class: rebill.testngRebillSlow<br>Parameters: fail,  java.net.ConnectException: Connection refused (Connection refused), 188999, 1, 794974522545, RRA, 605367666, 768607832, , Y, APAC, 3613369, 3613369, IL, EP, NORMAL, , , , , , , , , , , , , , , 7</td>
<td></td>
<td>50</td>
<td>rebill.testngRebillSlow@1f205aa</td></tr>
<tr>
<td title='rebill.testngRebillSlow.testMethod1()'><b>testMethod1</b><br>Test class: rebill.testngRebillSlow<br>Parameters: fail,  java.net.ConnectException: Connection refused (Connection refused), 112321, 1, 588204893973, RSA, , 737238695, , Y, CAN, 131258, 131258, IL, EP, NORMAL, , , , , , , , , , , , , , , 8</td>
<td></td>
<td>52</td>
<td>rebill.testngRebillSlow@1f205aa</td></tr>
<tr>
<td title='rebill.testngRebillSlow.testMethod1()'><b>testMethod1</b><br>Test class: rebill.testngRebillSlow<br>Parameters: fail,  java.net.ConnectException: Connection refused (Connection refused), 190373, 1, 794974524000, RSA, , 737238695, , Y, CAN, 131258, 131258, IL, EP, NORMAL, , , , , , , , , , , , , , , 9</td>
<td></td>
<td>51</td>
<td>rebill.testngRebillSlow@1f205aa</td></tr>
<tr>
<td title='rebill.testngRebillSlow.testMethod1()'><b>testMethod1</b><br>Test class: rebill.testngRebillSlow<br>Parameters: fail,  java.net.ConnectException: Connection refused (Connection refused), 131298, 1, 588204895369, RSA, , 737238965, , Y, CAN, 131258, 131258, IL, EP, NORMAL, , , , , , , , , , , , , , , 10</td>
<td></td>
<td>50</td>
<td>rebill.testngRebillSlow@1f205aa</td></tr>
<tr>
<td title='rebill.testngRebillSlow.testMethod1()'><b>testMethod1</b><br>Test class: rebill.testngRebillSlow<br>Parameters: fail,  java.net.ConnectException: Connection refused (Connection refused), 139101, 1, 583081372045, RTA, 601374188, 737239766, , Y, CAN, 131258, 131258, IL, EP, NORMAL, , , , , , , , , , , , , , , 11</td>
<td></td>
<td>51</td>
<td>rebill.testngRebillSlow@1f205aa</td></tr>
<tr>
<td title='rebill.testngRebillSlow.testMethod1()'><b>testMethod1</b><br>Test class: rebill.testngRebillSlow<br>Parameters: fail,  java.net.ConnectException: Connection refused (Connection refused), 143435, 1, 582838855648, RSA, , 737239038, , Y, CAN, 131258, 131258, IL, EP, NORMAL, , , , , , , , , , , , , , , 12</td>
<td></td>
<td>52</td>
<td>rebill.testngRebillSlow@1f205aa</td></tr>
<tr>
<td title='rebill.testngRebillSlow.testMethod1()'><b>testMethod1</b><br>Test class: rebill.testngRebillSlow<br>Parameters: fail, Could Not Get to Rebill Screen, 188585, 1, 794973627911, RSA, , 594951156, , Y, USA, 584168, 584168, IL, GD, NORMAL, , , , , , , , , , , , , , , 13</td>
<td></td>
<td>51</td>
<td>rebill.testngRebillSlow@1f205aa</td></tr>
<tr>
<td title='rebill.testngRebillSlow.testMethod1()'><b>testMethod1</b><br>Test class: rebill.testngRebillSlow<br>Parameters: , , 114162, 1, 794973665740, RBS, , 421473348, , N, USA, 5194105, 5194105, DM, GD, NORMAL, , , , , , , , , , , , , , , 14</td>
<td></td>
<td>1</td>
<td>rebill.testngRebillSlow@1f205aa</td></tr>
<tr>
<td title='rebill.testngRebillSlow.testMethod1()'><b>testMethod1</b><br>Test class: rebill.testngRebillSlow<br>Parameters: fail,  java.net.ConnectException: Connection refused (Connection refused), 187432, 1, 794974687902, RSA, , 705018778, , Y, EMEA, 5176438, 5176438, IL, EP, NORMAL, , , , , , , , , , , , , , , 15</td>
<td></td>
<td>51</td>
<td>rebill.testngRebillSlow@1f205aa</td></tr>
<tr>
<td title='rebill.testngRebillSlow.testMethod1()'><b>testMethod1</b><br>Test class: rebill.testngRebillSlow<br>Parameters: fail,  java.net.ConnectException: Connection refused (Connection refused), 189302, 1, 794974523195, RRA, 702570131, 515624231, , Y, EMEA, 5176438, 5176438, IL, EP, NORMAL, , , , , , , , , , , , , , , 16</td>
<td></td>
<td>52</td>
<td>rebill.testngRebillSlow@1f205aa</td></tr>
<tr>
<td title='rebill.testngRebillSlow.testMethod1()'><b>testMethod1</b><br>Test class: rebill.testngRebillSlow<br>Parameters: fail,  java.net.ConnectException: Connection refused (Connection refused), 190097, 1, 794974072844, RRA, 702570131, 515624231, , Y, EMEA, 5176438, 5176438, IL, EP, NORMAL, , , , , , , , , , , , , , , 17</td>
<td></td>
<td>50</td>
<td>rebill.testngRebillSlow@1f205aa</td></tr>
<tr>
<td title='rebill.testngRebillSlow.testMethod1()'><b>testMethod1</b><br>Test class: rebill.testngRebillSlow<br>Parameters: fail,  java.net.ConnectException: Connection refused (Connection refused), 126153, 1, 582838837362, RRA, 700158926, 935441905, , Y, EMEA, 5176438, 5176438, IL, EP, NORMAL, , , , , , , , , , , , , , , 18</td>
<td></td>
<td>52</td>
<td>rebill.testngRebillSlow@1f205aa</td></tr>
<tr>
<td title='rebill.testngRebillSlow.testMethod1()'><b>testMethod1</b><br>Test class: rebill.testngRebillSlow<br>Parameters: fail,  java.net.ConnectException: Connection refused (Connection refused), 129843, 1, 582838854284, RSA, , 683240525, , Y, EMEA, 5176438, 5176438, IL, EP, NORMAL, , , , , , , , , , , , , , , 19</td>
<td></td>
<td>52</td>
<td>rebill.testngRebillSlow@1f205aa</td></tr>
<tr>
<td title='rebill.testngRebillSlow.testMethod1()'><b>testMethod1</b><br>Test class: rebill.testngRebillSlow<br>Parameters: fail,  java.net.ConnectException: Connection refused (Connection refused), 140206, 1, 588634408400, RSA, , 515624158, , Y, EMEA, 5176438, 5176438, IL, EP, NORMAL, , , , , , , , , , , , , , , 20</td>
<td></td>
<td>51</td>
<td>rebill.testngRebillSlow@1f205aa</td></tr>
<tr>
<td title='rebill.testngRebillSlow.testMethod1()'><b>testMethod1</b><br>Test class: rebill.testngRebillSlow<br>Parameters: fail,  java.net.ConnectException: Connection refused (Connection refused), 142229, 1, 421853697368, RSA, , 515624219, , Y, EMEA, 5176438, 5176438, IL, EP, NORMAL, , , , , , , , , , , , , , , 21</td>
<td></td>
<td>51</td>
<td>rebill.testngRebillSlow@1f205aa</td></tr>
<tr>
<td title='rebill.testngRebillSlow.testMethod1()'><b>testMethod1</b><br>Test class: rebill.testngRebillSlow<br>Parameters: fail,  java.net.ConnectException: Connection refused (Connection refused), 142248, 1, 656135697360, RSA, , 535247179, , Y, EMEA, 5176438, 5176438, IL, EP, NORMAL, , , , , , , , , , , , , , , 22</td>
<td></td>
<td>49</td>
<td>rebill.testngRebillSlow@1f205aa</td></tr>
<tr>
<td title='rebill.testngRebillSlow.testMethod1()'><b>testMethod1</b><br>Test class: rebill.testngRebillSlow<br>Parameters: fail,  java.net.ConnectException: Connection refused (Connection refused), 142260, 1, 771050071352, RSA, , 945574262, , Y, EMEA, 5176438, 5176438, IL, EP, NORMAL, , , , , , , , , , , , , , , 23</td>
<td></td>
<td>52</td>
<td>rebill.testngRebillSlow@1f205aa</td></tr>
<tr>
<td title='rebill.testngRebillSlow.testMethod1()'><b>testMethod1</b><br>Test class: rebill.testngRebillSlow<br>Parameters: fail,  java.net.ConnectException: Connection refused (Connection refused), 142277, 1, 838759961356, RSA, , 517824875, , Y, EMEA, 5176438, 5176438, IL, EP, NORMAL, , , , , , , , , , , , , , , 24</td>
<td></td>
<td>49</td>
<td>rebill.testngRebillSlow@1f205aa</td></tr>
<tr>
<td title='rebill.testngRebillSlow.testMethod1()'><b>testMethod1</b><br>Test class: rebill.testngRebillSlow<br>Parameters: fail,  java.net.ConnectException: Connection refused (Connection refused), 142333, 1, 887674697365, RSA, , 511988719, , Y, EMEA, 5176438, 5176438, IL, EP, NORMAL, , , , , , , , , , , , , , , 25</td>
<td></td>
<td>50</td>
<td>rebill.testngRebillSlow@1f205aa</td></tr>
<tr>
<td title='rebill.testngRebillSlow.testMethod1()'><b>testMethod1</b><br>Test class: rebill.testngRebillSlow<br>Parameters: fail,  java.net.ConnectException: Connection refused (Connection refused), 145916, 1, 582949316750, RSA, , 501884865, , Y, EMEA, 5176438, 5176438, IL, EP, NORMAL, , , , , , , , , , , , , , , 26</td>
<td></td>
<td>49</td>
<td>rebill.testngRebillSlow@1f205aa</td></tr>
<tr>
<td title='rebill.testngRebillSlow.testMethod1()'><b>testMethod1</b><br>Test class: rebill.testngRebillSlow<br>Parameters: fail,  java.net.ConnectException: Connection refused (Connection refused), 187019, 1, 794974687372, RSA, , 705018778, , Y, EMEA, 5176438, 5176438, IL, EP, NORMAL, , , , , , , , , , , , , , , 27</td>
<td></td>
<td>49</td>
<td>rebill.testngRebillSlow@1f205aa</td></tr>
<tr>
<td title='rebill.testngRebillSlow.testMethod1()'><b>testMethod1</b><br>Test class: rebill.testngRebillSlow<br>Parameters: fail,  java.net.ConnectException: Connection refused (Connection refused), 187289, 1, 794974687556, RSA, , 705018778, , Y, EMEA, 5176438, 5176438, IL, EP, NORMAL, , , , , , , , , , , , , , , 28</td>
<td></td>
<td>50</td>
<td>rebill.testngRebillSlow@1f205aa</td></tr>
<tr>
<td title='rebill.testngRebillSlow.testMethod1()'><b>testMethod1</b><br>Test class: rebill.testngRebillSlow<br>Parameters: fail,  java.net.ConnectException: Connection refused (Connection refused), 187415, 1, 794974687660, RSA, , 705018778, , Y, EMEA, 5176438, 5176438, IL, EP, NORMAL, , , , , , , , , , , , , , , 29</td>
<td></td>
<td>52</td>
<td>rebill.testngRebillSlow@1f205aa</td></tr>
<tr>
<td title='rebill.testngRebillSlow.testMethod1()'><b>testMethod1</b><br>Test class: rebill.testngRebillSlow<br>Parameters: fail,  java.net.ConnectException: Connection refused (Connection refused), 189991, 1, 583081366175, RSA, , 909597711, , Y, LAC, 255160, 255160, IL, EP, NORMAL, , , , , , , , , , , , , , , 30</td>
<td></td>
<td>49</td>
<td>rebill.testngRebillSlow@1f205aa</td></tr>
<tr>
<td title='rebill.testngRebillSlow.testMethod1()'><b>testMethod1</b><br>Test class: rebill.testngRebillSlow<br>Parameters: fail,  java.net.ConnectException: Connection refused (Connection refused), 190107, 1, 794974072914, RRA, 605056628, 909596916, , Y, LAC, 3710461, 3710461, IL, EP, NORMAL, , , , , , , , , , , , , , , 31</td>
<td></td>
<td>50</td>
<td>rebill.testngRebillSlow@1f205aa</td></tr>
<tr>
<td title='rebill.testngRebillSlow.testMethod1()'><b>testMethod1</b><br>Test class: rebill.testngRebillSlow<br>Parameters: fail,  java.net.ConnectException: Connection refused (Connection refused), 166609, 1, 794974510449, RSA, , 909598532, , Y, LAC, 3710461, 3710461, IL, EP, NORMAL, , , , , , , , , , , , , , , 32</td>
<td></td>
<td>49</td>
<td>rebill.testngRebillSlow@1f205aa</td></tr>
<tr>
<td title='rebill.testngRebillSlow.testMethod1()'><b>testMethod1</b><br>Test class: rebill.testngRebillSlow<br>Parameters: fail,  java.net.ConnectException: Connection refused (Connection refused), 158687, 1, 794974682500, RSA, 603165985, 909596819, , Y, LAC, 3710461, 3710461, IL, EP, NORMAL, , , , , , , , , , , , , , , 33</td>
<td></td>
<td>51</td>
<td>rebill.testngRebillSlow@1f205aa</td></tr>
<tr>
<td title='rebill.testngRebillSlow.testMethod1()'><b>testMethod1</b><br>Test class: rebill.testngRebillSlow<br>Parameters: fail,  Bill-to account cannot be rebilled. Account is cash only and belongs to recipient or third-party, 143478, 1, 794974669855, RTA, 700295770, 909598607, , Y, LAC, 255160, 255160, IL, EP, NORMAL, , , , , , , , , , , , , , , 34</td>
<td></td>
<td>61</td>
<td>rebill.testngRebillSlow@1f205aa</td></tr>
<tr>
<td title='rebill.testngRebillSlow.testMethod1()'><b>testMethod1</b><br>Test class: rebill.testngRebillSlow<br>Parameters: fail,  java.net.ConnectException: Connection refused (Connection refused), 143263, 1, 794974669844, RSA, , 909598606, , Y, LAC, 255160, 255160, IL, EP, NORMAL, , , , , , , , , , , , , , , 35</td>
<td></td>
<td>49</td>
<td>rebill.testngRebillSlow@1f205aa</td></tr>
<tr>
<td title='rebill.testngRebillSlow.testMethod1()'><b>testMethod1</b><br>Test class: rebill.testngRebillSlow<br>Parameters: fail,  java.net.ConnectException: Connection refused (Connection refused), 140202, 1, 794974472823, RSA, , 909599311, , Y, LAC, 255160, 255160, IL, EP, NORMAL, , , , , , , , , , , , , , , 36</td>
<td></td>
<td>51</td>
<td>rebill.testngRebillSlow@1f205aa</td></tr>
<tr>
<td title='rebill.testngRebillSlow.testMethod1()'><b>testMethod1</b><br>Test class: rebill.testngRebillSlow<br>Parameters: fail,  java.net.ConnectException: Connection refused (Connection refused), 135249, 1, 582838854836, RSA, , 909596881, 909596907, Y, LAC, 3710461, 3710461, IL, EP, NORMAL, , , , , , , , , , , , , , , 37</td>
<td></td>
<td>71</td>
<td>rebill.testngRebillSlow@1f205aa</td></tr>
<tr>
<td title='rebill.testngRebillSlow.testMethod1()'><b>testMethod1</b><br>Test class: rebill.testngRebillSlow<br>Parameters: fail,  java.net.ConnectException: Connection refused (Connection refused), 190109, 1, 794974072936, RRA, 702575907, 909598599, , Y, LAC, 3710461, 3710461, IL, EP, NORMAL, , , , , , , , , , , , , , , 38</td>
<td></td>
<td>48</td>
<td>rebill.testngRebillSlow@1f205aa</td></tr>
<tr>
<td title='rebill.testngRebillSlow.testMethod1()'><b>testMethod1</b><br>Test class: rebill.testngRebillSlow<br>Parameters: fail,  java.net.ConnectException: Connection refused (Connection refused), 138568, 1, 794974470728, RSA, , 594951378, , Y, USA, 5194105, 5194105, IL, EP, NORMAL, , , , , , , , , , , , , , , 39</td>
<td></td>
<td>51</td>
<td>rebill.testngRebillSlow@1f205aa</td></tr>
<tr>
<td title='rebill.testngRebillSlow.testMethod1()'><b>testMethod1</b><br>Test class: rebill.testngRebillSlow<br>Parameters: fail,  java.net.ConnectException: Connection refused (Connection refused), 129842, 1, 582422858809, RSA, , 594951089, , Y, USA, 5194105, 5194105, IL, EP, NORMAL, , , , , , , , , , , , , , , 40</td>
<td></td>
<td>50</td>
<td>rebill.testngRebillSlow@1f205aa</td></tr>
<tr>
<td title='rebill.testngRebillSlow.testMethod1()'><b>testMethod1</b><br>Test class: rebill.testngRebillSlow<br>Parameters: fail,  java.net.ConnectException: Connection refused (Connection refused), 145858, 1, 582422859805, RSA, , 594951089, , Y, USA, 5194105, 5194105, IL, EP, NORMAL, , , , , , , , , , , , , , , 41</td>
<td></td>
<td>48</td>
<td>rebill.testngRebillSlow@1f205aa</td></tr>
<tr>
<td title='rebill.testngRebillSlow.testMethod1()'><b>testMethod1</b><br>Test class: rebill.testngRebillSlow<br>Parameters: fail,  java.net.ConnectException: Connection refused (Connection refused), 172278, 1, 794974071712, RRA, 605337163, 532359193, , Y, EMEA, 5176438, 5176438, IL, EP, NORMAL, , , , , , , , , , , , , , , 42</td>
<td></td>
<td>51</td>
<td>rebill.testngRebillSlow@1f205aa</td></tr>
<tr>
<td title='rebill.testngRebillSlow.testMethod1()'><b>testMethod1</b><br>Test class: rebill.testngRebillSlow<br>Parameters: fail,  java.net.ConnectException: Connection refused (Connection refused), 137430, 1, 794974467776, RSA, , 937617691, , Y, EMEA, 5176438, 5176438, IL, EP, NORMAL, , , , , , , , , , , , , , , 43</td>
<td></td>
<td>50</td>
<td>rebill.testngRebillSlow@1f205aa</td></tr>
<tr>
<td title='rebill.testngRebillSlow.testMethod1()'><b>testMethod1</b><br>Test class: rebill.testngRebillSlow<br>Parameters: fail,  java.net.ConnectException: Connection refused (Connection refused), 145915, 1, 794974670344, RRA, 700604594, 532359238, , Y, EMEA, 5176438, 5176438, IL, EP, NORMAL, , , , , , , , , , , , , , , 44</td>
<td></td>
<td>52</td>
<td>rebill.testngRebillSlow@1f205aa</td></tr>
<tr>
<td title='rebill.testngRebillSlow.testMethod1()'><b>testMethod1</b><br>Test class: rebill.testngRebillSlow<br>Parameters: fail,  java.net.ConnectException: Connection refused (Connection refused), 145914, 1, 794974680882, RSA, , 278065208, , Y, EMEA, 5176438, 5176438, IL, EP, NORMAL, , , , , , , , , , , , , , , 45</td>
<td></td>
<td>49</td>
<td>rebill.testngRebillSlow@1f205aa</td></tr>
<tr>
<td title='rebill.testngRebillSlow.testMethod1()'><b>testMethod1</b><br>Test class: rebill.testngRebillSlow<br>Parameters: fail,  java.net.ConnectException: Connection refused (Connection refused), 145439, 1, 583081368190, RSA, , 960657058, , Y, EMEA, 5176438, 5176438, IL, EP, NORMAL, , , , , , , , , , , , , , , 46</td>
<td></td>
<td>48</td>
<td>rebill.testngRebillSlow@1f205aa</td></tr>
<tr>
<td title='rebill.testngRebillSlow.testMethod1()'><b>testMethod1</b><br>Test class: rebill.testngRebillSlow<br>Parameters: fail,  java.net.ConnectException: Connection refused (Connection refused), 145910, 1, 582838855979, RSA, , 909596763, , Y, LAC, 3710461, 3710461, IL, EP, NORMAL, , , , , , , , , , , , , , , 47</td>
<td></td>
<td>48</td>
<td>rebill.testngRebillSlow@1f205aa</td></tr>
<tr>
<td title='rebill.testngRebillSlow.testMethod1()'><b>testMethod1</b><br>Test class: rebill.testngRebillSlow<br>Parameters: fail,  java.net.ConnectException: Connection refused (Connection refused), 138553, 1, 582838855291, RSA, , 594952892, , Y, USA, 5194105, 5194105, IL, EP, NORMAL, , , , , , , , , , , , , , , 48</td>
<td></td>
<td>49</td>
<td>rebill.testngRebillSlow@1f205aa</td></tr>
<tr>
<td title='rebill.testngRebillSlow.testMethod1()'><b>testMethod1</b><br>Test class: rebill.testngRebillSlow<br>Parameters: fail,  java.net.ConnectException: Connection refused (Connection refused), 140210, 1, 582838855497, RSA, , 594951889, , N, USA, 5194105, 5194105, IL, EP, NORMAL, , , , , , , , , , , , , , , 49</td>
<td></td>
<td>48</td>
<td>rebill.testngRebillSlow@1f205aa</td></tr>
<tr>
<td title='rebill.testngRebillSlow.testMethod1()'><b>testMethod1</b><br>Test class: rebill.testngRebillSlow<br>Parameters: fail,  java.net.ConnectException: Connection refused (Connection refused), 140212, 1, 582838855501, RSA, , 594951888, , N, USA, 5194105, 5194105, IL, EP, NORMAL, , , , , , , , , , , , , , , 50</td>
<td></td>
<td>50</td>
<td>rebill.testngRebillSlow@1f205aa</td></tr>
<tr>
<td title='rebill.testngRebillSlow.testMethod1()'><b>testMethod1</b><br>Test class: rebill.testngRebillSlow<br>Parameters: fail,  1061, 140955, 1, 401785535081, RTA, 96802030, 421475482, , Y, USA, 5194105, 5194105, DM, EP, NORMAL, , , , , , , , , , , , , , , 51</td>
<td></td>
<td>52</td>
<td>rebill.testngRebillSlow@1f205aa</td></tr>
<tr>
<td title='rebill.testngRebillSlow.testMethod1()'><b>testMethod1</b><br>Test class: rebill.testngRebillSlow<br>Parameters: fail,  1061, 165611, 1, 794973913990, RTA, 38000004, 421476314, , Y, USA, 5194105, 5194105, DM, EP, NORMAL, , , , , , , , , , , , , , , 52</td>
<td></td>
<td>73</td>
<td>rebill.testngRebillSlow@1f205aa</td></tr>
<tr>
<td title='rebill.testngRebillSlow.testMethod1()'><b>testMethod1</b><br>Test class: rebill.testngRebillSlow<br>Parameters: fail,  1061, 165645, 1, 794974216416, RTA, 38000004, 421474175, , Y, USA, 5194105, 5194105, DM, EP, NORMAL, , , , , , , , , , , , , , , 53</td>
<td></td>
<td>116</td>
<td>rebill.testngRebillSlow@1f205aa</td></tr>
<tr>
<td title='rebill.testngRebillSlow.testMethod1()'><b>testMethod1</b><br>Test class: rebill.testngRebillSlow<br>Parameters: fail,  Bill-to-acct has no return address  , 87885, 1, 539168000186, RRA, 450311472, 421473271, , Y, USA, 5194105, 5194105, DM, GD, NORMAL, , , , , , , , , , , , , , , 54</td>
<td></td>
<td>50</td>
<td>rebill.testngRebillSlow@1f205aa</td></tr>
<tr>
<td title='rebill.testngRebillSlow.testMethod1()'><b>testMethod1</b><br>Test class: rebill.testngRebillSlow<br>Parameters: fail,  java.net.ConnectException: Connection refused (Connection refused), 145584, 1, 582422859735, RSA, , 594951089, , Y, USA, 5194105, 5194105, IL, EP, NORMAL, , , , , , , , , , , , , , , 55</td>
<td></td>
<td>49</td>
<td>rebill.testngRebillSlow@1f205aa</td></tr>
<tr>
<td title='rebill.testngRebillSlow.testMethod1()'><b>testMethod1</b><br>Test class: rebill.testngRebillSlow<br>Parameters: fail,  Cannot Rebill to Shipper if already Bill Shipper, 138031, 1, 794973888140, RSA, , 421474549, , Y, USA, 5194105, 5194105, DM, EP, NORMAL, , , , , , , , , , , , , , , 56</td>
<td></td>
<td>74</td>
<td>rebill.testngRebillSlow@1f205aa</td></tr>
<tr>
<td title='rebill.testngRebillSlow.testMethod1()'><b>testMethod1</b><br>Test class: rebill.testngRebillSlow<br>Parameters: fail,  A Valid Account was not provided, 26334, 1, 188895535089, RTA, 13900523, 421473876, , N, USA, 5194105, 5194105, DM, EP, NORMAL, , , , , , , , , , , , , , , 57</td>
<td></td>
<td>52</td>
<td>rebill.testngRebillSlow@1f205aa</td></tr>
<tr>
<td title='rebill.testngRebillSlow.testMethod1()'><b>testMethod1</b><br>Test class: rebill.testngRebillSlow<br>Parameters: fail,  1501, 165594, 1, 794974216482, RBS, , 421474175, , Y, USA, 5194105, 5194105, DM, EP, NORMAL, , , , , , , , , , , , , , , 58</td>
<td></td>
<td>114</td>
<td>rebill.testngRebillSlow@1f205aa</td></tr>
<tr>
<td title='rebill.testngRebillSlow.testMethod1()'><b>testMethod1</b><br>Test class: rebill.testngRebillSlow<br>Parameters: fail,  1501, 147245, 1, 794975057163, RBS, , 421474175, , Y, USA, 5194105, 5194105, DM, EP, NORMAL, , , , , , , , , , , , , , , 61</td>
<td></td>
<td>114</td>
<td>rebill.testngRebillSlow@1f205aa</td></tr>
<tr>
<td title='rebill.testngRebillSlow.testMethod1()'><b>testMethod1</b><br>Test class: rebill.testngRebillSlow<br>Parameters: fail,  1061, 147729, 1, 794973889466, RTA, 38000004, 421474549, , Y, USA, 5194105, 5194105, DM, EP, NORMAL, , , , , , , , , , , , , , , 63</td>
<td></td>
<td>75</td>
<td>rebill.testngRebillSlow@1f205aa</td></tr>
<tr>
<td title='rebill.testngRebillSlow.testMethod1()'><b>testMethod1</b><br>Test class: rebill.testngRebillSlow<br>Parameters: fail,  1061, 166125, 1, 794973914037, RTA, 38000004, 421474137, , N, USA, 5194105, 5194105, DM, EP, NORMAL, , , , , , , , , , , , , , , 65</td>
<td></td>
<td>54</td>
<td>rebill.testngRebillSlow@1f205aa</td></tr>
<tr>
<td title='rebill.testngRebillSlow.testMethod1()'><b>testMethod1</b><br>Test class: rebill.testngRebillSlow<br>Parameters: fail,  3331, 165568, 1, 794974216173, RRA, 605661181, 421473761, , Y, USA, 5194105, 5194105, DM, EP, NORMAL, , , , , , , , , , , , , , , 67</td>
<td></td>
<td>104</td>
<td>rebill.testngRebillSlow@1f205aa</td></tr>
<tr>
<td title='rebill.testngRebillSlow.testMethod1()'><b>testMethod1</b><br>Test class: rebill.testngRebillSlow<br>Parameters: fail, Could Not Get to Rebill Screen, 165602, 1, 794973913659, RBS, , 421474175, , Y, USA, 5194105, 5194105, DM, EP, NORMAL, , , , , , , , , , , , , , , 69</td>
<td></td>
<td>115</td>
<td>rebill.testngRebillSlow@1f205aa</td></tr>
<tr>
<td title='rebill.testngRebillSlow.testMethod1()'><b>testMethod1</b><br>Test class: rebill.testngRebillSlow<br>Parameters: fail,  java.net.ConnectException: Connection refused (Connection refused), 136801, 1, 794974669546, RSA, , 594951749, , N, USA, 5194105, 5194105, IL, EP, NORMAL, , , , , , , , , , , , , , , 70</td>
<td></td>
<td>50</td>
<td>rebill.testngRebillSlow@1f205aa</td></tr>
<tr>
<td title='rebill.testngRebillSlow.testMethod1()'><b>testMethod1</b><br>Test class: rebill.testngRebillSlow<br>Parameters: fail,  java.net.ConnectException: Connection refused (Connection refused), 126923, 1, 582838853998, RSA, , 594950578, , Y, USA, 5194105, 5194105, IL, EP, NORMAL, , , , , , , , , , , , , , , 71</td>
<td></td>
<td>53</td>
<td>rebill.testngRebillSlow@1f205aa</td></tr>
<tr>
<td title='rebill.testngRebillSlow.testMethod1()'><b>testMethod1</b><br>Test class: rebill.testngRebillSlow<br>Parameters: fail,  java.net.ConnectException: Connection refused (Connection refused), 112431, 1, 588590891364, RSA, , 594951389, , N, USA, 5194105, 5194105, IL, EP, NORMAL, , , , , , , , , , , , , , , 72</td>
<td></td>
<td>1</td>
<td>rebill.testngRebillSlow@1f205aa</td></tr>
<tr>
<td title='rebill.testngRebillSlow.testMethod1()'><b>testMethod1</b><br>Test class: rebill.testngRebillSlow<br>Parameters: fail,  java.net.ConnectException: Connection refused (Connection refused), 139218, 1, 794974472320, RSA, , 594952922, , Y, USA, 5194105, 5194105, IL, EP, NORMAL, , , , , , , , , , , , , , , 73</td>
<td></td>
<td>50</td>
<td>rebill.testngRebillSlow@1f205aa</td></tr>
<tr>
<td title='rebill.testngRebillSlow.testMethod1()'><b>testMethod1</b><br>Test class: rebill.testngRebillSlow<br>Parameters: fail,  1061, 138818, 1, 658785535086, RRA, 24000257, 421474105, , N, USA, 5194105, 5194105, DM, EP, NORMAL, , , , , , , , , , , , , , , 74</td>
<td></td>
<td>54</td>
<td>rebill.testngRebillSlow@1f205aa</td></tr>
<tr>
<td title='rebill.testngRebillSlow.testMethod1()'><b>testMethod1</b><br>Test class: rebill.testngRebillSlow<br>Parameters: fail,  java.net.ConnectException: Connection refused (Connection refused), 138094, 1, 588204897111, RSA, , 594952922, , N, USA, 5194105, 5194105, IL, EP, NORMAL, , , , , , , , , , , , , , , 75</td>
<td></td>
<td>1</td>
<td>rebill.testngRebillSlow@1f205aa</td></tr>
<tr>
<td title='rebill.testngRebillSlow.testMethod1()'><b>testMethod1</b><br>Test class: rebill.testngRebillSlow<br>Parameters: fail,  2126, 165610, 1, 794973913980, RTA, 451423789, 421476313, , , USA, 5194105, 5194105, DM, EP, NORMAL, , , , , , , , , , , , , , , 76</td>
<td></td>
<td>76</td>
<td>rebill.testngRebillSlow@1f205aa</td></tr>
<tr>
<td title='rebill.testngRebillSlow.testMethod1()'><b>testMethod1</b><br>Test class: rebill.testngRebillSlow<br>Parameters: fail,  java.net.ConnectException: Connection refused (Connection refused), 140203, 1, 582838855486, RSA, , 594950708, , N, USA, 5194105, 5194105, IL, EP, NORMAL, , , , , , , , , , , , , , , 77</td>
<td></td>
<td>51</td>
<td>rebill.testngRebillSlow@1f205aa</td></tr>
<tr>
<td title='rebill.testngRebillSlow.testMethod1()'><b>testMethod1</b><br>Test class: rebill.testngRebillSlow<br>Parameters: fail,  java.net.ConnectException: Connection refused (Connection refused), 127578, 1, 582838854159, RTA, 411441300, 683240525, , Y, EMEA, 5176438, 5176438, IL, EP, MFRETIRE, , , 1500, , , , , , , , , , , , 79</td>
<td></td>
<td>53</td>
<td>rebill.testngRebillSlow@1f205aa</td></tr>
<tr>
<td title='rebill.testngRebillSlow.testMethod1()'><b>testMethod1</b><br>Test class: rebill.testngRebillSlow<br>Parameters: fail,  java.net.ConnectException: Connection refused (Connection refused), 127594, 1, 583081364253, RSA, 704870191, 909597324, , , LAC, 3710461, 3710461, IL, EP, MFRETIRE, , , , 55264125841, , , , , , , , , , , 80</td>
<td></td>
<td>52</td>
<td>rebill.testngRebillSlow@1f205aa</td></tr>
<tr>
<td title='rebill.testngRebillSlow.testMethod1()'><b>testMethod1</b><br>Test class: rebill.testngRebillSlow<br>Parameters: fail,  java.net.ConnectException: Connection refused (Connection refused), 131296, 1, 588204895358, RSA, , 594951395, , N, USA, 5194105, 5194105, IL, EP, NORMAL, , , , , , , , , , , , , , , 81</td>
<td></td>
<td>52</td>
<td>rebill.testngRebillSlow@1f205aa</td></tr>
<tr>
<td title='rebill.testngRebillSlow.testMethod1()'><b>testMethod1</b><br>Test class: rebill.testngRebillSlow<br>Parameters: fail,  java.net.ConnectException: Connection refused (Connection refused), 131915, 1, 588634409483, RSA, 700386023, 501884753, , , EMEA, 5176438, 5176438, IL, EP, MFRETIRE, , , , , , , 700325172, , , , , , , , 82</td>
<td></td>
<td>50</td>
<td>rebill.testngRebillSlow@1f205aa</td></tr>
<tr>
<td title='rebill.testngRebillSlow.testMethod1()'><b>testMethod1</b><br>Test class: rebill.testngRebillSlow<br>Parameters: fail,  java.net.ConnectException: Connection refused (Connection refused), 135376, 1, 582422858923, RTA, 704860218, 594951089, , Y, USA, 5194105, 5194105, IL, EP, MFRETIRE, , HKAA, , , , , , , , , , , , , 83</td>
<td></td>
<td>52</td>
<td>rebill.testngRebillSlow@1f205aa</td></tr>
<tr>
<td title='rebill.testngRebillSlow.testMethod1()'><b>testMethod1</b><br>Test class: rebill.testngRebillSlow<br>Parameters: fail,  java.net.ConnectException: Connection refused (Connection refused), 136587, 1, 794974465030, RSA, , 594951746, , N, USA, 5194105, 5194105, IL, EP, NORMAL, , , , , , , , , , , , , , , 84</td>
<td></td>
<td>50</td>
<td>rebill.testngRebillSlow@1f205aa</td></tr>
<tr>
<td title='rebill.testngRebillSlow.testMethod1()'><b>testMethod1</b><br>Test class: rebill.testngRebillSlow<br>Parameters: fail, Prerate Code Not Added Yet, 137303, 1, 794974467445, RSA, 601575361, 984966553, , , APAC, 3613369, 3613369, IL, EP, MFRETIRE, , , , , , , , , , Enter amt manually , , , , , 85</td>
<td></td>
<td>10</td>
<td>rebill.testngRebillSlow@1f205aa</td></tr>
<tr>
<td title='rebill.testngRebillSlow.testMethod1()'><b>testMethod1</b><br>Test class: rebill.testngRebillSlow<br>Parameters: fail, Prerate Code Not Added Yet, 137303, 2, 583167346551, RSA, 601575361, 984965651, , , APAC, 3613369, 3613369, IL, EP, MFRETIRE, , , , , , , , , , Enter amt manually , , , , , 86</td>
<td></td>
<td>10</td>
<td>rebill.testngRebillSlow@1f205aa</td></tr>
<tr>
<td title='rebill.testngRebillSlow.testMethod1()'><b>testMethod1</b><br>Test class: rebill.testngRebillSlow<br>Parameters: fail,  java.net.ConnectException: Connection refused (Connection refused), 138899, 1, 588204897339, RSA, 602506401, 737238695, , , CAN, 131258, 131258, IL, EP, MFRETIRE, , , , , , , , , , , , , , , 87</td>
<td></td>
<td>50</td>
<td>rebill.testngRebillSlow@1f205aa</td></tr>
<tr>
<td title='rebill.testngRebillSlow.testMethod1()'><b>testMethod1</b><br>Test class: rebill.testngRebillSlow<br>Parameters: fail,  java.net.ConnectException: Connection refused (Connection refused), 139212, 1, 794974472238, RSA, 602506401, 737238695, , , CAN, 131258, 131258, IL, EP, MFRETIRE, , , , , , , , , , , , , , , 88</td>
<td></td>
<td>52</td>
<td>rebill.testngRebillSlow@1f205aa</td></tr>
<tr>
<td title='rebill.testngRebillSlow.testMethod1()'><b>testMethod1</b><br>Test class: rebill.testngRebillSlow<br>Parameters: fail,  java.net.ConnectException: Connection refused (Connection refused), 144045, 1, 794974783005, RSA, 105136005, 737238695, , , CAN, 131258, 131258, IL, EP, MFRETIRE, , , , , , , , , , , 01, 90, 100, , 89</td>
<td></td>
<td>52</td>
<td>rebill.testngRebillSlow@1f205aa</td></tr>
<tr>
<td title='rebill.testngRebillSlow.testMethod1()'><b>testMethod1</b><br>Test class: rebill.testngRebillSlow<br>Parameters: fail,  java.net.ConnectException: Connection refused (Connection refused), 144255, 1, 588612152789, RSA, 105136005, 737238695, , Y, CAN, 131258, 131258, IL, EP, MFRETIRE, , , , , , , , , , , , , , , 90</td>
<td></td>
<td>52</td>
<td>rebill.testngRebillSlow@1f205aa</td></tr>
<tr>
<td title='rebill.testngRebillSlow.testMethod1()'><b>testMethod1</b><br>Test class: rebill.testngRebillSlow<br>Parameters: fail,  java.net.ConnectException: Connection refused (Connection refused), 145859, 1, 794974487675, RSA, , 999026183, , , APAC, 3613369, 3613369, IL, EP, NORMAL, , , , , , , , , , , , , , , 91</td>
<td></td>
<td>50</td>
<td>rebill.testngRebillSlow@1f205aa</td></tr>
<tr>
<td title='rebill.testngRebillSlow.testMethod1()'><b>testMethod1</b><br>Test class: rebill.testngRebillSlow<br>Parameters: fail,  java.net.ConnectException: Connection refused (Connection refused), 146244, 1, 794974680849, RSA, 700604314, 924983180, , Y, EMEA, 5176438, 5176438, IL, EP, MFRETIRE, , , , , , , , , , , , , , , 92</td>
<td></td>
<td>50</td>
<td>rebill.testngRebillSlow@1f205aa</td></tr>
<tr>
<td title='rebill.testngRebillSlow.testMethod1()'><b>testMethod1</b><br>Test class: rebill.testngRebillSlow<br>Parameters: fail,  A Valid Account was not providedYour request could not be completed, please resubmit, 150341, 1, 794974151882, RSA, 033600003, 594950121, , Y, USA, 5194105, 5194105, IL, EP, MFRETIRE, , , , , , 6050 ROCKWELL, , , , , , , , , 93</td>
<td></td>
<td>51</td>
<td>rebill.testngRebillSlow@1f205aa</td></tr>
<tr>
<td title='rebill.testngRebillSlow.testMethod1()'><b>testMethod1</b><br>Test class: rebill.testngRebillSlow<br>Parameters: fail,  java.net.ConnectException: Connection refused (Connection refused), 151361, 1, 794974681570, RSA, 700604314, 924983180, , Y, EMEA, 5176438, 5176438, IL, EP, MFRETIRE, , , , , , , , , , , , , , , 94</td>
<td></td>
<td>50</td>
<td>rebill.testngRebillSlow@1f205aa</td></tr>
<tr>
<td title='rebill.testngRebillSlow.testMethod1()'><b>testMethod1</b><br>Test class: rebill.testngRebillSlow<br>Parameters: fail,  java.net.ConnectException: Connection refused (Connection refused), 172148, 1, 794974514260, RSA, 605292763, 705018810, , Y, EMEA, 5176438, 5176438, IL, EP, MFRETIRE, , , , , , , , , , , , , , , 95</td>
<td></td>
<td>50</td>
<td>rebill.testngRebillSlow@1f205aa</td></tr>
<tr>
<td title='rebill.testngRebillSlow.testMethod1()'><b>testMethod1</b><br>Test class: rebill.testngRebillSlow<br>Parameters: fail,  java.net.ConnectException: Connection refused (Connection refused), 172149, 1, 794974514282, RSA, 605292763, 705018810, , , EMEA, 5176438, 5176438, IL, EP, MFRETIRE, , , , , , , , , , , , , , , 96</td>
<td></td>
<td>51</td>
<td>rebill.testngRebillSlow@1f205aa</td></tr>
<tr>
<td title='rebill.testngRebillSlow.testMethod1()'><b>testMethod1</b><br>Test class: rebill.testngRebillSlow<br>Parameters: fail,  java.net.ConnectException: Connection refused (Connection refused), 172150, 1, 794974514249, RSA, 605292763, 705018810, , Y, EMEA, 5176438, 5176438, IL, EP, MFRETIRE, , , , , , , , , , , , , , , 97</td>
<td></td>
<td>50</td>
<td>rebill.testngRebillSlow@1f205aa</td></tr>
<tr>
<td title='rebill.testngRebillSlow.testMethod1()'><b>testMethod1</b><br>Test class: rebill.testngRebillSlow<br>Parameters: fail,  java.net.ConnectException: Connection refused (Connection refused), 187972, 1, 583081363831, RSA, 700542629, 924983186, , Y, EMEA, 5176438, 5176438, IL, EP, MFRETIRE, , , , , , , , , , , , , , , 98</td>
<td></td>
<td>51</td>
<td>rebill.testngRebillSlow@1f205aa</td></tr>
<tr>
<td title='rebill.testngRebillSlow.testMethod1()'><b>testMethod1</b><br>Test class: rebill.testngRebillSlow<br>Parameters: fail,  Bill-to account cannot be rebilled. Account is cash only and belongs to recipient or third-party, 193385, 1, 582422861908, RTA, 642973720, 594952352, , , USA, 5194105, 5194105, IL, EP, MFRETIRE, , , , , , , , , , , , , , , 99</td>
<td></td>
<td>51</td>
<td>rebill.testngRebillSlow@1f205aa</td></tr>
<tr>
<td title='rebill.testngRebillSlow.testMethod1()'><b>testMethod1</b><br>Test class: rebill.testngRebillSlow<br>Parameters: fail,  java.net.ConnectException: Connection refused (Connection refused), 197828, 1, 794974526356, RSA, 604337062, 517824849, , Y, EMEA, 5176438, 5176438, IL, EP, MFRETIRE, , , , , , , , , , , , , , , 100</td>
<td></td>
<td>51</td>
<td>rebill.testngRebillSlow@1f205aa</td></tr>
<tr>
<td title='rebill.testngRebillSlow.testMethod1()'><b>testMethod1</b><br>Test class: rebill.testngRebillSlow<br>Parameters: fail,  java.net.ConnectException: Connection refused (Connection refused), 197829, 1, 794974526323, RSA, 604337062, 517824849, , Y, EMEA, 5176438, 5176438, IL, EP, MFRETIRE, , , , , , , , , , , , , , , 101</td>
<td></td>
<td>53</td>
<td>rebill.testngRebillSlow@1f205aa</td></tr>
<tr>
<td title='rebill.testngRebillSlow.testMethod1()'><b>testMethod1</b><br>Test class: rebill.testngRebillSlow<br>Parameters: fail,  java.net.ConnectException: Connection refused (Connection refused), 198076, 1, 794974526850, RSA, 700652785, 532359260, , Y, EMEA, 5176438, 5176438, IL, EP, MFRETIRE, , , , , , , , , , , , , , , 102</td>
<td></td>
<td>50</td>
<td>rebill.testngRebillSlow@1f205aa</td></tr>
<tr>
<td title='rebill.testngRebillSlow.testMethod1()'><b>testMethod1</b><br>Test class: rebill.testngRebillSlow<br>Parameters: fail,  java.net.ConnectException: Connection refused (Connection refused), 198077, 1, 794974526816, RSA, 700652785, 532359260, , Y, EMEA, 5176438, 5176438, IL, EP, MFRETIRE, , , , , , , , , , , , , , , 103</td>
<td></td>
<td>49</td>
<td>rebill.testngRebillSlow@1f205aa</td></tr>
<tr>
<td title='rebill.testngRebillSlow.testMethod1()'><b>testMethod1</b><br>Test class: rebill.testngRebillSlow<br>Parameters: fail,  java.net.ConnectException: Connection refused (Connection refused), 198078, 1, 794974526838, RSA, 700652785, 532359260, , Y, EMEA, 5176438, 5176438, IL, EP, MFRETIRE, , , , , , , , , , , , , , , 104</td>
<td></td>
<td>51</td>
<td>rebill.testngRebillSlow@1f205aa</td></tr>
<tr>
<td title='rebill.testngRebillSlow.testMethod1()'><b>testMethod1</b><br>Test class: rebill.testngRebillSlow<br>Parameters: fail,  java.net.ConnectException: Connection refused (Connection refused), 204831, 1, 588204902570, RTA, 700656144, 594952413, , , USA, 5194105, 5194105, IL, EP, MFRETIRE, , , , , , , , , , , , , , , 105</td>
<td></td>
<td>2</td>
<td>rebill.testngRebillSlow@1f205aa</td></tr>
<tr>
<td title='rebill.testngRebillSlow.testMethod1()'><b>testMethod1</b><br>Test class: rebill.testngRebillSlow<br>Parameters: fail,  java.net.ConnectException: Connection refused (Connection refused), 212090, 1, 794974537949, RTA, 700656144, 594952219, , Y, USA, 5194105, 5194105, IL, EP, MFRETIRE, , , , , , , , , , , , , , , 106</td>
<td></td>
<td>51</td>
<td>rebill.testngRebillSlow@1f205aa</td></tr>
<tr>
<td title='rebill.testngRebillSlow.testMethod1()'><b>testMethod1</b><br>Test class: rebill.testngRebillSlow<br>Parameters: fail,  Call from GRS to REBS failed due to: 500 null, 212467, 1, 794974538441, RTA, 704860218, 594953157, , Y, USA, 5194105, 5194105, IL, EP, MFRETIRE, , , , , , , , 03, , , , , , , 107</td>
<td></td>
<td>51</td>
<td>rebill.testngRebillSlow@1f205aa</td></tr>
<tr>
<td title='rebill.testngRebillSlow.testMethod1()'><b>testMethod1</b><br>Test class: rebill.testngRebillSlow<br>Parameters: fail,  java.net.ConnectException: Connection refused (Connection refused), 214957, 1, 582422866152, RRA, 704860218, 594952356, , Y, USA, 5194105, 5194105, IL, EP, MFRETIRE, , , , , , , , , , , , , , , 108</td>
<td></td>
<td>53</td>
<td>rebill.testngRebillSlow@1f205aa</td></tr>
<tr>
<td title='rebill.testngRebillSlow.testMethod1()'><b>testMethod1</b><br>Test class: rebill.testngRebillSlow<br>Parameters: fail,  java.net.ConnectException: Connection refused (Connection refused), 217694, 1, 794973917827, RSA, 705122989, 259465167, , , EMEA, 5176438, 5176438, IL, EP, MFRETIRE, , , , , , , , , , , , , , , 109</td>
<td></td>
<td>51</td>
<td>rebill.testngRebillSlow@1f205aa</td></tr>
<tr>
<td title='rebill.testngRebillSlow.testMethod1()'><b>testMethod1</b><br>Test class: rebill.testngRebillSlow<br>Parameters: fail,  java.net.ConnectException: Connection refused (Connection refused), 220181, 1, 794974787537, RSA, 798732145, 737238695, , Y, CAN, 131258, 131258, IL, EP, MFRETIRE, , , , , , , , , , , , , , , 110</td>
<td></td>
<td>51</td>
<td>rebill.testngRebillSlow@1f205aa</td></tr>
<tr>
<td title='rebill.testngRebillSlow.testMethod1()'><b>testMethod1</b><br>Test class: rebill.testngRebillSlow<br>Parameters: fail,  java.net.ConnectException: Connection refused (Connection refused), 220187, 1, 794974787570, RSA, 798732145, 737238695, , Y, CAN, 131258, 131258, IL, EP, MFRETIRE, , , , , , , , , , , , , , , 111</td>
<td></td>
<td>50</td>
<td>rebill.testngRebillSlow@1f205aa</td></tr>
<tr>
<td title='rebill.testngRebillSlow.testMethod1()'><b>testMethod1</b><br>Test class: rebill.testngRebillSlow<br>Parameters: fail,  java.net.ConnectException: Connection refused (Connection refused), 220187, 2, 588612143692, RSA, 798732145, 737238695, , Y, CAN, 131258, 131258, IL, EP, MFRETIRE, , , , , , , , , , , , , , , 112</td>
<td></td>
<td>51</td>
<td>rebill.testngRebillSlow@1f205aa</td></tr>
<tr>
<td title='rebill.testngRebillSlow.testMethod1()'><b>testMethod1</b><br>Test class: rebill.testngRebillSlow<br>Parameters: fail,  java.net.ConnectException: Connection refused (Connection refused), 220456, 1, 794974789551, RTA, 105136005, 737238695, , , CAN, 131258, 131258, IL, EP, PLC, , , , , , , , , , , , , , , 113</td>
<td></td>
<td>51</td>
<td>rebill.testngRebillSlow@1f205aa</td></tr>
<tr>
<td title='rebill.testngRebillSlow.testMethod1()'><b>testMethod1</b><br>Test class: rebill.testngRebillSlow<br>Parameters: fail,  java.net.ConnectException: Connection refused (Connection refused), 220456, 2, 588612144200, RRA, 105136005, 737238695, , , CAN, 131258, 131258, IL, EP, PLC, , , , , , , , , , , , , , , 114</td>
<td></td>
<td>50</td>
<td>rebill.testngRebillSlow@1f205aa</td></tr>
<tr>
<td title='rebill.testngRebillSlow.testMethod1()'><b>testMethod1</b><br>Test class: rebill.testngRebillSlow<br>Parameters: fail,  java.net.ConnectException: Connection refused (Connection refused), 220472, 1, 794974789530, RSA, 396773082, 737238695, , Y, CAN, 131258, 131258, IL, EP, MFRETIRE, , , , , , , , , , , , , , , 115</td>
<td></td>
<td>49</td>
<td>rebill.testngRebillSlow@1f205aa</td></tr>
<tr>
<td title='rebill.testngRebillSlow.testMethod1()'><b>testMethod1</b><br>Test class: rebill.testngRebillSlow<br>Parameters: fail,  java.net.ConnectException: Connection refused (Connection refused), 220472, 2, 588612144173, RSA, 396773082, 737238695, , Y, CAN, 131258, 131258, IL, EP, MFRETIRE, , , , , , , , , , , , , , , 116</td>
<td></td>
<td>78</td>
<td>rebill.testngRebillSlow@1f205aa</td></tr>
<tr>
<td title='rebill.testngRebillSlow.testMethod1()'><b>testMethod1</b><br>Test class: rebill.testngRebillSlow<br>Parameters: fail,  java.net.ConnectException: Connection refused (Connection refused), 220473, 1, 794974789540, RSA, 396773082, 737238695, , Y, CAN, 131258, 131258, IL, EP, MFRETIRE, , , , , , , , , , , , , , , 117</td>
<td></td>
<td>52</td>
<td>rebill.testngRebillSlow@1f205aa</td></tr>
<tr>
<td title='rebill.testngRebillSlow.testMethod1()'><b>testMethod1</b><br>Test class: rebill.testngRebillSlow<br>Parameters: fail,  java.net.ConnectException: Connection refused (Connection refused), 220473, 2, 588612144184, RSA, 396773082, 737238695, , Y, CAN, 131258, 131258, IL, EP, MFRETIRE, , , , , , , , , , , , , , , 118</td>
<td></td>
<td>51</td>
<td>rebill.testngRebillSlow@1f205aa</td></tr>
<tr>
<td title='rebill.testngRebillSlow.testMethod1()'><b>testMethod1</b><br>Test class: rebill.testngRebillSlow<br>Parameters: fail,  java.net.ConnectException: Connection refused (Connection refused), 226762, 1, 794974074115, RSA, , 999025969, , Y, APAC, 3613369, 3613369, IL, EP, NORMAL, , , , , , , , , , , , , , , 119</td>
<td></td>
<td>51</td>
<td>rebill.testngRebillSlow@1f205aa</td></tr>
<tr>
<td title='rebill.testngRebillSlow.testMethod1()'><b>testMethod1</b><br>Test class: rebill.testngRebillSlow<br>Parameters: fail,  java.net.ConnectException: Connection refused (Connection refused), 226786, 1, 794974675997, RSA, , 275003714, , , EMEA, 5176438, 5176438, IL, EP, NORMAL, , , , , , , , , , , , , , , 120</td>
<td></td>
<td>53</td>
<td>rebill.testngRebillSlow@1f205aa</td></tr>
<tr>
<td title='rebill.testngRebillSlow.testMethod1()'><b>testMethod1</b><br>Test class: rebill.testngRebillSlow<br>Parameters: fail,  java.net.ConnectException: Connection refused (Connection refused), 226794, 1, 794974074229, RSA, , 275003714, , Y, EMEA, 5176438, 5176438, IL, EP, NORMAL, , , , , , , , , , , , , , , 121</td>
<td></td>
<td>53</td>
<td>rebill.testngRebillSlow@1f205aa</td></tr>
<tr>
<td title='rebill.testngRebillSlow.testMethod1()'><b>testMethod1</b><br>Test class: rebill.testngRebillSlow<br>Parameters: fail,  java.net.ConnectException: Connection refused (Connection refused), 226804, 1, 794974074230, RSA, , 594950450, , N, USA, 5194105, 5194105, IL, EP, NORMAL, , , , , , , , , , , , , , , 122</td>
<td></td>
<td>50</td>
<td>rebill.testngRebillSlow@1f205aa</td></tr>
<tr>
<td title='rebill.testngRebillSlow.testMethod1()'><b>testMethod1</b><br>Test class: rebill.testngRebillSlow<br>Parameters: fail,  java.net.ConnectException: Connection refused (Connection refused), 230309, 1, 588590890872, RSA, 600632817, 594951383, , , USA, 584168, 584168, IL, EP, PLC, , , , , , , , , , , , , , , 123</td>
<td></td>
<td>51</td>
<td>rebill.testngRebillSlow@1f205aa</td></tr>
<tr>
<td title='rebill.testngRebillSlow.testMethod1()'><b>testMethod1</b><br>Test class: rebill.testngRebillSlow<br>Parameters: fail,  java.net.ConnectException: Connection refused (Connection refused), 236903, 1, 794974556212, KPR, 643457440  , 935441626, , Y, EMEA, 5176438, 5176438, IL, EP, NORMAL, , , , , , , , , , , , , , , 125</td>
<td></td>
<td>50</td>
<td>rebill.testngRebillSlow@1f205aa</td></tr>
<tr>
<td title='rebill.testngRebillSlow.testMethod1()'><b>testMethod1</b><br>Test class: rebill.testngRebillSlow<br>Parameters: fail,  java.net.ConnectException: Connection refused (Connection refused), 236904, 1, 794974676331, RSA, 642833626, 935441619, , Y, EMEA, 5176438, 5176438, IL, EP, NORMAL, , , , , , , , , , , , , , , 126</td>
<td></td>
<td>51</td>
<td>rebill.testngRebillSlow@1f205aa</td></tr>
<tr>
<td title='rebill.testngRebillSlow.testMethod1()'><b>testMethod1</b><br>Test class: rebill.testngRebillSlow<br>Parameters: fail,  A Valid Account was not provided, 236928, 1, 794974556370, RRA, 737188589, 935441614, , Y, EMEA, 5176438, 5176438, IL, EP, NORMAL, , , , , , , , , , , , , , , 127</td>
<td></td>
<td>52</td>
<td>rebill.testngRebillSlow@1f205aa</td></tr>
<tr>
<td title='rebill.testngRebillSlow.testMethod1()'><b>testMethod1</b><br>Test class: rebill.testngRebillSlow<br>Parameters: fail,  java.net.ConnectException: Connection refused (Connection refused), 236936, 1, 794974676294, KPR, 702929016  , 935441623, , Y, EMEA, 5176438, 5176438, IL, EP, NORMAL, , , , , , , , , , , , , , , 128</td>
<td></td>
<td>51</td>
<td>rebill.testngRebillSlow@1f205aa</td></tr>
<tr>
<td title='rebill.testngRebillSlow.testMethod1()'><b>testMethod1</b><br>Test class: rebill.testngRebillSlow<br>Parameters: fail,  A Valid Account was not provided, 236938, 1, 794974676401, RSD, 760151360, 935441630, , Y, EMEA, 5176438, 5176438, IL, EP, NORMAL, , , , , , , , , , , , , , , 129</td>
<td></td>
<td>52</td>
<td>rebill.testngRebillSlow@1f205aa</td></tr>
<tr>
<td title='rebill.testngRebillSlow.testMethod1()'><b>testMethod1</b><br>Test class: rebill.testngRebillSlow<br>Parameters: fail,  java.net.ConnectException: Connection refused (Connection refused), 238126, 1, 794974676560, KPR, 642214969, 935441633, , Y, EMEA, 5176438, 5176438, IL, EP, NORMAL, , , , , , , , , , , , , , , 130</td>
<td></td>
<td>50</td>
<td>rebill.testngRebillSlow@1f205aa</td></tr>
<tr>
<td title='rebill.testngRebillSlow.testMethod1()'><b>testMethod1</b><br>Test class: rebill.testngRebillSlow<br>Parameters: fail,  java.net.ConnectException: Connection refused (Connection refused), 239300, 1, 794974725333, RRA, 704852304, 594953025, , Y, USA, 5194105, 5194105, IL, EP, MFRETIRE, , , , , , , , , , , , , , , 131</td>
<td></td>
<td>52</td>
<td>rebill.testngRebillSlow@1f205aa</td></tr>
<tr>
<td title='rebill.testngRebillSlow.testMethod1()'><b>testMethod1</b><br>Test class: rebill.testngRebillSlow<br>Parameters: fail,  java.net.ConnectException: Connection refused (Connection refused), 239302, 1, 794974725219, RTA, 704860277, 594953085, , Y, USA, 5194105, 5194105, IL, EP, MFRETIRE, , , , , , , , , , , , , , , 132</td>
<td></td>
<td>50</td>
<td>rebill.testngRebillSlow@1f205aa</td></tr>
<tr>
<td title='rebill.testngRebillSlow.testMethod1()'><b>testMethod1</b><br>Test class: rebill.testngRebillSlow<br>Parameters: fail, Could Not Get to Rebill Screen, 239303, 1, 794974725160, RTA, 704860218, 594952466, , Y, USA, 5194105, 5194105, IL, EP, MFRETIRE, , , , , , , , , , , , , , , 133</td>
<td></td>
<td>50</td>
<td>rebill.testngRebillSlow@1f205aa</td></tr>
<tr>
<td title='rebill.testngRebillSlow.testMethod1()'><b>testMethod1</b><br>Test class: rebill.testngRebillSlow<br>Parameters: fail,  java.net.ConnectException: Connection refused (Connection refused), 239303, 2, 794974566706, RTA, 396421860, 594952466, , Y, USA, 5194105, 5194105, IL, EP, MFRETIRE, ORLA, , , , , , , , , , , , , , 134</td>
<td></td>
<td>55</td>
<td>rebill.testngRebillSlow@1f205aa</td></tr>
<tr>
<td title='rebill.testngRebillSlow.testMethod1()'><b>testMethod1</b><br>Test class: rebill.testngRebillSlow<br>Parameters: fail,  Bill-to account cannot be rebilled. Account is cash only and belongs to recipient or third-party, 239307, 1, 794974725506, RTA, 642972049, 594953030, , Y, USA, 5194105, 5194105, IL, EP, MFRETIRE, , , , , , , , , , , , , , , 135</td>
<td></td>
<td>53</td>
<td>rebill.testngRebillSlow@1f205aa</td></tr>
<tr>
<td title='rebill.testngRebillSlow.testMethod1()'><b>testMethod1</b><br>Test class: rebill.testngRebillSlow<br>Parameters: fail,  java.net.ConnectException: Connection refused (Connection refused), 239314, 1, 794974566897, RSA, 450730548, 594952484, , Y, USA, 5194105, 5194105, IL, EP, MFRETIRE, , , , , , , , , , , , , , , 136</td>
<td></td>
<td>51</td>
<td>rebill.testngRebillSlow@1f205aa</td></tr>
<tr>
<td title='rebill.testngRebillSlow.testMethod1()'><b>testMethod1</b><br>Test class: rebill.testngRebillSlow<br>Parameters: fail,  java.net.ConnectException: Connection refused (Connection refused), 239319, 1, 794974566967, RSA, 397467023, 594952463, , Y, USA, 5194105, 5194105, IL, EP, MFRETIRE, , , , , , , , , , , , , , , 137</td>
<td></td>
<td>52</td>
<td>rebill.testngRebillSlow@1f205aa</td></tr>
<tr>
<td title='rebill.testngRebillSlow.testMethod1()'><b>testMethod1</b><br>Test class: rebill.testngRebillSlow<br>Parameters: fail,  A Valid Account was not providedYour request could not be completed, please resubmit, 239320, 1, 582838860393, RRA, 704859597, 594953100, , Y, USA, 5194105, 5194105, IL, EP, MFRETIRE, , , , , 1900 SUMMIT TOWER BLVD, , , , , , , , , , 138</td>
<td></td>
<td>55</td>
<td>rebill.testngRebillSlow@1f205aa</td></tr>
<tr>
<td title='rebill.testngRebillSlow.testMethod1()'><b>testMethod1</b><br>Test class: rebill.testngRebillSlow<br>Parameters: fail,  java.net.ConnectException: Connection refused (Connection refused), 239334, 1, 794974725138, RSA, 700340880, 594952484, , Y, USA, 5194105, 5194105, IL, EP, MFRETIRE, , , , , , , , , , , , , , , 139</td>
<td></td>
<td>50</td>
<td>rebill.testngRebillSlow@1f205aa</td></tr>
<tr>
<td title='rebill.testngRebillSlow.testMethod1()'><b>testMethod1</b><br>Test class: rebill.testngRebillSlow<br>Parameters: fail,  java.net.ConnectException: Connection refused (Connection refused), 239334, 3, 588204904194, RSA, 700340880, 594952484, , Y, USA, 5194105, 5194105, IL, EP, MFRETIRE, DATE: 2020/04/31", , , , , , , , , , , , , , 141</td>
<td></td>
<td>50</td>
<td>rebill.testngRebillSlow@1f205aa</td></tr>
<tr>
<td title='rebill.testngRebillSlow.testMethod1()'><b>testMethod1</b><br>Test class: rebill.testngRebillSlow<br>Parameters: fail,  (0121) NREV BILLTO/VERIF KEY FIELD ACT, 239341, 1, 794974725311, RTA, 642934325, 594952638, , Y, USA, 5194105, 5194105, IL, EP, MFRETIRE, , , , , , , , , , , , , , , 142</td>
<td></td>
<td>51</td>
<td>rebill.testngRebillSlow@1f205aa</td></tr>
<tr>
<td title='rebill.testngRebillSlow.testMethod1()'><b>testMethod1</b><br>Test class: rebill.testngRebillSlow<br>Parameters: fail,  3331, 239351, 2, 794973904117, RRA, 451421964, 737238940, , Y, CAN, 131258, 131258, DM, EP, MFRETIRE, , , , , , , , , , , , , , , 143</td>
<td></td>
<td>52</td>
<td>rebill.testngRebillSlow@1f205aa</td></tr>
<tr>
<td title='rebill.testngRebillSlow.testMethod1()'><b>testMethod1</b><br>Test class: rebill.testngRebillSlow<br>Parameters: fail, Could Not Get to Rebill Screen, 249505, 1, 794974733630, RRA, 173996144, 594950708, , , USA, 584168, 584168, IL, EP, PLC, , , , , , , , , , , , , , , 144</td>
<td></td>
<td>1</td>
<td>rebill.testngRebillSlow@1f205aa</td></tr>
<tr>
<td title='rebill.testngRebillSlow.testMethod1()'><b>testMethod1</b><br>Test class: rebill.testngRebillSlow<br>Parameters: fail, Could Not Get to Rebill Screen, 250350, 2, 794973905488, RTA, 600633473, 421474105, , , USA, 584168, 584168, DM, EP, PLC, , , , , , , , , , , , , , , 145</td>
<td></td>
<td>76</td>
<td>rebill.testngRebillSlow@1f205aa</td></tr>
<tr>
<td title='rebill.testngRebillSlow.testMethod1()'><b>testMethod1</b><br>Test class: rebill.testngRebillSlow<br>Parameters: , , 251386, 1, 588204904562, RTA, 601475910, 594951773, , , USA, 584168, 584168, IL, EP, PLC, , , , , , , , , , , , , , , 146</td>
<td></td>
<td>50</td>
<td>rebill.testngRebillSlow@1f205aa</td></tr>
<tr>
<td title='rebill.testngRebillSlow.testMethod1()'><b>testMethod1</b><br>Test class: rebill.testngRebillSlow<br>Parameters: , , 252373, 1, 582907814538, RRA, 602193675, 960657061, , , EMEA, 5176438, 5176438, IL, EP, PLC, , , , , , , , , , , , , , , 148</td>
<td></td>
<td>51</td>
<td>rebill.testngRebillSlow@1f205aa</td></tr>
<tr>
<td title='rebill.testngRebillSlow.testMethod1()'><b>testMethod1</b><br>Test class: rebill.testngRebillSlow<br>Parameters: fail,  A Valid Account was not provided, 253474, 1, 583057821135, RTA, 740465015, 909598337, , , LAC, 255160, 255160, IL, EP, PLC, , , , , , , , , , , , , , , 149</td>
<td></td>
<td>51</td>
<td>rebill.testngRebillSlow@1f205aa</td></tr>
<tr>
<td title='rebill.testngRebillSlow.testMethod1()'><b>testMethod1</b><br>Test class: rebill.testngRebillSlow<br>Parameters: fail, Prerate Code Not Added Yet, 95923, 1, 582952318131, RSA, 451090607, 958347896, , Y, APAC, 3613369, 3613369, IL, EP, MFRETIRE, , , , , , , , , , Enter amt manually , , , , , 150</td>
<td></td>
<td>10</td>
<td>rebill.testngRebillSlow@1f205aa</td></tr>
</table><p>
<table width='100%' border='1' class='invocation-skipped'>
<tr><td colspan='4' align='center'><b>SKIPPED TESTS</b></td></tr>
<tr><td><b>Test method</b></td>
<td width="30%"><b>Exception</b></td>
<td width="10%"><b>Time (seconds)</b></td>
<td><b>Instance</b></td>
</tr>
<tr>
<td title='rebill.testngRebillSlow.testMethod1()'><b>testMethod1</b><br>Test class: rebill.testngRebillSlow<br>Parameters: fail,  TRANSACTION ALREADY REBILLED, 189908, 1, 794974072649, RSA, , 978056080, , Y, APAC, 3613369, 3613369, IL, EP, NORMAL, , , , , , , , , , , , , , , 5</td>
<td><div><pre>java.lang.AssertionError: org.openqa.selenium.NoSuchElementException: no such element: Unable to locate element: {&quot;method&quot;:&quot;xpath&quot;,&quot;selector&quot;:&quot; /html/body/div[6]/div/div/div[1]/h4&quot;}
  (Session info: chrome=83.0.4103.116)
  (Driver info: chromedriver=2.41.578737 (49da6702b16031c40d63e5618de03a32ff6c197e),platform=Windows NT 6.1.7601 SP1 x86) (WARNING: The server did not provide any stacktrace information)
Command duration or timeout: 0 milliseconds
For documentation on this error, please visit: https://www.seleniumhq.org/exceptions/no_such_element.html
Build info: version: &apos;3.141.59&apos;, revision: &apos;e82be7d358&apos;, time: &apos;2018-11-14T08:25:48&apos;
System info: host: &apos;SQA-CRS-021&apos;, ip: &apos;10.255.251.244&apos;, os.name: &apos;Windows 7&apos;, os.arch: &apos;x86&apos;, os.version: &apos;6.1&apos;, java.version: &apos;1.8.0_212&apos;
Driver info: org.openqa.selenium.chrome.ChromeDriver
Capabilities {acceptInsecureCerts: false, acceptSslCerts: false, applicationCacheEnabled: false, browserConnectionEnabled: false, browserName: chrome, chrome: {chromedriverVersion: 2.41.578737 (49da6702b16031..., userDataDir: C:\Users\FEDEXU~1\AppData\L...}, cssSelectorsEnabled: true, databaseEnabled: false, goog:chromeOptions: {debuggerAddress: localhost:60598}, handlesAlerts: true, hasTouchScreen: false, javascriptEnabled: true, locationContextEnabled: true, mobileEmulationEnabled: false, nativeEvents: true, networkConnectionEnabled: false, pageLoadStrategy: normal, platform: XP, platformName: XP, rotatable: false, setWindowRect: true, takesHeapSnapshot: true, takesScreenshot: true, unexpectedAlertBehaviour: , unhandledPromptBehavior: , version: 83.0.4103.116, webStorageEnabled: true}
Session ID: 86aa917c70e8dd9604ec956942045c16
*** Element info: {Using=xpath, value= /html/body/div[6]/div/div/div[1]/h4} Could Not find Popup
	at rebill.testngRebillSlow.doRebill(testngRebillSlow.java:1191)
	at rebill.testngRebillSlow.testMethod1(testngRebillSlow.java:639)
	at java.util.concurrent.ThreadPoolExecutor.runWorker(Unknown Source)
	at java.util.concurrent.ThreadPoolExecutor$Worker.run(Unknown Source)
	at java.lang.Thread.run(Unknown Source)
... Removed 11 stack frames</pre></div><a href='#' onClick='toggleBox("stack-trace18680918", this, "Click to show all stack frames", "Click to hide stack frames")'>Click to show all stack frames</a>
<div class='stack-trace' id='stack-trace18680918'><pre>java.lang.AssertionError: org.openqa.selenium.NoSuchElementException: no such element: Unable to locate element: {&quot;method&quot;:&quot;xpath&quot;,&quot;selector&quot;:&quot; /html/body/div[6]/div/div/div[1]/h4&quot;}
  (Session info: chrome=83.0.4103.116)
  (Driver info: chromedriver=2.41.578737 (49da6702b16031c40d63e5618de03a32ff6c197e),platform=Windows NT 6.1.7601 SP1 x86) (WARNING: The server did not provide any stacktrace information)
Command duration or timeout: 0 milliseconds
For documentation on this error, please visit: https://www.seleniumhq.org/exceptions/no_such_element.html
Build info: version: &apos;3.141.59&apos;, revision: &apos;e82be7d358&apos;, time: &apos;2018-11-14T08:25:48&apos;
System info: host: &apos;SQA-CRS-021&apos;, ip: &apos;10.255.251.244&apos;, os.name: &apos;Windows 7&apos;, os.arch: &apos;x86&apos;, os.version: &apos;6.1&apos;, java.version: &apos;1.8.0_212&apos;
Driver info: org.openqa.selenium.chrome.ChromeDriver
Capabilities {acceptInsecureCerts: false, acceptSslCerts: false, applicationCacheEnabled: false, browserConnectionEnabled: false, browserName: chrome, chrome: {chromedriverVersion: 2.41.578737 (49da6702b16031..., userDataDir: C:\Users\FEDEXU~1\AppData\L...}, cssSelectorsEnabled: true, databaseEnabled: false, goog:chromeOptions: {debuggerAddress: localhost:60598}, handlesAlerts: true, hasTouchScreen: false, javascriptEnabled: true, locationContextEnabled: true, mobileEmulationEnabled: false, nativeEvents: true, networkConnectionEnabled: false, pageLoadStrategy: normal, platform: XP, platformName: XP, rotatable: false, setWindowRect: true, takesHeapSnapshot: true, takesScreenshot: true, unexpectedAlertBehaviour: , unhandledPromptBehavior: , version: 83.0.4103.116, webStorageEnabled: true}
Session ID: 86aa917c70e8dd9604ec956942045c16
*** Element info: {Using=xpath, value= /html/body/div[6]/div/div/div[1]/h4} Could Not find Popup
	at org.testng.Assert.fail(Assert.java:93)
	at rebill.testngRebillSlow.doRebill(testngRebillSlow.java:1191)
	at rebill.testngRebillSlow.testMethod1(testngRebillSlow.java:639)
	at sun.reflect.NativeMethodAccessorImpl.invoke0(Native Method)
	at sun.reflect.NativeMethodAccessorImpl.invoke(Unknown Source)
	at sun.reflect.DelegatingMethodAccessorImpl.invoke(Unknown Source)
	at java.lang.reflect.Method.invoke(Unknown Source)
	at org.testng.internal.MethodInvocationHelper.invokeMethod(MethodInvocationHelper.java:108)
	at org.testng.internal.Invoker.invokeMethod(Invoker.java:661)
	at org.testng.internal.Invoker.invokeTestMethod(Invoker.java:869)
	at org.testng.internal.Invoker.invokeTestMethods(Invoker.java:1193)
	at org.testng.internal.TestMethodWorker.invokeTestMethods(TestMethodWorker.java:126)
	at org.testng.internal.TestMethodWorker.run(TestMethodWorker.java:109)
	at java.util.concurrent.ThreadPoolExecutor.runWorker(Unknown Source)
	at java.util.concurrent.ThreadPoolExecutor$Worker.run(Unknown Source)
	at java.lang.Thread.run(Unknown Source)
</pre></div></td>
<td>93</td>
<td>rebill.testngRebillSlow@1f205aa</td></tr>
<tr>
<td title='rebill.testngRebillSlow.testMethod1()'><b>testMethod1</b><br>Test class: rebill.testngRebillSlow<br>Parameters: fail,  TRANSACTION ALREADY REBILLED, 189908, 1, 794974072649, RSA, , 978056080, , Y, APAC, 3613369, 3613369, IL, EP, NORMAL, , , , , , , , , , , , , , , 5</td>
<td><div><pre>java.lang.AssertionError: org.openqa.selenium.NoSuchElementException: no such element: Unable to locate element: {&quot;method&quot;:&quot;xpath&quot;,&quot;selector&quot;:&quot; /html/body/div[6]/div/div/div[1]/h4&quot;}
  (Session info: chrome=83.0.4103.116)
  (Driver info: chromedriver=2.41.578737 (49da6702b16031c40d63e5618de03a32ff6c197e),platform=Windows NT 6.1.7601 SP1 x86) (WARNING: The server did not provide any stacktrace information)
Command duration or timeout: 0 milliseconds
For documentation on this error, please visit: https://www.seleniumhq.org/exceptions/no_such_element.html
Build info: version: &apos;3.141.59&apos;, revision: &apos;e82be7d358&apos;, time: &apos;2018-11-14T08:25:48&apos;
System info: host: &apos;SQA-CRS-021&apos;, ip: &apos;10.255.251.244&apos;, os.name: &apos;Windows 7&apos;, os.arch: &apos;x86&apos;, os.version: &apos;6.1&apos;, java.version: &apos;1.8.0_212&apos;
Driver info: org.openqa.selenium.chrome.ChromeDriver
Capabilities {acceptInsecureCerts: false, acceptSslCerts: false, applicationCacheEnabled: false, browserConnectionEnabled: false, browserName: chrome, chrome: {chromedriverVersion: 2.41.578737 (49da6702b16031..., userDataDir: C:\Users\FEDEXU~1\AppData\L...}, cssSelectorsEnabled: true, databaseEnabled: false, goog:chromeOptions: {debuggerAddress: localhost:60818}, handlesAlerts: true, hasTouchScreen: false, javascriptEnabled: true, locationContextEnabled: true, mobileEmulationEnabled: false, nativeEvents: true, networkConnectionEnabled: false, pageLoadStrategy: normal, platform: XP, platformName: XP, rotatable: false, setWindowRect: true, takesHeapSnapshot: true, takesScreenshot: true, unexpectedAlertBehaviour: , unhandledPromptBehavior: , version: 83.0.4103.116, webStorageEnabled: true}
Session ID: 69dafd6f863fcab023a38cefe9debcbd
*** Element info: {Using=xpath, value= /html/body/div[6]/div/div/div[1]/h4} Could Not find Popup
	at rebill.testngRebillSlow.doRebill(testngRebillSlow.java:1191)
	at rebill.testngRebillSlow.testMethod1(testngRebillSlow.java:639)
	at java.util.concurrent.ThreadPoolExecutor.runWorker(Unknown Source)
	at java.util.concurrent.ThreadPoolExecutor$Worker.run(Unknown Source)
	at java.lang.Thread.run(Unknown Source)
... Removed 11 stack frames</pre></div><a href='#' onClick='toggleBox("stack-trace8736132", this, "Click to show all stack frames", "Click to hide stack frames")'>Click to show all stack frames</a>
<div class='stack-trace' id='stack-trace8736132'><pre>java.lang.AssertionError: org.openqa.selenium.NoSuchElementException: no such element: Unable to locate element: {&quot;method&quot;:&quot;xpath&quot;,&quot;selector&quot;:&quot; /html/body/div[6]/div/div/div[1]/h4&quot;}
  (Session info: chrome=83.0.4103.116)
  (Driver info: chromedriver=2.41.578737 (49da6702b16031c40d63e5618de03a32ff6c197e),platform=Windows NT 6.1.7601 SP1 x86) (WARNING: The server did not provide any stacktrace information)
Command duration or timeout: 0 milliseconds
For documentation on this error, please visit: https://www.seleniumhq.org/exceptions/no_such_element.html
Build info: version: &apos;3.141.59&apos;, revision: &apos;e82be7d358&apos;, time: &apos;2018-11-14T08:25:48&apos;
System info: host: &apos;SQA-CRS-021&apos;, ip: &apos;10.255.251.244&apos;, os.name: &apos;Windows 7&apos;, os.arch: &apos;x86&apos;, os.version: &apos;6.1&apos;, java.version: &apos;1.8.0_212&apos;
Driver info: org.openqa.selenium.chrome.ChromeDriver
Capabilities {acceptInsecureCerts: false, acceptSslCerts: false, applicationCacheEnabled: false, browserConnectionEnabled: false, browserName: chrome, chrome: {chromedriverVersion: 2.41.578737 (49da6702b16031..., userDataDir: C:\Users\FEDEXU~1\AppData\L...}, cssSelectorsEnabled: true, databaseEnabled: false, goog:chromeOptions: {debuggerAddress: localhost:60818}, handlesAlerts: true, hasTouchScreen: false, javascriptEnabled: true, locationContextEnabled: true, mobileEmulationEnabled: false, nativeEvents: true, networkConnectionEnabled: false, pageLoadStrategy: normal, platform: XP, platformName: XP, rotatable: false, setWindowRect: true, takesHeapSnapshot: true, takesScreenshot: true, unexpectedAlertBehaviour: , unhandledPromptBehavior: , version: 83.0.4103.116, webStorageEnabled: true}
Session ID: 69dafd6f863fcab023a38cefe9debcbd
*** Element info: {Using=xpath, value= /html/body/div[6]/div/div/div[1]/h4} Could Not find Popup
	at org.testng.Assert.fail(Assert.java:93)
	at rebill.testngRebillSlow.doRebill(testngRebillSlow.java:1191)
	at rebill.testngRebillSlow.testMethod1(testngRebillSlow.java:639)
	at sun.reflect.NativeMethodAccessorImpl.invoke0(Native Method)
	at sun.reflect.NativeMethodAccessorImpl.invoke(Unknown Source)
	at sun.reflect.DelegatingMethodAccessorImpl.invoke(Unknown Source)
	at java.lang.reflect.Method.invoke(Unknown Source)
	at org.testng.internal.MethodInvocationHelper.invokeMethod(MethodInvocationHelper.java:108)
	at org.testng.internal.Invoker.invokeMethod(Invoker.java:661)
	at org.testng.internal.Invoker.retryFailed(Invoker.java:1014)
	at org.testng.internal.Invoker.invokeTestMethods(Invoker.java:1215)
	at org.testng.internal.TestMethodWorker.invokeTestMethods(TestMethodWorker.java:126)
	at org.testng.internal.TestMethodWorker.run(TestMethodWorker.java:109)
	at java.util.concurrent.ThreadPoolExecutor.runWorker(Unknown Source)
	at java.util.concurrent.ThreadPoolExecutor$Worker.run(Unknown Source)
	at java.lang.Thread.run(Unknown Source)
</pre></div></td>
<td>91</td>
<td>rebill.testngRebillSlow@1f205aa</td></tr>
<tr>
<td title='rebill.testngRebillSlow.testMethod1()'><b>testMethod1</b><br>Test class: rebill.testngRebillSlow<br>Parameters: fail,  TRANSACTION ALREADY REBILLED, 189908, 1, 794974072649, RSA, , 978056080, , Y, APAC, 3613369, 3613369, IL, EP, NORMAL, , , , , , , , , , , , , , , 5</td>
<td><div><pre>java.lang.AssertionError: org.openqa.selenium.NoSuchElementException: no such element: Unable to locate element: {&quot;method&quot;:&quot;xpath&quot;,&quot;selector&quot;:&quot; /html/body/div[6]/div/div/div[1]/h4&quot;}
  (Session info: chrome=83.0.4103.116)
  (Driver info: chromedriver=2.41.578737 (49da6702b16031c40d63e5618de03a32ff6c197e),platform=Windows NT 6.1.7601 SP1 x86) (WARNING: The server did not provide any stacktrace information)
Command duration or timeout: 0 milliseconds
For documentation on this error, please visit: https://www.seleniumhq.org/exceptions/no_such_element.html
Build info: version: &apos;3.141.59&apos;, revision: &apos;e82be7d358&apos;, time: &apos;2018-11-14T08:25:48&apos;
System info: host: &apos;SQA-CRS-021&apos;, ip: &apos;10.255.251.244&apos;, os.name: &apos;Windows 7&apos;, os.arch: &apos;x86&apos;, os.version: &apos;6.1&apos;, java.version: &apos;1.8.0_212&apos;
Driver info: org.openqa.selenium.chrome.ChromeDriver
Capabilities {acceptInsecureCerts: false, acceptSslCerts: false, applicationCacheEnabled: false, browserConnectionEnabled: false, browserName: chrome, chrome: {chromedriverVersion: 2.41.578737 (49da6702b16031..., userDataDir: C:\Users\FEDEXU~1\AppData\L...}, cssSelectorsEnabled: true, databaseEnabled: false, goog:chromeOptions: {debuggerAddress: localhost:61024}, handlesAlerts: true, hasTouchScreen: false, javascriptEnabled: true, locationContextEnabled: true, mobileEmulationEnabled: false, nativeEvents: true, networkConnectionEnabled: false, pageLoadStrategy: normal, platform: XP, platformName: XP, rotatable: false, setWindowRect: true, takesHeapSnapshot: true, takesScreenshot: true, unexpectedAlertBehaviour: , unhandledPromptBehavior: , version: 83.0.4103.116, webStorageEnabled: true}
Session ID: aae45e6afae6aad02207411243b37dc5
*** Element info: {Using=xpath, value= /html/body/div[6]/div/div/div[1]/h4} Could Not find Popup
	at rebill.testngRebillSlow.doRebill(testngRebillSlow.java:1191)
	at rebill.testngRebillSlow.testMethod1(testngRebillSlow.java:639)
	at java.util.concurrent.ThreadPoolExecutor.runWorker(Unknown Source)
	at java.util.concurrent.ThreadPoolExecutor$Worker.run(Unknown Source)
	at java.lang.Thread.run(Unknown Source)
... Removed 11 stack frames</pre></div><a href='#' onClick='toggleBox("stack-trace8940102", this, "Click to show all stack frames", "Click to hide stack frames")'>Click to show all stack frames</a>
<div class='stack-trace' id='stack-trace8940102'><pre>java.lang.AssertionError: org.openqa.selenium.NoSuchElementException: no such element: Unable to locate element: {&quot;method&quot;:&quot;xpath&quot;,&quot;selector&quot;:&quot; /html/body/div[6]/div/div/div[1]/h4&quot;}
  (Session info: chrome=83.0.4103.116)
  (Driver info: chromedriver=2.41.578737 (49da6702b16031c40d63e5618de03a32ff6c197e),platform=Windows NT 6.1.7601 SP1 x86) (WARNING: The server did not provide any stacktrace information)
Command duration or timeout: 0 milliseconds
For documentation on this error, please visit: https://www.seleniumhq.org/exceptions/no_such_element.html
Build info: version: &apos;3.141.59&apos;, revision: &apos;e82be7d358&apos;, time: &apos;2018-11-14T08:25:48&apos;
System info: host: &apos;SQA-CRS-021&apos;, ip: &apos;10.255.251.244&apos;, os.name: &apos;Windows 7&apos;, os.arch: &apos;x86&apos;, os.version: &apos;6.1&apos;, java.version: &apos;1.8.0_212&apos;
Driver info: org.openqa.selenium.chrome.ChromeDriver
Capabilities {acceptInsecureCerts: false, acceptSslCerts: false, applicationCacheEnabled: false, browserConnectionEnabled: false, browserName: chrome, chrome: {chromedriverVersion: 2.41.578737 (49da6702b16031..., userDataDir: C:\Users\FEDEXU~1\AppData\L...}, cssSelectorsEnabled: true, databaseEnabled: false, goog:chromeOptions: {debuggerAddress: localhost:61024}, handlesAlerts: true, hasTouchScreen: false, javascriptEnabled: true, locationContextEnabled: true, mobileEmulationEnabled: false, nativeEvents: true, networkConnectionEnabled: false, pageLoadStrategy: normal, platform: XP, platformName: XP, rotatable: false, setWindowRect: true, takesHeapSnapshot: true, takesScreenshot: true, unexpectedAlertBehaviour: , unhandledPromptBehavior: , version: 83.0.4103.116, webStorageEnabled: true}
Session ID: aae45e6afae6aad02207411243b37dc5
*** Element info: {Using=xpath, value= /html/body/div[6]/div/div/div[1]/h4} Could Not find Popup
	at org.testng.Assert.fail(Assert.java:93)
	at rebill.testngRebillSlow.doRebill(testngRebillSlow.java:1191)
	at rebill.testngRebillSlow.testMethod1(testngRebillSlow.java:639)
	at sun.reflect.NativeMethodAccessorImpl.invoke0(Native Method)
	at sun.reflect.NativeMethodAccessorImpl.invoke(Unknown Source)
	at sun.reflect.DelegatingMethodAccessorImpl.invoke(Unknown Source)
	at java.lang.reflect.Method.invoke(Unknown Source)
	at org.testng.internal.MethodInvocationHelper.invokeMethod(MethodInvocationHelper.java:108)
	at org.testng.internal.Invoker.invokeMethod(Invoker.java:661)
	at org.testng.internal.Invoker.retryFailed(Invoker.java:1014)
	at org.testng.internal.Invoker.invokeTestMethods(Invoker.java:1215)
	at org.testng.internal.TestMethodWorker.invokeTestMethods(TestMethodWorker.java:126)
	at org.testng.internal.TestMethodWorker.run(TestMethodWorker.java:109)
	at java.util.concurrent.ThreadPoolExecutor.runWorker(Unknown Source)
	at java.util.concurrent.ThreadPoolExecutor$Worker.run(Unknown Source)
	at java.lang.Thread.run(Unknown Source)
</pre></div></td>
<td>92</td>
<td>rebill.testngRebillSlow@1f205aa</td></tr>
</table><p>
</body>
</html>